执行日期：2014-09-03-09：46：59
【接收到的notify通知】:
<xml><appid><![CDATA[wxf5b5e87a6a0fde94]]></appid>
<bank_type><![CDATA[CFT]]></bank_type>
<fee_type><![CDATA[CNY]]></fee_type>
<is_subscribe><![CDATA[N]]></is_subscribe>
<mch_id><![CDATA[10000097]]></mch_id>
<nonce_str><![CDATA[dz8nirk7gmxhhxn38zgib28yx14ul2gf]]></nonce_str>
<openid><![CDATA[ozoKAt-MmA74zs7MBafCix6Dg8o0]]></openid>
<out_trade_no><![CDATA[wxf5b5e87a6a0fde941409708791]]></out_trade_no>
<result_code><![CDATA[SUCCESS]]></result_code>
<return_code><![CDATA[SUCCESS]]></return_code>
<sign><![CDATA[EDACA525F6C675337B2DAC25B7145028]]></sign>
<sub_mch_id><![CDATA[10000097]]></sub_mch_id>
<time_end><![CDATA[20140903094659]]></time_end>
<total_fee>1</total_fee>
<trade_type><![CDATA[NATIVE]]></trade_type>
<transaction_id><![CDATA[1004400737201409030005091526]]></transaction_id>
</xml>


执行日期：2014-09-03-09：46：59
【支付成功】:
<xml><appid><![CDATA[wxf5b5e87a6a0fde94]]></appid>
<bank_type><![CDATA[CFT]]></bank_type>
<fee_type><![CDATA[CNY]]></fee_type>
<is_subscribe><![CDATA[N]]></is_subscribe>
<mch_id><![CDATA[10000097]]></mch_id>
<nonce_str><![CDATA[dz8nirk7gmxhhxn38zgib28yx14ul2gf]]></nonce_str>
<openid><![CDATA[ozoKAt-MmA74zs7MBafCix6Dg8o0]]></openid>
<out_trade_no><![CDATA[wxf5b5e87a6a0fde941409708791]]></out_trade_no>
<result_code><![CDATA[SUCCESS]]></result_code>
<return_code><![CDATA[SUCCESS]]></return_code>
<sign><![CDATA[EDACA525F6C675337B2DAC25B7145028]]></sign>
<sub_mch_id><![CDATA[10000097]]></sub_mch_id>
<time_end><![CDATA[20140903094659]]></time_end>
<total_fee>1</total_fee>
<trade_type><![CDATA[NATIVE]]></trade_type>
<transaction_id><![CDATA[1004400737201409030005091526]]></transaction_id>
</xml>


执行日期：2014-09-03-09：52：07
【接收到的notify通知】:



执行日期：2014-09-03-10：15：27
【接收到的notify通知】:



执行日期：2014-09-03-10：25：41
【接收到的notify通知】:
<xml><appid><![CDATA[wxf5b5e87a6a0fde94]]></appid>
<bank_type><![CDATA[CFT]]></bank_type>
<fee_type><![CDATA[CNY]]></fee_type>
<is_subscribe><![CDATA[N]]></is_subscribe>
<mch_id><![CDATA[10000097]]></mch_id>
<nonce_str><![CDATA[l399dq3x98zfnzvkmjyybhfme8xpw9ws]]></nonce_str>
<openid><![CDATA[ozoKAt-MmA74zs7MBafCix6Dg8o0]]></openid>
<out_trade_no><![CDATA[wxf5b5e87a6a0fde941409711119]]></out_trade_no>
<result_code><![CDATA[SUCCESS]]></result_code>
<return_code><![CDATA[SUCCESS]]></return_code>
<sign><![CDATA[0F8620FF980BED05C20AFD78646098E2]]></sign>
<sub_mch_id><![CDATA[10000097]]></sub_mch_id>
<time_end><![CDATA[20140903102540]]></time_end>
<total_fee>1</total_fee>
<trade_type><![CDATA[NATIVE]]></trade_type>
<transaction_id><![CDATA[1004400737201409030005088180]]></transaction_id>
</xml>


执行日期：2014-09-03-10：25：41
【支付成功】:
<xml><appid><![CDATA[wxf5b5e87a6a0fde94]]></appid>
<bank_type><![CDATA[CFT]]></bank_type>
<fee_type><![CDATA[CNY]]></fee_type>
<is_subscribe><![CDATA[N]]></is_subscribe>
<mch_id><![CDATA[10000097]]></mch_id>
<nonce_str><![CDATA[l399dq3x98zfnzvkmjyybhfme8xpw9ws]]></nonce_str>
<openid><![CDATA[ozoKAt-MmA74zs7MBafCix6Dg8o0]]></openid>
<out_trade_no><![CDATA[wxf5b5e87a6a0fde941409711119]]></out_trade_no>
<result_code><![CDATA[SUCCESS]]></result_code>
<return_code><![CDATA[SUCCESS]]></return_code>
<sign><![CDATA[0F8620FF980BED05C20AFD78646098E2]]></sign>
<sub_mch_id><![CDATA[10000097]]></sub_mch_id>
<time_end><![CDATA[20140903102540]]></time_end>
<total_fee>1</total_fee>
<trade_type><![CDATA[NATIVE]]></trade_type>
<transaction_id><![CDATA[1004400737201409030005088180]]></transaction_id>
</xml>


执行日期：2014-09-03-12：58：16
【接收到的notify通知】:
<xml><appid><![CDATA[wxf5b5e87a6a0fde94]]></appid>
<bank_type><![CDATA[CFT]]></bank_type>
<fee_type><![CDATA[CNY]]></fee_type>
<is_subscribe><![CDATA[N]]></is_subscribe>
<mch_id><![CDATA[10000097]]></mch_id>
<nonce_str><![CDATA[zjdmq3zooztpb3t97vs98lu9n82i2w30]]></nonce_str>
<openid><![CDATA[ozoKAt-MmA74zs7MBafCix6Dg8o0]]></openid>
<out_trade_no><![CDATA[wxf5b5e87a6a0fde941409720287]]></out_trade_no>
<result_code><![CDATA[SUCCESS]]></result_code>
<return_code><![CDATA[SUCCESS]]></return_code>
<sign><![CDATA[D1FC9907C663C90441C42F5630EC4BB6]]></sign>
<sub_mch_id><![CDATA[10000097]]></sub_mch_id>
<time_end><![CDATA[20140903125815]]></time_end>
<total_fee>1</total_fee>
<trade_type><![CDATA[NATIVE]]></trade_type>
<transaction_id><![CDATA[1004400737201409030005092546]]></transaction_id>
</xml>


执行日期：2014-09-03-12：58：16
【支付成功】:
<xml><appid><![CDATA[wxf5b5e87a6a0fde94]]></appid>
<bank_type><![CDATA[CFT]]></bank_type>
<fee_type><![CDATA[CNY]]></fee_type>
<is_subscribe><![CDATA[N]]></is_subscribe>
<mch_id><![CDATA[10000097]]></mch_id>
<nonce_str><![CDATA[zjdmq3zooztpb3t97vs98lu9n82i2w30]]></nonce_str>
<openid><![CDATA[ozoKAt-MmA74zs7MBafCix6Dg8o0]]></openid>
<out_trade_no><![CDATA[wxf5b5e87a6a0fde941409720287]]></out_trade_no>
<result_code><![CDATA[SUCCESS]]></result_code>
<return_code><![CDATA[SUCCESS]]></return_code>
<sign><![CDATA[D1FC9907C663C90441C42F5630EC4BB6]]></sign>
<sub_mch_id><![CDATA[10000097]]></sub_mch_id>
<time_end><![CDATA[20140903125815]]></time_end>
<total_fee>1</total_fee>
<trade_type><![CDATA[NATIVE]]></trade_type>
<transaction_id><![CDATA[1004400737201409030005092546]]></transaction_id>
</xml>


执行日期：2014-09-03-12：58：38
【接收到的notify通知】:
<xml><appid><![CDATA[wxf5b5e87a6a0fde94]]></appid>
<bank_type><![CDATA[CFT]]></bank_type>
<fee_type><![CDATA[CNY]]></fee_type>
<is_subscribe><![CDATA[N]]></is_subscribe>
<mch_id><![CDATA[10000097]]></mch_id>
<nonce_str><![CDATA[k1rfe2krf1syhrwvjotk35do3aqgcah3]]></nonce_str>
<openid><![CDATA[ozoKAt-MmA74zs7MBafCix6Dg8o0]]></openid>
<out_trade_no><![CDATA[wxf5b5e87a6a0fde941409720303]]></out_trade_no>
<result_code><![CDATA[SUCCESS]]></result_code>
<return_code><![CDATA[SUCCESS]]></return_code>
<sign><![CDATA[A03C6B584DF1925C6A4FF56A4982F07A]]></sign>
<sub_mch_id><![CDATA[10000097]]></sub_mch_id>
<time_end><![CDATA[20140903125838]]></time_end>
<total_fee>1</total_fee>
<trade_type><![CDATA[NATIVE]]></trade_type>
<transaction_id><![CDATA[1004400737201409030005088363]]></transaction_id>
</xml>


执行日期：2014-09-03-12：58：38
【支付成功】:
<xml><appid><![CDATA[wxf5b5e87a6a0fde94]]></appid>
<bank_type><![CDATA[CFT]]></bank_type>
<fee_type><![CDATA[CNY]]></fee_type>
<is_subscribe><![CDATA[N]]></is_subscribe>
<mch_id><![CDATA[10000097]]></mch_id>
<nonce_str><![CDATA[k1rfe2krf1syhrwvjotk35do3aqgcah3]]></nonce_str>
<openid><![CDATA[ozoKAt-MmA74zs7MBafCix6Dg8o0]]></openid>
<out_trade_no><![CDATA[wxf5b5e87a6a0fde941409720303]]></out_trade_no>
<result_code><![CDATA[SUCCESS]]></result_code>
<return_code><![CDATA[SUCCESS]]></return_code>
<sign><![CDATA[A03C6B584DF1925C6A4FF56A4982F07A]]></sign>
<sub_mch_id><![CDATA[10000097]]></sub_mch_id>
<time_end><![CDATA[20140903125838]]></time_end>
<total_fee>1</total_fee>
<trade_type><![CDATA[NATIVE]]></trade_type>
<transaction_id><![CDATA[1004400737201409030005088363]]></transaction_id>
</xml>


执行日期：2014-09-03-15：23：37
【接收到的notify通知】:
<xml><appid><![CDATA[wxf5b5e87a6a0fde94]]></appid>
<bank_type><![CDATA[CFT]]></bank_type>
<fee_type><![CDATA[CNY]]></fee_type>
<is_subscribe><![CDATA[N]]></is_subscribe>
<mch_id><![CDATA[10000097]]></mch_id>
<nonce_str><![CDATA[visug9gr3d8awvfaudlbrpbfx7aaq1m9]]></nonce_str>
<openid><![CDATA[ozoKAt-MmA74zs7MBafCix6Dg8o0]]></openid>
<out_trade_no><![CDATA[wxf5b5e87a6a0fde941409729008]]></out_trade_no>
<result_code><![CDATA[SUCCESS]]></result_code>
<return_code><![CDATA[SUCCESS]]></return_code>
<sign><![CDATA[04A348DC6D9C0107BB7DE7AACCC500E8]]></sign>
<sub_mch_id><![CDATA[10000097]]></sub_mch_id>
<time_end><![CDATA[20140903152337]]></time_end>
<total_fee>1</total_fee>
<trade_type><![CDATA[JSAPI]]></trade_type>
<transaction_id><![CDATA[1004400737201409030005092382]]></transaction_id>
</xml>


执行日期：2014-09-03-15：23：37
【支付成功】:
<xml><appid><![CDATA[wxf5b5e87a6a0fde94]]></appid>
<bank_type><![CDATA[CFT]]></bank_type>
<fee_type><![CDATA[CNY]]></fee_type>
<is_subscribe><![CDATA[N]]></is_subscribe>
<mch_id><![CDATA[10000097]]></mch_id>
<nonce_str><![CDATA[visug9gr3d8awvfaudlbrpbfx7aaq1m9]]></nonce_str>
<openid><![CDATA[ozoKAt-MmA74zs7MBafCix6Dg8o0]]></openid>
<out_trade_no><![CDATA[wxf5b5e87a6a0fde941409729008]]></out_trade_no>
<result_code><![CDATA[SUCCESS]]></result_code>
<return_code><![CDATA[SUCCESS]]></return_code>
<sign><![CDATA[04A348DC6D9C0107BB7DE7AACCC500E8]]></sign>
<sub_mch_id><![CDATA[10000097]]></sub_mch_id>
<time_end><![CDATA[20140903152337]]></time_end>
<total_fee>1</total_fee>
<trade_type><![CDATA[JSAPI]]></trade_type>
<transaction_id><![CDATA[1004400737201409030005092382]]></transaction_id>
</xml>


执行日期：2014-09-03-16：27：05
【接收到的notify通知】:
<xml><appid><![CDATA[wxf5b5e87a6a0fde94]]></appid>
<bank_type><![CDATA[CFT]]></bank_type>
<fee_type><![CDATA[CNY]]></fee_type>
<is_subscribe><![CDATA[N]]></is_subscribe>
<mch_id><![CDATA[10000097]]></mch_id>
<nonce_str><![CDATA[73ydlecbrc6d9uw1dti78ulqcuytqvrd]]></nonce_str>
<openid><![CDATA[ozoKAt-MmA74zs7MBafCix6Dg8o0]]></openid>
<out_trade_no><![CDATA[wxf5b5e87a6a0fde941409732816]]></out_trade_no>
<result_code><![CDATA[SUCCESS]]></result_code>
<return_code><![CDATA[SUCCESS]]></return_code>
<sign><![CDATA[D9C048A726AB1341E20929A5F9C09076]]></sign>
<sub_mch_id><![CDATA[10000097]]></sub_mch_id>
<time_end><![CDATA[20140903162705]]></time_end>
<total_fee>1</total_fee>
<trade_type><![CDATA[JSAPI]]></trade_type>
<transaction_id><![CDATA[1004400737201409030005092583]]></transaction_id>
</xml>


执行日期：2014-09-03-16：27：05
【支付成功】:
<xml><appid><![CDATA[wxf5b5e87a6a0fde94]]></appid>
<bank_type><![CDATA[CFT]]></bank_type>
<fee_type><![CDATA[CNY]]></fee_type>
<is_subscribe><![CDATA[N]]></is_subscribe>
<mch_id><![CDATA[10000097]]></mch_id>
<nonce_str><![CDATA[73ydlecbrc6d9uw1dti78ulqcuytqvrd]]></nonce_str>
<openid><![CDATA[ozoKAt-MmA74zs7MBafCix6Dg8o0]]></openid>
<out_trade_no><![CDATA[wxf5b5e87a6a0fde941409732816]]></out_trade_no>
<result_code><![CDATA[SUCCESS]]></result_code>
<return_code><![CDATA[SUCCESS]]></return_code>
<sign><![CDATA[D9C048A726AB1341E20929A5F9C09076]]></sign>
<sub_mch_id><![CDATA[10000097]]></sub_mch_id>
<time_end><![CDATA[20140903162705]]></time_end>
<total_fee>1</total_fee>
<trade_type><![CDATA[JSAPI]]></trade_type>
<transaction_id><![CDATA[1004400737201409030005092583]]></transaction_id>
</xml>


执行日期：2014-09-03-16：29：48
【接收到的notify通知】:
<xml><appid><![CDATA[wxf5b5e87a6a0fde94]]></appid>
<bank_type><![CDATA[CFT]]></bank_type>
<fee_type><![CDATA[CNY]]></fee_type>
<is_subscribe><![CDATA[N]]></is_subscribe>
<mch_id><![CDATA[10000097]]></mch_id>
<nonce_str><![CDATA[chb8arfq1tqfzm0c2hbo2awwu9c070pm]]></nonce_str>
<openid><![CDATA[ozoKAt-MmA74zs7MBafCix6Dg8o0]]></openid>
<out_trade_no><![CDATA[wxf5b5e87a6a0fde941409732979]]></out_trade_no>
<result_code><![CDATA[SUCCESS]]></result_code>
<return_code><![CDATA[SUCCESS]]></return_code>
<sign><![CDATA[0882C58B02C6FB1EACD7A024318237DA]]></sign>
<sub_mch_id><![CDATA[10000097]]></sub_mch_id>
<time_end><![CDATA[20140903162947]]></time_end>
<total_fee>1</total_fee>
<trade_type><![CDATA[NATIVE]]></trade_type>
<transaction_id><![CDATA[1004400737201409030005092843]]></transaction_id>
</xml>


执行日期：2014-09-03-16：29：48
【支付成功】:
<xml><appid><![CDATA[wxf5b5e87a6a0fde94]]></appid>
<bank_type><![CDATA[CFT]]></bank_type>
<fee_type><![CDATA[CNY]]></fee_type>
<is_subscribe><![CDATA[N]]></is_subscribe>
<mch_id><![CDATA[10000097]]></mch_id>
<nonce_str><![CDATA[chb8arfq1tqfzm0c2hbo2awwu9c070pm]]></nonce_str>
<openid><![CDATA[ozoKAt-MmA74zs7MBafCix6Dg8o0]]></openid>
<out_trade_no><![CDATA[wxf5b5e87a6a0fde941409732979]]></out_trade_no>
<result_code><![CDATA[SUCCESS]]></result_code>
<return_code><![CDATA[SUCCESS]]></return_code>
<sign><![CDATA[0882C58B02C6FB1EACD7A024318237DA]]></sign>
<sub_mch_id><![CDATA[10000097]]></sub_mch_id>
<time_end><![CDATA[20140903162947]]></time_end>
<total_fee>1</total_fee>
<trade_type><![CDATA[NATIVE]]></trade_type>
<transaction_id><![CDATA[1004400737201409030005092843]]></transaction_id>
</xml>


执行日期：2014-09-03-16：30：10
【接收到的notify通知】:
<xml><appid><![CDATA[wxf5b5e87a6a0fde94]]></appid>
<bank_type><![CDATA[CFT]]></bank_type>
<fee_type><![CDATA[CNY]]></fee_type>
<is_subscribe><![CDATA[N]]></is_subscribe>
<mch_id><![CDATA[10000097]]></mch_id>
<nonce_str><![CDATA[m92hzxx4qg371vdm95sv3i2zh7u9h242]]></nonce_str>
<openid><![CDATA[ozoKAt-MmA74zs7MBafCix6Dg8o0]]></openid>
<out_trade_no><![CDATA[wxf5b5e87a6a0fde941409732994]]></out_trade_no>
<result_code><![CDATA[SUCCESS]]></result_code>
<return_code><![CDATA[SUCCESS]]></return_code>
<sign><![CDATA[1B51E1AA31DB0AB64200E4F75752A610]]></sign>
<sub_mch_id><![CDATA[10000097]]></sub_mch_id>
<time_end><![CDATA[20140903163009]]></time_end>
<total_fee>1</total_fee>
<trade_type><![CDATA[NATIVE]]></trade_type>
<transaction_id><![CDATA[1004400737201409030005093214]]></transaction_id>
</xml>


执行日期：2014-09-03-16：30：10
【支付成功】:
<xml><appid><![CDATA[wxf5b5e87a6a0fde94]]></appid>
<bank_type><![CDATA[CFT]]></bank_type>
<fee_type><![CDATA[CNY]]></fee_type>
<is_subscribe><![CDATA[N]]></is_subscribe>
<mch_id><![CDATA[10000097]]></mch_id>
<nonce_str><![CDATA[m92hzxx4qg371vdm95sv3i2zh7u9h242]]></nonce_str>
<openid><![CDATA[ozoKAt-MmA74zs7MBafCix6Dg8o0]]></openid>
<out_trade_no><![CDATA[wxf5b5e87a6a0fde941409732994]]></out_trade_no>
<result_code><![CDATA[SUCCESS]]></result_code>
<return_code><![CDATA[SUCCESS]]></return_code>
<sign><![CDATA[1B51E1AA31DB0AB64200E4F75752A610]]></sign>
<sub_mch_id><![CDATA[10000097]]></sub_mch_id>
<time_end><![CDATA[20140903163009]]></time_end>
<total_fee>1</total_fee>
<trade_type><![CDATA[NATIVE]]></trade_type>
<transaction_id><![CDATA[1004400737201409030005093214]]></transaction_id>
</xml>


执行日期：2015-04-14-14：%M：%S
【接收到的notify通知】:



执行日期：2015-04-14-14：%M：%S
【接收到的notify通知】:



执行日期：2015-04-14-14：%M：%S
【接收到的notify通知】:



执行日期：2015-04-14-14：%M：%S
【接收到的notify通知】:



执行日期：2015-04-14-14：%M：%S
【接收到的notify通知】:



执行日期：2015-04-14-23：%M：%S
【接收到的notify通知】:
<xml><appid><![CDATA[wxefa965b0198a3a05]]></appid>
<bank_type><![CDATA[ABC_DEBIT]]></bank_type>
<cash_fee><![CDATA[1]]></cash_fee>
<fee_type><![CDATA[CNY]]></fee_type>
<is_subscribe><![CDATA[Y]]></is_subscribe>
<mch_id><![CDATA[1236795602]]></mch_id>
<nonce_str><![CDATA[df2t1tnwf2im1ayucl26x8w4nb04qlwu]]></nonce_str>
<openid><![CDATA[oqL-UuHVgUKqZGDYahzHsor87ar0]]></openid>
<out_trade_no><![CDATA[wxefa965b0198a3a051429026559]]></out_trade_no>
<result_code><![CDATA[SUCCESS]]></result_code>
<return_code><![CDATA[SUCCESS]]></return_code>
<sign><![CDATA[DA4E9950A84FC462492A960D7B239148]]></sign>
<time_end><![CDATA[20150414234930]]></time_end>
<total_fee>1</total_fee>
<trade_type><![CDATA[JSAPI]]></trade_type>
<transaction_id><![CDATA[1007090996201504140063156716]]></transaction_id>
</xml>


执行日期：2015-04-14-23：%M：%S
【支付成功】:
<xml><appid><![CDATA[wxefa965b0198a3a05]]></appid>
<bank_type><![CDATA[ABC_DEBIT]]></bank_type>
<cash_fee><![CDATA[1]]></cash_fee>
<fee_type><![CDATA[CNY]]></fee_type>
<is_subscribe><![CDATA[Y]]></is_subscribe>
<mch_id><![CDATA[1236795602]]></mch_id>
<nonce_str><![CDATA[df2t1tnwf2im1ayucl26x8w4nb04qlwu]]></nonce_str>
<openid><![CDATA[oqL-UuHVgUKqZGDYahzHsor87ar0]]></openid>
<out_trade_no><![CDATA[wxefa965b0198a3a051429026559]]></out_trade_no>
<result_code><![CDATA[SUCCESS]]></result_code>
<return_code><![CDATA[SUCCESS]]></return_code>
<sign><![CDATA[DA4E9950A84FC462492A960D7B239148]]></sign>
<time_end><![CDATA[20150414234930]]></time_end>
<total_fee>1</total_fee>
<trade_type><![CDATA[JSAPI]]></trade_type>
<transaction_id><![CDATA[1007090996201504140063156716]]></transaction_id>
</xml>


执行日期：2015-04-20-16：%M：%S
【接收到的notify通知】:



执行日期：2015-06-30-22：%M：%S
【接收到的notify通知】:
<xml><appid><![CDATA[wxbe553a84b2d8aa92]]></appid><bank_type><![CDATA[CMC]]></bank_type><cash_fee><![CDATA[9000]]></cash_fee><is_subscribe><![CDATA[N]]></is_subscribe><mch_id><![CDATA[1236795602]]></mch_id><noncestr><![CDATA[20150531233956996351]]></noncestr><openid><![CDATA[wxd930ea5d5a258f4f]]></openid><out_trade_no><![CDATA[20150609162810744995]]></out_trade_no><result_code><![CDATA[SUCCESS]]></result_code><return_code><![CDATA[SUCCESS]]></return_code><time_end><![CDATA[20150630220959]]></time_end><total_fee><![CDATA[9000]]></total_fee><trade_type><![CDATA[APP]]></trade_type><transaction_id><![CDATA[1008170284201506010192125971]]></transaction_id></xml>


