[ 2015-07-30T12:02:13+08:00 ] 14.17.37.72 /weiphp/index.php?s=/addon/Forms/FormsValue/add/forms_id/18/token/gh_1d3c54b1ff0c.html&openid=-1
SQL: SELECT * FROM `wp_addons` WHERE ( `name` = 'Forms' ) LIMIT 1   [ RunTime:0.000000s ]
NOTIC: [8] Undefined index: query D:\wwwroot\zhangzizhongon\wwwroot\weiphp\ThinkPHP\Common\functions.php 第 787 行.
SQL: SHOW COLUMNS FROM `wp_tongji` [ RunTime:0.015625s ]
SQL: SELECT * FROM `wp_tongji` WHERE ( `token` = 'gh_1d3c54b1ff0c' ) AND ( `day` = 20150730 ) LIMIT 1   [ RunTime:0.000000s ]
SQL: INSERT INTO `wp_tongji` (`token`,`day`,`content`,`month`) VALUES ('gh_1d3c54b1ff0c',20150730,'a:1:{s:5:\"Forms\";i:1;}',201507) [ RunTime:0.000000s ]
NOTIC: [2048] Declaration of Addons\Forms\Controller\FormsValueController::lists() should be compatible with Home\Controller\AddonsController::lists($model = NULL, $page = 0) D:\wwwroot\zhangzizhongon\wwwroot\weiphp\Addons\Forms\Controller\FormsValueController.class.php 第 7 行.
NOTIC: [2048] Declaration of Addons\Forms\Controller\FormsValueController::edit() should be compatible with Home\Controller\AddonsController::edit($model = NULL, $id = 0) D:\wwwroot\zhangzizhongon\wwwroot\weiphp\Addons\Forms\Controller\FormsValueController.class.php 第 7 行.
NOTIC: [2048] Declaration of Addons\Forms\Controller\FormsValueController::add() should be compatible with Home\Controller\AddonsController::add($model = NULL) D:\wwwroot\zhangzizhongon\wwwroot\weiphp\Addons\Forms\Controller\FormsValueController.class.php 第 7 行.
NOTIC: [2048] Declaration of Addons\Forms\Controller\FormsValueController::del() should be compatible with Home\Controller\AddonsController::del($model = NULL, $ids = NULL) D:\wwwroot\zhangzizhongon\wwwroot\weiphp\Addons\Forms\Controller\FormsValueController.class.php 第 7 行.
INFO: [ action_begin ] --START--
INFO: [ action_begin ] --END-- [ RunTime:-0.093750s ]
SQL: SELECT `public_name` FROM `wp_member_public` WHERE ( `token` = 'gh_1d3c54b1ff0c' ) LIMIT 1   [ RunTime:0.000000s ]
SQL: SELECT * FROM `wp_follow` WHERE ( `token` = 'gh_1d3c54b1ff0c' ) AND ( `openid` = '-1' ) LIMIT 1   [ RunTime:0.000000s ]
NOTIC: [8] Undefined index: need_bind D:\wwwroot\zhangzizhongon\wwwroot\weiphp\ThinkPHP\Library\Think\Controller.class.php 第 211 行.
NOTIC: [8] Undefined index: uid D:\wwwroot\zhangzizhongon\wwwroot\weiphp\ThinkPHP\Library\Think\Controller.class.php 第 243 行.
SQL: SHOW COLUMNS FROM `wp_model` [ RunTime:0.000000s ]
SQL: SELECT * FROM `wp_model` WHERE ( `name` = 'forms_value' ) LIMIT 1   [ RunTime:0.000000s ]
NOTIC: [8] Undefined variable: addons D:\wwwroot\zhangzizhongon\wwwroot\weiphp\Application\Common\Common\function.php 第 465 行.
NOTIC: [8] Undefined variable: addons D:\wwwroot\zhangzizhongon\wwwroot\weiphp\Application\Common\Common\function.php 第 465 行.
SQL: SHOW COLUMNS FROM `wp_forms` [ RunTime:0.015625s ]
SQL: SELECT * FROM `wp_forms` WHERE ( `id` = 18 ) LIMIT 1   [ RunTime:0.000000s ]
SQL: SHOW COLUMNS FROM `wp_picture` [ RunTime:0.015625s ]
SQL: SELECT * FROM `wp_picture` WHERE ( `status` = 1 ) AND ( `id` = 462 ) LIMIT 1   [ RunTime:0.000000s ]
SQL: SELECT * FROM `wp_model` WHERE ( `id` = 71 ) LIMIT 1   [ RunTime:0.000000s ]
SQL: SHOW COLUMNS FROM `wp_forms_value` [ RunTime:0.000000s ]
SQL: SELECT * FROM `wp_forms_value` WHERE ( `uid` = -4620 ) AND ( `forms_id` = 18 ) LIMIT 1   [ RunTime:0.046875s ]
SQL: SHOW COLUMNS FROM `wp_forms_attribute` [ RunTime:0.000000s ]
SQL: SELECT * FROM `wp_forms_attribute` WHERE ( `forms_id` = 18 ) AND ( `token` = 'gh_1d3c54b1ff0c' ) ORDER BY sort asc, id asc  [ RunTime:0.000000s ]
INFO: [ view_begin ] --START--
INFO: [ view_begin ] --END-- [ RunTime:0.000000s ]
INFO: [ view_parse ] --START--
INFO: [ template_filter ] --START--
INFO: Run Behavior\ContentReplace [ RunTime:0.000000s ]
INFO: [ template_filter ] --END-- [ RunTime:0.000000s ]
NOTIC: [8] Undefined index: query D:\wwwroot\zhangzizhongon\wwwroot\weiphp\ThinkPHP\Common\functions.php 第 787 行.
NOTIC: [8] Undefined variable: data D:\wwwroot\zhangzizhongon\wwwroot\weiphp\Runtime\Cache\Home\8a711c5829a2c22d8eba4b89c2127d75.php 第 63 行.
NOTIC: [8] Undefined variable: data D:\wwwroot\zhangzizhongon\wwwroot\weiphp\Runtime\Cache\Home\8a711c5829a2c22d8eba4b89c2127d75.php 第 63 行.
NOTIC: [8] Undefined variable: data D:\wwwroot\zhangzizhongon\wwwroot\weiphp\Runtime\Cache\Home\8a711c5829a2c22d8eba4b89c2127d75.php 第 63 行.
NOTIC: [8] Undefined variable: data D:\wwwroot\zhangzizhongon\wwwroot\weiphp\Runtime\Cache\Home\8a711c5829a2c22d8eba4b89c2127d75.php 第 65 行.
NOTIC: [8] Use of undefined constant name - assumed 'name' D:\wwwroot\zhangzizhongon\wwwroot\weiphp\Runtime\Cache\Home\8a711c5829a2c22d8eba4b89c2127d75.php 第 56 行.
NOTIC: [8] Use of undefined constant value - assumed 'value' D:\wwwroot\zhangzizhongon\wwwroot\weiphp\Runtime\Cache\Home\8a711c5829a2c22d8eba4b89c2127d75.php 第 56 行.
NOTIC: [8] Undefined variable: data D:\wwwroot\zhangzizhongon\wwwroot\weiphp\Runtime\Cache\Home\8a711c5829a2c22d8eba4b89c2127d75.php 第 176 行.
NOTIC: [8] Use of undefined constant id - assumed 'id' D:\wwwroot\zhangzizhongon\wwwroot\weiphp\Runtime\Cache\Home\8a711c5829a2c22d8eba4b89c2127d75.php 第 177 行.
INFO: Run Behavior\ParseTemplate [ RunTime:0.109375s ]
INFO: [ view_parse ] --END-- [ RunTime:0.109375s ]
INFO: [ view_filter ] --START--
INFO: Run Behavior\WriteHtmlCache [ RunTime:0.000000s ]
INFO: [ view_filter ] --END-- [ RunTime:0.000000s ]
INFO: [ view_end ] --START--
INFO: [ view_end ] --END-- [ RunTime:0.000000s ]
INFO: [ app_end ] --START--
INFO: Run Behavior\ShowPageTrace [ RunTime:0.000000s ]
INFO: [ app_end ] --END-- [ RunTime:0.000000s ]

[ 2015-07-30T12:02:40+08:00 ] 14.17.37.72 /weiphp/index.php?s=/addon/Forms/FormsValue/add/forms_id/15/token/gh_1d3c54b1ff0c.html
SQL: SELECT * FROM `wp_addons` WHERE ( `name` = 'Forms' ) LIMIT 1   [ RunTime:0.000000s ]
NOTIC: [8] Undefined index: query D:\wwwroot\zhangzizhongon\wwwroot\weiphp\ThinkPHP\Common\functions.php 第 787 行.
SQL: SHOW COLUMNS FROM `wp_tongji` [ RunTime:0.000000s ]
SQL: SELECT * FROM `wp_tongji` WHERE ( `token` = 'gh_1d3c54b1ff0c' ) AND ( `day` = 20150730 ) LIMIT 1   [ RunTime:0.000000s ]
SQL: UPDATE `wp_tongji` SET `content`='a:1:{s:5:\"Forms\";i:2;}' WHERE ( `token` = 'gh_1d3c54b1ff0c' ) AND ( `day` = 20150730 ) [ RunTime:0.000000s ]
NOTIC: [2048] Declaration of Addons\Forms\Controller\FormsValueController::lists() should be compatible with Home\Controller\AddonsController::lists($model = NULL, $page = 0) D:\wwwroot\zhangzizhongon\wwwroot\weiphp\Addons\Forms\Controller\FormsValueController.class.php 第 7 行.
NOTIC: [2048] Declaration of Addons\Forms\Controller\FormsValueController::edit() should be compatible with Home\Controller\AddonsController::edit($model = NULL, $id = 0) D:\wwwroot\zhangzizhongon\wwwroot\weiphp\Addons\Forms\Controller\FormsValueController.class.php 第 7 行.
NOTIC: [2048] Declaration of Addons\Forms\Controller\FormsValueController::add() should be compatible with Home\Controller\AddonsController::add($model = NULL) D:\wwwroot\zhangzizhongon\wwwroot\weiphp\Addons\Forms\Controller\FormsValueController.class.php 第 7 行.
NOTIC: [2048] Declaration of Addons\Forms\Controller\FormsValueController::del() should be compatible with Home\Controller\AddonsController::del($model = NULL, $ids = NULL) D:\wwwroot\zhangzizhongon\wwwroot\weiphp\Addons\Forms\Controller\FormsValueController.class.php 第 7 行.
INFO: [ action_begin ] --START--
INFO: [ action_begin ] --END-- [ RunTime:-0.046875s ]
SQL: SELECT `public_name` FROM `wp_member_public` WHERE ( `token` = 'gh_1d3c54b1ff0c' ) LIMIT 1   [ RunTime:0.000000s ]
SQL: SELECT * FROM `wp_follow` WHERE ( `token` = 'gh_1d3c54b1ff0c' ) AND ( `openid` = '-1' ) LIMIT 1   [ RunTime:0.015625s ]
NOTIC: [8] Undefined index: need_bind D:\wwwroot\zhangzizhongon\wwwroot\weiphp\ThinkPHP\Library\Think\Controller.class.php 第 211 行.
NOTIC: [8] Undefined index: uid D:\wwwroot\zhangzizhongon\wwwroot\weiphp\ThinkPHP\Library\Think\Controller.class.php 第 243 行.
SQL: SHOW COLUMNS FROM `wp_model` [ RunTime:0.000000s ]
SQL: SELECT * FROM `wp_model` WHERE ( `name` = 'forms_value' ) LIMIT 1   [ RunTime:0.000000s ]
NOTIC: [8] Undefined variable: addons D:\wwwroot\zhangzizhongon\wwwroot\weiphp\Application\Common\Common\function.php 第 465 行.
NOTIC: [8] Undefined variable: addons D:\wwwroot\zhangzizhongon\wwwroot\weiphp\Application\Common\Common\function.php 第 465 行.
SQL: SHOW COLUMNS FROM `wp_forms` [ RunTime:0.000000s ]
SQL: SELECT * FROM `wp_forms` WHERE ( `id` = 15 ) LIMIT 1   [ RunTime:0.000000s ]
SQL: SHOW COLUMNS FROM `wp_picture` [ RunTime:0.015625s ]
SQL: SELECT * FROM `wp_picture` WHERE ( `status` = 1 ) AND ( `id` = 393 ) LIMIT 1   [ RunTime:0.000000s ]
SQL: SELECT * FROM `wp_model` WHERE ( `id` = 71 ) LIMIT 1   [ RunTime:0.000000s ]
SQL: SHOW COLUMNS FROM `wp_forms_value` [ RunTime:0.000000s ]
SQL: SELECT * FROM `wp_forms_value` WHERE ( `uid` = -4620 ) AND ( `forms_id` = 15 ) LIMIT 1   [ RunTime:0.000000s ]
SQL: SHOW COLUMNS FROM `wp_forms_attribute` [ RunTime:0.015625s ]
SQL: SELECT * FROM `wp_forms_attribute` WHERE ( `forms_id` = 15 ) AND ( `token` = 'gh_1d3c54b1ff0c' ) ORDER BY sort asc, id asc  [ RunTime:0.000000s ]
INFO: [ view_begin ] --START--
INFO: [ view_begin ] --END-- [ RunTime:0.000000s ]
INFO: [ view_parse ] --START--
INFO: [ template_filter ] --START--
INFO: Run Behavior\ContentReplace [ RunTime:0.000000s ]
INFO: [ template_filter ] --END-- [ RunTime:0.000000s ]
NOTIC: [8] Undefined variable: data D:\wwwroot\zhangzizhongon\wwwroot\weiphp\Runtime\Cache\Home\8a711c5829a2c22d8eba4b89c2127d75.php 第 63 行.
NOTIC: [8] Undefined variable: data D:\wwwroot\zhangzizhongon\wwwroot\weiphp\Runtime\Cache\Home\8a711c5829a2c22d8eba4b89c2127d75.php 第 63 行.
NOTIC: [8] Undefined variable: data D:\wwwroot\zhangzizhongon\wwwroot\weiphp\Runtime\Cache\Home\8a711c5829a2c22d8eba4b89c2127d75.php 第 63 行.
NOTIC: [8] Undefined variable: data D:\wwwroot\zhangzizhongon\wwwroot\weiphp\Runtime\Cache\Home\8a711c5829a2c22d8eba4b89c2127d75.php 第 63 行.
NOTIC: [8] Undefined variable: data D:\wwwroot\zhangzizhongon\wwwroot\weiphp\Runtime\Cache\Home\8a711c5829a2c22d8eba4b89c2127d75.php 第 63 行.
NOTIC: [8] Undefined variable: data D:\wwwroot\zhangzizhongon\wwwroot\weiphp\Runtime\Cache\Home\8a711c5829a2c22d8eba4b89c2127d75.php 第 63 行.
NOTIC: [8] Use of undefined constant name - assumed 'name' D:\wwwroot\zhangzizhongon\wwwroot\weiphp\Runtime\Cache\Home\8a711c5829a2c22d8eba4b89c2127d75.php 第 56 行.
NOTIC: [8] Use of undefined constant value - assumed 'value' D:\wwwroot\zhangzizhongon\wwwroot\weiphp\Runtime\Cache\Home\8a711c5829a2c22d8eba4b89c2127d75.php 第 56 行.
NOTIC: [8] Undefined variable: data D:\wwwroot\zhangzizhongon\wwwroot\weiphp\Runtime\Cache\Home\8a711c5829a2c22d8eba4b89c2127d75.php 第 176 行.
NOTIC: [8] Use of undefined constant id - assumed 'id' D:\wwwroot\zhangzizhongon\wwwroot\weiphp\Runtime\Cache\Home\8a711c5829a2c22d8eba4b89c2127d75.php 第 177 行.
INFO: Run Behavior\ParseTemplate [ RunTime:0.062500s ]
INFO: [ view_parse ] --END-- [ RunTime:0.062500s ]
INFO: [ view_filter ] --START--
INFO: Run Behavior\WriteHtmlCache [ RunTime:0.000000s ]
INFO: [ view_filter ] --END-- [ RunTime:0.000000s ]
INFO: [ view_end ] --START--
INFO: [ view_end ] --END-- [ RunTime:0.000000s ]
INFO: [ app_end ] --START--
INFO: Run Behavior\ShowPageTrace [ RunTime:0.000000s ]
INFO: [ app_end ] --END-- [ RunTime:0.000000s ]

[ 2015-07-30T12:15:43+08:00 ] 112.64.235.89 /weiphp/index.php?s=/addon/Forms/FormsValue/add/forms_id/18/token/gh_1d3c54b1ff0c.html
SQL: SELECT * FROM `wp_addons` WHERE ( `name` = 'Forms' ) LIMIT 1   [ RunTime:0.000000s ]
NOTIC: [8] Undefined index: query D:\wwwroot\zhangzizhongon\wwwroot\weiphp\ThinkPHP\Common\functions.php 第 787 行.
SQL: SHOW COLUMNS FROM `wp_tongji` [ RunTime:0.015625s ]
SQL: SELECT * FROM `wp_tongji` WHERE ( `token` = 'gh_1d3c54b1ff0c' ) AND ( `day` = 20150730 ) LIMIT 1   [ RunTime:0.000000s ]
SQL: UPDATE `wp_tongji` SET `content`='a:1:{s:5:\"Forms\";i:3;}' WHERE ( `token` = 'gh_1d3c54b1ff0c' ) AND ( `day` = 20150730 ) [ RunTime:0.000000s ]
NOTIC: [2048] Declaration of Addons\Forms\Controller\FormsValueController::lists() should be compatible with Home\Controller\AddonsController::lists($model = NULL, $page = 0) D:\wwwroot\zhangzizhongon\wwwroot\weiphp\Addons\Forms\Controller\FormsValueController.class.php 第 7 行.
NOTIC: [2048] Declaration of Addons\Forms\Controller\FormsValueController::edit() should be compatible with Home\Controller\AddonsController::edit($model = NULL, $id = 0) D:\wwwroot\zhangzizhongon\wwwroot\weiphp\Addons\Forms\Controller\FormsValueController.class.php 第 7 行.
NOTIC: [2048] Declaration of Addons\Forms\Controller\FormsValueController::add() should be compatible with Home\Controller\AddonsController::add($model = NULL) D:\wwwroot\zhangzizhongon\wwwroot\weiphp\Addons\Forms\Controller\FormsValueController.class.php 第 7 行.
NOTIC: [2048] Declaration of Addons\Forms\Controller\FormsValueController::del() should be compatible with Home\Controller\AddonsController::del($model = NULL, $ids = NULL) D:\wwwroot\zhangzizhongon\wwwroot\weiphp\Addons\Forms\Controller\FormsValueController.class.php 第 7 行.
INFO: [ action_begin ] --START--
INFO: [ action_begin ] --END-- [ RunTime:-0.187500s ]
SQL: SELECT `public_name` FROM `wp_member_public` WHERE ( `token` = 'gh_1d3c54b1ff0c' ) LIMIT 1   [ RunTime:0.000000s ]
SQL: SELECT * FROM `wp_follow` WHERE ( `token` = 'gh_1d3c54b1ff0c' ) AND ( `openid` = -1 ) LIMIT 1   [ RunTime:0.000000s ]
NOTIC: [8] Undefined index: need_bind D:\wwwroot\zhangzizhongon\wwwroot\weiphp\ThinkPHP\Library\Think\Controller.class.php 第 211 行.
NOTIC: [8] Undefined index: uid D:\wwwroot\zhangzizhongon\wwwroot\weiphp\ThinkPHP\Library\Think\Controller.class.php 第 243 行.
SQL: SHOW COLUMNS FROM `wp_model` [ RunTime:0.000000s ]
SQL: SELECT * FROM `wp_model` WHERE ( `name` = 'forms_value' ) LIMIT 1   [ RunTime:0.000000s ]
NOTIC: [8] Undefined variable: addons D:\wwwroot\zhangzizhongon\wwwroot\weiphp\Application\Common\Common\function.php 第 465 行.
NOTIC: [8] Undefined variable: addons D:\wwwroot\zhangzizhongon\wwwroot\weiphp\Application\Common\Common\function.php 第 465 行.
SQL: SHOW COLUMNS FROM `wp_forms` [ RunTime:0.000000s ]
SQL: SELECT * FROM `wp_forms` WHERE ( `id` = 18 ) LIMIT 1   [ RunTime:0.000000s ]
SQL: SHOW COLUMNS FROM `wp_picture` [ RunTime:0.015625s ]
SQL: SELECT * FROM `wp_picture` WHERE ( `status` = 1 ) AND ( `id` = 462 ) LIMIT 1   [ RunTime:0.000000s ]
SQL: SELECT * FROM `wp_model` WHERE ( `id` = 71 ) LIMIT 1   [ RunTime:0.000000s ]
SQL: SHOW COLUMNS FROM `wp_forms_value` [ RunTime:0.000000s ]
SQL: SELECT * FROM `wp_forms_value` WHERE ( `uid` = -4621 ) AND ( `forms_id` = 18 ) LIMIT 1   [ RunTime:0.000000s ]
SQL: SHOW COLUMNS FROM `wp_forms_attribute` [ RunTime:0.031250s ]
SQL: SELECT * FROM `wp_forms_attribute` WHERE ( `forms_id` = 18 ) AND ( `token` = 'gh_1d3c54b1ff0c' ) ORDER BY sort asc, id asc  [ RunTime:0.000000s ]
INFO: [ view_begin ] --START--
INFO: [ view_begin ] --END-- [ RunTime:0.000000s ]
INFO: [ view_parse ] --START--
INFO: [ template_filter ] --START--
INFO: Run Behavior\ContentReplace [ RunTime:0.000000s ]
INFO: [ template_filter ] --END-- [ RunTime:0.000000s ]
NOTIC: [8] Undefined index: query D:\wwwroot\zhangzizhongon\wwwroot\weiphp\ThinkPHP\Common\functions.php 第 787 行.
NOTIC: [8] Undefined variable: data D:\wwwroot\zhangzizhongon\wwwroot\weiphp\Runtime\Cache\Home\8a711c5829a2c22d8eba4b89c2127d75.php 第 63 行.
NOTIC: [8] Undefined variable: data D:\wwwroot\zhangzizhongon\wwwroot\weiphp\Runtime\Cache\Home\8a711c5829a2c22d8eba4b89c2127d75.php 第 63 行.
NOTIC: [8] Undefined variable: data D:\wwwroot\zhangzizhongon\wwwroot\weiphp\Runtime\Cache\Home\8a711c5829a2c22d8eba4b89c2127d75.php 第 63 行.
NOTIC: [8] Undefined variable: data D:\wwwroot\zhangzizhongon\wwwroot\weiphp\Runtime\Cache\Home\8a711c5829a2c22d8eba4b89c2127d75.php 第 65 行.
NOTIC: [8] Use of undefined constant name - assumed 'name' D:\wwwroot\zhangzizhongon\wwwroot\weiphp\Runtime\Cache\Home\8a711c5829a2c22d8eba4b89c2127d75.php 第 56 行.
NOTIC: [8] Use of undefined constant value - assumed 'value' D:\wwwroot\zhangzizhongon\wwwroot\weiphp\Runtime\Cache\Home\8a711c5829a2c22d8eba4b89c2127d75.php 第 56 行.
NOTIC: [8] Undefined variable: data D:\wwwroot\zhangzizhongon\wwwroot\weiphp\Runtime\Cache\Home\8a711c5829a2c22d8eba4b89c2127d75.php 第 176 行.
NOTIC: [8] Use of undefined constant id - assumed 'id' D:\wwwroot\zhangzizhongon\wwwroot\weiphp\Runtime\Cache\Home\8a711c5829a2c22d8eba4b89c2127d75.php 第 177 行.
INFO: Run Behavior\ParseTemplate [ RunTime:0.093750s ]
INFO: [ view_parse ] --END-- [ RunTime:0.093750s ]
INFO: [ view_filter ] --START--
INFO: Run Behavior\WriteHtmlCache [ RunTime:0.000000s ]
INFO: [ view_filter ] --END-- [ RunTime:0.000000s ]
INFO: [ view_end ] --START--
INFO: [ view_end ] --END-- [ RunTime:0.000000s ]
INFO: [ app_end ] --START--
INFO: Run Behavior\ShowPageTrace [ RunTime:0.000000s ]
INFO: [ app_end ] --END-- [ RunTime:0.000000s ]

[ 2015-07-30T12:15:45+08:00 ] 180.153.211.190 /weiphp/index.php?s=/addon/Forms/FormsValue/add/forms_id/18/token/gh_1d3c54b1ff0c.html&openid=-1
SQL: SELECT * FROM `wp_addons` WHERE ( `name` = 'Forms' ) LIMIT 1   [ RunTime:0.000000s ]
NOTIC: [8] Undefined index: query D:\wwwroot\zhangzizhongon\wwwroot\weiphp\ThinkPHP\Common\functions.php 第 787 行.
SQL: SHOW COLUMNS FROM `wp_tongji` [ RunTime:0.031250s ]
SQL: SELECT * FROM `wp_tongji` WHERE ( `token` = 'gh_1d3c54b1ff0c' ) AND ( `day` = 20150730 ) LIMIT 1   [ RunTime:0.000000s ]
SQL: UPDATE `wp_tongji` SET `content`='a:1:{s:5:\"Forms\";i:4;}' WHERE ( `token` = 'gh_1d3c54b1ff0c' ) AND ( `day` = 20150730 ) [ RunTime:0.000000s ]
NOTIC: [2048] Declaration of Addons\Forms\Controller\FormsValueController::lists() should be compatible with Home\Controller\AddonsController::lists($model = NULL, $page = 0) D:\wwwroot\zhangzizhongon\wwwroot\weiphp\Addons\Forms\Controller\FormsValueController.class.php 第 7 行.
NOTIC: [2048] Declaration of Addons\Forms\Controller\FormsValueController::edit() should be compatible with Home\Controller\AddonsController::edit($model = NULL, $id = 0) D:\wwwroot\zhangzizhongon\wwwroot\weiphp\Addons\Forms\Controller\FormsValueController.class.php 第 7 行.
NOTIC: [2048] Declaration of Addons\Forms\Controller\FormsValueController::add() should be compatible with Home\Controller\AddonsController::add($model = NULL) D:\wwwroot\zhangzizhongon\wwwroot\weiphp\Addons\Forms\Controller\FormsValueController.class.php 第 7 行.
NOTIC: [2048] Declaration of Addons\Forms\Controller\FormsValueController::del() should be compatible with Home\Controller\AddonsController::del($model = NULL, $ids = NULL) D:\wwwroot\zhangzizhongon\wwwroot\weiphp\Addons\Forms\Controller\FormsValueController.class.php 第 7 行.
INFO: [ action_begin ] --START--
INFO: [ action_begin ] --END-- [ RunTime:-0.062500s ]
SQL: SELECT `public_name` FROM `wp_member_public` WHERE ( `token` = 'gh_1d3c54b1ff0c' ) LIMIT 1   [ RunTime:0.000000s ]
SQL: SELECT * FROM `wp_follow` WHERE ( `token` = 'gh_1d3c54b1ff0c' ) AND ( `openid` = '-1' ) LIMIT 1   [ RunTime:0.000000s ]
NOTIC: [8] Undefined index: need_bind D:\wwwroot\zhangzizhongon\wwwroot\weiphp\ThinkPHP\Library\Think\Controller.class.php 第 211 行.
NOTIC: [8] Undefined index: uid D:\wwwroot\zhangzizhongon\wwwroot\weiphp\ThinkPHP\Library\Think\Controller.class.php 第 243 行.
SQL: SHOW COLUMNS FROM `wp_model` [ RunTime:0.000000s ]
SQL: SELECT * FROM `wp_model` WHERE ( `name` = 'forms_value' ) LIMIT 1   [ RunTime:0.015625s ]
NOTIC: [8] Undefined variable: addons D:\wwwroot\zhangzizhongon\wwwroot\weiphp\Application\Common\Common\function.php 第 465 行.
NOTIC: [8] Undefined variable: addons D:\wwwroot\zhangzizhongon\wwwroot\weiphp\Application\Common\Common\function.php 第 465 行.
SQL: SHOW COLUMNS FROM `wp_forms` [ RunTime:0.000000s ]
SQL: SELECT * FROM `wp_forms` WHERE ( `id` = 18 ) LIMIT 1   [ RunTime:0.000000s ]
SQL: SHOW COLUMNS FROM `wp_picture` [ RunTime:0.000000s ]
SQL: SELECT * FROM `wp_picture` WHERE ( `status` = 1 ) AND ( `id` = 462 ) LIMIT 1   [ RunTime:0.000000s ]
SQL: SELECT * FROM `wp_model` WHERE ( `id` = 71 ) LIMIT 1   [ RunTime:0.000000s ]
SQL: SHOW COLUMNS FROM `wp_forms_value` [ RunTime:0.000000s ]
SQL: SELECT * FROM `wp_forms_value` WHERE ( `uid` = -4622 ) AND ( `forms_id` = 18 ) LIMIT 1   [ RunTime:0.000000s ]
SQL: SHOW COLUMNS FROM `wp_forms_attribute` [ RunTime:0.000000s ]
SQL: SELECT * FROM `wp_forms_attribute` WHERE ( `forms_id` = 18 ) AND ( `token` = 'gh_1d3c54b1ff0c' ) ORDER BY sort asc, id asc  [ RunTime:0.015625s ]
INFO: [ view_begin ] --START--
INFO: [ view_begin ] --END-- [ RunTime:0.000000s ]
INFO: [ view_parse ] --START--
INFO: [ template_filter ] --START--
INFO: Run Behavior\ContentReplace [ RunTime:0.000000s ]
INFO: [ template_filter ] --END-- [ RunTime:0.000000s ]
NOTIC: [8] Undefined index: query D:\wwwroot\zhangzizhongon\wwwroot\weiphp\ThinkPHP\Common\functions.php 第 787 行.
NOTIC: [8] Undefined variable: data D:\wwwroot\zhangzizhongon\wwwroot\weiphp\Runtime\Cache\Home\8a711c5829a2c22d8eba4b89c2127d75.php 第 63 行.
NOTIC: [8] Undefined variable: data D:\wwwroot\zhangzizhongon\wwwroot\weiphp\Runtime\Cache\Home\8a711c5829a2c22d8eba4b89c2127d75.php 第 63 行.
NOTIC: [8] Undefined variable: data D:\wwwroot\zhangzizhongon\wwwroot\weiphp\Runtime\Cache\Home\8a711c5829a2c22d8eba4b89c2127d75.php 第 63 行.
NOTIC: [8] Undefined variable: data D:\wwwroot\zhangzizhongon\wwwroot\weiphp\Runtime\Cache\Home\8a711c5829a2c22d8eba4b89c2127d75.php 第 65 行.
NOTIC: [8] Use of undefined constant name - assumed 'name' D:\wwwroot\zhangzizhongon\wwwroot\weiphp\Runtime\Cache\Home\8a711c5829a2c22d8eba4b89c2127d75.php 第 56 行.
NOTIC: [8] Use of undefined constant value - assumed 'value' D:\wwwroot\zhangzizhongon\wwwroot\weiphp\Runtime\Cache\Home\8a711c5829a2c22d8eba4b89c2127d75.php 第 56 行.
NOTIC: [8] Undefined variable: data D:\wwwroot\zhangzizhongon\wwwroot\weiphp\Runtime\Cache\Home\8a711c5829a2c22d8eba4b89c2127d75.php 第 176 行.
NOTIC: [8] Use of undefined constant id - assumed 'id' D:\wwwroot\zhangzizhongon\wwwroot\weiphp\Runtime\Cache\Home\8a711c5829a2c22d8eba4b89c2127d75.php 第 177 行.
INFO: Run Behavior\ParseTemplate [ RunTime:0.031250s ]
INFO: [ view_parse ] --END-- [ RunTime:0.031250s ]
INFO: [ view_filter ] --START--
INFO: Run Behavior\WriteHtmlCache [ RunTime:0.000000s ]
INFO: [ view_filter ] --END-- [ RunTime:0.000000s ]
INFO: [ view_end ] --START--
INFO: [ view_end ] --END-- [ RunTime:0.000000s ]
INFO: [ app_end ] --START--
INFO: Run Behavior\ShowPageTrace [ RunTime:0.000000s ]
INFO: [ app_end ] --END-- [ RunTime:0.000000s ]

[ 2015-07-30T12:16:12+08:00 ] 101.226.66.187 /weiphp/index.php?s=/addon/Forms/FormsValue/add/forms_id/15/token/gh_1d3c54b1ff0c.html
SQL: SELECT * FROM `wp_addons` WHERE ( `name` = 'Forms' ) LIMIT 1   [ RunTime:0.000000s ]
NOTIC: [8] Undefined index: query D:\wwwroot\zhangzizhongon\wwwroot\weiphp\ThinkPHP\Common\functions.php 第 787 行.
SQL: SHOW COLUMNS FROM `wp_tongji` [ RunTime:0.000000s ]
SQL: SELECT * FROM `wp_tongji` WHERE ( `token` = 'gh_1d3c54b1ff0c' ) AND ( `day` = 20150730 ) LIMIT 1   [ RunTime:0.000000s ]
SQL: UPDATE `wp_tongji` SET `content`='a:1:{s:5:\"Forms\";i:5;}' WHERE ( `token` = 'gh_1d3c54b1ff0c' ) AND ( `day` = 20150730 ) [ RunTime:0.000000s ]
NOTIC: [2048] Declaration of Addons\Forms\Controller\FormsValueController::lists() should be compatible with Home\Controller\AddonsController::lists($model = NULL, $page = 0) D:\wwwroot\zhangzizhongon\wwwroot\weiphp\Addons\Forms\Controller\FormsValueController.class.php 第 7 行.
NOTIC: [2048] Declaration of Addons\Forms\Controller\FormsValueController::edit() should be compatible with Home\Controller\AddonsController::edit($model = NULL, $id = 0) D:\wwwroot\zhangzizhongon\wwwroot\weiphp\Addons\Forms\Controller\FormsValueController.class.php 第 7 行.
NOTIC: [2048] Declaration of Addons\Forms\Controller\FormsValueController::add() should be compatible with Home\Controller\AddonsController::add($model = NULL) D:\wwwroot\zhangzizhongon\wwwroot\weiphp\Addons\Forms\Controller\FormsValueController.class.php 第 7 行.
NOTIC: [2048] Declaration of Addons\Forms\Controller\FormsValueController::del() should be compatible with Home\Controller\AddonsController::del($model = NULL, $ids = NULL) D:\wwwroot\zhangzizhongon\wwwroot\weiphp\Addons\Forms\Controller\FormsValueController.class.php 第 7 行.
INFO: [ action_begin ] --START--
INFO: [ action_begin ] --END-- [ RunTime:-1.609375s ]
SQL: SELECT `public_name` FROM `wp_member_public` WHERE ( `token` = 'gh_1d3c54b1ff0c' ) LIMIT 1   [ RunTime:0.000000s ]
SQL: SELECT * FROM `wp_follow` WHERE ( `token` = 'gh_1d3c54b1ff0c' ) AND ( `openid` = -1 ) LIMIT 1   [ RunTime:0.015625s ]
NOTIC: [8] Undefined index: need_bind D:\wwwroot\zhangzizhongon\wwwroot\weiphp\ThinkPHP\Library\Think\Controller.class.php 第 211 行.
NOTIC: [8] Undefined index: uid D:\wwwroot\zhangzizhongon\wwwroot\weiphp\ThinkPHP\Library\Think\Controller.class.php 第 243 行.
SQL: SHOW COLUMNS FROM `wp_model` [ RunTime:0.000000s ]
SQL: SELECT * FROM `wp_model` WHERE ( `name` = 'forms_value' ) LIMIT 1   [ RunTime:0.000000s ]
NOTIC: [8] Undefined variable: addons D:\wwwroot\zhangzizhongon\wwwroot\weiphp\Application\Common\Common\function.php 第 465 行.
NOTIC: [8] Undefined variable: addons D:\wwwroot\zhangzizhongon\wwwroot\weiphp\Application\Common\Common\function.php 第 465 行.
SQL: SHOW COLUMNS FROM `wp_forms` [ RunTime:0.000000s ]
SQL: SELECT * FROM `wp_forms` WHERE ( `id` = 15 ) LIMIT 1   [ RunTime:0.000000s ]
SQL: SHOW COLUMNS FROM `wp_picture` [ RunTime:0.000000s ]
SQL: SELECT * FROM `wp_picture` WHERE ( `status` = 1 ) AND ( `id` = 393 ) LIMIT 1   [ RunTime:0.375000s ]
SQL: SELECT * FROM `wp_model` WHERE ( `id` = 71 ) LIMIT 1   [ RunTime:0.000000s ]
SQL: SHOW COLUMNS FROM `wp_forms_value` [ RunTime:0.000000s ]
SQL: SELECT * FROM `wp_forms_value` WHERE ( `uid` = -4623 ) AND ( `forms_id` = 15 ) LIMIT 1   [ RunTime:0.000000s ]
SQL: SHOW COLUMNS FROM `wp_forms_attribute` [ RunTime:0.000000s ]
SQL: SELECT * FROM `wp_forms_attribute` WHERE ( `forms_id` = 15 ) AND ( `token` = 'gh_1d3c54b1ff0c' ) ORDER BY sort asc, id asc  [ RunTime:0.000000s ]
INFO: [ view_begin ] --START--
INFO: [ view_begin ] --END-- [ RunTime:0.000000s ]
INFO: [ view_parse ] --START--
INFO: [ template_filter ] --START--
INFO: Run Behavior\ContentReplace [ RunTime:0.015625s ]
INFO: [ template_filter ] --END-- [ RunTime:0.015625s ]
NOTIC: [8] Undefined variable: data D:\wwwroot\zhangzizhongon\wwwroot\weiphp\Runtime\Cache\Home\8a711c5829a2c22d8eba4b89c2127d75.php 第 63 行.
NOTIC: [8] Undefined variable: data D:\wwwroot\zhangzizhongon\wwwroot\weiphp\Runtime\Cache\Home\8a711c5829a2c22d8eba4b89c2127d75.php 第 63 行.
NOTIC: [8] Undefined variable: data D:\wwwroot\zhangzizhongon\wwwroot\weiphp\Runtime\Cache\Home\8a711c5829a2c22d8eba4b89c2127d75.php 第 63 行.
NOTIC: [8] Undefined variable: data D:\wwwroot\zhangzizhongon\wwwroot\weiphp\Runtime\Cache\Home\8a711c5829a2c22d8eba4b89c2127d75.php 第 63 行.
NOTIC: [8] Undefined variable: data D:\wwwroot\zhangzizhongon\wwwroot\weiphp\Runtime\Cache\Home\8a711c5829a2c22d8eba4b89c2127d75.php 第 63 行.
NOTIC: [8] Undefined variable: data D:\wwwroot\zhangzizhongon\wwwroot\weiphp\Runtime\Cache\Home\8a711c5829a2c22d8eba4b89c2127d75.php 第 63 行.
NOTIC: [8] Use of undefined constant name - assumed 'name' D:\wwwroot\zhangzizhongon\wwwroot\weiphp\Runtime\Cache\Home\8a711c5829a2c22d8eba4b89c2127d75.php 第 56 行.
NOTIC: [8] Use of undefined constant value - assumed 'value' D:\wwwroot\zhangzizhongon\wwwroot\weiphp\Runtime\Cache\Home\8a711c5829a2c22d8eba4b89c2127d75.php 第 56 行.
NOTIC: [8] Undefined variable: data D:\wwwroot\zhangzizhongon\wwwroot\weiphp\Runtime\Cache\Home\8a711c5829a2c22d8eba4b89c2127d75.php 第 176 行.
NOTIC: [8] Use of undefined constant id - assumed 'id' D:\wwwroot\zhangzizhongon\wwwroot\weiphp\Runtime\Cache\Home\8a711c5829a2c22d8eba4b89c2127d75.php 第 177 行.
INFO: Run Behavior\ParseTemplate [ RunTime:0.031250s ]
INFO: [ view_parse ] --END-- [ RunTime:0.031250s ]
INFO: [ view_filter ] --START--
INFO: Run Behavior\WriteHtmlCache [ RunTime:0.000000s ]
INFO: [ view_filter ] --END-- [ RunTime:0.000000s ]
INFO: [ view_end ] --START--
INFO: [ view_end ] --END-- [ RunTime:0.000000s ]
INFO: [ app_end ] --START--
INFO: Run Behavior\ShowPageTrace [ RunTime:0.000000s ]
INFO: [ app_end ] --END-- [ RunTime:0.000000s ]

[ 2015-07-30T12:23:31+08:00 ] 112.64.235.89 /weiphp/index.php?s=/addon/Forms/FormsValue/detail/forms_id/18.html
SQL: SELECT * FROM `wp_addons` WHERE ( `name` = 'Forms' ) LIMIT 1   [ RunTime:0.000000s ]
NOTIC: [8] Undefined index: query D:\wwwroot\zhangzizhongon\wwwroot\weiphp\ThinkPHP\Common\functions.php 第 787 行.
SQL: SHOW COLUMNS FROM `wp_tongji` [ RunTime:0.000000s ]
SQL: SELECT * FROM `wp_tongji` WHERE ( `token` = -1 ) AND ( `day` = 20150730 ) LIMIT 1   [ RunTime:0.000000s ]
SQL: INSERT INTO `wp_tongji` (`token`,`day`,`content`,`month`) VALUES (-1,20150730,'a:1:{s:5:\"Forms\";i:1;}',201507) [ RunTime:0.015625s ]
NOTIC: [2048] Declaration of Addons\Forms\Controller\FormsValueController::lists() should be compatible with Home\Controller\AddonsController::lists($model = NULL, $page = 0) D:\wwwroot\zhangzizhongon\wwwroot\weiphp\Addons\Forms\Controller\FormsValueController.class.php 第 7 行.
NOTIC: [2048] Declaration of Addons\Forms\Controller\FormsValueController::edit() should be compatible with Home\Controller\AddonsController::edit($model = NULL, $id = 0) D:\wwwroot\zhangzizhongon\wwwroot\weiphp\Addons\Forms\Controller\FormsValueController.class.php 第 7 行.
NOTIC: [2048] Declaration of Addons\Forms\Controller\FormsValueController::add() should be compatible with Home\Controller\AddonsController::add($model = NULL) D:\wwwroot\zhangzizhongon\wwwroot\weiphp\Addons\Forms\Controller\FormsValueController.class.php 第 7 行.
NOTIC: [2048] Declaration of Addons\Forms\Controller\FormsValueController::del() should be compatible with Home\Controller\AddonsController::del($model = NULL, $ids = NULL) D:\wwwroot\zhangzizhongon\wwwroot\weiphp\Addons\Forms\Controller\FormsValueController.class.php 第 7 行.
INFO: [ action_begin ] --START--
INFO: [ action_begin ] --END-- [ RunTime:-0.062500s ]
SQL: SELECT `public_name` FROM `wp_member_public` WHERE ( `token` = -1 ) LIMIT 1   [ RunTime:0.000000s ]
SQL: SELECT * FROM `wp_follow` WHERE ( `token` = -1 ) AND ( `openid` = -1 ) LIMIT 1   [ RunTime:0.000000s ]
NOTIC: [8] Undefined index: uid D:\wwwroot\zhangzizhongon\wwwroot\weiphp\ThinkPHP\Library\Think\Controller.class.php 第 243 行.
SQL: SHOW COLUMNS FROM `wp_model` [ RunTime:0.000000s ]
SQL: SELECT * FROM `wp_model` WHERE ( `name` = 'forms_value' ) LIMIT 1   [ RunTime:0.000000s ]
NOTIC: [8] Undefined variable: addons D:\wwwroot\zhangzizhongon\wwwroot\weiphp\Application\Common\Common\function.php 第 465 行.
NOTIC: [8] Undefined variable: addons D:\wwwroot\zhangzizhongon\wwwroot\weiphp\Application\Common\Common\function.php 第 465 行.
SQL: SHOW COLUMNS FROM `wp_forms` [ RunTime:0.000000s ]
SQL: SELECT * FROM `wp_forms` WHERE ( `id` = 18 ) LIMIT 1   [ RunTime:0.000000s ]
SQL: SHOW COLUMNS FROM `wp_picture` [ RunTime:0.000000s ]
SQL: SELECT * FROM `wp_picture` WHERE ( `status` = 1 ) AND ( `id` = 462 ) LIMIT 1   [ RunTime:0.000000s ]
INFO: [ view_begin ] --START--
INFO: [ view_begin ] --END-- [ RunTime:0.000000s ]
INFO: [ view_parse ] --START--
INFO: [ template_filter ] --START--
INFO: Run Behavior\ContentReplace [ RunTime:0.000000s ]
INFO: [ template_filter ] --END-- [ RunTime:0.000000s ]
INFO: Run Behavior\ParseTemplate [ RunTime:0.031250s ]
INFO: [ view_parse ] --END-- [ RunTime:0.031250s ]
INFO: [ view_filter ] --START--
INFO: Run Behavior\WriteHtmlCache [ RunTime:0.000000s ]
INFO: [ view_filter ] --END-- [ RunTime:0.000000s ]
INFO: [ view_end ] --START--
INFO: [ view_end ] --END-- [ RunTime:0.000000s ]
INFO: [ app_end ] --START--
INFO: Run Behavior\ShowPageTrace [ RunTime:0.000000s ]
INFO: [ app_end ] --END-- [ RunTime:0.000000s ]

[ 2015-07-30T12:27:58+08:00 ] 180.153.211.190 /weiphp/index.php?s=/addon/Forms/FormsValue/detail/forms_id/18.html
SQL: SELECT * FROM `wp_addons` WHERE ( `name` = 'Forms' ) LIMIT 1   [ RunTime:0.000000s ]
NOTIC: [8] Undefined index: query D:\wwwroot\zhangzizhongon\wwwroot\weiphp\ThinkPHP\Common\functions.php 第 787 行.
SQL: SHOW COLUMNS FROM `wp_tongji` [ RunTime:0.015625s ]
SQL: SELECT * FROM `wp_tongji` WHERE ( `token` = -1 ) AND ( `day` = 20150730 ) LIMIT 1   [ RunTime:0.000000s ]
SQL: UPDATE `wp_tongji` SET `content`='a:1:{s:5:\"Forms\";i:2;}' WHERE ( `token` = -1 ) AND ( `day` = 20150730 ) [ RunTime:0.000000s ]
NOTIC: [2048] Declaration of Addons\Forms\Controller\FormsValueController::lists() should be compatible with Home\Controller\AddonsController::lists($model = NULL, $page = 0) D:\wwwroot\zhangzizhongon\wwwroot\weiphp\Addons\Forms\Controller\FormsValueController.class.php 第 7 行.
NOTIC: [2048] Declaration of Addons\Forms\Controller\FormsValueController::edit() should be compatible with Home\Controller\AddonsController::edit($model = NULL, $id = 0) D:\wwwroot\zhangzizhongon\wwwroot\weiphp\Addons\Forms\Controller\FormsValueController.class.php 第 7 行.
NOTIC: [2048] Declaration of Addons\Forms\Controller\FormsValueController::add() should be compatible with Home\Controller\AddonsController::add($model = NULL) D:\wwwroot\zhangzizhongon\wwwroot\weiphp\Addons\Forms\Controller\FormsValueController.class.php 第 7 行.
NOTIC: [2048] Declaration of Addons\Forms\Controller\FormsValueController::del() should be compatible with Home\Controller\AddonsController::del($model = NULL, $ids = NULL) D:\wwwroot\zhangzizhongon\wwwroot\weiphp\Addons\Forms\Controller\FormsValueController.class.php 第 7 行.
INFO: [ action_begin ] --START--
INFO: [ action_begin ] --END-- [ RunTime:-0.109375s ]
SQL: SELECT `public_name` FROM `wp_member_public` WHERE ( `token` = -1 ) LIMIT 1   [ RunTime:0.000000s ]
SQL: SELECT * FROM `wp_follow` WHERE ( `token` = -1 ) AND ( `openid` = -1 ) LIMIT 1   [ RunTime:0.000000s ]
NOTIC: [8] Undefined index: uid D:\wwwroot\zhangzizhongon\wwwroot\weiphp\ThinkPHP\Library\Think\Controller.class.php 第 243 行.
SQL: SHOW COLUMNS FROM `wp_model` [ RunTime:0.000000s ]
SQL: SELECT * FROM `wp_model` WHERE ( `name` = 'forms_value' ) LIMIT 1   [ RunTime:0.000000s ]
NOTIC: [8] Undefined variable: addons D:\wwwroot\zhangzizhongon\wwwroot\weiphp\Application\Common\Common\function.php 第 465 行.
NOTIC: [8] Undefined variable: addons D:\wwwroot\zhangzizhongon\wwwroot\weiphp\Application\Common\Common\function.php 第 465 行.
SQL: SHOW COLUMNS FROM `wp_forms` [ RunTime:0.015625s ]
SQL: SELECT * FROM `wp_forms` WHERE ( `id` = 18 ) LIMIT 1   [ RunTime:0.000000s ]
SQL: SHOW COLUMNS FROM `wp_picture` [ RunTime:0.000000s ]
SQL: SELECT * FROM `wp_picture` WHERE ( `status` = 1 ) AND ( `id` = 462 ) LIMIT 1   [ RunTime:0.000000s ]
INFO: [ view_begin ] --START--
INFO: [ view_begin ] --END-- [ RunTime:0.000000s ]
INFO: [ view_parse ] --START--
INFO: [ template_filter ] --START--
INFO: Run Behavior\ContentReplace [ RunTime:0.000000s ]
INFO: [ template_filter ] --END-- [ RunTime:0.000000s ]
INFO: Run Behavior\ParseTemplate [ RunTime:0.031250s ]
INFO: [ view_parse ] --END-- [ RunTime:0.031250s ]
INFO: [ view_filter ] --START--
INFO: Run Behavior\WriteHtmlCache [ RunTime:0.000000s ]
INFO: [ view_filter ] --END-- [ RunTime:0.000000s ]
INFO: [ view_end ] --START--
INFO: [ view_end ] --END-- [ RunTime:0.000000s ]
INFO: [ app_end ] --START--
INFO: Run Behavior\ShowPageTrace [ RunTime:0.000000s ]
INFO: [ app_end ] --END-- [ RunTime:0.000000s ]

[ 2015-07-30T17:02:18+08:00 ] 58.16.38.1 /weiphp/index.php?s=/addon/Forms/FormsValue/add/forms_id/15/token/gh_1d3c54b1ff0c.html&openid=-1
SQL: SELECT * FROM `wp_addons` WHERE ( `name` = 'Forms' ) LIMIT 1   [ RunTime:0.000000s ]
NOTIC: [8] Undefined index: query D:\wwwroot\zhangzizhongon\wwwroot\weiphp\ThinkPHP\Common\functions.php 第 787 行.
SQL: SHOW COLUMNS FROM `wp_tongji` [ RunTime:0.000000s ]
SQL: SELECT * FROM `wp_tongji` WHERE ( `token` = 'gh_1d3c54b1ff0c' ) AND ( `day` = 20150730 ) LIMIT 1   [ RunTime:0.000000s ]
SQL: UPDATE `wp_tongji` SET `content`='a:1:{s:5:\"Forms\";i:6;}' WHERE ( `token` = 'gh_1d3c54b1ff0c' ) AND ( `day` = 20150730 ) [ RunTime:0.000000s ]
NOTIC: [2048] Declaration of Addons\Forms\Controller\FormsValueController::lists() should be compatible with Home\Controller\AddonsController::lists($model = NULL, $page = 0) D:\wwwroot\zhangzizhongon\wwwroot\weiphp\Addons\Forms\Controller\FormsValueController.class.php 第 7 行.
NOTIC: [2048] Declaration of Addons\Forms\Controller\FormsValueController::edit() should be compatible with Home\Controller\AddonsController::edit($model = NULL, $id = 0) D:\wwwroot\zhangzizhongon\wwwroot\weiphp\Addons\Forms\Controller\FormsValueController.class.php 第 7 行.
NOTIC: [2048] Declaration of Addons\Forms\Controller\FormsValueController::add() should be compatible with Home\Controller\AddonsController::add($model = NULL) D:\wwwroot\zhangzizhongon\wwwroot\weiphp\Addons\Forms\Controller\FormsValueController.class.php 第 7 行.
NOTIC: [2048] Declaration of Addons\Forms\Controller\FormsValueController::del() should be compatible with Home\Controller\AddonsController::del($model = NULL, $ids = NULL) D:\wwwroot\zhangzizhongon\wwwroot\weiphp\Addons\Forms\Controller\FormsValueController.class.php 第 7 行.
INFO: [ action_begin ] --START--
INFO: [ action_begin ] --END-- [ RunTime:-0.078125s ]
SQL: SELECT `public_name` FROM `wp_member_public` WHERE ( `token` = 'gh_1d3c54b1ff0c' ) LIMIT 1   [ RunTime:0.000000s ]
SQL: SELECT * FROM `wp_follow` WHERE ( `token` = 'gh_1d3c54b1ff0c' ) AND ( `openid` = '-1' ) LIMIT 1   [ RunTime:0.000000s ]
NOTIC: [8] Undefined index: need_bind D:\wwwroot\zhangzizhongon\wwwroot\weiphp\ThinkPHP\Library\Think\Controller.class.php 第 211 行.
NOTIC: [8] Undefined index: uid D:\wwwroot\zhangzizhongon\wwwroot\weiphp\ThinkPHP\Library\Think\Controller.class.php 第 243 行.
SQL: SHOW COLUMNS FROM `wp_model` [ RunTime:0.000000s ]
SQL: SELECT * FROM `wp_model` WHERE ( `name` = 'forms_value' ) LIMIT 1   [ RunTime:0.000000s ]
NOTIC: [8] Undefined variable: addons D:\wwwroot\zhangzizhongon\wwwroot\weiphp\Application\Common\Common\function.php 第 465 行.
NOTIC: [8] Undefined variable: addons D:\wwwroot\zhangzizhongon\wwwroot\weiphp\Application\Common\Common\function.php 第 465 行.
SQL: SHOW COLUMNS FROM `wp_forms` [ RunTime:0.015625s ]
SQL: SELECT * FROM `wp_forms` WHERE ( `id` = 15 ) LIMIT 1   [ RunTime:0.000000s ]
SQL: SHOW COLUMNS FROM `wp_picture` [ RunTime:0.000000s ]
SQL: SELECT * FROM `wp_picture` WHERE ( `status` = 1 ) AND ( `id` = 393 ) LIMIT 1   [ RunTime:0.000000s ]
SQL: SELECT * FROM `wp_model` WHERE ( `id` = 71 ) LIMIT 1   [ RunTime:0.000000s ]
SQL: SHOW COLUMNS FROM `wp_forms_value` [ RunTime:0.015625s ]
SQL: SELECT * FROM `wp_forms_value` WHERE ( `uid` = -4626 ) AND ( `forms_id` = 15 ) LIMIT 1   [ RunTime:0.000000s ]
SQL: SHOW COLUMNS FROM `wp_forms_attribute` [ RunTime:0.000000s ]
SQL: SELECT * FROM `wp_forms_attribute` WHERE ( `forms_id` = 15 ) AND ( `token` = 'gh_1d3c54b1ff0c' ) ORDER BY sort asc, id asc  [ RunTime:0.000000s ]
INFO: [ view_begin ] --START--
INFO: [ view_begin ] --END-- [ RunTime:0.000000s ]
INFO: [ view_parse ] --START--
INFO: [ template_filter ] --START--
INFO: Run Behavior\ContentReplace [ RunTime:0.000000s ]
INFO: [ template_filter ] --END-- [ RunTime:0.000000s ]
NOTIC: [8] Undefined variable: data D:\wwwroot\zhangzizhongon\wwwroot\weiphp\Runtime\Cache\Home\8a711c5829a2c22d8eba4b89c2127d75.php 第 63 行.
NOTIC: [8] Undefined variable: data D:\wwwroot\zhangzizhongon\wwwroot\weiphp\Runtime\Cache\Home\8a711c5829a2c22d8eba4b89c2127d75.php 第 63 行.
NOTIC: [8] Undefined variable: data D:\wwwroot\zhangzizhongon\wwwroot\weiphp\Runtime\Cache\Home\8a711c5829a2c22d8eba4b89c2127d75.php 第 63 行.
NOTIC: [8] Undefined variable: data D:\wwwroot\zhangzizhongon\wwwroot\weiphp\Runtime\Cache\Home\8a711c5829a2c22d8eba4b89c2127d75.php 第 63 行.
NOTIC: [8] Undefined variable: data D:\wwwroot\zhangzizhongon\wwwroot\weiphp\Runtime\Cache\Home\8a711c5829a2c22d8eba4b89c2127d75.php 第 63 行.
NOTIC: [8] Undefined variable: data D:\wwwroot\zhangzizhongon\wwwroot\weiphp\Runtime\Cache\Home\8a711c5829a2c22d8eba4b89c2127d75.php 第 63 行.
NOTIC: [8] Use of undefined constant name - assumed 'name' D:\wwwroot\zhangzizhongon\wwwroot\weiphp\Runtime\Cache\Home\8a711c5829a2c22d8eba4b89c2127d75.php 第 56 行.
NOTIC: [8] Use of undefined constant value - assumed 'value' D:\wwwroot\zhangzizhongon\wwwroot\weiphp\Runtime\Cache\Home\8a711c5829a2c22d8eba4b89c2127d75.php 第 56 行.
NOTIC: [8] Undefined variable: data D:\wwwroot\zhangzizhongon\wwwroot\weiphp\Runtime\Cache\Home\8a711c5829a2c22d8eba4b89c2127d75.php 第 176 行.
NOTIC: [8] Use of undefined constant id - assumed 'id' D:\wwwroot\zhangzizhongon\wwwroot\weiphp\Runtime\Cache\Home\8a711c5829a2c22d8eba4b89c2127d75.php 第 177 行.
INFO: Run Behavior\ParseTemplate [ RunTime:0.093750s ]
INFO: [ view_parse ] --END-- [ RunTime:0.093750s ]
INFO: [ view_filter ] --START--
INFO: Run Behavior\WriteHtmlCache [ RunTime:0.000000s ]
INFO: [ view_filter ] --END-- [ RunTime:0.000000s ]
INFO: [ view_end ] --START--
INFO: [ view_end ] --END-- [ RunTime:0.000000s ]
INFO: [ app_end ] --START--
INFO: Run Behavior\ShowPageTrace [ RunTime:0.000000s ]
INFO: [ app_end ] --END-- [ RunTime:0.000000s ]

[ 2015-07-30T17:03:33+08:00 ] 58.16.38.1 /weiphp/index.php?s=/addon/Forms/FormsValue/add/model/71.html
INFO: [ app_begin ] --START--
INFO: Run Behavior\ReadHtmlCache [ RunTime:0.000000s ]
INFO: [ app_begin ] --END-- [ RunTime:0.000000s ]
INFO: [ action_begin ] --START--
INFO: [ action_begin ] --END-- [ RunTime:0.000000s ]
SQL: SHOW COLUMNS FROM `wp_member_public` [ RunTime:0.000000s ]
SQL: SELECT `public_name` FROM `wp_member_public` WHERE ( `token` = 'gh_1d3c54b1ff0c' ) LIMIT 1   [ RunTime:0.000000s ]
SQL: SHOW COLUMNS FROM `wp_follow` [ RunTime:0.000000s ]
SQL: SELECT * FROM `wp_follow` WHERE ( `token` = 'gh_1d3c54b1ff0c' ) AND ( `openid` = '-1' ) LIMIT 1   [ RunTime:0.000000s ]
SQL: SELECT `addon_config` FROM `wp_member_public` WHERE ( `token` = 'gh_1d3c54b1ff0c' ) LIMIT 1   [ RunTime:0.000000s ]
SQL: SHOW COLUMNS FROM `wp_addons` [ RunTime:0.015625s ]
SQL: SELECT `config` FROM `wp_addons` WHERE ( `name` = 'UserCenter' ) AND ( `status` = 1 ) LIMIT 1   [ RunTime:0.000000s ]
NOTIC: [8] Undefined index: need_bind D:\wwwroot\zhangzizhongon\wwwroot\weiphp\ThinkPHP\Library\Think\Controller.class.php 第 211 行.
NOTIC: [8] Undefined index: uid D:\wwwroot\zhangzizhongon\wwwroot\weiphp\ThinkPHP\Library\Think\Controller.class.php 第 243 行.
SQL: SELECT * FROM `wp_addons` WHERE ( `name` = 'Forms' ) LIMIT 1   [ RunTime:0.000000s ]
NOTIC: [8] Undefined index: query D:\wwwroot\zhangzizhongon\wwwroot\weiphp\ThinkPHP\Common\functions.php 第 787 行.
SQL: SHOW COLUMNS FROM `wp_tongji` [ RunTime:0.000000s ]
SQL: SELECT * FROM `wp_tongji` WHERE ( `token` = 'gh_1d3c54b1ff0c' ) AND ( `day` = 20150730 ) LIMIT 1   [ RunTime:0.000000s ]
SQL: UPDATE `wp_tongji` SET `content`='a:1:{s:5:\"Forms\";i:7;}' WHERE ( `token` = 'gh_1d3c54b1ff0c' ) AND ( `day` = 20150730 ) [ RunTime:0.000000s ]
NOTIC: [2048] Declaration of Addons\Forms\Controller\FormsValueController::lists() should be compatible with Home\Controller\AddonsController::lists($model = NULL, $page = 0) D:\wwwroot\zhangzizhongon\wwwroot\weiphp\Addons\Forms\Controller\FormsValueController.class.php 第 7 行.
NOTIC: [2048] Declaration of Addons\Forms\Controller\FormsValueController::edit() should be compatible with Home\Controller\AddonsController::edit($model = NULL, $id = 0) D:\wwwroot\zhangzizhongon\wwwroot\weiphp\Addons\Forms\Controller\FormsValueController.class.php 第 7 行.
NOTIC: [2048] Declaration of Addons\Forms\Controller\FormsValueController::add() should be compatible with Home\Controller\AddonsController::add($model = NULL) D:\wwwroot\zhangzizhongon\wwwroot\weiphp\Addons\Forms\Controller\FormsValueController.class.php 第 7 行.
NOTIC: [2048] Declaration of Addons\Forms\Controller\FormsValueController::del() should be compatible with Home\Controller\AddonsController::del($model = NULL, $ids = NULL) D:\wwwroot\zhangzizhongon\wwwroot\weiphp\Addons\Forms\Controller\FormsValueController.class.php 第 7 行.
INFO: [ action_begin ] --START--
INFO: [ action_begin ] --END-- [ RunTime:-0.078125s ]
SQL: SELECT `public_name` FROM `wp_member_public` WHERE ( `token` = 'gh_1d3c54b1ff0c' ) LIMIT 1   [ RunTime:0.000000s ]
SQL: SELECT * FROM `wp_follow` WHERE ( `token` = 'gh_1d3c54b1ff0c' ) AND ( `openid` = '-1' ) LIMIT 1   [ RunTime:0.000000s ]
NOTIC: [8] Undefined index: need_bind D:\wwwroot\zhangzizhongon\wwwroot\weiphp\ThinkPHP\Library\Think\Controller.class.php 第 211 行.
NOTIC: [8] Undefined index: uid D:\wwwroot\zhangzizhongon\wwwroot\weiphp\ThinkPHP\Library\Think\Controller.class.php 第 243 行.
SQL: SHOW COLUMNS FROM `wp_model` [ RunTime:0.000000s ]
SQL: SELECT * FROM `wp_model` WHERE ( `name` = 'forms_value' ) LIMIT 1   [ RunTime:0.000000s ]
NOTIC: [8] Undefined variable: addons D:\wwwroot\zhangzizhongon\wwwroot\weiphp\Application\Common\Common\function.php 第 465 行.
NOTIC: [8] Undefined variable: addons D:\wwwroot\zhangzizhongon\wwwroot\weiphp\Application\Common\Common\function.php 第 465 行.
SQL: SHOW COLUMNS FROM `wp_forms` [ RunTime:0.000000s ]
SQL: SELECT * FROM `wp_forms` WHERE ( `id` = 15 ) LIMIT 1   [ RunTime:0.000000s ]
SQL: SHOW COLUMNS FROM `wp_picture` [ RunTime:0.015625s ]
SQL: SELECT * FROM `wp_picture` WHERE ( `status` = 1 ) AND ( `id` = 393 ) LIMIT 1   [ RunTime:0.000000s ]
SQL: SELECT * FROM `wp_model` WHERE ( `id` = 71 ) LIMIT 1   [ RunTime:0.000000s ]
SQL: SHOW COLUMNS FROM `wp_forms_value` [ RunTime:0.000000s ]
SQL: SELECT * FROM `wp_forms_value` WHERE ( `uid` = -4626 ) AND ( `forms_id` = 15 ) LIMIT 1   [ RunTime:0.000000s ]
SQL: SHOW COLUMNS FROM `wp_forms_attribute` [ RunTime:0.000000s ]
SQL: SELECT * FROM `wp_forms_attribute` WHERE ( `forms_id` = 15 ) AND ( `token` = 'gh_1d3c54b1ff0c' ) ORDER BY sort asc, id asc  [ RunTime:0.000000s ]

[ 2015-07-30T21:12:56+08:00 ] 180.76.15.143 /weiphp/index.php?s=/addon/Forms/FormsValue/add/forms_id/19/token/454455.html
SQL: SELECT * FROM `wp_addons` WHERE ( `name` = 'Forms' ) LIMIT 1   [ RunTime:0.015625s ]
NOTIC: [8] Undefined index: query D:\wwwroot\zhangzizhongon\wwwroot\weiphp\ThinkPHP\Common\functions.php 第 787 行.
SQL: SHOW COLUMNS FROM `wp_tongji` [ RunTime:0.000000s ]
SQL: SELECT * FROM `wp_tongji` WHERE ( `token` = '454455' ) AND ( `day` = 20150730 ) LIMIT 1   [ RunTime:0.000000s ]
SQL: INSERT INTO `wp_tongji` (`token`,`day`,`content`,`month`) VALUES ('454455',20150730,'a:1:{s:5:\"Forms\";i:1;}',201507) [ RunTime:0.000000s ]
NOTIC: [2048] Declaration of Addons\Forms\Controller\FormsValueController::lists() should be compatible with Home\Controller\AddonsController::lists($model = NULL, $page = 0) D:\wwwroot\zhangzizhongon\wwwroot\weiphp\Addons\Forms\Controller\FormsValueController.class.php 第 7 行.
NOTIC: [2048] Declaration of Addons\Forms\Controller\FormsValueController::edit() should be compatible with Home\Controller\AddonsController::edit($model = NULL, $id = 0) D:\wwwroot\zhangzizhongon\wwwroot\weiphp\Addons\Forms\Controller\FormsValueController.class.php 第 7 行.
NOTIC: [2048] Declaration of Addons\Forms\Controller\FormsValueController::add() should be compatible with Home\Controller\AddonsController::add($model = NULL) D:\wwwroot\zhangzizhongon\wwwroot\weiphp\Addons\Forms\Controller\FormsValueController.class.php 第 7 行.
NOTIC: [2048] Declaration of Addons\Forms\Controller\FormsValueController::del() should be compatible with Home\Controller\AddonsController::del($model = NULL, $ids = NULL) D:\wwwroot\zhangzizhongon\wwwroot\weiphp\Addons\Forms\Controller\FormsValueController.class.php 第 7 行.
INFO: [ action_begin ] --START--
INFO: [ action_begin ] --END-- [ RunTime:-0.093750s ]
SQL: SELECT `public_name` FROM `wp_member_public` WHERE ( `token` = '454455' ) LIMIT 1   [ RunTime:0.000000s ]
SQL: SELECT * FROM `wp_follow` WHERE ( `token` = '454455' ) AND ( `openid` = -1 ) LIMIT 1   [ RunTime:0.000000s ]
NOTIC: [8] Undefined index: need_bind D:\wwwroot\zhangzizhongon\wwwroot\weiphp\ThinkPHP\Library\Think\Controller.class.php 第 211 行.
NOTIC: [8] Undefined index: uid D:\wwwroot\zhangzizhongon\wwwroot\weiphp\ThinkPHP\Library\Think\Controller.class.php 第 243 行.
SQL: SHOW COLUMNS FROM `wp_model` [ RunTime:0.000000s ]
SQL: SELECT * FROM `wp_model` WHERE ( `name` = 'forms_value' ) LIMIT 1   [ RunTime:0.000000s ]
NOTIC: [8] Undefined variable: addons D:\wwwroot\zhangzizhongon\wwwroot\weiphp\Application\Common\Common\function.php 第 465 行.
NOTIC: [8] Undefined variable: addons D:\wwwroot\zhangzizhongon\wwwroot\weiphp\Application\Common\Common\function.php 第 465 行.
SQL: SHOW COLUMNS FROM `wp_forms` [ RunTime:0.000000s ]
SQL: SELECT * FROM `wp_forms` WHERE ( `id` = 19 ) LIMIT 1   [ RunTime:0.000000s ]
SQL: SHOW COLUMNS FROM `wp_picture` [ RunTime:0.000000s ]
SQL: SELECT * FROM `wp_picture` WHERE ( `status` = 1 ) AND ( `id` = 459 ) LIMIT 1   [ RunTime:0.000000s ]
SQL: SELECT * FROM `wp_model` WHERE ( `id` = 71 ) LIMIT 1   [ RunTime:0.015625s ]
SQL: SHOW COLUMNS FROM `wp_forms_value` [ RunTime:0.000000s ]
SQL: SELECT * FROM `wp_forms_value` WHERE ( `uid` = -4627 ) AND ( `forms_id` = 19 ) LIMIT 1   [ RunTime:0.000000s ]
SQL: SHOW COLUMNS FROM `wp_forms_attribute` [ RunTime:0.015625s ]
SQL: SELECT * FROM `wp_forms_attribute` WHERE ( `forms_id` = 19 ) AND ( `token` = '454455' ) ORDER BY sort asc, id asc  [ RunTime:0.000000s ]
INFO: [ view_begin ] --START--
INFO: [ view_begin ] --END-- [ RunTime:0.000000s ]
INFO: [ view_parse ] --START--
INFO: [ template_filter ] --START--
INFO: Run Behavior\ContentReplace [ RunTime:0.015625s ]
INFO: [ template_filter ] --END-- [ RunTime:0.015625s ]
NOTIC: [8] Undefined variable: data D:\wwwroot\zhangzizhongon\wwwroot\weiphp\Runtime\Cache\Home\8a711c5829a2c22d8eba4b89c2127d75.php 第 63 行.
NOTIC: [8] Undefined variable: data D:\wwwroot\zhangzizhongon\wwwroot\weiphp\Runtime\Cache\Home\8a711c5829a2c22d8eba4b89c2127d75.php 第 63 行.
NOTIC: [8] Undefined variable: data D:\wwwroot\zhangzizhongon\wwwroot\weiphp\Runtime\Cache\Home\8a711c5829a2c22d8eba4b89c2127d75.php 第 63 行.
NOTIC: [8] Undefined variable: data D:\wwwroot\zhangzizhongon\wwwroot\weiphp\Runtime\Cache\Home\8a711c5829a2c22d8eba4b89c2127d75.php 第 63 行.
NOTIC: [8] Undefined variable: data D:\wwwroot\zhangzizhongon\wwwroot\weiphp\Runtime\Cache\Home\8a711c5829a2c22d8eba4b89c2127d75.php 第 63 行.
NOTIC: [8] Undefined variable: data D:\wwwroot\zhangzizhongon\wwwroot\weiphp\Runtime\Cache\Home\8a711c5829a2c22d8eba4b89c2127d75.php 第 63 行.
NOTIC: [8] Undefined variable: data D:\wwwroot\zhangzizhongon\wwwroot\weiphp\Runtime\Cache\Home\8a711c5829a2c22d8eba4b89c2127d75.php 第 63 行.
NOTIC: [8] Undefined variable: data D:\wwwroot\zhangzizhongon\wwwroot\weiphp\Runtime\Cache\Home\8a711c5829a2c22d8eba4b89c2127d75.php 第 63 行.
NOTIC: [8] Undefined variable: data D:\wwwroot\zhangzizhongon\wwwroot\weiphp\Runtime\Cache\Home\8a711c5829a2c22d8eba4b89c2127d75.php 第 63 行.
NOTIC: [8] Undefined variable: data D:\wwwroot\zhangzizhongon\wwwroot\weiphp\Runtime\Cache\Home\8a711c5829a2c22d8eba4b89c2127d75.php 第 65 行.
NOTIC: [8] Undefined variable: data D:\wwwroot\zhangzizhongon\wwwroot\weiphp\Runtime\Cache\Home\8a711c5829a2c22d8eba4b89c2127d75.php 第 65 行.
NOTIC: [8] Use of undefined constant name - assumed 'name' D:\wwwroot\zhangzizhongon\wwwroot\weiphp\Runtime\Cache\Home\8a711c5829a2c22d8eba4b89c2127d75.php 第 56 行.
NOTIC: [8] Use of undefined constant value - assumed 'value' D:\wwwroot\zhangzizhongon\wwwroot\weiphp\Runtime\Cache\Home\8a711c5829a2c22d8eba4b89c2127d75.php 第 56 行.
NOTIC: [8] Undefined variable: data D:\wwwroot\zhangzizhongon\wwwroot\weiphp\Runtime\Cache\Home\8a711c5829a2c22d8eba4b89c2127d75.php 第 176 行.
NOTIC: [8] Use of undefined constant id - assumed 'id' D:\wwwroot\zhangzizhongon\wwwroot\weiphp\Runtime\Cache\Home\8a711c5829a2c22d8eba4b89c2127d75.php 第 177 行.
INFO: Run Behavior\ParseTemplate [ RunTime:0.140625s ]
INFO: [ view_parse ] --END-- [ RunTime:0.140625s ]
INFO: [ view_filter ] --START--
INFO: Run Behavior\WriteHtmlCache [ RunTime:0.000000s ]
INFO: [ view_filter ] --END-- [ RunTime:0.000000s ]
INFO: [ view_end ] --START--
INFO: [ view_end ] --END-- [ RunTime:0.000000s ]
INFO: [ app_end ] --START--
INFO: Run Behavior\ShowPageTrace [ RunTime:0.000000s ]
INFO: [ app_end ] --END-- [ RunTime:0.000000s ]

[ 2015-07-30T21:36:40+08:00 ] 14.17.37.43 /weiphp/index.php?s=/addon/Forms/FormsValue/add/forms_id/15/token/gh_1d3c54b1ff0c.html&openid=-1
SQL: SELECT * FROM `wp_addons` WHERE ( `name` = 'Forms' ) LIMIT 1   [ RunTime:0.000000s ]
NOTIC: [8] Undefined index: query D:\wwwroot\zhangzizhongon\wwwroot\weiphp\ThinkPHP\Common\functions.php 第 787 行.
SQL: SHOW COLUMNS FROM `wp_tongji` [ RunTime:0.000000s ]
SQL: SELECT * FROM `wp_tongji` WHERE ( `token` = 'gh_1d3c54b1ff0c' ) AND ( `day` = 20150730 ) LIMIT 1   [ RunTime:0.000000s ]
SQL: UPDATE `wp_tongji` SET `content`='a:1:{s:5:\"Forms\";i:8;}' WHERE ( `token` = 'gh_1d3c54b1ff0c' ) AND ( `day` = 20150730 ) [ RunTime:0.000000s ]
NOTIC: [2048] Declaration of Addons\Forms\Controller\FormsValueController::lists() should be compatible with Home\Controller\AddonsController::lists($model = NULL, $page = 0) D:\wwwroot\zhangzizhongon\wwwroot\weiphp\Addons\Forms\Controller\FormsValueController.class.php 第 7 行.
NOTIC: [2048] Declaration of Addons\Forms\Controller\FormsValueController::edit() should be compatible with Home\Controller\AddonsController::edit($model = NULL, $id = 0) D:\wwwroot\zhangzizhongon\wwwroot\weiphp\Addons\Forms\Controller\FormsValueController.class.php 第 7 行.
NOTIC: [2048] Declaration of Addons\Forms\Controller\FormsValueController::add() should be compatible with Home\Controller\AddonsController::add($model = NULL) D:\wwwroot\zhangzizhongon\wwwroot\weiphp\Addons\Forms\Controller\FormsValueController.class.php 第 7 行.
NOTIC: [2048] Declaration of Addons\Forms\Controller\FormsValueController::del() should be compatible with Home\Controller\AddonsController::del($model = NULL, $ids = NULL) D:\wwwroot\zhangzizhongon\wwwroot\weiphp\Addons\Forms\Controller\FormsValueController.class.php 第 7 行.
INFO: [ action_begin ] --START--
INFO: [ action_begin ] --END-- [ RunTime:-0.062500s ]
SQL: SELECT `public_name` FROM `wp_member_public` WHERE ( `token` = 'gh_1d3c54b1ff0c' ) LIMIT 1   [ RunTime:0.000000s ]
SQL: SELECT * FROM `wp_follow` WHERE ( `token` = 'gh_1d3c54b1ff0c' ) AND ( `openid` = '-1' ) LIMIT 1   [ RunTime:0.000000s ]
NOTIC: [8] Undefined index: need_bind D:\wwwroot\zhangzizhongon\wwwroot\weiphp\ThinkPHP\Library\Think\Controller.class.php 第 211 行.
NOTIC: [8] Undefined index: uid D:\wwwroot\zhangzizhongon\wwwroot\weiphp\ThinkPHP\Library\Think\Controller.class.php 第 243 行.
SQL: SHOW COLUMNS FROM `wp_model` [ RunTime:0.000000s ]
SQL: SELECT * FROM `wp_model` WHERE ( `name` = 'forms_value' ) LIMIT 1   [ RunTime:0.000000s ]
NOTIC: [8] Undefined variable: addons D:\wwwroot\zhangzizhongon\wwwroot\weiphp\Application\Common\Common\function.php 第 465 行.
NOTIC: [8] Undefined variable: addons D:\wwwroot\zhangzizhongon\wwwroot\weiphp\Application\Common\Common\function.php 第 465 行.
SQL: SHOW COLUMNS FROM `wp_forms` [ RunTime:0.015625s ]
SQL: SELECT * FROM `wp_forms` WHERE ( `id` = 15 ) LIMIT 1   [ RunTime:0.000000s ]
SQL: SHOW COLUMNS FROM `wp_picture` [ RunTime:0.000000s ]
SQL: SELECT * FROM `wp_picture` WHERE ( `status` = 1 ) AND ( `id` = 393 ) LIMIT 1   [ RunTime:0.000000s ]
SQL: SELECT * FROM `wp_model` WHERE ( `id` = 71 ) LIMIT 1   [ RunTime:0.000000s ]
SQL: SHOW COLUMNS FROM `wp_forms_value` [ RunTime:0.000000s ]
SQL: SELECT * FROM `wp_forms_value` WHERE ( `uid` = -4628 ) AND ( `forms_id` = 15 ) LIMIT 1   [ RunTime:0.000000s ]
SQL: SHOW COLUMNS FROM `wp_forms_attribute` [ RunTime:0.000000s ]
SQL: SELECT * FROM `wp_forms_attribute` WHERE ( `forms_id` = 15 ) AND ( `token` = 'gh_1d3c54b1ff0c' ) ORDER BY sort asc, id asc  [ RunTime:0.015625s ]
INFO: [ view_begin ] --START--
INFO: [ view_begin ] --END-- [ RunTime:0.000000s ]
INFO: [ view_parse ] --START--
INFO: [ template_filter ] --START--
INFO: Run Behavior\ContentReplace [ RunTime:0.000000s ]
INFO: [ template_filter ] --END-- [ RunTime:0.000000s ]
NOTIC: [8] Undefined variable: data D:\wwwroot\zhangzizhongon\wwwroot\weiphp\Runtime\Cache\Home\8a711c5829a2c22d8eba4b89c2127d75.php 第 63 行.
NOTIC: [8] Undefined variable: data D:\wwwroot\zhangzizhongon\wwwroot\weiphp\Runtime\Cache\Home\8a711c5829a2c22d8eba4b89c2127d75.php 第 63 行.
NOTIC: [8] Undefined variable: data D:\wwwroot\zhangzizhongon\wwwroot\weiphp\Runtime\Cache\Home\8a711c5829a2c22d8eba4b89c2127d75.php 第 63 行.
NOTIC: [8] Undefined variable: data D:\wwwroot\zhangzizhongon\wwwroot\weiphp\Runtime\Cache\Home\8a711c5829a2c22d8eba4b89c2127d75.php 第 63 行.
NOTIC: [8] Undefined variable: data D:\wwwroot\zhangzizhongon\wwwroot\weiphp\Runtime\Cache\Home\8a711c5829a2c22d8eba4b89c2127d75.php 第 63 行.
NOTIC: [8] Undefined variable: data D:\wwwroot\zhangzizhongon\wwwroot\weiphp\Runtime\Cache\Home\8a711c5829a2c22d8eba4b89c2127d75.php 第 63 行.
NOTIC: [8] Use of undefined constant name - assumed 'name' D:\wwwroot\zhangzizhongon\wwwroot\weiphp\Runtime\Cache\Home\8a711c5829a2c22d8eba4b89c2127d75.php 第 56 行.
NOTIC: [8] Use of undefined constant value - assumed 'value' D:\wwwroot\zhangzizhongon\wwwroot\weiphp\Runtime\Cache\Home\8a711c5829a2c22d8eba4b89c2127d75.php 第 56 行.
NOTIC: [8] Undefined variable: data D:\wwwroot\zhangzizhongon\wwwroot\weiphp\Runtime\Cache\Home\8a711c5829a2c22d8eba4b89c2127d75.php 第 176 行.
NOTIC: [8] Use of undefined constant id - assumed 'id' D:\wwwroot\zhangzizhongon\wwwroot\weiphp\Runtime\Cache\Home\8a711c5829a2c22d8eba4b89c2127d75.php 第 177 行.
INFO: Run Behavior\ParseTemplate [ RunTime:0.078125s ]
INFO: [ view_parse ] --END-- [ RunTime:0.078125s ]
INFO: [ view_filter ] --START--
INFO: Run Behavior\WriteHtmlCache [ RunTime:0.000000s ]
INFO: [ view_filter ] --END-- [ RunTime:0.000000s ]
INFO: [ view_end ] --START--
INFO: [ view_end ] --END-- [ RunTime:0.000000s ]
INFO: [ app_end ] --START--
INFO: Run Behavior\ShowPageTrace [ RunTime:0.000000s ]
INFO: [ app_end ] --END-- [ RunTime:0.000000s ]

[ 2015-07-30T22:16:12+08:00 ] 219.133.40.15 /weiphp/index.php?s=/addon/Forms/FormsValue/add/forms_id/18/token/gh_1d3c54b1ff0c.html&openid=-1
SQL: SELECT * FROM `wp_addons` WHERE ( `name` = 'Forms' ) LIMIT 1   [ RunTime:0.000000s ]
NOTIC: [8] Undefined index: query D:\wwwroot\zhangzizhongon\wwwroot\weiphp\ThinkPHP\Common\functions.php 第 787 行.
SQL: SHOW COLUMNS FROM `wp_tongji` [ RunTime:0.015625s ]
SQL: SELECT * FROM `wp_tongji` WHERE ( `token` = 'gh_1d3c54b1ff0c' ) AND ( `day` = 20150730 ) LIMIT 1   [ RunTime:0.000000s ]
SQL: UPDATE `wp_tongji` SET `content`='a:1:{s:5:\"Forms\";i:9;}' WHERE ( `token` = 'gh_1d3c54b1ff0c' ) AND ( `day` = 20150730 ) [ RunTime:0.000000s ]
NOTIC: [2048] Declaration of Addons\Forms\Controller\FormsValueController::lists() should be compatible with Home\Controller\AddonsController::lists($model = NULL, $page = 0) D:\wwwroot\zhangzizhongon\wwwroot\weiphp\Addons\Forms\Controller\FormsValueController.class.php 第 7 行.
NOTIC: [2048] Declaration of Addons\Forms\Controller\FormsValueController::edit() should be compatible with Home\Controller\AddonsController::edit($model = NULL, $id = 0) D:\wwwroot\zhangzizhongon\wwwroot\weiphp\Addons\Forms\Controller\FormsValueController.class.php 第 7 行.
NOTIC: [2048] Declaration of Addons\Forms\Controller\FormsValueController::add() should be compatible with Home\Controller\AddonsController::add($model = NULL) D:\wwwroot\zhangzizhongon\wwwroot\weiphp\Addons\Forms\Controller\FormsValueController.class.php 第 7 行.
NOTIC: [2048] Declaration of Addons\Forms\Controller\FormsValueController::del() should be compatible with Home\Controller\AddonsController::del($model = NULL, $ids = NULL) D:\wwwroot\zhangzizhongon\wwwroot\weiphp\Addons\Forms\Controller\FormsValueController.class.php 第 7 行.
INFO: [ action_begin ] --START--
INFO: [ action_begin ] --END-- [ RunTime:-0.062500s ]
SQL: SELECT `public_name` FROM `wp_member_public` WHERE ( `token` = 'gh_1d3c54b1ff0c' ) LIMIT 1   [ RunTime:0.000000s ]
SQL: SELECT * FROM `wp_follow` WHERE ( `token` = 'gh_1d3c54b1ff0c' ) AND ( `openid` = '-1' ) LIMIT 1   [ RunTime:0.000000s ]
NOTIC: [8] Undefined index: need_bind D:\wwwroot\zhangzizhongon\wwwroot\weiphp\ThinkPHP\Library\Think\Controller.class.php 第 211 行.
NOTIC: [8] Undefined index: uid D:\wwwroot\zhangzizhongon\wwwroot\weiphp\ThinkPHP\Library\Think\Controller.class.php 第 243 行.
SQL: SHOW COLUMNS FROM `wp_model` [ RunTime:0.000000s ]
SQL: SELECT * FROM `wp_model` WHERE ( `name` = 'forms_value' ) LIMIT 1   [ RunTime:0.000000s ]
NOTIC: [8] Undefined variable: addons D:\wwwroot\zhangzizhongon\wwwroot\weiphp\Application\Common\Common\function.php 第 465 行.
NOTIC: [8] Undefined variable: addons D:\wwwroot\zhangzizhongon\wwwroot\weiphp\Application\Common\Common\function.php 第 465 行.
SQL: SHOW COLUMNS FROM `wp_forms` [ RunTime:0.000000s ]
SQL: SELECT * FROM `wp_forms` WHERE ( `id` = 18 ) LIMIT 1   [ RunTime:0.000000s ]
SQL: SHOW COLUMNS FROM `wp_picture` [ RunTime:0.000000s ]
SQL: SELECT * FROM `wp_picture` WHERE ( `status` = 1 ) AND ( `id` = 462 ) LIMIT 1   [ RunTime:0.000000s ]
SQL: SELECT * FROM `wp_model` WHERE ( `id` = 71 ) LIMIT 1   [ RunTime:0.000000s ]
SQL: SHOW COLUMNS FROM `wp_forms_value` [ RunTime:0.015625s ]
SQL: SELECT * FROM `wp_forms_value` WHERE ( `uid` = -4629 ) AND ( `forms_id` = 18 ) LIMIT 1   [ RunTime:0.000000s ]
SQL: SHOW COLUMNS FROM `wp_forms_attribute` [ RunTime:0.000000s ]
SQL: SELECT * FROM `wp_forms_attribute` WHERE ( `forms_id` = 18 ) AND ( `token` = 'gh_1d3c54b1ff0c' ) ORDER BY sort asc, id asc  [ RunTime:0.000000s ]
INFO: [ view_begin ] --START--
INFO: [ view_begin ] --END-- [ RunTime:0.000000s ]
INFO: [ view_parse ] --START--
INFO: [ template_filter ] --START--
INFO: Run Behavior\ContentReplace [ RunTime:0.000000s ]
INFO: [ template_filter ] --END-- [ RunTime:0.000000s ]
NOTIC: [8] Undefined index: query D:\wwwroot\zhangzizhongon\wwwroot\weiphp\ThinkPHP\Common\functions.php 第 787 行.
NOTIC: [8] Undefined variable: data D:\wwwroot\zhangzizhongon\wwwroot\weiphp\Runtime\Cache\Home\8a711c5829a2c22d8eba4b89c2127d75.php 第 63 行.
NOTIC: [8] Undefined variable: data D:\wwwroot\zhangzizhongon\wwwroot\weiphp\Runtime\Cache\Home\8a711c5829a2c22d8eba4b89c2127d75.php 第 63 行.
NOTIC: [8] Undefined variable: data D:\wwwroot\zhangzizhongon\wwwroot\weiphp\Runtime\Cache\Home\8a711c5829a2c22d8eba4b89c2127d75.php 第 63 行.
NOTIC: [8] Undefined variable: data D:\wwwroot\zhangzizhongon\wwwroot\weiphp\Runtime\Cache\Home\8a711c5829a2c22d8eba4b89c2127d75.php 第 65 行.
NOTIC: [8] Use of undefined constant name - assumed 'name' D:\wwwroot\zhangzizhongon\wwwroot\weiphp\Runtime\Cache\Home\8a711c5829a2c22d8eba4b89c2127d75.php 第 56 行.
NOTIC: [8] Use of undefined constant value - assumed 'value' D:\wwwroot\zhangzizhongon\wwwroot\weiphp\Runtime\Cache\Home\8a711c5829a2c22d8eba4b89c2127d75.php 第 56 行.
NOTIC: [8] Undefined variable: data D:\wwwroot\zhangzizhongon\wwwroot\weiphp\Runtime\Cache\Home\8a711c5829a2c22d8eba4b89c2127d75.php 第 176 行.
NOTIC: [8] Use of undefined constant id - assumed 'id' D:\wwwroot\zhangzizhongon\wwwroot\weiphp\Runtime\Cache\Home\8a711c5829a2c22d8eba4b89c2127d75.php 第 177 行.
INFO: Run Behavior\ParseTemplate [ RunTime:0.078125s ]
INFO: [ view_parse ] --END-- [ RunTime:0.078125s ]
INFO: [ view_filter ] --START--
INFO: Run Behavior\WriteHtmlCache [ RunTime:0.000000s ]
INFO: [ view_filter ] --END-- [ RunTime:0.000000s ]
INFO: [ view_end ] --START--
INFO: [ view_end ] --END-- [ RunTime:0.000000s ]
INFO: [ app_end ] --START--
INFO: Run Behavior\ShowPageTrace [ RunTime:0.000000s ]
INFO: [ app_end ] --END-- [ RunTime:0.000000s ]

[ 2015-07-30T22:16:23+08:00 ] 14.17.37.144 /weiphp/index.php?s=/addon/Forms/FormsValue/detail/forms_id/18.html
SQL: SELECT * FROM `wp_addons` WHERE ( `name` = 'Forms' ) LIMIT 1   [ RunTime:0.000000s ]
NOTIC: [8] Undefined index: query D:\wwwroot\zhangzizhongon\wwwroot\weiphp\ThinkPHP\Common\functions.php 第 787 行.
SQL: SHOW COLUMNS FROM `wp_tongji` [ RunTime:0.000000s ]
SQL: SELECT * FROM `wp_tongji` WHERE ( `token` = 'gh_1d3c54b1ff0c' ) AND ( `day` = 20150730 ) LIMIT 1   [ RunTime:0.000000s ]
SQL: UPDATE `wp_tongji` SET `content`='a:1:{s:5:\"Forms\";i:10;}' WHERE ( `token` = 'gh_1d3c54b1ff0c' ) AND ( `day` = 20150730 ) [ RunTime:0.000000s ]
NOTIC: [2048] Declaration of Addons\Forms\Controller\FormsValueController::lists() should be compatible with Home\Controller\AddonsController::lists($model = NULL, $page = 0) D:\wwwroot\zhangzizhongon\wwwroot\weiphp\Addons\Forms\Controller\FormsValueController.class.php 第 7 行.
NOTIC: [2048] Declaration of Addons\Forms\Controller\FormsValueController::edit() should be compatible with Home\Controller\AddonsController::edit($model = NULL, $id = 0) D:\wwwroot\zhangzizhongon\wwwroot\weiphp\Addons\Forms\Controller\FormsValueController.class.php 第 7 行.
NOTIC: [2048] Declaration of Addons\Forms\Controller\FormsValueController::add() should be compatible with Home\Controller\AddonsController::add($model = NULL) D:\wwwroot\zhangzizhongon\wwwroot\weiphp\Addons\Forms\Controller\FormsValueController.class.php 第 7 行.
NOTIC: [2048] Declaration of Addons\Forms\Controller\FormsValueController::del() should be compatible with Home\Controller\AddonsController::del($model = NULL, $ids = NULL) D:\wwwroot\zhangzizhongon\wwwroot\weiphp\Addons\Forms\Controller\FormsValueController.class.php 第 7 行.
INFO: [ action_begin ] --START--
INFO: [ action_begin ] --END-- [ RunTime:-0.046875s ]
SQL: SELECT `public_name` FROM `wp_member_public` WHERE ( `token` = 'gh_1d3c54b1ff0c' ) LIMIT 1   [ RunTime:0.015625s ]
SQL: SELECT * FROM `wp_follow` WHERE ( `token` = 'gh_1d3c54b1ff0c' ) AND ( `openid` = '-1' ) LIMIT 1   [ RunTime:0.000000s ]
NOTIC: [8] Undefined index: need_bind D:\wwwroot\zhangzizhongon\wwwroot\weiphp\ThinkPHP\Library\Think\Controller.class.php 第 211 行.
NOTIC: [8] Undefined index: uid D:\wwwroot\zhangzizhongon\wwwroot\weiphp\ThinkPHP\Library\Think\Controller.class.php 第 243 行.
SQL: SHOW COLUMNS FROM `wp_model` [ RunTime:0.000000s ]
SQL: SELECT * FROM `wp_model` WHERE ( `name` = 'forms_value' ) LIMIT 1   [ RunTime:0.000000s ]
NOTIC: [8] Undefined variable: addons D:\wwwroot\zhangzizhongon\wwwroot\weiphp\Application\Common\Common\function.php 第 465 行.
NOTIC: [8] Undefined variable: addons D:\wwwroot\zhangzizhongon\wwwroot\weiphp\Application\Common\Common\function.php 第 465 行.
SQL: SHOW COLUMNS FROM `wp_forms` [ RunTime:0.000000s ]
SQL: SELECT * FROM `wp_forms` WHERE ( `id` = 18 ) LIMIT 1   [ RunTime:0.000000s ]
SQL: SHOW COLUMNS FROM `wp_picture` [ RunTime:0.000000s ]
SQL: SELECT * FROM `wp_picture` WHERE ( `status` = 1 ) AND ( `id` = 462 ) LIMIT 1   [ RunTime:0.000000s ]
INFO: [ view_begin ] --START--
INFO: [ view_begin ] --END-- [ RunTime:0.000000s ]
INFO: [ view_parse ] --START--
INFO: [ template_filter ] --START--
INFO: Run Behavior\ContentReplace [ RunTime:0.000000s ]
INFO: [ template_filter ] --END-- [ RunTime:0.000000s ]
INFO: Run Behavior\ParseTemplate [ RunTime:0.015625s ]
INFO: [ view_parse ] --END-- [ RunTime:0.015625s ]
INFO: [ view_filter ] --START--
INFO: Run Behavior\WriteHtmlCache [ RunTime:0.000000s ]
INFO: [ view_filter ] --END-- [ RunTime:0.000000s ]
INFO: [ view_end ] --START--
INFO: [ view_end ] --END-- [ RunTime:0.000000s ]
INFO: [ app_end ] --START--
INFO: Run Behavior\ShowPageTrace [ RunTime:0.000000s ]
INFO: [ app_end ] --END-- [ RunTime:0.000000s ]

[ 2015-07-30T22:24:22+08:00 ] 116.76.53.100 /weiphp/index.php?s=/addon/Forms/FormsValue/add/forms_id/15/token/gh_1d3c54b1ff0c.html&openid=-1
SQL: SELECT * FROM `wp_addons` WHERE ( `name` = 'Forms' ) LIMIT 1   [ RunTime:0.000000s ]
NOTIC: [8] Undefined index: query D:\wwwroot\zhangzizhongon\wwwroot\weiphp\ThinkPHP\Common\functions.php 第 787 行.
SQL: SHOW COLUMNS FROM `wp_tongji` [ RunTime:0.000000s ]
SQL: SELECT * FROM `wp_tongji` WHERE ( `token` = 'gh_1d3c54b1ff0c' ) AND ( `day` = 20150730 ) LIMIT 1   [ RunTime:0.000000s ]
SQL: UPDATE `wp_tongji` SET `content`='a:1:{s:5:\"Forms\";i:11;}' WHERE ( `token` = 'gh_1d3c54b1ff0c' ) AND ( `day` = 20150730 ) [ RunTime:0.015625s ]
NOTIC: [2048] Declaration of Addons\Forms\Controller\FormsValueController::lists() should be compatible with Home\Controller\AddonsController::lists($model = NULL, $page = 0) D:\wwwroot\zhangzizhongon\wwwroot\weiphp\Addons\Forms\Controller\FormsValueController.class.php 第 7 行.
NOTIC: [2048] Declaration of Addons\Forms\Controller\FormsValueController::edit() should be compatible with Home\Controller\AddonsController::edit($model = NULL, $id = 0) D:\wwwroot\zhangzizhongon\wwwroot\weiphp\Addons\Forms\Controller\FormsValueController.class.php 第 7 行.
NOTIC: [2048] Declaration of Addons\Forms\Controller\FormsValueController::add() should be compatible with Home\Controller\AddonsController::add($model = NULL) D:\wwwroot\zhangzizhongon\wwwroot\weiphp\Addons\Forms\Controller\FormsValueController.class.php 第 7 行.
NOTIC: [2048] Declaration of Addons\Forms\Controller\FormsValueController::del() should be compatible with Home\Controller\AddonsController::del($model = NULL, $ids = NULL) D:\wwwroot\zhangzizhongon\wwwroot\weiphp\Addons\Forms\Controller\FormsValueController.class.php 第 7 行.
INFO: [ action_begin ] --START--
INFO: [ action_begin ] --END-- [ RunTime:-0.062500s ]
SQL: SELECT `public_name` FROM `wp_member_public` WHERE ( `token` = 'gh_1d3c54b1ff0c' ) LIMIT 1   [ RunTime:0.000000s ]
SQL: SELECT * FROM `wp_follow` WHERE ( `token` = 'gh_1d3c54b1ff0c' ) AND ( `openid` = '-1' ) LIMIT 1   [ RunTime:0.000000s ]
NOTIC: [8] Undefined index: need_bind D:\wwwroot\zhangzizhongon\wwwroot\weiphp\ThinkPHP\Library\Think\Controller.class.php 第 211 行.
NOTIC: [8] Undefined index: uid D:\wwwroot\zhangzizhongon\wwwroot\weiphp\ThinkPHP\Library\Think\Controller.class.php 第 243 行.
SQL: SHOW COLUMNS FROM `wp_model` [ RunTime:0.000000s ]
SQL: SELECT * FROM `wp_model` WHERE ( `name` = 'forms_value' ) LIMIT 1   [ RunTime:0.000000s ]
NOTIC: [8] Undefined variable: addons D:\wwwroot\zhangzizhongon\wwwroot\weiphp\Application\Common\Common\function.php 第 465 行.
NOTIC: [8] Undefined variable: addons D:\wwwroot\zhangzizhongon\wwwroot\weiphp\Application\Common\Common\function.php 第 465 行.
SQL: SHOW COLUMNS FROM `wp_forms` [ RunTime:0.000000s ]
SQL: SELECT * FROM `wp_forms` WHERE ( `id` = 15 ) LIMIT 1   [ RunTime:0.000000s ]
SQL: SHOW COLUMNS FROM `wp_picture` [ RunTime:0.046875s ]
SQL: SELECT * FROM `wp_picture` WHERE ( `status` = 1 ) AND ( `id` = 393 ) LIMIT 1   [ RunTime:0.000000s ]
SQL: SELECT * FROM `wp_model` WHERE ( `id` = 71 ) LIMIT 1   [ RunTime:0.000000s ]
SQL: SHOW COLUMNS FROM `wp_forms_value` [ RunTime:0.015625s ]
SQL: SELECT * FROM `wp_forms_value` WHERE ( `uid` = -4630 ) AND ( `forms_id` = 15 ) LIMIT 1   [ RunTime:0.000000s ]
SQL: SHOW COLUMNS FROM `wp_forms_attribute` [ RunTime:0.000000s ]
SQL: SELECT * FROM `wp_forms_attribute` WHERE ( `forms_id` = 15 ) AND ( `token` = 'gh_1d3c54b1ff0c' ) ORDER BY sort asc, id asc  [ RunTime:0.000000s ]
INFO: [ view_begin ] --START--
INFO: [ view_begin ] --END-- [ RunTime:0.000000s ]
INFO: [ view_parse ] --START--
INFO: [ template_filter ] --START--
INFO: Run Behavior\ContentReplace [ RunTime:0.000000s ]
INFO: [ template_filter ] --END-- [ RunTime:0.000000s ]
NOTIC: [8] Undefined variable: data D:\wwwroot\zhangzizhongon\wwwroot\weiphp\Runtime\Cache\Home\8a711c5829a2c22d8eba4b89c2127d75.php 第 63 行.
NOTIC: [8] Undefined variable: data D:\wwwroot\zhangzizhongon\wwwroot\weiphp\Runtime\Cache\Home\8a711c5829a2c22d8eba4b89c2127d75.php 第 63 行.
NOTIC: [8] Undefined variable: data D:\wwwroot\zhangzizhongon\wwwroot\weiphp\Runtime\Cache\Home\8a711c5829a2c22d8eba4b89c2127d75.php 第 63 行.
NOTIC: [8] Undefined variable: data D:\wwwroot\zhangzizhongon\wwwroot\weiphp\Runtime\Cache\Home\8a711c5829a2c22d8eba4b89c2127d75.php 第 63 行.
NOTIC: [8] Undefined variable: data D:\wwwroot\zhangzizhongon\wwwroot\weiphp\Runtime\Cache\Home\8a711c5829a2c22d8eba4b89c2127d75.php 第 63 行.
NOTIC: [8] Undefined variable: data D:\wwwroot\zhangzizhongon\wwwroot\weiphp\Runtime\Cache\Home\8a711c5829a2c22d8eba4b89c2127d75.php 第 63 行.
NOTIC: [8] Use of undefined constant name - assumed 'name' D:\wwwroot\zhangzizhongon\wwwroot\weiphp\Runtime\Cache\Home\8a711c5829a2c22d8eba4b89c2127d75.php 第 56 行.
NOTIC: [8] Use of undefined constant value - assumed 'value' D:\wwwroot\zhangzizhongon\wwwroot\weiphp\Runtime\Cache\Home\8a711c5829a2c22d8eba4b89c2127d75.php 第 56 行.
NOTIC: [8] Undefined variable: data D:\wwwroot\zhangzizhongon\wwwroot\weiphp\Runtime\Cache\Home\8a711c5829a2c22d8eba4b89c2127d75.php 第 176 行.
NOTIC: [8] Use of undefined constant id - assumed 'id' D:\wwwroot\zhangzizhongon\wwwroot\weiphp\Runtime\Cache\Home\8a711c5829a2c22d8eba4b89c2127d75.php 第 177 行.
INFO: Run Behavior\ParseTemplate [ RunTime:0.062500s ]
INFO: [ view_parse ] --END-- [ RunTime:0.062500s ]
INFO: [ view_filter ] --START--
INFO: Run Behavior\WriteHtmlCache [ RunTime:0.000000s ]
INFO: [ view_filter ] --END-- [ RunTime:0.000000s ]
INFO: [ view_end ] --START--
INFO: [ view_end ] --END-- [ RunTime:0.000000s ]
INFO: [ app_end ] --START--
INFO: Run Behavior\ShowPageTrace [ RunTime:0.000000s ]
INFO: [ app_end ] --END-- [ RunTime:0.000000s ]

