[ 2015-07-01T00:12:54+08:00 ] 117.136.40.31 /weiphp/index.php?s=/addon/Forms/FormsValue/add/forms_id/15/token/gh_1d3c54b1ff0c.html&openid=-1
SQL: SELECT * FROM `wp_addons` WHERE ( `name` = 'Forms' ) LIMIT 1   [ RunTime:0.000000s ]
NOTIC: [8] Undefined index: query D:\wwwroot\zhangzizhongon\wwwroot\weiphp\ThinkPHP\Common\functions.php 第 787 行.
SQL: SHOW COLUMNS FROM `wp_tongji` [ RunTime:0.000000s ]
SQL: SELECT * FROM `wp_tongji` WHERE ( `token` = 'gh_1d3c54b1ff0c' ) AND ( `day` = 20150701 ) LIMIT 1   [ RunTime:0.000000s ]
SQL: INSERT INTO `wp_tongji` (`token`,`day`,`content`,`month`) VALUES ('gh_1d3c54b1ff0c',20150701,'a:1:{s:5:\"Forms\";i:1;}',201507) [ RunTime:0.000000s ]
NOTIC: [2048] Declaration of Addons\Forms\Controller\FormsValueController::lists() should be compatible with Home\Controller\AddonsController::lists($model = NULL, $page = 0) D:\wwwroot\zhangzizhongon\wwwroot\weiphp\Addons\Forms\Controller\FormsValueController.class.php 第 7 行.
NOTIC: [2048] Declaration of Addons\Forms\Controller\FormsValueController::edit() should be compatible with Home\Controller\AddonsController::edit($model = NULL, $id = 0) D:\wwwroot\zhangzizhongon\wwwroot\weiphp\Addons\Forms\Controller\FormsValueController.class.php 第 7 行.
NOTIC: [2048] Declaration of Addons\Forms\Controller\FormsValueController::add() should be compatible with Home\Controller\AddonsController::add($model = NULL) D:\wwwroot\zhangzizhongon\wwwroot\weiphp\Addons\Forms\Controller\FormsValueController.class.php 第 7 行.
NOTIC: [2048] Declaration of Addons\Forms\Controller\FormsValueController::del() should be compatible with Home\Controller\AddonsController::del($model = NULL, $ids = NULL) D:\wwwroot\zhangzizhongon\wwwroot\weiphp\Addons\Forms\Controller\FormsValueController.class.php 第 7 行.
INFO: [ action_begin ] --START--
INFO: [ action_begin ] --END-- [ RunTime:-0.062500s ]
SQL: SELECT `public_name` FROM `wp_member_public` WHERE ( `token` = 'gh_1d3c54b1ff0c' ) LIMIT 1   [ RunTime:0.000000s ]
SQL: SELECT * FROM `wp_follow` WHERE ( `token` = 'gh_1d3c54b1ff0c' ) AND ( `openid` = '-1' ) LIMIT 1   [ RunTime:0.000000s ]
NOTIC: [8] Undefined index: need_bind D:\wwwroot\zhangzizhongon\wwwroot\weiphp\ThinkPHP\Library\Think\Controller.class.php 第 211 行.
NOTIC: [8] Undefined index: uid D:\wwwroot\zhangzizhongon\wwwroot\weiphp\ThinkPHP\Library\Think\Controller.class.php 第 243 行.
SQL: SHOW COLUMNS FROM `wp_model` [ RunTime:0.015625s ]
SQL: SELECT * FROM `wp_model` WHERE ( `name` = 'forms_value' ) LIMIT 1   [ RunTime:0.000000s ]
NOTIC: [8] Undefined variable: addons D:\wwwroot\zhangzizhongon\wwwroot\weiphp\Application\Common\Common\function.php 第 465 行.
NOTIC: [8] Undefined variable: addons D:\wwwroot\zhangzizhongon\wwwroot\weiphp\Application\Common\Common\function.php 第 465 行.
SQL: SHOW COLUMNS FROM `wp_forms` [ RunTime:0.000000s ]
SQL: SELECT * FROM `wp_forms` WHERE ( `id` = 15 ) LIMIT 1   [ RunTime:0.000000s ]
SQL: SHOW COLUMNS FROM `wp_picture` [ RunTime:0.015625s ]
SQL: SELECT * FROM `wp_picture` WHERE ( `status` = 1 ) AND ( `id` = 393 ) LIMIT 1   [ RunTime:0.000000s ]
SQL: SELECT * FROM `wp_model` WHERE ( `id` = 71 ) LIMIT 1   [ RunTime:0.000000s ]
SQL: SHOW COLUMNS FROM `wp_forms_value` [ RunTime:0.000000s ]
SQL: SELECT * FROM `wp_forms_value` WHERE ( `uid` = -4451 ) AND ( `forms_id` = 15 ) LIMIT 1   [ RunTime:0.000000s ]
SQL: SHOW COLUMNS FROM `wp_forms_attribute` [ RunTime:0.015625s ]
SQL: SELECT * FROM `wp_forms_attribute` WHERE ( `forms_id` = 15 ) AND ( `token` = 'gh_1d3c54b1ff0c' ) ORDER BY sort asc, id asc  [ RunTime:0.000000s ]
INFO: [ view_begin ] --START--
INFO: [ view_begin ] --END-- [ RunTime:0.000000s ]
INFO: [ view_parse ] --START--
INFO: [ template_filter ] --START--
INFO: Run Behavior\ContentReplace [ RunTime:0.000000s ]
INFO: [ template_filter ] --END-- [ RunTime:0.000000s ]
NOTIC: [8] Undefined variable: data D:\wwwroot\zhangzizhongon\wwwroot\weiphp\Runtime\Cache\Home\8a711c5829a2c22d8eba4b89c2127d75.php 第 63 行.
NOTIC: [8] Undefined variable: data D:\wwwroot\zhangzizhongon\wwwroot\weiphp\Runtime\Cache\Home\8a711c5829a2c22d8eba4b89c2127d75.php 第 63 行.
NOTIC: [8] Undefined variable: data D:\wwwroot\zhangzizhongon\wwwroot\weiphp\Runtime\Cache\Home\8a711c5829a2c22d8eba4b89c2127d75.php 第 63 行.
NOTIC: [8] Undefined variable: data D:\wwwroot\zhangzizhongon\wwwroot\weiphp\Runtime\Cache\Home\8a711c5829a2c22d8eba4b89c2127d75.php 第 63 行.
NOTIC: [8] Undefined variable: data D:\wwwroot\zhangzizhongon\wwwroot\weiphp\Runtime\Cache\Home\8a711c5829a2c22d8eba4b89c2127d75.php 第 63 行.
NOTIC: [8] Undefined variable: data D:\wwwroot\zhangzizhongon\wwwroot\weiphp\Runtime\Cache\Home\8a711c5829a2c22d8eba4b89c2127d75.php 第 63 行.
NOTIC: [8] Use of undefined constant name - assumed 'name' D:\wwwroot\zhangzizhongon\wwwroot\weiphp\Runtime\Cache\Home\8a711c5829a2c22d8eba4b89c2127d75.php 第 56 行.
NOTIC: [8] Use of undefined constant value - assumed 'value' D:\wwwroot\zhangzizhongon\wwwroot\weiphp\Runtime\Cache\Home\8a711c5829a2c22d8eba4b89c2127d75.php 第 56 行.
NOTIC: [8] Undefined variable: data D:\wwwroot\zhangzizhongon\wwwroot\weiphp\Runtime\Cache\Home\8a711c5829a2c22d8eba4b89c2127d75.php 第 176 行.
NOTIC: [8] Use of undefined constant id - assumed 'id' D:\wwwroot\zhangzizhongon\wwwroot\weiphp\Runtime\Cache\Home\8a711c5829a2c22d8eba4b89c2127d75.php 第 177 行.
INFO: Run Behavior\ParseTemplate [ RunTime:0.078125s ]
INFO: [ view_parse ] --END-- [ RunTime:0.078125s ]
INFO: [ view_filter ] --START--
INFO: Run Behavior\WriteHtmlCache [ RunTime:0.000000s ]
INFO: [ view_filter ] --END-- [ RunTime:0.000000s ]
INFO: [ view_end ] --START--
INFO: [ view_end ] --END-- [ RunTime:0.000000s ]
INFO: [ app_end ] --START--
INFO: Run Behavior\ShowPageTrace [ RunTime:0.000000s ]
INFO: [ app_end ] --END-- [ RunTime:0.000000s ]

[ 2015-07-01T00:39:26+08:00 ] 117.136.40.249 /weiphp/index.php?s=/addon/Forms/FormsValue/add/forms_id/18/token/gh_1d3c54b1ff0c.html&openid=-1
SQL: SELECT * FROM `wp_addons` WHERE ( `name` = 'Forms' ) LIMIT 1   [ RunTime:0.000000s ]
NOTIC: [8] Undefined index: query D:\wwwroot\zhangzizhongon\wwwroot\weiphp\ThinkPHP\Common\functions.php 第 787 行.
SQL: SHOW COLUMNS FROM `wp_tongji` [ RunTime:0.000000s ]
SQL: SELECT * FROM `wp_tongji` WHERE ( `token` = 'gh_1d3c54b1ff0c' ) AND ( `day` = 20150701 ) LIMIT 1   [ RunTime:0.000000s ]
SQL: UPDATE `wp_tongji` SET `content`='a:1:{s:5:\"Forms\";i:2;}' WHERE ( `token` = 'gh_1d3c54b1ff0c' ) AND ( `day` = 20150701 ) [ RunTime:0.015625s ]
NOTIC: [2048] Declaration of Addons\Forms\Controller\FormsValueController::lists() should be compatible with Home\Controller\AddonsController::lists($model = NULL, $page = 0) D:\wwwroot\zhangzizhongon\wwwroot\weiphp\Addons\Forms\Controller\FormsValueController.class.php 第 7 行.
NOTIC: [2048] Declaration of Addons\Forms\Controller\FormsValueController::edit() should be compatible with Home\Controller\AddonsController::edit($model = NULL, $id = 0) D:\wwwroot\zhangzizhongon\wwwroot\weiphp\Addons\Forms\Controller\FormsValueController.class.php 第 7 行.
NOTIC: [2048] Declaration of Addons\Forms\Controller\FormsValueController::add() should be compatible with Home\Controller\AddonsController::add($model = NULL) D:\wwwroot\zhangzizhongon\wwwroot\weiphp\Addons\Forms\Controller\FormsValueController.class.php 第 7 行.
NOTIC: [2048] Declaration of Addons\Forms\Controller\FormsValueController::del() should be compatible with Home\Controller\AddonsController::del($model = NULL, $ids = NULL) D:\wwwroot\zhangzizhongon\wwwroot\weiphp\Addons\Forms\Controller\FormsValueController.class.php 第 7 行.
INFO: [ action_begin ] --START--
INFO: [ action_begin ] --END-- [ RunTime:-0.140625s ]
SQL: SELECT `public_name` FROM `wp_member_public` WHERE ( `token` = 'gh_1d3c54b1ff0c' ) LIMIT 1   [ RunTime:0.000000s ]
SQL: SELECT * FROM `wp_follow` WHERE ( `token` = 'gh_1d3c54b1ff0c' ) AND ( `openid` = '-1' ) LIMIT 1   [ RunTime:0.000000s ]
NOTIC: [8] Undefined index: need_bind D:\wwwroot\zhangzizhongon\wwwroot\weiphp\ThinkPHP\Library\Think\Controller.class.php 第 211 行.
NOTIC: [8] Undefined index: uid D:\wwwroot\zhangzizhongon\wwwroot\weiphp\ThinkPHP\Library\Think\Controller.class.php 第 243 行.
SQL: SHOW COLUMNS FROM `wp_model` [ RunTime:0.015625s ]
SQL: SELECT * FROM `wp_model` WHERE ( `name` = 'forms_value' ) LIMIT 1   [ RunTime:0.000000s ]
NOTIC: [8] Undefined variable: addons D:\wwwroot\zhangzizhongon\wwwroot\weiphp\Application\Common\Common\function.php 第 465 行.
NOTIC: [8] Undefined variable: addons D:\wwwroot\zhangzizhongon\wwwroot\weiphp\Application\Common\Common\function.php 第 465 行.
SQL: SHOW COLUMNS FROM `wp_forms` [ RunTime:0.000000s ]
SQL: SELECT * FROM `wp_forms` WHERE ( `id` = 18 ) LIMIT 1   [ RunTime:0.000000s ]
SQL: SHOW COLUMNS FROM `wp_picture` [ RunTime:0.015625s ]
SQL: SELECT * FROM `wp_picture` WHERE ( `status` = 1 ) AND ( `id` = 462 ) LIMIT 1   [ RunTime:0.000000s ]
SQL: SELECT * FROM `wp_model` WHERE ( `id` = 71 ) LIMIT 1   [ RunTime:0.000000s ]
SQL: SHOW COLUMNS FROM `wp_forms_value` [ RunTime:0.000000s ]
SQL: SELECT * FROM `wp_forms_value` WHERE ( `uid` = -4452 ) AND ( `forms_id` = 18 ) LIMIT 1   [ RunTime:0.000000s ]
SQL: SHOW COLUMNS FROM `wp_forms_attribute` [ RunTime:0.015625s ]
SQL: SELECT * FROM `wp_forms_attribute` WHERE ( `forms_id` = 18 ) AND ( `token` = 'gh_1d3c54b1ff0c' ) ORDER BY sort asc, id asc  [ RunTime:0.000000s ]
INFO: [ view_begin ] --START--
INFO: [ view_begin ] --END-- [ RunTime:0.000000s ]
INFO: [ view_parse ] --START--
INFO: [ template_filter ] --START--
INFO: Run Behavior\ContentReplace [ RunTime:0.000000s ]
INFO: [ template_filter ] --END-- [ RunTime:0.000000s ]
NOTIC: [8] Undefined index: query D:\wwwroot\zhangzizhongon\wwwroot\weiphp\ThinkPHP\Common\functions.php 第 787 行.
NOTIC: [8] Undefined variable: data D:\wwwroot\zhangzizhongon\wwwroot\weiphp\Runtime\Cache\Home\8a711c5829a2c22d8eba4b89c2127d75.php 第 63 行.
NOTIC: [8] Undefined variable: data D:\wwwroot\zhangzizhongon\wwwroot\weiphp\Runtime\Cache\Home\8a711c5829a2c22d8eba4b89c2127d75.php 第 63 行.
NOTIC: [8] Undefined variable: data D:\wwwroot\zhangzizhongon\wwwroot\weiphp\Runtime\Cache\Home\8a711c5829a2c22d8eba4b89c2127d75.php 第 63 行.
NOTIC: [8] Undefined variable: data D:\wwwroot\zhangzizhongon\wwwroot\weiphp\Runtime\Cache\Home\8a711c5829a2c22d8eba4b89c2127d75.php 第 65 行.
NOTIC: [8] Use of undefined constant name - assumed 'name' D:\wwwroot\zhangzizhongon\wwwroot\weiphp\Runtime\Cache\Home\8a711c5829a2c22d8eba4b89c2127d75.php 第 56 行.
NOTIC: [8] Use of undefined constant value - assumed 'value' D:\wwwroot\zhangzizhongon\wwwroot\weiphp\Runtime\Cache\Home\8a711c5829a2c22d8eba4b89c2127d75.php 第 56 行.
NOTIC: [8] Undefined variable: data D:\wwwroot\zhangzizhongon\wwwroot\weiphp\Runtime\Cache\Home\8a711c5829a2c22d8eba4b89c2127d75.php 第 176 行.
NOTIC: [8] Use of undefined constant id - assumed 'id' D:\wwwroot\zhangzizhongon\wwwroot\weiphp\Runtime\Cache\Home\8a711c5829a2c22d8eba4b89c2127d75.php 第 177 行.
INFO: Run Behavior\ParseTemplate [ RunTime:0.078125s ]
INFO: [ view_parse ] --END-- [ RunTime:0.078125s ]
INFO: [ view_filter ] --START--
INFO: Run Behavior\WriteHtmlCache [ RunTime:0.000000s ]
INFO: [ view_filter ] --END-- [ RunTime:0.000000s ]
INFO: [ view_end ] --START--
INFO: [ view_end ] --END-- [ RunTime:0.000000s ]
INFO: [ app_end ] --START--
INFO: Run Behavior\ShowPageTrace [ RunTime:0.000000s ]
INFO: [ app_end ] --END-- [ RunTime:0.000000s ]

[ 2015-07-01T00:39:57+08:00 ] 117.136.40.249 /weiphp/index.php?s=/addon/Forms/FormsValue/add/forms_id/15/token/gh_1d3c54b1ff0c.html
SQL: SELECT * FROM `wp_addons` WHERE ( `name` = 'Forms' ) LIMIT 1   [ RunTime:0.000000s ]
NOTIC: [8] Undefined index: query D:\wwwroot\zhangzizhongon\wwwroot\weiphp\ThinkPHP\Common\functions.php 第 787 行.
SQL: SHOW COLUMNS FROM `wp_tongji` [ RunTime:0.000000s ]
SQL: SELECT * FROM `wp_tongji` WHERE ( `token` = 'gh_1d3c54b1ff0c' ) AND ( `day` = 20150701 ) LIMIT 1   [ RunTime:0.000000s ]
SQL: UPDATE `wp_tongji` SET `content`='a:1:{s:5:\"Forms\";i:3;}' WHERE ( `token` = 'gh_1d3c54b1ff0c' ) AND ( `day` = 20150701 ) [ RunTime:0.000000s ]
NOTIC: [2048] Declaration of Addons\Forms\Controller\FormsValueController::lists() should be compatible with Home\Controller\AddonsController::lists($model = NULL, $page = 0) D:\wwwroot\zhangzizhongon\wwwroot\weiphp\Addons\Forms\Controller\FormsValueController.class.php 第 7 行.
NOTIC: [2048] Declaration of Addons\Forms\Controller\FormsValueController::edit() should be compatible with Home\Controller\AddonsController::edit($model = NULL, $id = 0) D:\wwwroot\zhangzizhongon\wwwroot\weiphp\Addons\Forms\Controller\FormsValueController.class.php 第 7 行.
NOTIC: [2048] Declaration of Addons\Forms\Controller\FormsValueController::add() should be compatible with Home\Controller\AddonsController::add($model = NULL) D:\wwwroot\zhangzizhongon\wwwroot\weiphp\Addons\Forms\Controller\FormsValueController.class.php 第 7 行.
NOTIC: [2048] Declaration of Addons\Forms\Controller\FormsValueController::del() should be compatible with Home\Controller\AddonsController::del($model = NULL, $ids = NULL) D:\wwwroot\zhangzizhongon\wwwroot\weiphp\Addons\Forms\Controller\FormsValueController.class.php 第 7 行.
INFO: [ action_begin ] --START--
INFO: [ action_begin ] --END-- [ RunTime:-0.031250s ]
SQL: SELECT `public_name` FROM `wp_member_public` WHERE ( `token` = 'gh_1d3c54b1ff0c' ) LIMIT 1   [ RunTime:0.000000s ]
SQL: SELECT * FROM `wp_follow` WHERE ( `token` = 'gh_1d3c54b1ff0c' ) AND ( `openid` = '-1' ) LIMIT 1   [ RunTime:0.000000s ]
NOTIC: [8] Undefined index: need_bind D:\wwwroot\zhangzizhongon\wwwroot\weiphp\ThinkPHP\Library\Think\Controller.class.php 第 211 行.
NOTIC: [8] Undefined index: uid D:\wwwroot\zhangzizhongon\wwwroot\weiphp\ThinkPHP\Library\Think\Controller.class.php 第 243 行.
SQL: SHOW COLUMNS FROM `wp_model` [ RunTime:0.000000s ]
SQL: SELECT * FROM `wp_model` WHERE ( `name` = 'forms_value' ) LIMIT 1   [ RunTime:0.000000s ]
NOTIC: [8] Undefined variable: addons D:\wwwroot\zhangzizhongon\wwwroot\weiphp\Application\Common\Common\function.php 第 465 行.
NOTIC: [8] Undefined variable: addons D:\wwwroot\zhangzizhongon\wwwroot\weiphp\Application\Common\Common\function.php 第 465 行.
SQL: SHOW COLUMNS FROM `wp_forms` [ RunTime:0.000000s ]
SQL: SELECT * FROM `wp_forms` WHERE ( `id` = 15 ) LIMIT 1   [ RunTime:0.000000s ]
SQL: SHOW COLUMNS FROM `wp_picture` [ RunTime:0.000000s ]
SQL: SELECT * FROM `wp_picture` WHERE ( `status` = 1 ) AND ( `id` = 393 ) LIMIT 1   [ RunTime:0.000000s ]
SQL: SELECT * FROM `wp_model` WHERE ( `id` = 71 ) LIMIT 1   [ RunTime:0.000000s ]
SQL: SHOW COLUMNS FROM `wp_forms_value` [ RunTime:0.000000s ]
SQL: SELECT * FROM `wp_forms_value` WHERE ( `uid` = -4452 ) AND ( `forms_id` = 15 ) LIMIT 1   [ RunTime:0.000000s ]
SQL: SHOW COLUMNS FROM `wp_forms_attribute` [ RunTime:0.000000s ]
SQL: SELECT * FROM `wp_forms_attribute` WHERE ( `forms_id` = 15 ) AND ( `token` = 'gh_1d3c54b1ff0c' ) ORDER BY sort asc, id asc  [ RunTime:0.015625s ]
INFO: [ view_begin ] --START--
INFO: [ view_begin ] --END-- [ RunTime:0.000000s ]
INFO: [ view_parse ] --START--
INFO: [ template_filter ] --START--
INFO: Run Behavior\ContentReplace [ RunTime:0.000000s ]
INFO: [ template_filter ] --END-- [ RunTime:0.000000s ]
NOTIC: [8] Undefined variable: data D:\wwwroot\zhangzizhongon\wwwroot\weiphp\Runtime\Cache\Home\8a711c5829a2c22d8eba4b89c2127d75.php 第 63 行.
NOTIC: [8] Undefined variable: data D:\wwwroot\zhangzizhongon\wwwroot\weiphp\Runtime\Cache\Home\8a711c5829a2c22d8eba4b89c2127d75.php 第 63 行.
NOTIC: [8] Undefined variable: data D:\wwwroot\zhangzizhongon\wwwroot\weiphp\Runtime\Cache\Home\8a711c5829a2c22d8eba4b89c2127d75.php 第 63 行.
NOTIC: [8] Undefined variable: data D:\wwwroot\zhangzizhongon\wwwroot\weiphp\Runtime\Cache\Home\8a711c5829a2c22d8eba4b89c2127d75.php 第 63 行.
NOTIC: [8] Undefined variable: data D:\wwwroot\zhangzizhongon\wwwroot\weiphp\Runtime\Cache\Home\8a711c5829a2c22d8eba4b89c2127d75.php 第 63 行.
NOTIC: [8] Undefined variable: data D:\wwwroot\zhangzizhongon\wwwroot\weiphp\Runtime\Cache\Home\8a711c5829a2c22d8eba4b89c2127d75.php 第 63 行.
NOTIC: [8] Use of undefined constant name - assumed 'name' D:\wwwroot\zhangzizhongon\wwwroot\weiphp\Runtime\Cache\Home\8a711c5829a2c22d8eba4b89c2127d75.php 第 56 行.
NOTIC: [8] Use of undefined constant value - assumed 'value' D:\wwwroot\zhangzizhongon\wwwroot\weiphp\Runtime\Cache\Home\8a711c5829a2c22d8eba4b89c2127d75.php 第 56 行.
NOTIC: [8] Undefined variable: data D:\wwwroot\zhangzizhongon\wwwroot\weiphp\Runtime\Cache\Home\8a711c5829a2c22d8eba4b89c2127d75.php 第 176 行.
NOTIC: [8] Use of undefined constant id - assumed 'id' D:\wwwroot\zhangzizhongon\wwwroot\weiphp\Runtime\Cache\Home\8a711c5829a2c22d8eba4b89c2127d75.php 第 177 行.
INFO: Run Behavior\ParseTemplate [ RunTime:0.078125s ]
INFO: [ view_parse ] --END-- [ RunTime:0.078125s ]
INFO: [ view_filter ] --START--
INFO: Run Behavior\WriteHtmlCache [ RunTime:0.000000s ]
INFO: [ view_filter ] --END-- [ RunTime:0.000000s ]
INFO: [ view_end ] --START--
INFO: [ view_end ] --END-- [ RunTime:0.000000s ]
INFO: [ app_end ] --START--
INFO: Run Behavior\ShowPageTrace [ RunTime:0.000000s ]
INFO: [ app_end ] --END-- [ RunTime:0.000000s ]

[ 2015-07-01T00:42:28+08:00 ] 117.136.40.249 /weiphp/index.php?s=/addon/Forms/FormsValue/add/model/71.html
INFO: [ app_begin ] --START--
INFO: Run Behavior\ReadHtmlCache [ RunTime:0.000000s ]
INFO: [ app_begin ] --END-- [ RunTime:0.000000s ]
INFO: [ action_begin ] --START--
INFO: [ action_begin ] --END-- [ RunTime:0.000000s ]
SQL: SHOW COLUMNS FROM `wp_member_public` [ RunTime:0.000000s ]
SQL: SELECT `public_name` FROM `wp_member_public` WHERE ( `token` = 'gh_1d3c54b1ff0c' ) LIMIT 1   [ RunTime:0.000000s ]
SQL: SHOW COLUMNS FROM `wp_follow` [ RunTime:0.000000s ]
SQL: SELECT * FROM `wp_follow` WHERE ( `token` = 'gh_1d3c54b1ff0c' ) AND ( `openid` = '-1' ) LIMIT 1   [ RunTime:0.000000s ]
SQL: SELECT `addon_config` FROM `wp_member_public` WHERE ( `token` = 'gh_1d3c54b1ff0c' ) LIMIT 1   [ RunTime:0.000000s ]
SQL: SHOW COLUMNS FROM `wp_addons` [ RunTime:0.000000s ]
SQL: SELECT `config` FROM `wp_addons` WHERE ( `name` = 'UserCenter' ) AND ( `status` = 1 ) LIMIT 1   [ RunTime:0.000000s ]
NOTIC: [8] Undefined index: need_bind D:\wwwroot\zhangzizhongon\wwwroot\weiphp\ThinkPHP\Library\Think\Controller.class.php 第 211 行.
NOTIC: [8] Undefined index: uid D:\wwwroot\zhangzizhongon\wwwroot\weiphp\ThinkPHP\Library\Think\Controller.class.php 第 243 行.
SQL: SELECT * FROM `wp_addons` WHERE ( `name` = 'Forms' ) LIMIT 1   [ RunTime:0.000000s ]
NOTIC: [8] Undefined index: query D:\wwwroot\zhangzizhongon\wwwroot\weiphp\ThinkPHP\Common\functions.php 第 787 行.
SQL: SHOW COLUMNS FROM `wp_tongji` [ RunTime:0.015625s ]
SQL: SELECT * FROM `wp_tongji` WHERE ( `token` = 'gh_1d3c54b1ff0c' ) AND ( `day` = 20150701 ) LIMIT 1   [ RunTime:0.000000s ]
SQL: UPDATE `wp_tongji` SET `content`='a:1:{s:5:\"Forms\";i:4;}' WHERE ( `token` = 'gh_1d3c54b1ff0c' ) AND ( `day` = 20150701 ) [ RunTime:0.000000s ]
NOTIC: [2048] Declaration of Addons\Forms\Controller\FormsValueController::lists() should be compatible with Home\Controller\AddonsController::lists($model = NULL, $page = 0) D:\wwwroot\zhangzizhongon\wwwroot\weiphp\Addons\Forms\Controller\FormsValueController.class.php 第 7 行.
NOTIC: [2048] Declaration of Addons\Forms\Controller\FormsValueController::edit() should be compatible with Home\Controller\AddonsController::edit($model = NULL, $id = 0) D:\wwwroot\zhangzizhongon\wwwroot\weiphp\Addons\Forms\Controller\FormsValueController.class.php 第 7 行.
NOTIC: [2048] Declaration of Addons\Forms\Controller\FormsValueController::add() should be compatible with Home\Controller\AddonsController::add($model = NULL) D:\wwwroot\zhangzizhongon\wwwroot\weiphp\Addons\Forms\Controller\FormsValueController.class.php 第 7 行.
NOTIC: [2048] Declaration of Addons\Forms\Controller\FormsValueController::del() should be compatible with Home\Controller\AddonsController::del($model = NULL, $ids = NULL) D:\wwwroot\zhangzizhongon\wwwroot\weiphp\Addons\Forms\Controller\FormsValueController.class.php 第 7 行.
INFO: [ action_begin ] --START--
INFO: [ action_begin ] --END-- [ RunTime:-0.062500s ]
SQL: SELECT `public_name` FROM `wp_member_public` WHERE ( `token` = 'gh_1d3c54b1ff0c' ) LIMIT 1   [ RunTime:0.000000s ]
SQL: SELECT * FROM `wp_follow` WHERE ( `token` = 'gh_1d3c54b1ff0c' ) AND ( `openid` = '-1' ) LIMIT 1   [ RunTime:0.000000s ]
NOTIC: [8] Undefined index: need_bind D:\wwwroot\zhangzizhongon\wwwroot\weiphp\ThinkPHP\Library\Think\Controller.class.php 第 211 行.
NOTIC: [8] Undefined index: uid D:\wwwroot\zhangzizhongon\wwwroot\weiphp\ThinkPHP\Library\Think\Controller.class.php 第 243 行.
SQL: SHOW COLUMNS FROM `wp_model` [ RunTime:0.015625s ]
SQL: SELECT * FROM `wp_model` WHERE ( `name` = 'forms_value' ) LIMIT 1   [ RunTime:0.000000s ]
NOTIC: [8] Undefined variable: addons D:\wwwroot\zhangzizhongon\wwwroot\weiphp\Application\Common\Common\function.php 第 465 行.
NOTIC: [8] Undefined variable: addons D:\wwwroot\zhangzizhongon\wwwroot\weiphp\Application\Common\Common\function.php 第 465 行.
SQL: SHOW COLUMNS FROM `wp_forms` [ RunTime:0.000000s ]
SQL: SELECT * FROM `wp_forms` WHERE ( `id` = 15 ) LIMIT 1   [ RunTime:0.000000s ]
SQL: SHOW COLUMNS FROM `wp_picture` [ RunTime:0.000000s ]
SQL: SELECT * FROM `wp_picture` WHERE ( `status` = 1 ) AND ( `id` = 393 ) LIMIT 1   [ RunTime:0.000000s ]
SQL: SELECT * FROM `wp_model` WHERE ( `id` = 71 ) LIMIT 1   [ RunTime:0.000000s ]
SQL: SHOW COLUMNS FROM `wp_forms_value` [ RunTime:0.000000s ]
SQL: SELECT * FROM `wp_forms_value` WHERE ( `uid` = -4452 ) AND ( `forms_id` = 15 ) LIMIT 1   [ RunTime:0.000000s ]
SQL: SHOW COLUMNS FROM `wp_forms_attribute` [ RunTime:0.015625s ]
SQL: SELECT * FROM `wp_forms_attribute` WHERE ( `forms_id` = 15 ) AND ( `token` = 'gh_1d3c54b1ff0c' ) ORDER BY sort asc, id asc  [ RunTime:0.000000s ]
SQL: SELECT * FROM `wp_model` WHERE ( `id` = 71 ) LIMIT 1   [ RunTime:0.000000s ]
SQL: SHOW COLUMNS FROM `wp_forms_value` [ RunTime:0.000000s ]
SQL: SELECT `extend` FROM `wp_model` WHERE ( `id` = 71 ) LIMIT 1   [ RunTime:0.000000s ]
SQL: SHOW COLUMNS FROM `wp_attribute` [ RunTime:0.000000s ]
SQL: SELECT * FROM `wp_attribute` WHERE ( `model_id` = 71 )  [ RunTime:0.015625s ]
SQL: INSERT INTO `wp_forms_value` (`forms_id`,`id`,`value`,`uid`,`openid`,`cTime`,`token`) VALUES (15,0,'a:6:{s:4:\"name\";s:9:\"谢彬彬\";s:4:\"year\";s:4:\"2009\";s:6:\"branch\";s:6:\"日语\";s:6:\"mobile\";s:11:\"15989545062\";s:4:\"mail\";s:17:\"gerardtse@126.com\";s:3:\"add\";s:144:\"单位：普华永道国际贸易咨询（上海）有线公司深圳分公司 地址：深圳市罗湖区深南东路5016号京基100 A座36楼\";}',-4452,'-1',1435682548,'gh_1d3c54b1ff0c') [ RunTime:0.000000s ]
SQL: SHOW COLUMNS FROM `wp_credit_data` [ RunTime:0.015625s ]
SQL: SHOW COLUMNS FROM `wp_credit_config` [ RunTime:0.000000s ]
SQL: SELECT * FROM `wp_credit_config` WHERE ( token="0" or token="gh_1d3c54b1ff0c" )  [ RunTime:0.000000s ]
SQL: INSERT INTO `wp_credit_data` (`credit_name`,`admin_uid`,`uid`,`cTime`,`token`,`experience`,`score`) VALUES ('forms',0,-4452,1435682548,'gh_1d3c54b1ff0c',0,0) [ RunTime:0.000000s ]
SQL: SELECT sum(score) as score,sum(experience) as experience FROM `wp_credit_data` WHERE ( `uid` = -4452 ) AND ( `token` = 'gh_1d3c54b1ff0c' ) LIMIT 1   [ RunTime:0.000000s ]
SQL: UPDATE `wp_follow` SET `score`=0,`experience`=0 WHERE ( `id` = -4452 ) [ RunTime:0.015625s ]

[ 2015-07-01T00:42:53+08:00 ] 117.136.40.249 /weiphp/index.php?s=/addon/Forms/FormsValue/add/forms_id/15/token/gh_1d3c54b1ff0c.html
SQL: SELECT * FROM `wp_addons` WHERE ( `name` = 'Forms' ) LIMIT 1   [ RunTime:0.015625s ]
NOTIC: [8] Undefined index: query D:\wwwroot\zhangzizhongon\wwwroot\weiphp\ThinkPHP\Common\functions.php 第 787 行.
SQL: SHOW COLUMNS FROM `wp_tongji` [ RunTime:0.000000s ]
SQL: SELECT * FROM `wp_tongji` WHERE ( `token` = 'gh_1d3c54b1ff0c' ) AND ( `day` = 20150701 ) LIMIT 1   [ RunTime:0.000000s ]
SQL: UPDATE `wp_tongji` SET `content`='a:1:{s:5:\"Forms\";i:5;}' WHERE ( `token` = 'gh_1d3c54b1ff0c' ) AND ( `day` = 20150701 ) [ RunTime:0.000000s ]
NOTIC: [2048] Declaration of Addons\Forms\Controller\FormsValueController::lists() should be compatible with Home\Controller\AddonsController::lists($model = NULL, $page = 0) D:\wwwroot\zhangzizhongon\wwwroot\weiphp\Addons\Forms\Controller\FormsValueController.class.php 第 7 行.
NOTIC: [2048] Declaration of Addons\Forms\Controller\FormsValueController::edit() should be compatible with Home\Controller\AddonsController::edit($model = NULL, $id = 0) D:\wwwroot\zhangzizhongon\wwwroot\weiphp\Addons\Forms\Controller\FormsValueController.class.php 第 7 行.
NOTIC: [2048] Declaration of Addons\Forms\Controller\FormsValueController::add() should be compatible with Home\Controller\AddonsController::add($model = NULL) D:\wwwroot\zhangzizhongon\wwwroot\weiphp\Addons\Forms\Controller\FormsValueController.class.php 第 7 行.
NOTIC: [2048] Declaration of Addons\Forms\Controller\FormsValueController::del() should be compatible with Home\Controller\AddonsController::del($model = NULL, $ids = NULL) D:\wwwroot\zhangzizhongon\wwwroot\weiphp\Addons\Forms\Controller\FormsValueController.class.php 第 7 行.
INFO: [ action_begin ] --START--
INFO: [ action_begin ] --END-- [ RunTime:-0.078125s ]
SQL: SELECT `public_name` FROM `wp_member_public` WHERE ( `token` = 'gh_1d3c54b1ff0c' ) LIMIT 1   [ RunTime:0.000000s ]
SQL: SELECT * FROM `wp_follow` WHERE ( `token` = 'gh_1d3c54b1ff0c' ) AND ( `openid` = '-1' ) LIMIT 1   [ RunTime:0.000000s ]
NOTIC: [8] Undefined index: need_bind D:\wwwroot\zhangzizhongon\wwwroot\weiphp\ThinkPHP\Library\Think\Controller.class.php 第 211 行.
NOTIC: [8] Undefined index: uid D:\wwwroot\zhangzizhongon\wwwroot\weiphp\ThinkPHP\Library\Think\Controller.class.php 第 243 行.
SQL: SHOW COLUMNS FROM `wp_model` [ RunTime:0.015625s ]
SQL: SELECT * FROM `wp_model` WHERE ( `name` = 'forms_value' ) LIMIT 1   [ RunTime:0.000000s ]
NOTIC: [8] Undefined variable: addons D:\wwwroot\zhangzizhongon\wwwroot\weiphp\Application\Common\Common\function.php 第 465 行.
NOTIC: [8] Undefined variable: addons D:\wwwroot\zhangzizhongon\wwwroot\weiphp\Application\Common\Common\function.php 第 465 行.
SQL: SHOW COLUMNS FROM `wp_forms` [ RunTime:0.000000s ]
SQL: SELECT * FROM `wp_forms` WHERE ( `id` = 15 ) LIMIT 1   [ RunTime:0.000000s ]
SQL: SHOW COLUMNS FROM `wp_picture` [ RunTime:0.015625s ]
SQL: SELECT * FROM `wp_picture` WHERE ( `status` = 1 ) AND ( `id` = 393 ) LIMIT 1   [ RunTime:0.000000s ]
SQL: SELECT * FROM `wp_model` WHERE ( `id` = 71 ) LIMIT 1   [ RunTime:0.000000s ]
SQL: SHOW COLUMNS FROM `wp_forms_value` [ RunTime:0.000000s ]
SQL: SELECT * FROM `wp_forms_value` WHERE ( `uid` = -4452 ) AND ( `forms_id` = 15 ) LIMIT 1   [ RunTime:0.000000s ]

[ 2015-07-01T02:42:14+08:00 ] 14.17.37.162 /weiphp/index.php?s=/addon/Forms/FormsValue/add/forms_id/17/token/gh_1d3c54b1ff0c.html&openid=-1
SQL: SELECT * FROM `wp_addons` WHERE ( `name` = 'Forms' ) LIMIT 1   [ RunTime:0.000000s ]
NOTIC: [8] Undefined index: query D:\wwwroot\zhangzizhongon\wwwroot\weiphp\ThinkPHP\Common\functions.php 第 787 行.
SQL: SHOW COLUMNS FROM `wp_tongji` [ RunTime:0.015625s ]
SQL: SELECT * FROM `wp_tongji` WHERE ( `token` = 'gh_1d3c54b1ff0c' ) AND ( `day` = 20150701 ) LIMIT 1   [ RunTime:0.015625s ]
SQL: UPDATE `wp_tongji` SET `content`='a:1:{s:5:\"Forms\";i:6;}' WHERE ( `token` = 'gh_1d3c54b1ff0c' ) AND ( `day` = 20150701 ) [ RunTime:0.000000s ]
NOTIC: [2048] Declaration of Addons\Forms\Controller\FormsValueController::lists() should be compatible with Home\Controller\AddonsController::lists($model = NULL, $page = 0) D:\wwwroot\zhangzizhongon\wwwroot\weiphp\Addons\Forms\Controller\FormsValueController.class.php 第 7 行.
NOTIC: [2048] Declaration of Addons\Forms\Controller\FormsValueController::edit() should be compatible with Home\Controller\AddonsController::edit($model = NULL, $id = 0) D:\wwwroot\zhangzizhongon\wwwroot\weiphp\Addons\Forms\Controller\FormsValueController.class.php 第 7 行.
NOTIC: [2048] Declaration of Addons\Forms\Controller\FormsValueController::add() should be compatible with Home\Controller\AddonsController::add($model = NULL) D:\wwwroot\zhangzizhongon\wwwroot\weiphp\Addons\Forms\Controller\FormsValueController.class.php 第 7 行.
NOTIC: [2048] Declaration of Addons\Forms\Controller\FormsValueController::del() should be compatible with Home\Controller\AddonsController::del($model = NULL, $ids = NULL) D:\wwwroot\zhangzizhongon\wwwroot\weiphp\Addons\Forms\Controller\FormsValueController.class.php 第 7 行.
INFO: [ action_begin ] --START--
INFO: [ action_begin ] --END-- [ RunTime:-0.406250s ]
SQL: SELECT `public_name` FROM `wp_member_public` WHERE ( `token` = 'gh_1d3c54b1ff0c' ) LIMIT 1   [ RunTime:0.015625s ]
SQL: SELECT * FROM `wp_follow` WHERE ( `token` = 'gh_1d3c54b1ff0c' ) AND ( `openid` = '-1' ) LIMIT 1   [ RunTime:0.015625s ]
NOTIC: [8] Undefined index: need_bind D:\wwwroot\zhangzizhongon\wwwroot\weiphp\ThinkPHP\Library\Think\Controller.class.php 第 211 行.
NOTIC: [8] Undefined index: uid D:\wwwroot\zhangzizhongon\wwwroot\weiphp\ThinkPHP\Library\Think\Controller.class.php 第 243 行.
SQL: SHOW COLUMNS FROM `wp_model` [ RunTime:0.046875s ]
SQL: SELECT * FROM `wp_model` WHERE ( `name` = 'forms_value' ) LIMIT 1   [ RunTime:0.015625s ]
NOTIC: [8] Undefined variable: addons D:\wwwroot\zhangzizhongon\wwwroot\weiphp\Application\Common\Common\function.php 第 465 行.
NOTIC: [8] Undefined variable: addons D:\wwwroot\zhangzizhongon\wwwroot\weiphp\Application\Common\Common\function.php 第 465 行.
SQL: SHOW COLUMNS FROM `wp_forms` [ RunTime:0.031250s ]
SQL: SELECT * FROM `wp_forms` WHERE ( `id` = 17 ) LIMIT 1   [ RunTime:0.015625s ]
SQL: SELECT * FROM `wp_model` WHERE ( `id` = 71 ) LIMIT 1   [ RunTime:0.000000s ]
SQL: SHOW COLUMNS FROM `wp_forms_value` [ RunTime:0.156250s ]
SQL: SELECT * FROM `wp_forms_value` WHERE ( `uid` = -4453 ) AND ( `forms_id` = 17 ) LIMIT 1   [ RunTime:0.078125s ]
SQL: SHOW COLUMNS FROM `wp_forms_attribute` [ RunTime:0.062500s ]
SQL: SELECT * FROM `wp_forms_attribute` WHERE ( `forms_id` = 17 ) AND ( `token` = 'gh_1d3c54b1ff0c' ) ORDER BY sort asc, id asc  [ RunTime:0.046875s ]
INFO: [ view_begin ] --START--
INFO: [ view_begin ] --END-- [ RunTime:0.000000s ]
INFO: [ view_parse ] --START--
INFO: [ template_filter ] --START--
INFO: Run Behavior\ContentReplace [ RunTime:0.015625s ]
INFO: [ template_filter ] --END-- [ RunTime:0.015625s ]
NOTIC: [8] Undefined variable: data D:\wwwroot\zhangzizhongon\wwwroot\weiphp\Runtime\Cache\Home\8a711c5829a2c22d8eba4b89c2127d75.php 第 63 行.
NOTIC: [8] Undefined variable: data D:\wwwroot\zhangzizhongon\wwwroot\weiphp\Runtime\Cache\Home\8a711c5829a2c22d8eba4b89c2127d75.php 第 63 行.
NOTIC: [8] Undefined variable: data D:\wwwroot\zhangzizhongon\wwwroot\weiphp\Runtime\Cache\Home\8a711c5829a2c22d8eba4b89c2127d75.php 第 63 行.
NOTIC: [8] Undefined variable: data D:\wwwroot\zhangzizhongon\wwwroot\weiphp\Runtime\Cache\Home\8a711c5829a2c22d8eba4b89c2127d75.php 第 67 行.
NOTIC: [8] Undefined variable: data D:\wwwroot\zhangzizhongon\wwwroot\weiphp\Runtime\Cache\Home\8a711c5829a2c22d8eba4b89c2127d75.php 第 63 行.
NOTIC: [8] Undefined variable: data D:\wwwroot\zhangzizhongon\wwwroot\weiphp\Runtime\Cache\Home\8a711c5829a2c22d8eba4b89c2127d75.php 第 65 行.
NOTIC: [8] Use of undefined constant name - assumed 'name' D:\wwwroot\zhangzizhongon\wwwroot\weiphp\Runtime\Cache\Home\8a711c5829a2c22d8eba4b89c2127d75.php 第 56 行.
NOTIC: [8] Use of undefined constant value - assumed 'value' D:\wwwroot\zhangzizhongon\wwwroot\weiphp\Runtime\Cache\Home\8a711c5829a2c22d8eba4b89c2127d75.php 第 56 行.
NOTIC: [8] Undefined variable: data D:\wwwroot\zhangzizhongon\wwwroot\weiphp\Runtime\Cache\Home\8a711c5829a2c22d8eba4b89c2127d75.php 第 176 行.
NOTIC: [8] Use of undefined constant id - assumed 'id' D:\wwwroot\zhangzizhongon\wwwroot\weiphp\Runtime\Cache\Home\8a711c5829a2c22d8eba4b89c2127d75.php 第 177 行.
INFO: Run Behavior\ParseTemplate [ RunTime:0.281250s ]
INFO: [ view_parse ] --END-- [ RunTime:0.281250s ]
INFO: [ view_filter ] --START--
INFO: Run Behavior\WriteHtmlCache [ RunTime:0.000000s ]
INFO: [ view_filter ] --END-- [ RunTime:0.000000s ]
INFO: [ view_end ] --START--
INFO: [ view_end ] --END-- [ RunTime:0.000000s ]
INFO: [ app_end ] --START--
INFO: Run Behavior\ShowPageTrace [ RunTime:0.000000s ]
INFO: [ app_end ] --END-- [ RunTime:0.000000s ]

[ 2015-07-01T08:25:25+08:00 ] 14.18.54.211 /weiphp/index.php?s=/addon/Forms/FormsValue/add/forms_id/15/token/gh_1d3c54b1ff0c.html&openid=-1
SQL: SELECT * FROM `wp_addons` WHERE ( `name` = 'Forms' ) LIMIT 1   [ RunTime:0.000000s ]
NOTIC: [8] Undefined index: query D:\wwwroot\zhangzizhongon\wwwroot\weiphp\ThinkPHP\Common\functions.php 第 787 行.
SQL: SHOW COLUMNS FROM `wp_tongji` [ RunTime:0.015625s ]
SQL: SELECT * FROM `wp_tongji` WHERE ( `token` = 'gh_1d3c54b1ff0c' ) AND ( `day` = 20150701 ) LIMIT 1   [ RunTime:0.000000s ]
SQL: UPDATE `wp_tongji` SET `content`='a:1:{s:5:\"Forms\";i:7;}' WHERE ( `token` = 'gh_1d3c54b1ff0c' ) AND ( `day` = 20150701 ) [ RunTime:0.000000s ]
NOTIC: [2048] Declaration of Addons\Forms\Controller\FormsValueController::lists() should be compatible with Home\Controller\AddonsController::lists($model = NULL, $page = 0) D:\wwwroot\zhangzizhongon\wwwroot\weiphp\Addons\Forms\Controller\FormsValueController.class.php 第 7 行.
NOTIC: [2048] Declaration of Addons\Forms\Controller\FormsValueController::edit() should be compatible with Home\Controller\AddonsController::edit($model = NULL, $id = 0) D:\wwwroot\zhangzizhongon\wwwroot\weiphp\Addons\Forms\Controller\FormsValueController.class.php 第 7 行.
NOTIC: [2048] Declaration of Addons\Forms\Controller\FormsValueController::add() should be compatible with Home\Controller\AddonsController::add($model = NULL) D:\wwwroot\zhangzizhongon\wwwroot\weiphp\Addons\Forms\Controller\FormsValueController.class.php 第 7 行.
NOTIC: [2048] Declaration of Addons\Forms\Controller\FormsValueController::del() should be compatible with Home\Controller\AddonsController::del($model = NULL, $ids = NULL) D:\wwwroot\zhangzizhongon\wwwroot\weiphp\Addons\Forms\Controller\FormsValueController.class.php 第 7 行.
INFO: [ action_begin ] --START--
INFO: [ action_begin ] --END-- [ RunTime:-1.390625s ]
SQL: SELECT `public_name` FROM `wp_member_public` WHERE ( `token` = 'gh_1d3c54b1ff0c' ) LIMIT 1   [ RunTime:0.000000s ]
SQL: SELECT * FROM `wp_follow` WHERE ( `token` = 'gh_1d3c54b1ff0c' ) AND ( `openid` = '-1' ) LIMIT 1   [ RunTime:0.000000s ]
NOTIC: [8] Undefined index: need_bind D:\wwwroot\zhangzizhongon\wwwroot\weiphp\ThinkPHP\Library\Think\Controller.class.php 第 211 行.
NOTIC: [8] Undefined index: uid D:\wwwroot\zhangzizhongon\wwwroot\weiphp\ThinkPHP\Library\Think\Controller.class.php 第 243 行.
SQL: SHOW COLUMNS FROM `wp_model` [ RunTime:0.015625s ]
SQL: SELECT * FROM `wp_model` WHERE ( `name` = 'forms_value' ) LIMIT 1   [ RunTime:0.000000s ]
NOTIC: [8] Undefined variable: addons D:\wwwroot\zhangzizhongon\wwwroot\weiphp\Application\Common\Common\function.php 第 465 行.
NOTIC: [8] Undefined variable: addons D:\wwwroot\zhangzizhongon\wwwroot\weiphp\Application\Common\Common\function.php 第 465 行.
SQL: SHOW COLUMNS FROM `wp_forms` [ RunTime:0.015625s ]
SQL: SELECT * FROM `wp_forms` WHERE ( `id` = 15 ) LIMIT 1   [ RunTime:0.000000s ]
SQL: SHOW COLUMNS FROM `wp_picture` [ RunTime:0.140625s ]
SQL: SELECT * FROM `wp_picture` WHERE ( `status` = 1 ) AND ( `id` = 393 ) LIMIT 1   [ RunTime:0.015625s ]
SQL: SELECT * FROM `wp_model` WHERE ( `id` = 71 ) LIMIT 1   [ RunTime:0.000000s ]
SQL: SHOW COLUMNS FROM `wp_forms_value` [ RunTime:0.015625s ]
SQL: SELECT * FROM `wp_forms_value` WHERE ( `uid` = -4454 ) AND ( `forms_id` = 15 ) LIMIT 1   [ RunTime:0.000000s ]
SQL: SHOW COLUMNS FROM `wp_forms_attribute` [ RunTime:0.031250s ]
SQL: SELECT * FROM `wp_forms_attribute` WHERE ( `forms_id` = 15 ) AND ( `token` = 'gh_1d3c54b1ff0c' ) ORDER BY sort asc, id asc  [ RunTime:0.000000s ]
INFO: [ view_begin ] --START--
INFO: [ view_begin ] --END-- [ RunTime:0.000000s ]
INFO: [ view_parse ] --START--
INFO: [ template_filter ] --START--
INFO: Run Behavior\ContentReplace [ RunTime:0.000000s ]
INFO: [ template_filter ] --END-- [ RunTime:0.000000s ]
NOTIC: [8] Undefined variable: data D:\wwwroot\zhangzizhongon\wwwroot\weiphp\Runtime\Cache\Home\8a711c5829a2c22d8eba4b89c2127d75.php 第 63 行.
NOTIC: [8] Undefined variable: data D:\wwwroot\zhangzizhongon\wwwroot\weiphp\Runtime\Cache\Home\8a711c5829a2c22d8eba4b89c2127d75.php 第 63 行.
NOTIC: [8] Undefined variable: data D:\wwwroot\zhangzizhongon\wwwroot\weiphp\Runtime\Cache\Home\8a711c5829a2c22d8eba4b89c2127d75.php 第 63 行.
NOTIC: [8] Undefined variable: data D:\wwwroot\zhangzizhongon\wwwroot\weiphp\Runtime\Cache\Home\8a711c5829a2c22d8eba4b89c2127d75.php 第 63 行.
NOTIC: [8] Undefined variable: data D:\wwwroot\zhangzizhongon\wwwroot\weiphp\Runtime\Cache\Home\8a711c5829a2c22d8eba4b89c2127d75.php 第 63 行.
NOTIC: [8] Undefined variable: data D:\wwwroot\zhangzizhongon\wwwroot\weiphp\Runtime\Cache\Home\8a711c5829a2c22d8eba4b89c2127d75.php 第 63 行.
NOTIC: [8] Use of undefined constant name - assumed 'name' D:\wwwroot\zhangzizhongon\wwwroot\weiphp\Runtime\Cache\Home\8a711c5829a2c22d8eba4b89c2127d75.php 第 56 行.
NOTIC: [8] Use of undefined constant value - assumed 'value' D:\wwwroot\zhangzizhongon\wwwroot\weiphp\Runtime\Cache\Home\8a711c5829a2c22d8eba4b89c2127d75.php 第 56 行.
NOTIC: [8] Undefined variable: data D:\wwwroot\zhangzizhongon\wwwroot\weiphp\Runtime\Cache\Home\8a711c5829a2c22d8eba4b89c2127d75.php 第 176 行.
NOTIC: [8] Use of undefined constant id - assumed 'id' D:\wwwroot\zhangzizhongon\wwwroot\weiphp\Runtime\Cache\Home\8a711c5829a2c22d8eba4b89c2127d75.php 第 177 行.
INFO: Run Behavior\ParseTemplate [ RunTime:0.296875s ]
INFO: [ view_parse ] --END-- [ RunTime:0.296875s ]
INFO: [ view_filter ] --START--
INFO: Run Behavior\WriteHtmlCache [ RunTime:0.000000s ]
INFO: [ view_filter ] --END-- [ RunTime:0.000000s ]
INFO: [ view_end ] --START--
INFO: [ view_end ] --END-- [ RunTime:0.000000s ]
INFO: [ app_end ] --START--
INFO: Run Behavior\ShowPageTrace [ RunTime:0.000000s ]
INFO: [ app_end ] --END-- [ RunTime:0.000000s ]

[ 2015-07-01T08:27:04+08:00 ] 14.18.52.248 /weiphp/index.php?s=/addon/Forms/FormsValue/add/model/71.html
INFO: [ app_begin ] --START--
INFO: Run Behavior\ReadHtmlCache [ RunTime:0.000000s ]
INFO: [ app_begin ] --END-- [ RunTime:0.000000s ]
INFO: [ action_begin ] --START--
INFO: [ action_begin ] --END-- [ RunTime:0.000000s ]
SQL: SHOW COLUMNS FROM `wp_member_public` [ RunTime:0.000000s ]
SQL: SELECT `public_name` FROM `wp_member_public` WHERE ( `token` = 'gh_1d3c54b1ff0c' ) LIMIT 1   [ RunTime:0.000000s ]
SQL: SHOW COLUMNS FROM `wp_follow` [ RunTime:0.000000s ]
SQL: SELECT * FROM `wp_follow` WHERE ( `token` = 'gh_1d3c54b1ff0c' ) AND ( `openid` = '-1' ) LIMIT 1   [ RunTime:0.000000s ]
SQL: SELECT `addon_config` FROM `wp_member_public` WHERE ( `token` = 'gh_1d3c54b1ff0c' ) LIMIT 1   [ RunTime:0.000000s ]
SQL: SHOW COLUMNS FROM `wp_addons` [ RunTime:0.000000s ]
SQL: SELECT `config` FROM `wp_addons` WHERE ( `name` = 'UserCenter' ) AND ( `status` = 1 ) LIMIT 1   [ RunTime:0.000000s ]
NOTIC: [8] Undefined index: need_bind D:\wwwroot\zhangzizhongon\wwwroot\weiphp\ThinkPHP\Library\Think\Controller.class.php 第 211 行.
NOTIC: [8] Undefined index: uid D:\wwwroot\zhangzizhongon\wwwroot\weiphp\ThinkPHP\Library\Think\Controller.class.php 第 243 行.
SQL: SELECT * FROM `wp_addons` WHERE ( `name` = 'Forms' ) LIMIT 1   [ RunTime:0.015625s ]
NOTIC: [8] Undefined index: query D:\wwwroot\zhangzizhongon\wwwroot\weiphp\ThinkPHP\Common\functions.php 第 787 行.
SQL: SHOW COLUMNS FROM `wp_tongji` [ RunTime:0.000000s ]
SQL: SELECT * FROM `wp_tongji` WHERE ( `token` = 'gh_1d3c54b1ff0c' ) AND ( `day` = 20150701 ) LIMIT 1   [ RunTime:0.000000s ]
SQL: UPDATE `wp_tongji` SET `content`='a:1:{s:5:\"Forms\";i:8;}' WHERE ( `token` = 'gh_1d3c54b1ff0c' ) AND ( `day` = 20150701 ) [ RunTime:0.000000s ]
NOTIC: [2048] Declaration of Addons\Forms\Controller\FormsValueController::lists() should be compatible with Home\Controller\AddonsController::lists($model = NULL, $page = 0) D:\wwwroot\zhangzizhongon\wwwroot\weiphp\Addons\Forms\Controller\FormsValueController.class.php 第 7 行.
NOTIC: [2048] Declaration of Addons\Forms\Controller\FormsValueController::edit() should be compatible with Home\Controller\AddonsController::edit($model = NULL, $id = 0) D:\wwwroot\zhangzizhongon\wwwroot\weiphp\Addons\Forms\Controller\FormsValueController.class.php 第 7 行.
NOTIC: [2048] Declaration of Addons\Forms\Controller\FormsValueController::add() should be compatible with Home\Controller\AddonsController::add($model = NULL) D:\wwwroot\zhangzizhongon\wwwroot\weiphp\Addons\Forms\Controller\FormsValueController.class.php 第 7 行.
NOTIC: [2048] Declaration of Addons\Forms\Controller\FormsValueController::del() should be compatible with Home\Controller\AddonsController::del($model = NULL, $ids = NULL) D:\wwwroot\zhangzizhongon\wwwroot\weiphp\Addons\Forms\Controller\FormsValueController.class.php 第 7 行.
INFO: [ action_begin ] --START--
INFO: [ action_begin ] --END-- [ RunTime:-0.031250s ]
SQL: SELECT `public_name` FROM `wp_member_public` WHERE ( `token` = 'gh_1d3c54b1ff0c' ) LIMIT 1   [ RunTime:0.000000s ]
SQL: SELECT * FROM `wp_follow` WHERE ( `token` = 'gh_1d3c54b1ff0c' ) AND ( `openid` = '-1' ) LIMIT 1   [ RunTime:0.000000s ]
NOTIC: [8] Undefined index: need_bind D:\wwwroot\zhangzizhongon\wwwroot\weiphp\ThinkPHP\Library\Think\Controller.class.php 第 211 行.
NOTIC: [8] Undefined index: uid D:\wwwroot\zhangzizhongon\wwwroot\weiphp\ThinkPHP\Library\Think\Controller.class.php 第 243 行.
SQL: SHOW COLUMNS FROM `wp_model` [ RunTime:0.000000s ]
SQL: SELECT * FROM `wp_model` WHERE ( `name` = 'forms_value' ) LIMIT 1   [ RunTime:0.000000s ]
NOTIC: [8] Undefined variable: addons D:\wwwroot\zhangzizhongon\wwwroot\weiphp\Application\Common\Common\function.php 第 465 行.
NOTIC: [8] Undefined variable: addons D:\wwwroot\zhangzizhongon\wwwroot\weiphp\Application\Common\Common\function.php 第 465 行.
SQL: SHOW COLUMNS FROM `wp_forms` [ RunTime:0.015625s ]
SQL: SELECT * FROM `wp_forms` WHERE ( `id` = 15 ) LIMIT 1   [ RunTime:0.000000s ]
SQL: SHOW COLUMNS FROM `wp_picture` [ RunTime:0.000000s ]
SQL: SELECT * FROM `wp_picture` WHERE ( `status` = 1 ) AND ( `id` = 393 ) LIMIT 1   [ RunTime:0.000000s ]
SQL: SELECT * FROM `wp_model` WHERE ( `id` = 71 ) LIMIT 1   [ RunTime:0.000000s ]
SQL: SHOW COLUMNS FROM `wp_forms_value` [ RunTime:0.000000s ]
SQL: SELECT * FROM `wp_forms_value` WHERE ( `uid` = -4454 ) AND ( `forms_id` = 15 ) LIMIT 1   [ RunTime:0.000000s ]
SQL: SHOW COLUMNS FROM `wp_forms_attribute` [ RunTime:0.000000s ]
SQL: SELECT * FROM `wp_forms_attribute` WHERE ( `forms_id` = 15 ) AND ( `token` = 'gh_1d3c54b1ff0c' ) ORDER BY sort asc, id asc  [ RunTime:0.000000s ]
SQL: SELECT * FROM `wp_model` WHERE ( `id` = 71 ) LIMIT 1   [ RunTime:0.000000s ]
SQL: SHOW COLUMNS FROM `wp_forms_value` [ RunTime:0.000000s ]
SQL: SELECT `extend` FROM `wp_model` WHERE ( `id` = 71 ) LIMIT 1   [ RunTime:0.000000s ]
SQL: SHOW COLUMNS FROM `wp_attribute` [ RunTime:0.015625s ]
SQL: SELECT * FROM `wp_attribute` WHERE ( `model_id` = 71 )  [ RunTime:0.015625s ]
SQL: INSERT INTO `wp_forms_value` (`forms_id`,`id`,`value`,`uid`,`openid`,`cTime`,`token`) VALUES (15,0,'a:6:{s:4:\"name\";s:9:\"何惠桃\";s:4:\"year\";s:4:\"2011\";s:6:\"branch\";s:21:\"国际经济与贸易\";s:6:\"mobile\";s:11:\"18826401382\";s:4:\"mail\";s:17:\"1020075859@qq.com\";s:3:\"add\";s:30:\"广州市天河区林和西路\";}',-4454,'-1',1435710424,'gh_1d3c54b1ff0c') [ RunTime:0.000000s ]
SQL: SHOW COLUMNS FROM `wp_credit_data` [ RunTime:0.015625s ]
SQL: SHOW COLUMNS FROM `wp_credit_config` [ RunTime:0.015625s ]
SQL: SELECT * FROM `wp_credit_config` WHERE ( token="0" or token="gh_1d3c54b1ff0c" )  [ RunTime:0.015625s ]
SQL: INSERT INTO `wp_credit_data` (`credit_name`,`admin_uid`,`uid`,`cTime`,`token`,`experience`,`score`) VALUES ('forms',0,-4454,1435710424,'gh_1d3c54b1ff0c',0,0) [ RunTime:0.000000s ]
SQL: SELECT sum(score) as score,sum(experience) as experience FROM `wp_credit_data` WHERE ( `uid` = -4454 ) AND ( `token` = 'gh_1d3c54b1ff0c' ) LIMIT 1   [ RunTime:0.000000s ]
SQL: UPDATE `wp_follow` SET `score`=0,`experience`=0 WHERE ( `id` = -4454 ) [ RunTime:0.000000s ]

[ 2015-07-01T11:31:00+08:00 ] 61.158.152.237 /weiphp/index.php?s=/addon/Donate/Donate/show/token/gh_2838ce7f0ead.html&getOpenId=1&code=04197c49c324008115ea33c2772a6a1f&state=123&openid=oqL-UuEvVHG87VGA4FamskWRYZwE
SQL: SELECT * FROM `wp_addons` WHERE ( `name` = 'Donate' ) LIMIT 1   [ RunTime:0.000000s ]
NOTIC: [8] Undefined index: query D:\wwwroot\zhangzizhongon\wwwroot\weiphp\ThinkPHP\Common\functions.php 第 787 行.
SQL: SHOW COLUMNS FROM `wp_tongji` [ RunTime:0.000000s ]
SQL: SELECT * FROM `wp_tongji` WHERE ( `token` = 'gh_2838ce7f0ead' ) AND ( `day` = 20150701 ) LIMIT 1   [ RunTime:0.000000s ]
SQL: INSERT INTO `wp_tongji` (`token`,`day`,`content`,`month`) VALUES ('gh_2838ce7f0ead',20150701,'a:1:{s:6:\"Donate\";i:1;}',201507) [ RunTime:0.000000s ]
NOTIC: [2048] Declaration of Addons\Donate\Controller\DonateController::add() should be compatible with Home\Controller\AddonsController::add($model = NULL) D:\wwwroot\zhangzizhongon\wwwroot\weiphp\Addons\Donate\Controller\DonateController.class.php 第 6 行.
NOTIC: [2048] Declaration of Addons\Donate\Controller\DonateController::show() should be compatible with Think\Controller::show($content, $charset = '', $contentType = '', $prefix = '') D:\wwwroot\zhangzizhongon\wwwroot\weiphp\Addons\Donate\Controller\DonateController.class.php 第 6 行.
INFO: [ action_begin ] --START--
INFO: [ action_begin ] --END-- [ RunTime:-0.203125s ]
SQL: SELECT `public_name` FROM `wp_member_public` WHERE ( `token` = 'gh_2838ce7f0ead' ) LIMIT 1   [ RunTime:0.000000s ]
SQL: SELECT * FROM `wp_follow` WHERE ( `token` = 'gh_2838ce7f0ead' ) AND ( `openid` = 'oqL-UuEvVHG87VGA4FamskWRYZwE' ) LIMIT 1   [ RunTime:0.000000s ]
NOTIC: [8] Undefined index: need_bind D:\wwwroot\zhangzizhongon\wwwroot\weiphp\ThinkPHP\Library\Think\Controller.class.php 第 211 行.
NOTIC: [8] Undefined index: uid D:\wwwroot\zhangzizhongon\wwwroot\weiphp\ThinkPHP\Library\Think\Controller.class.php 第 243 行.
NOTIC: [8] Undefined variable: addons D:\wwwroot\zhangzizhongon\wwwroot\weiphp\Application\Common\Common\function.php 第 465 行.
NOTIC: [8] Undefined variable: addons D:\wwwroot\zhangzizhongon\wwwroot\weiphp\Application\Common\Common\function.php 第 465 行.
NOTIC: [8] Undefined variable: addons D:\wwwroot\zhangzizhongon\wwwroot\weiphp\Application\Common\Common\function.php 第 465 行.
NOTIC: [8] Undefined variable: addons D:\wwwroot\zhangzizhongon\wwwroot\weiphp\Application\Common\Common\function.php 第 465 行.
SQL: SELECT `addon_config` FROM `wp_member_public` WHERE ( `token` = 'gh_2838ce7f0ead' ) LIMIT 1   [ RunTime:0.000000s ]
SQL: SHOW COLUMNS FROM `wp_picture` [ RunTime:0.015625s ]
SQL: SELECT * FROM `wp_picture` WHERE ( `status` = 1 ) AND ( `id` = 458 ) LIMIT 1   [ RunTime:0.000000s ]
NOTIC: [8] Undefined index: background D:\wwwroot\zhangzizhongon\wwwroot\weiphp\Addons\Donate\Controller\BaseController.class.php 第 39 行.
SQL: SHOW COLUMNS FROM `wp_addons` [ RunTime:0.000000s ]
SQL: SELECT `addon_config` FROM `wp_member_public` WHERE ( `token` = 'gh_2838ce7f0ead' ) LIMIT 1   [ RunTime:0.000000s ]
SQL: SELECT * FROM `wp_addons` WHERE ( `name` = 'DonatePay' ) LIMIT 1   [ RunTime:0.000000s ]
NOTIC: [8] Undefined index: openid D:\wwwroot\zhangzizhongon\wwwroot\weiphp\Addons\Donate\Controller\DonateController.class.php 第 32 行.
SQL: SELECT `addon_config` FROM `wp_member_public` WHERE ( `token` = 'gh_2838ce7f0ead' ) LIMIT 1   [ RunTime:0.000000s ]
SQL: SELECT * FROM `wp_addons` WHERE ( `name` = 'DonatePay' ) LIMIT 1   [ RunTime:0.000000s ]
SQL: SHOW COLUMNS FROM `wp_donate` [ RunTime:0.000000s ]
ERR: 0:Table 'zhangzizhongon.wp_donate' doesn't exist
 [ SQL语句 ] : SHOW COLUMNS FROM `wp_donate`
INFO: [ app_end ] --START--
INFO: Run Behavior\ShowPageTrace [ RunTime:0.000000s ]
INFO: [ app_end ] --END-- [ RunTime:0.000000s ]

[ 2015-07-01T11:31:01+08:00 ] 61.158.152.237 /weiphp/index.php?s=/addon/Donate/Donate/show/token/gh_2838ce7f0ead.html&code=03131cbc304f60aa05946b32e4118682&state=STATE
SQL: SELECT * FROM `wp_addons` WHERE ( `name` = 'Donate' ) LIMIT 1   [ RunTime:0.000000s ]
NOTIC: [8] Undefined index: query D:\wwwroot\zhangzizhongon\wwwroot\weiphp\ThinkPHP\Common\functions.php 第 787 行.
SQL: SHOW COLUMNS FROM `wp_tongji` [ RunTime:0.000000s ]
SQL: SELECT * FROM `wp_tongji` WHERE ( `token` = 'gh_2838ce7f0ead' ) AND ( `day` = 20150701 ) LIMIT 1   [ RunTime:0.000000s ]
SQL: UPDATE `wp_tongji` SET `content`='a:1:{s:6:\"Donate\";i:2;}' WHERE ( `token` = 'gh_2838ce7f0ead' ) AND ( `day` = 20150701 ) [ RunTime:0.000000s ]
NOTIC: [2048] Declaration of Addons\Donate\Controller\DonateController::add() should be compatible with Home\Controller\AddonsController::add($model = NULL) D:\wwwroot\zhangzizhongon\wwwroot\weiphp\Addons\Donate\Controller\DonateController.class.php 第 6 行.
NOTIC: [2048] Declaration of Addons\Donate\Controller\DonateController::show() should be compatible with Think\Controller::show($content, $charset = '', $contentType = '', $prefix = '') D:\wwwroot\zhangzizhongon\wwwroot\weiphp\Addons\Donate\Controller\DonateController.class.php 第 6 行.
INFO: [ action_begin ] --START--
INFO: [ action_begin ] --END-- [ RunTime:-0.031250s ]
SQL: SELECT `public_name` FROM `wp_member_public` WHERE ( `token` = 'gh_2838ce7f0ead' ) LIMIT 1   [ RunTime:0.000000s ]
SQL: SELECT * FROM `wp_follow` WHERE ( `token` = 'gh_2838ce7f0ead' ) AND ( `openid` = 'oqL-UuEvVHG87VGA4FamskWRYZwE' ) LIMIT 1   [ RunTime:0.000000s ]
NOTIC: [8] Undefined index: need_bind D:\wwwroot\zhangzizhongon\wwwroot\weiphp\ThinkPHP\Library\Think\Controller.class.php 第 211 行.
NOTIC: [8] Undefined index: uid D:\wwwroot\zhangzizhongon\wwwroot\weiphp\ThinkPHP\Library\Think\Controller.class.php 第 243 行.
NOTIC: [8] Undefined variable: addons D:\wwwroot\zhangzizhongon\wwwroot\weiphp\Application\Common\Common\function.php 第 465 行.
NOTIC: [8] Undefined variable: addons D:\wwwroot\zhangzizhongon\wwwroot\weiphp\Application\Common\Common\function.php 第 465 行.
NOTIC: [8] Undefined variable: addons D:\wwwroot\zhangzizhongon\wwwroot\weiphp\Application\Common\Common\function.php 第 465 行.
NOTIC: [8] Undefined variable: addons D:\wwwroot\zhangzizhongon\wwwroot\weiphp\Application\Common\Common\function.php 第 465 行.
SQL: SELECT `addon_config` FROM `wp_member_public` WHERE ( `token` = 'gh_2838ce7f0ead' ) LIMIT 1   [ RunTime:0.000000s ]
SQL: SHOW COLUMNS FROM `wp_picture` [ RunTime:0.015625s ]
SQL: SELECT * FROM `wp_picture` WHERE ( `status` = 1 ) AND ( `id` = 458 ) LIMIT 1   [ RunTime:0.000000s ]
NOTIC: [8] Undefined index: background D:\wwwroot\zhangzizhongon\wwwroot\weiphp\Addons\Donate\Controller\BaseController.class.php 第 39 行.
SQL: SHOW COLUMNS FROM `wp_addons` [ RunTime:0.000000s ]
SQL: SELECT `addon_config` FROM `wp_member_public` WHERE ( `token` = 'gh_2838ce7f0ead' ) LIMIT 1   [ RunTime:0.000000s ]
SQL: SELECT * FROM `wp_addons` WHERE ( `name` = 'DonatePay' ) LIMIT 1   [ RunTime:0.000000s ]
NOTIC: [8] Undefined index: openid D:\wwwroot\zhangzizhongon\wwwroot\weiphp\Addons\Donate\Controller\DonateController.class.php 第 32 行.
SQL: SELECT `addon_config` FROM `wp_member_public` WHERE ( `token` = 'gh_2838ce7f0ead' ) LIMIT 1   [ RunTime:0.000000s ]
SQL: SELECT * FROM `wp_addons` WHERE ( `name` = 'DonatePay' ) LIMIT 1   [ RunTime:0.000000s ]
SQL: SHOW COLUMNS FROM `wp_donate` [ RunTime:0.000000s ]
ERR: 1146:Table 'zhangzizhongon.wp_donate' doesn't exist
 [ SQL语句 ] : SHOW COLUMNS FROM `wp_donate`
SQL: SHOW COLUMNS FROM `wp_donate_category` [ RunTime:0.203125s ]
SQL: SELECT * FROM `wp_donate_category` WHERE ( `token` = 'gh_2838ce7f0ead' ) AND ( `is_show` = 1 ) ORDER BY sort asc, id desc  [ RunTime:0.000000s ]
SQL: SHOW COLUMNS FROM `wp_model` [ RunTime:0.015625s ]
SQL: SELECT * FROM `wp_model` WHERE ( `name` = 'donate_list' ) LIMIT 1   [ RunTime:0.000000s ]
SQL: SELECT `extend` FROM `wp_model` WHERE ( `id` = 162 ) LIMIT 1   [ RunTime:0.000000s ]
SQL: SHOW COLUMNS FROM `wp_attribute` [ RunTime:0.000000s ]
SQL: SELECT * FROM `wp_attribute` WHERE ( `model_id` = 162 )  [ RunTime:0.000000s ]
SQL: SELECT `field_sort` FROM `wp_model` WHERE ( `id` = 162 ) LIMIT 1   [ RunTime:0.000000s ]
INFO: [ view_begin ] --START--
INFO: [ view_begin ] --END-- [ RunTime:0.000000s ]
INFO: [ view_parse ] --START--
INFO: [ template_filter ] --START--
INFO: Run Behavior\ContentReplace [ RunTime:0.000000s ]
INFO: [ template_filter ] --END-- [ RunTime:0.000000s ]
NOTIC: [8] Undefined variable: data D:\wwwroot\zhangzizhongon\wwwroot\weiphp\Runtime\Cache\Home\d14b046e1a1ff39a20a306b2c036a1b6.php 第 50 行.
NOTIC: [8] Undefined variable: data D:\wwwroot\zhangzizhongon\wwwroot\weiphp\Runtime\Cache\Home\d14b046e1a1ff39a20a306b2c036a1b6.php 第 57 行.
NOTIC: [8] Undefined variable: data D:\wwwroot\zhangzizhongon\wwwroot\weiphp\Runtime\Cache\Home\d14b046e1a1ff39a20a306b2c036a1b6.php 第 57 行.
NOTIC: [8] Undefined variable: data D:\wwwroot\zhangzizhongon\wwwroot\weiphp\Runtime\Cache\Home\d14b046e1a1ff39a20a306b2c036a1b6.php 第 50 行.
NOTIC: [8] Undefined variable: data D:\wwwroot\zhangzizhongon\wwwroot\weiphp\Runtime\Cache\Home\d14b046e1a1ff39a20a306b2c036a1b6.php 第 50 行.
NOTIC: [8] Undefined variable: data D:\wwwroot\zhangzizhongon\wwwroot\weiphp\Runtime\Cache\Home\d14b046e1a1ff39a20a306b2c036a1b6.php 第 57 行.
NOTIC: [8] Undefined variable: data D:\wwwroot\zhangzizhongon\wwwroot\weiphp\Runtime\Cache\Home\d14b046e1a1ff39a20a306b2c036a1b6.php 第 57 行.
NOTIC: [8] Undefined variable: data D:\wwwroot\zhangzizhongon\wwwroot\weiphp\Runtime\Cache\Home\d14b046e1a1ff39a20a306b2c036a1b6.php 第 50 行.
NOTIC: [8] Undefined variable: data D:\wwwroot\zhangzizhongon\wwwroot\weiphp\Runtime\Cache\Home\d14b046e1a1ff39a20a306b2c036a1b6.php 第 52 行.
NOTIC: [8] Undefined variable: data D:\wwwroot\zhangzizhongon\wwwroot\weiphp\Runtime\Cache\Home\d14b046e1a1ff39a20a306b2c036a1b6.php 第 49 行.
NOTIC: [8] Undefined variable: data D:\wwwroot\zhangzizhongon\wwwroot\weiphp\Runtime\Cache\Home\d14b046e1a1ff39a20a306b2c036a1b6.php 第 50 行.
NOTIC: [8] Undefined variable: data D:\wwwroot\zhangzizhongon\wwwroot\weiphp\Runtime\Cache\Home\d14b046e1a1ff39a20a306b2c036a1b6.php 第 50 行.
NOTIC: [8] Use of undefined constant name - assumed 'name' D:\wwwroot\zhangzizhongon\wwwroot\weiphp\Runtime\Cache\Home\d14b046e1a1ff39a20a306b2c036a1b6.php 第 43 行.
NOTIC: [8] Use of undefined constant value - assumed 'value' D:\wwwroot\zhangzizhongon\wwwroot\weiphp\Runtime\Cache\Home\d14b046e1a1ff39a20a306b2c036a1b6.php 第 43 行.
NOTIC: [8] Undefined variable: data D:\wwwroot\zhangzizhongon\wwwroot\weiphp\Runtime\Cache\Home\d14b046e1a1ff39a20a306b2c036a1b6.php 第 166 行.
NOTIC: [8] Use of undefined constant id - assumed 'id' D:\wwwroot\zhangzizhongon\wwwroot\weiphp\Runtime\Cache\Home\d14b046e1a1ff39a20a306b2c036a1b6.php 第 168 行.
INFO: Run Behavior\ParseTemplate [ RunTime:0.390625s ]
INFO: [ view_parse ] --END-- [ RunTime:0.390625s ]
INFO: [ view_filter ] --START--
INFO: Run Behavior\WriteHtmlCache [ RunTime:0.000000s ]
INFO: [ view_filter ] --END-- [ RunTime:0.000000s ]
INFO: [ view_end ] --START--
INFO: [ view_end ] --END-- [ RunTime:0.000000s ]
INFO: [ app_end ] --START--
INFO: Run Behavior\ShowPageTrace [ RunTime:0.000000s ]
INFO: [ app_end ] --END-- [ RunTime:0.000000s ]

[ 2015-07-01T13:19:40+08:00 ] 42.120.74.109 /weiphp/index.php?s=/addon/Forms/FormsValue/add/forms_id/15/token/gh_1d3c54b1ff0c.html&openid=-1
SQL: SELECT * FROM `wp_addons` WHERE ( `name` = 'Forms' ) LIMIT 1   [ RunTime:0.000000s ]
NOTIC: [8] Undefined index: query D:\wwwroot\zhangzizhongon\wwwroot\weiphp\ThinkPHP\Common\functions.php 第 787 行.
SQL: SHOW COLUMNS FROM `wp_tongji` [ RunTime:0.015625s ]
SQL: SELECT * FROM `wp_tongji` WHERE ( `token` = 'gh_1d3c54b1ff0c' ) AND ( `day` = 20150701 ) LIMIT 1   [ RunTime:0.000000s ]
SQL: UPDATE `wp_tongji` SET `content`='a:1:{s:5:\"Forms\";i:9;}' WHERE ( `token` = 'gh_1d3c54b1ff0c' ) AND ( `day` = 20150701 ) [ RunTime:0.000000s ]
NOTIC: [2048] Declaration of Addons\Forms\Controller\FormsValueController::lists() should be compatible with Home\Controller\AddonsController::lists($model = NULL, $page = 0) D:\wwwroot\zhangzizhongon\wwwroot\weiphp\Addons\Forms\Controller\FormsValueController.class.php 第 7 行.
NOTIC: [2048] Declaration of Addons\Forms\Controller\FormsValueController::edit() should be compatible with Home\Controller\AddonsController::edit($model = NULL, $id = 0) D:\wwwroot\zhangzizhongon\wwwroot\weiphp\Addons\Forms\Controller\FormsValueController.class.php 第 7 行.
NOTIC: [2048] Declaration of Addons\Forms\Controller\FormsValueController::add() should be compatible with Home\Controller\AddonsController::add($model = NULL) D:\wwwroot\zhangzizhongon\wwwroot\weiphp\Addons\Forms\Controller\FormsValueController.class.php 第 7 行.
NOTIC: [2048] Declaration of Addons\Forms\Controller\FormsValueController::del() should be compatible with Home\Controller\AddonsController::del($model = NULL, $ids = NULL) D:\wwwroot\zhangzizhongon\wwwroot\weiphp\Addons\Forms\Controller\FormsValueController.class.php 第 7 行.
INFO: [ action_begin ] --START--
INFO: [ action_begin ] --END-- [ RunTime:-0.078125s ]
SQL: SELECT `public_name` FROM `wp_member_public` WHERE ( `token` = 'gh_1d3c54b1ff0c' ) LIMIT 1   [ RunTime:0.000000s ]
SQL: SELECT * FROM `wp_follow` WHERE ( `token` = 'gh_1d3c54b1ff0c' ) AND ( `openid` = '-1' ) LIMIT 1   [ RunTime:0.000000s ]
NOTIC: [8] Undefined index: need_bind D:\wwwroot\zhangzizhongon\wwwroot\weiphp\ThinkPHP\Library\Think\Controller.class.php 第 211 行.
NOTIC: [8] Undefined index: uid D:\wwwroot\zhangzizhongon\wwwroot\weiphp\ThinkPHP\Library\Think\Controller.class.php 第 243 行.
SQL: SHOW COLUMNS FROM `wp_model` [ RunTime:0.000000s ]
SQL: SELECT * FROM `wp_model` WHERE ( `name` = 'forms_value' ) LIMIT 1   [ RunTime:0.000000s ]
NOTIC: [8] Undefined variable: addons D:\wwwroot\zhangzizhongon\wwwroot\weiphp\Application\Common\Common\function.php 第 465 行.
NOTIC: [8] Undefined variable: addons D:\wwwroot\zhangzizhongon\wwwroot\weiphp\Application\Common\Common\function.php 第 465 行.
SQL: SHOW COLUMNS FROM `wp_forms` [ RunTime:0.000000s ]
SQL: SELECT * FROM `wp_forms` WHERE ( `id` = 15 ) LIMIT 1   [ RunTime:0.000000s ]
SQL: SHOW COLUMNS FROM `wp_picture` [ RunTime:0.000000s ]
SQL: SELECT * FROM `wp_picture` WHERE ( `status` = 1 ) AND ( `id` = 393 ) LIMIT 1   [ RunTime:0.015625s ]
SQL: SELECT * FROM `wp_model` WHERE ( `id` = 71 ) LIMIT 1   [ RunTime:0.000000s ]
SQL: SHOW COLUMNS FROM `wp_forms_value` [ RunTime:0.000000s ]
SQL: SELECT * FROM `wp_forms_value` WHERE ( `uid` = -4455 ) AND ( `forms_id` = 15 ) LIMIT 1   [ RunTime:0.000000s ]
SQL: SHOW COLUMNS FROM `wp_forms_attribute` [ RunTime:0.000000s ]
SQL: SELECT * FROM `wp_forms_attribute` WHERE ( `forms_id` = 15 ) AND ( `token` = 'gh_1d3c54b1ff0c' ) ORDER BY sort asc, id asc  [ RunTime:0.000000s ]
INFO: [ view_begin ] --START--
INFO: [ view_begin ] --END-- [ RunTime:0.000000s ]
INFO: [ view_parse ] --START--
INFO: [ template_filter ] --START--
INFO: Run Behavior\ContentReplace [ RunTime:0.000000s ]
INFO: [ template_filter ] --END-- [ RunTime:0.000000s ]
NOTIC: [8] Undefined variable: data D:\wwwroot\zhangzizhongon\wwwroot\weiphp\Runtime\Cache\Home\8a711c5829a2c22d8eba4b89c2127d75.php 第 63 行.
NOTIC: [8] Undefined variable: data D:\wwwroot\zhangzizhongon\wwwroot\weiphp\Runtime\Cache\Home\8a711c5829a2c22d8eba4b89c2127d75.php 第 63 行.
NOTIC: [8] Undefined variable: data D:\wwwroot\zhangzizhongon\wwwroot\weiphp\Runtime\Cache\Home\8a711c5829a2c22d8eba4b89c2127d75.php 第 63 行.
NOTIC: [8] Undefined variable: data D:\wwwroot\zhangzizhongon\wwwroot\weiphp\Runtime\Cache\Home\8a711c5829a2c22d8eba4b89c2127d75.php 第 63 行.
NOTIC: [8] Undefined variable: data D:\wwwroot\zhangzizhongon\wwwroot\weiphp\Runtime\Cache\Home\8a711c5829a2c22d8eba4b89c2127d75.php 第 63 行.
NOTIC: [8] Undefined variable: data D:\wwwroot\zhangzizhongon\wwwroot\weiphp\Runtime\Cache\Home\8a711c5829a2c22d8eba4b89c2127d75.php 第 63 行.
NOTIC: [8] Use of undefined constant name - assumed 'name' D:\wwwroot\zhangzizhongon\wwwroot\weiphp\Runtime\Cache\Home\8a711c5829a2c22d8eba4b89c2127d75.php 第 56 行.
NOTIC: [8] Use of undefined constant value - assumed 'value' D:\wwwroot\zhangzizhongon\wwwroot\weiphp\Runtime\Cache\Home\8a711c5829a2c22d8eba4b89c2127d75.php 第 56 行.
NOTIC: [8] Undefined variable: data D:\wwwroot\zhangzizhongon\wwwroot\weiphp\Runtime\Cache\Home\8a711c5829a2c22d8eba4b89c2127d75.php 第 176 行.
NOTIC: [8] Use of undefined constant id - assumed 'id' D:\wwwroot\zhangzizhongon\wwwroot\weiphp\Runtime\Cache\Home\8a711c5829a2c22d8eba4b89c2127d75.php 第 177 行.
INFO: Run Behavior\ParseTemplate [ RunTime:0.062500s ]
INFO: [ view_parse ] --END-- [ RunTime:0.062500s ]
INFO: [ view_filter ] --START--
INFO: Run Behavior\WriteHtmlCache [ RunTime:0.000000s ]
INFO: [ view_filter ] --END-- [ RunTime:0.000000s ]
INFO: [ view_end ] --START--
INFO: [ view_end ] --END-- [ RunTime:0.000000s ]
INFO: [ app_end ] --START--
INFO: Run Behavior\ShowPageTrace [ RunTime:0.000000s ]
INFO: [ app_end ] --END-- [ RunTime:0.000000s ]

[ 2015-07-01T15:20:33+08:00 ] 66.249.65.180 /weiphp/index.php?s=/addon/Forms/FormsValue/add/forms_id/19/token/454455.html
SQL: SELECT * FROM `wp_addons` WHERE ( `name` = 'Forms' ) LIMIT 1   [ RunTime:0.000000s ]
NOTIC: [8] Undefined index: query D:\wwwroot\zhangzizhongon\wwwroot\weiphp\ThinkPHP\Common\functions.php 第 787 行.
SQL: SHOW COLUMNS FROM `wp_tongji` [ RunTime:0.000000s ]
SQL: SELECT * FROM `wp_tongji` WHERE ( `token` = '454455' ) AND ( `day` = 20150701 ) LIMIT 1   [ RunTime:0.000000s ]
SQL: INSERT INTO `wp_tongji` (`token`,`day`,`content`,`month`) VALUES ('454455',20150701,'a:1:{s:5:\"Forms\";i:1;}',201507) [ RunTime:0.000000s ]
NOTIC: [2048] Declaration of Addons\Forms\Controller\FormsValueController::lists() should be compatible with Home\Controller\AddonsController::lists($model = NULL, $page = 0) D:\wwwroot\zhangzizhongon\wwwroot\weiphp\Addons\Forms\Controller\FormsValueController.class.php 第 7 行.
NOTIC: [2048] Declaration of Addons\Forms\Controller\FormsValueController::edit() should be compatible with Home\Controller\AddonsController::edit($model = NULL, $id = 0) D:\wwwroot\zhangzizhongon\wwwroot\weiphp\Addons\Forms\Controller\FormsValueController.class.php 第 7 行.
NOTIC: [2048] Declaration of Addons\Forms\Controller\FormsValueController::add() should be compatible with Home\Controller\AddonsController::add($model = NULL) D:\wwwroot\zhangzizhongon\wwwroot\weiphp\Addons\Forms\Controller\FormsValueController.class.php 第 7 行.
NOTIC: [2048] Declaration of Addons\Forms\Controller\FormsValueController::del() should be compatible with Home\Controller\AddonsController::del($model = NULL, $ids = NULL) D:\wwwroot\zhangzizhongon\wwwroot\weiphp\Addons\Forms\Controller\FormsValueController.class.php 第 7 行.
INFO: [ action_begin ] --START--
INFO: [ action_begin ] --END-- [ RunTime:-0.046875s ]
SQL: SELECT `public_name` FROM `wp_member_public` WHERE ( `token` = '454455' ) LIMIT 1   [ RunTime:0.000000s ]
SQL: SELECT * FROM `wp_follow` WHERE ( `token` = '454455' ) AND ( `openid` = -1 ) LIMIT 1   [ RunTime:0.000000s ]
NOTIC: [8] Undefined index: need_bind D:\wwwroot\zhangzizhongon\wwwroot\weiphp\ThinkPHP\Library\Think\Controller.class.php 第 211 行.
NOTIC: [8] Undefined index: uid D:\wwwroot\zhangzizhongon\wwwroot\weiphp\ThinkPHP\Library\Think\Controller.class.php 第 243 行.
SQL: SHOW COLUMNS FROM `wp_model` [ RunTime:0.015625s ]
SQL: SELECT * FROM `wp_model` WHERE ( `name` = 'forms_value' ) LIMIT 1   [ RunTime:0.000000s ]
NOTIC: [8] Undefined variable: addons D:\wwwroot\zhangzizhongon\wwwroot\weiphp\Application\Common\Common\function.php 第 465 行.
NOTIC: [8] Undefined variable: addons D:\wwwroot\zhangzizhongon\wwwroot\weiphp\Application\Common\Common\function.php 第 465 行.
SQL: SHOW COLUMNS FROM `wp_forms` [ RunTime:0.000000s ]
SQL: SELECT * FROM `wp_forms` WHERE ( `id` = 19 ) LIMIT 1   [ RunTime:0.000000s ]
SQL: SHOW COLUMNS FROM `wp_picture` [ RunTime:0.000000s ]
SQL: SELECT * FROM `wp_picture` WHERE ( `status` = 1 ) AND ( `id` = 459 ) LIMIT 1   [ RunTime:0.000000s ]
SQL: SELECT * FROM `wp_model` WHERE ( `id` = 71 ) LIMIT 1   [ RunTime:0.000000s ]
SQL: SHOW COLUMNS FROM `wp_forms_value` [ RunTime:0.015625s ]
SQL: SELECT * FROM `wp_forms_value` WHERE ( `uid` = -4456 ) AND ( `forms_id` = 19 ) LIMIT 1   [ RunTime:0.000000s ]
SQL: SHOW COLUMNS FROM `wp_forms_attribute` [ RunTime:0.000000s ]
SQL: SELECT * FROM `wp_forms_attribute` WHERE ( `forms_id` = 19 ) AND ( `token` = '454455' ) ORDER BY sort asc, id asc  [ RunTime:0.000000s ]
INFO: [ view_begin ] --START--
INFO: [ view_begin ] --END-- [ RunTime:0.000000s ]
INFO: [ view_parse ] --START--
INFO: [ template_filter ] --START--
INFO: Run Behavior\ContentReplace [ RunTime:0.000000s ]
INFO: [ template_filter ] --END-- [ RunTime:0.000000s ]
NOTIC: [8] Undefined variable: data D:\wwwroot\zhangzizhongon\wwwroot\weiphp\Runtime\Cache\Home\8a711c5829a2c22d8eba4b89c2127d75.php 第 63 行.
NOTIC: [8] Undefined variable: data D:\wwwroot\zhangzizhongon\wwwroot\weiphp\Runtime\Cache\Home\8a711c5829a2c22d8eba4b89c2127d75.php 第 63 行.
NOTIC: [8] Undefined variable: data D:\wwwroot\zhangzizhongon\wwwroot\weiphp\Runtime\Cache\Home\8a711c5829a2c22d8eba4b89c2127d75.php 第 63 行.
NOTIC: [8] Undefined variable: data D:\wwwroot\zhangzizhongon\wwwroot\weiphp\Runtime\Cache\Home\8a711c5829a2c22d8eba4b89c2127d75.php 第 63 行.
NOTIC: [8] Undefined variable: data D:\wwwroot\zhangzizhongon\wwwroot\weiphp\Runtime\Cache\Home\8a711c5829a2c22d8eba4b89c2127d75.php 第 63 行.
NOTIC: [8] Undefined variable: data D:\wwwroot\zhangzizhongon\wwwroot\weiphp\Runtime\Cache\Home\8a711c5829a2c22d8eba4b89c2127d75.php 第 63 行.
NOTIC: [8] Undefined variable: data D:\wwwroot\zhangzizhongon\wwwroot\weiphp\Runtime\Cache\Home\8a711c5829a2c22d8eba4b89c2127d75.php 第 63 行.
NOTIC: [8] Undefined variable: data D:\wwwroot\zhangzizhongon\wwwroot\weiphp\Runtime\Cache\Home\8a711c5829a2c22d8eba4b89c2127d75.php 第 63 行.
NOTIC: [8] Undefined variable: data D:\wwwroot\zhangzizhongon\wwwroot\weiphp\Runtime\Cache\Home\8a711c5829a2c22d8eba4b89c2127d75.php 第 63 行.
NOTIC: [8] Undefined variable: data D:\wwwroot\zhangzizhongon\wwwroot\weiphp\Runtime\Cache\Home\8a711c5829a2c22d8eba4b89c2127d75.php 第 65 行.
NOTIC: [8] Undefined variable: data D:\wwwroot\zhangzizhongon\wwwroot\weiphp\Runtime\Cache\Home\8a711c5829a2c22d8eba4b89c2127d75.php 第 65 行.
NOTIC: [8] Use of undefined constant name - assumed 'name' D:\wwwroot\zhangzizhongon\wwwroot\weiphp\Runtime\Cache\Home\8a711c5829a2c22d8eba4b89c2127d75.php 第 56 行.
NOTIC: [8] Use of undefined constant value - assumed 'value' D:\wwwroot\zhangzizhongon\wwwroot\weiphp\Runtime\Cache\Home\8a711c5829a2c22d8eba4b89c2127d75.php 第 56 行.
NOTIC: [8] Undefined variable: data D:\wwwroot\zhangzizhongon\wwwroot\weiphp\Runtime\Cache\Home\8a711c5829a2c22d8eba4b89c2127d75.php 第 176 行.
NOTIC: [8] Use of undefined constant id - assumed 'id' D:\wwwroot\zhangzizhongon\wwwroot\weiphp\Runtime\Cache\Home\8a711c5829a2c22d8eba4b89c2127d75.php 第 177 行.
INFO: Run Behavior\ParseTemplate [ RunTime:0.078125s ]
INFO: [ view_parse ] --END-- [ RunTime:0.078125s ]
INFO: [ view_filter ] --START--
INFO: Run Behavior\WriteHtmlCache [ RunTime:0.000000s ]
INFO: [ view_filter ] --END-- [ RunTime:0.000000s ]
INFO: [ view_end ] --START--
INFO: [ view_end ] --END-- [ RunTime:0.000000s ]
INFO: [ app_end ] --START--
INFO: Run Behavior\ShowPageTrace [ RunTime:0.000000s ]
INFO: [ app_end ] --END-- [ RunTime:0.000000s ]

[ 2015-07-01T18:55:46+08:00 ] 117.136.40.62 /weiphp/index.php?s=/addon/Forms/FormsValue/add/forms_id/15/token/gh_1d3c54b1ff0c.html&openid=-1
SQL: SELECT * FROM `wp_addons` WHERE ( `name` = 'Forms' ) LIMIT 1   [ RunTime:0.000000s ]
NOTIC: [8] Undefined index: query D:\wwwroot\zhangzizhongon\wwwroot\weiphp\ThinkPHP\Common\functions.php 第 787 行.
SQL: SHOW COLUMNS FROM `wp_tongji` [ RunTime:0.000000s ]
SQL: SELECT * FROM `wp_tongji` WHERE ( `token` = 'gh_1d3c54b1ff0c' ) AND ( `day` = 20150701 ) LIMIT 1   [ RunTime:0.000000s ]
SQL: UPDATE `wp_tongji` SET `content`='a:1:{s:5:\"Forms\";i:10;}' WHERE ( `token` = 'gh_1d3c54b1ff0c' ) AND ( `day` = 20150701 ) [ RunTime:0.000000s ]
NOTIC: [2048] Declaration of Addons\Forms\Controller\FormsValueController::lists() should be compatible with Home\Controller\AddonsController::lists($model = NULL, $page = 0) D:\wwwroot\zhangzizhongon\wwwroot\weiphp\Addons\Forms\Controller\FormsValueController.class.php 第 7 行.
NOTIC: [2048] Declaration of Addons\Forms\Controller\FormsValueController::edit() should be compatible with Home\Controller\AddonsController::edit($model = NULL, $id = 0) D:\wwwroot\zhangzizhongon\wwwroot\weiphp\Addons\Forms\Controller\FormsValueController.class.php 第 7 行.
NOTIC: [2048] Declaration of Addons\Forms\Controller\FormsValueController::add() should be compatible with Home\Controller\AddonsController::add($model = NULL) D:\wwwroot\zhangzizhongon\wwwroot\weiphp\Addons\Forms\Controller\FormsValueController.class.php 第 7 行.
NOTIC: [2048] Declaration of Addons\Forms\Controller\FormsValueController::del() should be compatible with Home\Controller\AddonsController::del($model = NULL, $ids = NULL) D:\wwwroot\zhangzizhongon\wwwroot\weiphp\Addons\Forms\Controller\FormsValueController.class.php 第 7 行.
INFO: [ action_begin ] --START--
INFO: [ action_begin ] --END-- [ RunTime:-0.078125s ]
SQL: SELECT `public_name` FROM `wp_member_public` WHERE ( `token` = 'gh_1d3c54b1ff0c' ) LIMIT 1   [ RunTime:0.000000s ]
SQL: SELECT * FROM `wp_follow` WHERE ( `token` = 'gh_1d3c54b1ff0c' ) AND ( `openid` = '-1' ) LIMIT 1   [ RunTime:0.000000s ]
NOTIC: [8] Undefined index: need_bind D:\wwwroot\zhangzizhongon\wwwroot\weiphp\ThinkPHP\Library\Think\Controller.class.php 第 211 行.
NOTIC: [8] Undefined index: uid D:\wwwroot\zhangzizhongon\wwwroot\weiphp\ThinkPHP\Library\Think\Controller.class.php 第 243 行.
SQL: SHOW COLUMNS FROM `wp_model` [ RunTime:0.000000s ]
SQL: SELECT * FROM `wp_model` WHERE ( `name` = 'forms_value' ) LIMIT 1   [ RunTime:0.000000s ]
NOTIC: [8] Undefined variable: addons D:\wwwroot\zhangzizhongon\wwwroot\weiphp\Application\Common\Common\function.php 第 465 行.
NOTIC: [8] Undefined variable: addons D:\wwwroot\zhangzizhongon\wwwroot\weiphp\Application\Common\Common\function.php 第 465 行.
SQL: SHOW COLUMNS FROM `wp_forms` [ RunTime:0.000000s ]
SQL: SELECT * FROM `wp_forms` WHERE ( `id` = 15 ) LIMIT 1   [ RunTime:0.015625s ]
SQL: SHOW COLUMNS FROM `wp_picture` [ RunTime:0.000000s ]
SQL: SELECT * FROM `wp_picture` WHERE ( `status` = 1 ) AND ( `id` = 393 ) LIMIT 1   [ RunTime:0.000000s ]
SQL: SELECT * FROM `wp_model` WHERE ( `id` = 71 ) LIMIT 1   [ RunTime:0.000000s ]
SQL: SHOW COLUMNS FROM `wp_forms_value` [ RunTime:0.000000s ]
SQL: SELECT * FROM `wp_forms_value` WHERE ( `uid` = -4457 ) AND ( `forms_id` = 15 ) LIMIT 1   [ RunTime:0.000000s ]
SQL: SHOW COLUMNS FROM `wp_forms_attribute` [ RunTime:0.000000s ]
SQL: SELECT * FROM `wp_forms_attribute` WHERE ( `forms_id` = 15 ) AND ( `token` = 'gh_1d3c54b1ff0c' ) ORDER BY sort asc, id asc  [ RunTime:0.000000s ]
INFO: [ view_begin ] --START--
INFO: [ view_begin ] --END-- [ RunTime:0.000000s ]
INFO: [ view_parse ] --START--
INFO: [ template_filter ] --START--
INFO: Run Behavior\ContentReplace [ RunTime:0.000000s ]
INFO: [ template_filter ] --END-- [ RunTime:0.000000s ]
NOTIC: [8] Undefined variable: data D:\wwwroot\zhangzizhongon\wwwroot\weiphp\Runtime\Cache\Home\8a711c5829a2c22d8eba4b89c2127d75.php 第 63 行.
NOTIC: [8] Undefined variable: data D:\wwwroot\zhangzizhongon\wwwroot\weiphp\Runtime\Cache\Home\8a711c5829a2c22d8eba4b89c2127d75.php 第 63 行.
NOTIC: [8] Undefined variable: data D:\wwwroot\zhangzizhongon\wwwroot\weiphp\Runtime\Cache\Home\8a711c5829a2c22d8eba4b89c2127d75.php 第 63 行.
NOTIC: [8] Undefined variable: data D:\wwwroot\zhangzizhongon\wwwroot\weiphp\Runtime\Cache\Home\8a711c5829a2c22d8eba4b89c2127d75.php 第 63 行.
NOTIC: [8] Undefined variable: data D:\wwwroot\zhangzizhongon\wwwroot\weiphp\Runtime\Cache\Home\8a711c5829a2c22d8eba4b89c2127d75.php 第 63 行.
NOTIC: [8] Undefined variable: data D:\wwwroot\zhangzizhongon\wwwroot\weiphp\Runtime\Cache\Home\8a711c5829a2c22d8eba4b89c2127d75.php 第 63 行.
NOTIC: [8] Use of undefined constant name - assumed 'name' D:\wwwroot\zhangzizhongon\wwwroot\weiphp\Runtime\Cache\Home\8a711c5829a2c22d8eba4b89c2127d75.php 第 56 行.
NOTIC: [8] Use of undefined constant value - assumed 'value' D:\wwwroot\zhangzizhongon\wwwroot\weiphp\Runtime\Cache\Home\8a711c5829a2c22d8eba4b89c2127d75.php 第 56 行.
NOTIC: [8] Undefined variable: data D:\wwwroot\zhangzizhongon\wwwroot\weiphp\Runtime\Cache\Home\8a711c5829a2c22d8eba4b89c2127d75.php 第 176 行.
NOTIC: [8] Use of undefined constant id - assumed 'id' D:\wwwroot\zhangzizhongon\wwwroot\weiphp\Runtime\Cache\Home\8a711c5829a2c22d8eba4b89c2127d75.php 第 177 行.
INFO: Run Behavior\ParseTemplate [ RunTime:0.046875s ]
INFO: [ view_parse ] --END-- [ RunTime:0.046875s ]
INFO: [ view_filter ] --START--
INFO: Run Behavior\WriteHtmlCache [ RunTime:0.000000s ]
INFO: [ view_filter ] --END-- [ RunTime:0.000000s ]
INFO: [ view_end ] --START--
INFO: [ view_end ] --END-- [ RunTime:0.000000s ]
INFO: [ app_end ] --START--
INFO: Run Behavior\ShowPageTrace [ RunTime:0.000000s ]
INFO: [ app_end ] --END-- [ RunTime:0.000000s ]

[ 2015-07-01T19:19:23+08:00 ] 182.118.20.173 /weiphp/index.php?s=/addon/Forms/FormsValue/add/forms_id/19/token/454455.html
SQL: SELECT * FROM `wp_addons` WHERE ( `name` = 'Forms' ) LIMIT 1   [ RunTime:0.000000s ]
NOTIC: [8] Undefined index: query D:\wwwroot\zhangzizhongon\wwwroot\weiphp\ThinkPHP\Common\functions.php 第 787 行.
SQL: SHOW COLUMNS FROM `wp_tongji` [ RunTime:0.000000s ]
SQL: SELECT * FROM `wp_tongji` WHERE ( `token` = '454455' ) AND ( `day` = 20150701 ) LIMIT 1   [ RunTime:0.015625s ]
SQL: UPDATE `wp_tongji` SET `content`='a:1:{s:5:\"Forms\";i:2;}' WHERE ( `token` = '454455' ) AND ( `day` = 20150701 ) [ RunTime:0.000000s ]
NOTIC: [2048] Declaration of Addons\Forms\Controller\FormsValueController::lists() should be compatible with Home\Controller\AddonsController::lists($model = NULL, $page = 0) D:\wwwroot\zhangzizhongon\wwwroot\weiphp\Addons\Forms\Controller\FormsValueController.class.php 第 7 行.
NOTIC: [2048] Declaration of Addons\Forms\Controller\FormsValueController::edit() should be compatible with Home\Controller\AddonsController::edit($model = NULL, $id = 0) D:\wwwroot\zhangzizhongon\wwwroot\weiphp\Addons\Forms\Controller\FormsValueController.class.php 第 7 行.
NOTIC: [2048] Declaration of Addons\Forms\Controller\FormsValueController::add() should be compatible with Home\Controller\AddonsController::add($model = NULL) D:\wwwroot\zhangzizhongon\wwwroot\weiphp\Addons\Forms\Controller\FormsValueController.class.php 第 7 行.
NOTIC: [2048] Declaration of Addons\Forms\Controller\FormsValueController::del() should be compatible with Home\Controller\AddonsController::del($model = NULL, $ids = NULL) D:\wwwroot\zhangzizhongon\wwwroot\weiphp\Addons\Forms\Controller\FormsValueController.class.php 第 7 行.
INFO: [ action_begin ] --START--
INFO: [ action_begin ] --END-- [ RunTime:-0.093750s ]
SQL: SELECT `public_name` FROM `wp_member_public` WHERE ( `token` = '454455' ) LIMIT 1   [ RunTime:0.000000s ]
SQL: SELECT * FROM `wp_follow` WHERE ( `token` = '454455' ) AND ( `openid` = -1 ) LIMIT 1   [ RunTime:0.000000s ]
NOTIC: [8] Undefined index: need_bind D:\wwwroot\zhangzizhongon\wwwroot\weiphp\ThinkPHP\Library\Think\Controller.class.php 第 211 行.
NOTIC: [8] Undefined index: uid D:\wwwroot\zhangzizhongon\wwwroot\weiphp\ThinkPHP\Library\Think\Controller.class.php 第 243 行.
SQL: SHOW COLUMNS FROM `wp_model` [ RunTime:0.000000s ]
SQL: SELECT * FROM `wp_model` WHERE ( `name` = 'forms_value' ) LIMIT 1   [ RunTime:0.000000s ]
NOTIC: [8] Undefined variable: addons D:\wwwroot\zhangzizhongon\wwwroot\weiphp\Application\Common\Common\function.php 第 465 行.
NOTIC: [8] Undefined variable: addons D:\wwwroot\zhangzizhongon\wwwroot\weiphp\Application\Common\Common\function.php 第 465 行.
SQL: SHOW COLUMNS FROM `wp_forms` [ RunTime:0.000000s ]
SQL: SELECT * FROM `wp_forms` WHERE ( `id` = 19 ) LIMIT 1   [ RunTime:0.000000s ]
SQL: SHOW COLUMNS FROM `wp_picture` [ RunTime:0.000000s ]
SQL: SELECT * FROM `wp_picture` WHERE ( `status` = 1 ) AND ( `id` = 459 ) LIMIT 1   [ RunTime:0.000000s ]
SQL: SELECT * FROM `wp_model` WHERE ( `id` = 71 ) LIMIT 1   [ RunTime:0.000000s ]
SQL: SHOW COLUMNS FROM `wp_forms_value` [ RunTime:0.015625s ]
SQL: SELECT * FROM `wp_forms_value` WHERE ( `uid` = -4458 ) AND ( `forms_id` = 19 ) LIMIT 1   [ RunTime:0.000000s ]
SQL: SHOW COLUMNS FROM `wp_forms_attribute` [ RunTime:0.000000s ]
SQL: SELECT * FROM `wp_forms_attribute` WHERE ( `forms_id` = 19 ) AND ( `token` = '454455' ) ORDER BY sort asc, id asc  [ RunTime:0.000000s ]
INFO: [ view_begin ] --START--
INFO: [ view_begin ] --END-- [ RunTime:0.000000s ]
INFO: [ view_parse ] --START--
INFO: [ template_filter ] --START--
INFO: Run Behavior\ContentReplace [ RunTime:0.000000s ]
INFO: [ template_filter ] --END-- [ RunTime:0.000000s ]
NOTIC: [8] Undefined variable: data D:\wwwroot\zhangzizhongon\wwwroot\weiphp\Runtime\Cache\Home\8a711c5829a2c22d8eba4b89c2127d75.php 第 63 行.
NOTIC: [8] Undefined variable: data D:\wwwroot\zhangzizhongon\wwwroot\weiphp\Runtime\Cache\Home\8a711c5829a2c22d8eba4b89c2127d75.php 第 63 行.
NOTIC: [8] Undefined variable: data D:\wwwroot\zhangzizhongon\wwwroot\weiphp\Runtime\Cache\Home\8a711c5829a2c22d8eba4b89c2127d75.php 第 63 行.
NOTIC: [8] Undefined variable: data D:\wwwroot\zhangzizhongon\wwwroot\weiphp\Runtime\Cache\Home\8a711c5829a2c22d8eba4b89c2127d75.php 第 63 行.
NOTIC: [8] Undefined variable: data D:\wwwroot\zhangzizhongon\wwwroot\weiphp\Runtime\Cache\Home\8a711c5829a2c22d8eba4b89c2127d75.php 第 63 行.
NOTIC: [8] Undefined variable: data D:\wwwroot\zhangzizhongon\wwwroot\weiphp\Runtime\Cache\Home\8a711c5829a2c22d8eba4b89c2127d75.php 第 63 行.
NOTIC: [8] Undefined variable: data D:\wwwroot\zhangzizhongon\wwwroot\weiphp\Runtime\Cache\Home\8a711c5829a2c22d8eba4b89c2127d75.php 第 63 行.
NOTIC: [8] Undefined variable: data D:\wwwroot\zhangzizhongon\wwwroot\weiphp\Runtime\Cache\Home\8a711c5829a2c22d8eba4b89c2127d75.php 第 63 行.
NOTIC: [8] Undefined variable: data D:\wwwroot\zhangzizhongon\wwwroot\weiphp\Runtime\Cache\Home\8a711c5829a2c22d8eba4b89c2127d75.php 第 63 行.
NOTIC: [8] Undefined variable: data D:\wwwroot\zhangzizhongon\wwwroot\weiphp\Runtime\Cache\Home\8a711c5829a2c22d8eba4b89c2127d75.php 第 65 行.
NOTIC: [8] Undefined variable: data D:\wwwroot\zhangzizhongon\wwwroot\weiphp\Runtime\Cache\Home\8a711c5829a2c22d8eba4b89c2127d75.php 第 65 行.
NOTIC: [8] Use of undefined constant name - assumed 'name' D:\wwwroot\zhangzizhongon\wwwroot\weiphp\Runtime\Cache\Home\8a711c5829a2c22d8eba4b89c2127d75.php 第 56 行.
NOTIC: [8] Use of undefined constant value - assumed 'value' D:\wwwroot\zhangzizhongon\wwwroot\weiphp\Runtime\Cache\Home\8a711c5829a2c22d8eba4b89c2127d75.php 第 56 行.
NOTIC: [8] Undefined variable: data D:\wwwroot\zhangzizhongon\wwwroot\weiphp\Runtime\Cache\Home\8a711c5829a2c22d8eba4b89c2127d75.php 第 176 行.
NOTIC: [8] Use of undefined constant id - assumed 'id' D:\wwwroot\zhangzizhongon\wwwroot\weiphp\Runtime\Cache\Home\8a711c5829a2c22d8eba4b89c2127d75.php 第 177 行.
INFO: Run Behavior\ParseTemplate [ RunTime:0.062500s ]
INFO: [ view_parse ] --END-- [ RunTime:0.062500s ]
INFO: [ view_filter ] --START--
INFO: Run Behavior\WriteHtmlCache [ RunTime:0.000000s ]
INFO: [ view_filter ] --END-- [ RunTime:0.000000s ]
INFO: [ view_end ] --START--
INFO: [ view_end ] --END-- [ RunTime:0.000000s ]
INFO: [ app_end ] --START--
INFO: Run Behavior\ShowPageTrace [ RunTime:0.000000s ]
INFO: [ app_end ] --END-- [ RunTime:0.000000s ]

