[ 2015-12-03T14:39:38+08:00 ] 183.61.236.93 /weiphp/index.php?s=/addon/Forms/FormsValue/add/forms_id/15/token/gh_1d3c54b1ff0c.html&openid=-1
SQL: SELECT * FROM `wp_addons` WHERE ( `name` = 'Forms' ) LIMIT 1   [ RunTime:0.000000s ]
NOTIC: [8] Undefined index: query D:\wwwroot\zhangzizhongon\wwwroot\weiphp\ThinkPHP\Common\functions.php 第 787 行.
SQL: SHOW COLUMNS FROM `wp_tongji` [ RunTime:0.000000s ]
SQL: SELECT * FROM `wp_tongji` WHERE ( `token` = 'gh_1d3c54b1ff0c' ) AND ( `day` = 20151203 ) LIMIT 1   [ RunTime:0.000000s ]
SQL: INSERT INTO `wp_tongji` (`token`,`day`,`content`,`month`) VALUES ('gh_1d3c54b1ff0c',20151203,'a:1:{s:5:\"Forms\";i:1;}',201512) [ RunTime:0.000000s ]
NOTIC: [2048] Declaration of Addons\Forms\Controller\FormsValueController::lists() should be compatible with Home\Controller\AddonsController::lists($model = NULL, $page = 0) D:\wwwroot\zhangzizhongon\wwwroot\weiphp\Addons\Forms\Controller\FormsValueController.class.php 第 7 行.
NOTIC: [2048] Declaration of Addons\Forms\Controller\FormsValueController::edit() should be compatible with Home\Controller\AddonsController::edit($model = NULL, $id = 0) D:\wwwroot\zhangzizhongon\wwwroot\weiphp\Addons\Forms\Controller\FormsValueController.class.php 第 7 行.
NOTIC: [2048] Declaration of Addons\Forms\Controller\FormsValueController::add() should be compatible with Home\Controller\AddonsController::add($model = NULL) D:\wwwroot\zhangzizhongon\wwwroot\weiphp\Addons\Forms\Controller\FormsValueController.class.php 第 7 行.
NOTIC: [2048] Declaration of Addons\Forms\Controller\FormsValueController::del() should be compatible with Home\Controller\AddonsController::del($model = NULL, $ids = NULL) D:\wwwroot\zhangzizhongon\wwwroot\weiphp\Addons\Forms\Controller\FormsValueController.class.php 第 7 行.
INFO: [ action_begin ] --START--
INFO: [ action_begin ] --END-- [ RunTime:-0.343750s ]
SQL: SELECT `public_name` FROM `wp_member_public` WHERE ( `token` = 'gh_1d3c54b1ff0c' ) LIMIT 1   [ RunTime:0.000000s ]
SQL: SELECT * FROM `wp_follow` WHERE ( `token` = 'gh_1d3c54b1ff0c' ) AND ( `openid` = '-1' ) LIMIT 1   [ RunTime:0.000000s ]
NOTIC: [8] Undefined index: need_bind D:\wwwroot\zhangzizhongon\wwwroot\weiphp\ThinkPHP\Library\Think\Controller.class.php 第 211 行.
NOTIC: [8] Undefined index: uid D:\wwwroot\zhangzizhongon\wwwroot\weiphp\ThinkPHP\Library\Think\Controller.class.php 第 243 行.
SQL: SHOW COLUMNS FROM `wp_model` [ RunTime:0.000000s ]
SQL: SELECT * FROM `wp_model` WHERE ( `name` = 'forms_value' ) LIMIT 1   [ RunTime:0.000000s ]
NOTIC: [8] Undefined variable: addons D:\wwwroot\zhangzizhongon\wwwroot\weiphp\Application\Common\Common\function.php 第 465 行.
NOTIC: [8] Undefined variable: addons D:\wwwroot\zhangzizhongon\wwwroot\weiphp\Application\Common\Common\function.php 第 465 行.
SQL: SHOW COLUMNS FROM `wp_forms` [ RunTime:0.000000s ]
SQL: SELECT * FROM `wp_forms` WHERE ( `id` = 15 ) LIMIT 1   [ RunTime:0.015625s ]
SQL: SHOW COLUMNS FROM `wp_picture` [ RunTime:0.000000s ]
SQL: SELECT * FROM `wp_picture` WHERE ( `status` = 1 ) AND ( `id` = 393 ) LIMIT 1   [ RunTime:0.000000s ]
SQL: SELECT * FROM `wp_model` WHERE ( `id` = 71 ) LIMIT 1   [ RunTime:0.000000s ]
SQL: SHOW COLUMNS FROM `wp_forms_value` [ RunTime:0.015625s ]
SQL: SELECT * FROM `wp_forms_value` WHERE ( `uid` = -6265 ) AND ( `forms_id` = 15 ) LIMIT 1   [ RunTime:0.000000s ]
SQL: SHOW COLUMNS FROM `wp_forms_attribute` [ RunTime:0.000000s ]
SQL: SELECT * FROM `wp_forms_attribute` WHERE ( `forms_id` = 15 ) AND ( `token` = 'gh_1d3c54b1ff0c' ) ORDER BY sort asc, id asc  [ RunTime:0.000000s ]
INFO: [ view_begin ] --START--
INFO: [ view_begin ] --END-- [ RunTime:0.000000s ]
INFO: [ view_parse ] --START--
INFO: [ template_filter ] --START--
INFO: Run Behavior\ContentReplace [ RunTime:0.000000s ]
INFO: [ template_filter ] --END-- [ RunTime:0.000000s ]
NOTIC: [8] Undefined variable: data D:\wwwroot\zhangzizhongon\wwwroot\weiphp\Runtime\Cache\Home\8a711c5829a2c22d8eba4b89c2127d75.php 第 63 行.
NOTIC: [8] Undefined variable: data D:\wwwroot\zhangzizhongon\wwwroot\weiphp\Runtime\Cache\Home\8a711c5829a2c22d8eba4b89c2127d75.php 第 63 行.
NOTIC: [8] Undefined variable: data D:\wwwroot\zhangzizhongon\wwwroot\weiphp\Runtime\Cache\Home\8a711c5829a2c22d8eba4b89c2127d75.php 第 63 行.
NOTIC: [8] Undefined variable: data D:\wwwroot\zhangzizhongon\wwwroot\weiphp\Runtime\Cache\Home\8a711c5829a2c22d8eba4b89c2127d75.php 第 63 行.
NOTIC: [8] Undefined variable: data D:\wwwroot\zhangzizhongon\wwwroot\weiphp\Runtime\Cache\Home\8a711c5829a2c22d8eba4b89c2127d75.php 第 63 行.
NOTIC: [8] Undefined variable: data D:\wwwroot\zhangzizhongon\wwwroot\weiphp\Runtime\Cache\Home\8a711c5829a2c22d8eba4b89c2127d75.php 第 63 行.
NOTIC: [8] Use of undefined constant name - assumed 'name' D:\wwwroot\zhangzizhongon\wwwroot\weiphp\Runtime\Cache\Home\8a711c5829a2c22d8eba4b89c2127d75.php 第 56 行.
NOTIC: [8] Use of undefined constant value - assumed 'value' D:\wwwroot\zhangzizhongon\wwwroot\weiphp\Runtime\Cache\Home\8a711c5829a2c22d8eba4b89c2127d75.php 第 56 行.
NOTIC: [8] Undefined variable: data D:\wwwroot\zhangzizhongon\wwwroot\weiphp\Runtime\Cache\Home\8a711c5829a2c22d8eba4b89c2127d75.php 第 176 行.
NOTIC: [8] Use of undefined constant id - assumed 'id' D:\wwwroot\zhangzizhongon\wwwroot\weiphp\Runtime\Cache\Home\8a711c5829a2c22d8eba4b89c2127d75.php 第 177 行.
INFO: Run Behavior\ParseTemplate [ RunTime:0.281250s ]
INFO: [ view_parse ] --END-- [ RunTime:0.281250s ]
INFO: [ view_filter ] --START--
INFO: Run Behavior\WriteHtmlCache [ RunTime:0.000000s ]
INFO: [ view_filter ] --END-- [ RunTime:0.000000s ]
INFO: [ view_end ] --START--
INFO: [ view_end ] --END-- [ RunTime:0.000000s ]
INFO: [ app_end ] --START--
INFO: Run Behavior\ShowPageTrace [ RunTime:0.000000s ]
INFO: [ app_end ] --END-- [ RunTime:0.000000s ]

[ 2015-12-03T18:55:44+08:00 ] 108.162.250.53 /weiphp/index.php?s=/addon/Forms/FormsValue/add/forms_id/15/token/gh_1d3c54b1ff0c.html&openid=-1
SQL: SELECT * FROM `wp_addons` WHERE ( `name` = 'Forms' ) LIMIT 1   [ RunTime:0.000000s ]
NOTIC: [8] Undefined index: query D:\wwwroot\zhangzizhongon\wwwroot\weiphp\ThinkPHP\Common\functions.php 第 787 行.
SQL: SHOW COLUMNS FROM `wp_tongji` [ RunTime:0.015625s ]
SQL: SELECT * FROM `wp_tongji` WHERE ( `token` = 'gh_1d3c54b1ff0c' ) AND ( `day` = 20151203 ) LIMIT 1   [ RunTime:0.000000s ]
SQL: UPDATE `wp_tongji` SET `content`='a:1:{s:5:\"Forms\";i:2;}' WHERE ( `token` = 'gh_1d3c54b1ff0c' ) AND ( `day` = 20151203 ) [ RunTime:0.000000s ]
NOTIC: [2048] Declaration of Addons\Forms\Controller\FormsValueController::lists() should be compatible with Home\Controller\AddonsController::lists($model = NULL, $page = 0) D:\wwwroot\zhangzizhongon\wwwroot\weiphp\Addons\Forms\Controller\FormsValueController.class.php 第 7 行.
NOTIC: [2048] Declaration of Addons\Forms\Controller\FormsValueController::edit() should be compatible with Home\Controller\AddonsController::edit($model = NULL, $id = 0) D:\wwwroot\zhangzizhongon\wwwroot\weiphp\Addons\Forms\Controller\FormsValueController.class.php 第 7 行.
NOTIC: [2048] Declaration of Addons\Forms\Controller\FormsValueController::add() should be compatible with Home\Controller\AddonsController::add($model = NULL) D:\wwwroot\zhangzizhongon\wwwroot\weiphp\Addons\Forms\Controller\FormsValueController.class.php 第 7 行.
NOTIC: [2048] Declaration of Addons\Forms\Controller\FormsValueController::del() should be compatible with Home\Controller\AddonsController::del($model = NULL, $ids = NULL) D:\wwwroot\zhangzizhongon\wwwroot\weiphp\Addons\Forms\Controller\FormsValueController.class.php 第 7 行.
INFO: [ action_begin ] --START--
INFO: [ action_begin ] --END-- [ RunTime:-0.140625s ]
SQL: SELECT `public_name` FROM `wp_member_public` WHERE ( `token` = 'gh_1d3c54b1ff0c' ) LIMIT 1   [ RunTime:0.000000s ]
SQL: SELECT * FROM `wp_follow` WHERE ( `token` = 'gh_1d3c54b1ff0c' ) AND ( `openid` = '-1' ) LIMIT 1   [ RunTime:0.000000s ]
NOTIC: [8] Undefined index: need_bind D:\wwwroot\zhangzizhongon\wwwroot\weiphp\ThinkPHP\Library\Think\Controller.class.php 第 211 行.
NOTIC: [8] Undefined index: uid D:\wwwroot\zhangzizhongon\wwwroot\weiphp\ThinkPHP\Library\Think\Controller.class.php 第 243 行.
SQL: SHOW COLUMNS FROM `wp_model` [ RunTime:0.015625s ]
SQL: SELECT * FROM `wp_model` WHERE ( `name` = 'forms_value' ) LIMIT 1   [ RunTime:0.000000s ]
NOTIC: [8] Undefined variable: addons D:\wwwroot\zhangzizhongon\wwwroot\weiphp\Application\Common\Common\function.php 第 465 行.
NOTIC: [8] Undefined variable: addons D:\wwwroot\zhangzizhongon\wwwroot\weiphp\Application\Common\Common\function.php 第 465 行.
SQL: SHOW COLUMNS FROM `wp_forms` [ RunTime:0.000000s ]
SQL: SELECT * FROM `wp_forms` WHERE ( `id` = 15 ) LIMIT 1   [ RunTime:0.000000s ]
SQL: SHOW COLUMNS FROM `wp_picture` [ RunTime:0.015625s ]
SQL: SELECT * FROM `wp_picture` WHERE ( `status` = 1 ) AND ( `id` = 393 ) LIMIT 1   [ RunTime:0.000000s ]
SQL: SELECT * FROM `wp_model` WHERE ( `id` = 71 ) LIMIT 1   [ RunTime:0.000000s ]
SQL: SHOW COLUMNS FROM `wp_forms_value` [ RunTime:0.015625s ]
SQL: SELECT * FROM `wp_forms_value` WHERE ( `uid` = -6266 ) AND ( `forms_id` = 15 ) LIMIT 1   [ RunTime:0.015625s ]
SQL: SHOW COLUMNS FROM `wp_forms_attribute` [ RunTime:0.015625s ]
SQL: SELECT * FROM `wp_forms_attribute` WHERE ( `forms_id` = 15 ) AND ( `token` = 'gh_1d3c54b1ff0c' ) ORDER BY sort asc, id asc  [ RunTime:0.000000s ]
INFO: [ view_begin ] --START--
INFO: [ view_begin ] --END-- [ RunTime:0.000000s ]
INFO: [ view_parse ] --START--
INFO: [ template_filter ] --START--
INFO: Run Behavior\ContentReplace [ RunTime:0.000000s ]
INFO: [ template_filter ] --END-- [ RunTime:0.000000s ]
NOTIC: [8] Undefined variable: data D:\wwwroot\zhangzizhongon\wwwroot\weiphp\Runtime\Cache\Home\8a711c5829a2c22d8eba4b89c2127d75.php 第 63 行.
NOTIC: [8] Undefined variable: data D:\wwwroot\zhangzizhongon\wwwroot\weiphp\Runtime\Cache\Home\8a711c5829a2c22d8eba4b89c2127d75.php 第 63 行.
NOTIC: [8] Undefined variable: data D:\wwwroot\zhangzizhongon\wwwroot\weiphp\Runtime\Cache\Home\8a711c5829a2c22d8eba4b89c2127d75.php 第 63 行.
NOTIC: [8] Undefined variable: data D:\wwwroot\zhangzizhongon\wwwroot\weiphp\Runtime\Cache\Home\8a711c5829a2c22d8eba4b89c2127d75.php 第 63 行.
NOTIC: [8] Undefined variable: data D:\wwwroot\zhangzizhongon\wwwroot\weiphp\Runtime\Cache\Home\8a711c5829a2c22d8eba4b89c2127d75.php 第 63 行.
NOTIC: [8] Undefined variable: data D:\wwwroot\zhangzizhongon\wwwroot\weiphp\Runtime\Cache\Home\8a711c5829a2c22d8eba4b89c2127d75.php 第 63 行.
NOTIC: [8] Use of undefined constant name - assumed 'name' D:\wwwroot\zhangzizhongon\wwwroot\weiphp\Runtime\Cache\Home\8a711c5829a2c22d8eba4b89c2127d75.php 第 56 行.
NOTIC: [8] Use of undefined constant value - assumed 'value' D:\wwwroot\zhangzizhongon\wwwroot\weiphp\Runtime\Cache\Home\8a711c5829a2c22d8eba4b89c2127d75.php 第 56 行.
NOTIC: [8] Undefined variable: data D:\wwwroot\zhangzizhongon\wwwroot\weiphp\Runtime\Cache\Home\8a711c5829a2c22d8eba4b89c2127d75.php 第 176 行.
NOTIC: [8] Use of undefined constant id - assumed 'id' D:\wwwroot\zhangzizhongon\wwwroot\weiphp\Runtime\Cache\Home\8a711c5829a2c22d8eba4b89c2127d75.php 第 177 行.
INFO: Run Behavior\ParseTemplate [ RunTime:0.140625s ]
INFO: [ view_parse ] --END-- [ RunTime:0.140625s ]
INFO: [ view_filter ] --START--
INFO: Run Behavior\WriteHtmlCache [ RunTime:0.000000s ]
INFO: [ view_filter ] --END-- [ RunTime:0.000000s ]
INFO: [ view_end ] --START--
INFO: [ view_end ] --END-- [ RunTime:0.000000s ]
INFO: [ app_end ] --START--
INFO: Run Behavior\ShowPageTrace [ RunTime:0.000000s ]
INFO: [ app_end ] --END-- [ RunTime:0.000000s ]

[ 2015-12-03T18:56:45+08:00 ] 108.162.250.53 /weiphp/index.php?s=/addon/Forms/FormsValue/add/forms_id/17/token/gh_1d3c54b1ff0c.html
SQL: SELECT * FROM `wp_addons` WHERE ( `name` = 'Forms' ) LIMIT 1   [ RunTime:0.000000s ]
NOTIC: [8] Undefined index: query D:\wwwroot\zhangzizhongon\wwwroot\weiphp\ThinkPHP\Common\functions.php 第 787 行.
SQL: SHOW COLUMNS FROM `wp_tongji` [ RunTime:0.000000s ]
SQL: SELECT * FROM `wp_tongji` WHERE ( `token` = 'gh_1d3c54b1ff0c' ) AND ( `day` = 20151203 ) LIMIT 1   [ RunTime:0.000000s ]
SQL: UPDATE `wp_tongji` SET `content`='a:1:{s:5:\"Forms\";i:3;}' WHERE ( `token` = 'gh_1d3c54b1ff0c' ) AND ( `day` = 20151203 ) [ RunTime:0.015625s ]
NOTIC: [2048] Declaration of Addons\Forms\Controller\FormsValueController::lists() should be compatible with Home\Controller\AddonsController::lists($model = NULL, $page = 0) D:\wwwroot\zhangzizhongon\wwwroot\weiphp\Addons\Forms\Controller\FormsValueController.class.php 第 7 行.
NOTIC: [2048] Declaration of Addons\Forms\Controller\FormsValueController::edit() should be compatible with Home\Controller\AddonsController::edit($model = NULL, $id = 0) D:\wwwroot\zhangzizhongon\wwwroot\weiphp\Addons\Forms\Controller\FormsValueController.class.php 第 7 行.
NOTIC: [2048] Declaration of Addons\Forms\Controller\FormsValueController::add() should be compatible with Home\Controller\AddonsController::add($model = NULL) D:\wwwroot\zhangzizhongon\wwwroot\weiphp\Addons\Forms\Controller\FormsValueController.class.php 第 7 行.
NOTIC: [2048] Declaration of Addons\Forms\Controller\FormsValueController::del() should be compatible with Home\Controller\AddonsController::del($model = NULL, $ids = NULL) D:\wwwroot\zhangzizhongon\wwwroot\weiphp\Addons\Forms\Controller\FormsValueController.class.php 第 7 行.
INFO: [ action_begin ] --START--
INFO: [ action_begin ] --END-- [ RunTime:-0.062500s ]
SQL: SELECT `public_name` FROM `wp_member_public` WHERE ( `token` = 'gh_1d3c54b1ff0c' ) LIMIT 1   [ RunTime:0.000000s ]
SQL: SELECT * FROM `wp_follow` WHERE ( `token` = 'gh_1d3c54b1ff0c' ) AND ( `openid` = '-1' ) LIMIT 1   [ RunTime:0.000000s ]
NOTIC: [8] Undefined index: need_bind D:\wwwroot\zhangzizhongon\wwwroot\weiphp\ThinkPHP\Library\Think\Controller.class.php 第 211 行.
NOTIC: [8] Undefined index: uid D:\wwwroot\zhangzizhongon\wwwroot\weiphp\ThinkPHP\Library\Think\Controller.class.php 第 243 行.
SQL: SHOW COLUMNS FROM `wp_model` [ RunTime:0.000000s ]
SQL: SELECT * FROM `wp_model` WHERE ( `name` = 'forms_value' ) LIMIT 1   [ RunTime:0.015625s ]
NOTIC: [8] Undefined variable: addons D:\wwwroot\zhangzizhongon\wwwroot\weiphp\Application\Common\Common\function.php 第 465 行.
NOTIC: [8] Undefined variable: addons D:\wwwroot\zhangzizhongon\wwwroot\weiphp\Application\Common\Common\function.php 第 465 行.
SQL: SHOW COLUMNS FROM `wp_forms` [ RunTime:0.000000s ]
SQL: SELECT * FROM `wp_forms` WHERE ( `id` = 17 ) LIMIT 1   [ RunTime:0.000000s ]
SQL: SELECT * FROM `wp_model` WHERE ( `id` = 71 ) LIMIT 1   [ RunTime:0.000000s ]
SQL: SHOW COLUMNS FROM `wp_forms_value` [ RunTime:0.000000s ]
SQL: SELECT * FROM `wp_forms_value` WHERE ( `uid` = -6266 ) AND ( `forms_id` = 17 ) LIMIT 1   [ RunTime:0.000000s ]
SQL: SHOW COLUMNS FROM `wp_forms_attribute` [ RunTime:0.000000s ]
SQL: SELECT * FROM `wp_forms_attribute` WHERE ( `forms_id` = 17 ) AND ( `token` = 'gh_1d3c54b1ff0c' ) ORDER BY sort asc, id asc  [ RunTime:0.015625s ]
INFO: [ view_begin ] --START--
INFO: [ view_begin ] --END-- [ RunTime:0.000000s ]
INFO: [ view_parse ] --START--
INFO: [ template_filter ] --START--
INFO: Run Behavior\ContentReplace [ RunTime:0.000000s ]
INFO: [ template_filter ] --END-- [ RunTime:0.000000s ]
NOTIC: [8] Undefined variable: data D:\wwwroot\zhangzizhongon\wwwroot\weiphp\Runtime\Cache\Home\8a711c5829a2c22d8eba4b89c2127d75.php 第 63 行.
NOTIC: [8] Undefined variable: data D:\wwwroot\zhangzizhongon\wwwroot\weiphp\Runtime\Cache\Home\8a711c5829a2c22d8eba4b89c2127d75.php 第 63 行.
NOTIC: [8] Undefined variable: data D:\wwwroot\zhangzizhongon\wwwroot\weiphp\Runtime\Cache\Home\8a711c5829a2c22d8eba4b89c2127d75.php 第 63 行.
NOTIC: [8] Undefined variable: data D:\wwwroot\zhangzizhongon\wwwroot\weiphp\Runtime\Cache\Home\8a711c5829a2c22d8eba4b89c2127d75.php 第 67 行.
NOTIC: [8] Undefined variable: data D:\wwwroot\zhangzizhongon\wwwroot\weiphp\Runtime\Cache\Home\8a711c5829a2c22d8eba4b89c2127d75.php 第 63 行.
NOTIC: [8] Undefined variable: data D:\wwwroot\zhangzizhongon\wwwroot\weiphp\Runtime\Cache\Home\8a711c5829a2c22d8eba4b89c2127d75.php 第 65 行.
NOTIC: [8] Use of undefined constant name - assumed 'name' D:\wwwroot\zhangzizhongon\wwwroot\weiphp\Runtime\Cache\Home\8a711c5829a2c22d8eba4b89c2127d75.php 第 56 行.
NOTIC: [8] Use of undefined constant value - assumed 'value' D:\wwwroot\zhangzizhongon\wwwroot\weiphp\Runtime\Cache\Home\8a711c5829a2c22d8eba4b89c2127d75.php 第 56 行.
NOTIC: [8] Undefined variable: data D:\wwwroot\zhangzizhongon\wwwroot\weiphp\Runtime\Cache\Home\8a711c5829a2c22d8eba4b89c2127d75.php 第 176 行.
NOTIC: [8] Use of undefined constant id - assumed 'id' D:\wwwroot\zhangzizhongon\wwwroot\weiphp\Runtime\Cache\Home\8a711c5829a2c22d8eba4b89c2127d75.php 第 177 行.
INFO: Run Behavior\ParseTemplate [ RunTime:0.046875s ]
INFO: [ view_parse ] --END-- [ RunTime:0.046875s ]
INFO: [ view_filter ] --START--
INFO: Run Behavior\WriteHtmlCache [ RunTime:0.000000s ]
INFO: [ view_filter ] --END-- [ RunTime:0.000000s ]
INFO: [ view_end ] --START--
INFO: [ view_end ] --END-- [ RunTime:0.000000s ]
INFO: [ app_end ] --START--
INFO: Run Behavior\ShowPageTrace [ RunTime:0.000000s ]
INFO: [ app_end ] --END-- [ RunTime:0.000000s ]

[ 2015-12-03T18:56:52+08:00 ] 183.61.236.109 /weiphp/index.php?s=/addon/Forms/FormsValue/add/forms_id/17/token/gh_1d3c54b1ff0c.html&openid=-1
SQL: SELECT * FROM `wp_addons` WHERE ( `name` = 'Forms' ) LIMIT 1   [ RunTime:0.000000s ]
NOTIC: [8] Undefined index: query D:\wwwroot\zhangzizhongon\wwwroot\weiphp\ThinkPHP\Common\functions.php 第 787 行.
SQL: SHOW COLUMNS FROM `wp_tongji` [ RunTime:0.015625s ]
SQL: SELECT * FROM `wp_tongji` WHERE ( `token` = 'gh_1d3c54b1ff0c' ) AND ( `day` = 20151203 ) LIMIT 1   [ RunTime:0.000000s ]
SQL: UPDATE `wp_tongji` SET `content`='a:1:{s:5:\"Forms\";i:4;}' WHERE ( `token` = 'gh_1d3c54b1ff0c' ) AND ( `day` = 20151203 ) [ RunTime:0.000000s ]
NOTIC: [2048] Declaration of Addons\Forms\Controller\FormsValueController::lists() should be compatible with Home\Controller\AddonsController::lists($model = NULL, $page = 0) D:\wwwroot\zhangzizhongon\wwwroot\weiphp\Addons\Forms\Controller\FormsValueController.class.php 第 7 行.
NOTIC: [2048] Declaration of Addons\Forms\Controller\FormsValueController::edit() should be compatible with Home\Controller\AddonsController::edit($model = NULL, $id = 0) D:\wwwroot\zhangzizhongon\wwwroot\weiphp\Addons\Forms\Controller\FormsValueController.class.php 第 7 行.
NOTIC: [2048] Declaration of Addons\Forms\Controller\FormsValueController::add() should be compatible with Home\Controller\AddonsController::add($model = NULL) D:\wwwroot\zhangzizhongon\wwwroot\weiphp\Addons\Forms\Controller\FormsValueController.class.php 第 7 行.
NOTIC: [2048] Declaration of Addons\Forms\Controller\FormsValueController::del() should be compatible with Home\Controller\AddonsController::del($model = NULL, $ids = NULL) D:\wwwroot\zhangzizhongon\wwwroot\weiphp\Addons\Forms\Controller\FormsValueController.class.php 第 7 行.
INFO: [ action_begin ] --START--
INFO: [ action_begin ] --END-- [ RunTime:-0.093750s ]
SQL: SELECT `public_name` FROM `wp_member_public` WHERE ( `token` = 'gh_1d3c54b1ff0c' ) LIMIT 1   [ RunTime:0.015625s ]
SQL: SELECT * FROM `wp_follow` WHERE ( `token` = 'gh_1d3c54b1ff0c' ) AND ( `openid` = '-1' ) LIMIT 1   [ RunTime:0.000000s ]
NOTIC: [8] Undefined index: need_bind D:\wwwroot\zhangzizhongon\wwwroot\weiphp\ThinkPHP\Library\Think\Controller.class.php 第 211 行.
NOTIC: [8] Undefined index: uid D:\wwwroot\zhangzizhongon\wwwroot\weiphp\ThinkPHP\Library\Think\Controller.class.php 第 243 行.
SQL: SHOW COLUMNS FROM `wp_model` [ RunTime:0.000000s ]
SQL: SELECT * FROM `wp_model` WHERE ( `name` = 'forms_value' ) LIMIT 1   [ RunTime:0.015625s ]
NOTIC: [8] Undefined variable: addons D:\wwwroot\zhangzizhongon\wwwroot\weiphp\Application\Common\Common\function.php 第 465 行.
NOTIC: [8] Undefined variable: addons D:\wwwroot\zhangzizhongon\wwwroot\weiphp\Application\Common\Common\function.php 第 465 行.
SQL: SHOW COLUMNS FROM `wp_forms` [ RunTime:0.000000s ]
SQL: SELECT * FROM `wp_forms` WHERE ( `id` = 17 ) LIMIT 1   [ RunTime:0.000000s ]
SQL: SELECT * FROM `wp_model` WHERE ( `id` = 71 ) LIMIT 1   [ RunTime:0.000000s ]
SQL: SHOW COLUMNS FROM `wp_forms_value` [ RunTime:0.000000s ]
SQL: SELECT * FROM `wp_forms_value` WHERE ( `uid` = -6267 ) AND ( `forms_id` = 17 ) LIMIT 1   [ RunTime:0.000000s ]
SQL: SHOW COLUMNS FROM `wp_forms_attribute` [ RunTime:0.015625s ]
SQL: SELECT * FROM `wp_forms_attribute` WHERE ( `forms_id` = 17 ) AND ( `token` = 'gh_1d3c54b1ff0c' ) ORDER BY sort asc, id asc  [ RunTime:0.000000s ]
INFO: [ view_begin ] --START--
INFO: [ view_begin ] --END-- [ RunTime:0.000000s ]
INFO: [ view_parse ] --START--
INFO: [ template_filter ] --START--
INFO: Run Behavior\ContentReplace [ RunTime:0.000000s ]
INFO: [ template_filter ] --END-- [ RunTime:0.000000s ]
NOTIC: [8] Undefined variable: data D:\wwwroot\zhangzizhongon\wwwroot\weiphp\Runtime\Cache\Home\8a711c5829a2c22d8eba4b89c2127d75.php 第 63 行.
NOTIC: [8] Undefined variable: data D:\wwwroot\zhangzizhongon\wwwroot\weiphp\Runtime\Cache\Home\8a711c5829a2c22d8eba4b89c2127d75.php 第 63 行.
NOTIC: [8] Undefined variable: data D:\wwwroot\zhangzizhongon\wwwroot\weiphp\Runtime\Cache\Home\8a711c5829a2c22d8eba4b89c2127d75.php 第 63 行.
NOTIC: [8] Undefined variable: data D:\wwwroot\zhangzizhongon\wwwroot\weiphp\Runtime\Cache\Home\8a711c5829a2c22d8eba4b89c2127d75.php 第 67 行.
NOTIC: [8] Undefined variable: data D:\wwwroot\zhangzizhongon\wwwroot\weiphp\Runtime\Cache\Home\8a711c5829a2c22d8eba4b89c2127d75.php 第 63 行.
NOTIC: [8] Undefined variable: data D:\wwwroot\zhangzizhongon\wwwroot\weiphp\Runtime\Cache\Home\8a711c5829a2c22d8eba4b89c2127d75.php 第 65 行.
NOTIC: [8] Use of undefined constant name - assumed 'name' D:\wwwroot\zhangzizhongon\wwwroot\weiphp\Runtime\Cache\Home\8a711c5829a2c22d8eba4b89c2127d75.php 第 56 行.
NOTIC: [8] Use of undefined constant value - assumed 'value' D:\wwwroot\zhangzizhongon\wwwroot\weiphp\Runtime\Cache\Home\8a711c5829a2c22d8eba4b89c2127d75.php 第 56 行.
NOTIC: [8] Undefined variable: data D:\wwwroot\zhangzizhongon\wwwroot\weiphp\Runtime\Cache\Home\8a711c5829a2c22d8eba4b89c2127d75.php 第 176 行.
NOTIC: [8] Use of undefined constant id - assumed 'id' D:\wwwroot\zhangzizhongon\wwwroot\weiphp\Runtime\Cache\Home\8a711c5829a2c22d8eba4b89c2127d75.php 第 177 行.
INFO: Run Behavior\ParseTemplate [ RunTime:0.046875s ]
INFO: [ view_parse ] --END-- [ RunTime:0.046875s ]
INFO: [ view_filter ] --START--
INFO: Run Behavior\WriteHtmlCache [ RunTime:0.000000s ]
INFO: [ view_filter ] --END-- [ RunTime:0.000000s ]
INFO: [ view_end ] --START--
INFO: [ view_end ] --END-- [ RunTime:0.000000s ]
INFO: [ app_end ] --START--
INFO: Run Behavior\ShowPageTrace [ RunTime:0.000000s ]
INFO: [ app_end ] --END-- [ RunTime:0.000000s ]

[ 2015-12-03T19:07:17+08:00 ] 183.61.236.115 /weiphp/index.php?s=/addon/Forms/FormsValue/add/forms_id/15/token/gh_1d3c54b1ff0c.html&openid=-1
SQL: SELECT * FROM `wp_addons` WHERE ( `name` = 'Forms' ) LIMIT 1   [ RunTime:0.000000s ]
NOTIC: [8] Undefined index: query D:\wwwroot\zhangzizhongon\wwwroot\weiphp\ThinkPHP\Common\functions.php 第 787 行.
SQL: SHOW COLUMNS FROM `wp_tongji` [ RunTime:0.000000s ]
SQL: SELECT * FROM `wp_tongji` WHERE ( `token` = 'gh_1d3c54b1ff0c' ) AND ( `day` = 20151203 ) LIMIT 1   [ RunTime:0.000000s ]
SQL: UPDATE `wp_tongji` SET `content`='a:1:{s:5:\"Forms\";i:5;}' WHERE ( `token` = 'gh_1d3c54b1ff0c' ) AND ( `day` = 20151203 ) [ RunTime:0.000000s ]
NOTIC: [2048] Declaration of Addons\Forms\Controller\FormsValueController::lists() should be compatible with Home\Controller\AddonsController::lists($model = NULL, $page = 0) D:\wwwroot\zhangzizhongon\wwwroot\weiphp\Addons\Forms\Controller\FormsValueController.class.php 第 7 行.
NOTIC: [2048] Declaration of Addons\Forms\Controller\FormsValueController::edit() should be compatible with Home\Controller\AddonsController::edit($model = NULL, $id = 0) D:\wwwroot\zhangzizhongon\wwwroot\weiphp\Addons\Forms\Controller\FormsValueController.class.php 第 7 行.
NOTIC: [2048] Declaration of Addons\Forms\Controller\FormsValueController::add() should be compatible with Home\Controller\AddonsController::add($model = NULL) D:\wwwroot\zhangzizhongon\wwwroot\weiphp\Addons\Forms\Controller\FormsValueController.class.php 第 7 行.
NOTIC: [2048] Declaration of Addons\Forms\Controller\FormsValueController::del() should be compatible with Home\Controller\AddonsController::del($model = NULL, $ids = NULL) D:\wwwroot\zhangzizhongon\wwwroot\weiphp\Addons\Forms\Controller\FormsValueController.class.php 第 7 行.
INFO: [ action_begin ] --START--
INFO: [ action_begin ] --END-- [ RunTime:-0.093750s ]
SQL: SELECT `public_name` FROM `wp_member_public` WHERE ( `token` = 'gh_1d3c54b1ff0c' ) LIMIT 1   [ RunTime:0.000000s ]
SQL: SELECT * FROM `wp_follow` WHERE ( `token` = 'gh_1d3c54b1ff0c' ) AND ( `openid` = '-1' ) LIMIT 1   [ RunTime:0.000000s ]
NOTIC: [8] Undefined index: need_bind D:\wwwroot\zhangzizhongon\wwwroot\weiphp\ThinkPHP\Library\Think\Controller.class.php 第 211 行.
NOTIC: [8] Undefined index: uid D:\wwwroot\zhangzizhongon\wwwroot\weiphp\ThinkPHP\Library\Think\Controller.class.php 第 243 行.
SQL: SHOW COLUMNS FROM `wp_model` [ RunTime:0.000000s ]
SQL: SELECT * FROM `wp_model` WHERE ( `name` = 'forms_value' ) LIMIT 1   [ RunTime:0.000000s ]
NOTIC: [8] Undefined variable: addons D:\wwwroot\zhangzizhongon\wwwroot\weiphp\Application\Common\Common\function.php 第 465 行.
NOTIC: [8] Undefined variable: addons D:\wwwroot\zhangzizhongon\wwwroot\weiphp\Application\Common\Common\function.php 第 465 行.
SQL: SHOW COLUMNS FROM `wp_forms` [ RunTime:0.000000s ]
SQL: SELECT * FROM `wp_forms` WHERE ( `id` = 15 ) LIMIT 1   [ RunTime:0.000000s ]
SQL: SHOW COLUMNS FROM `wp_picture` [ RunTime:0.015625s ]
SQL: SELECT * FROM `wp_picture` WHERE ( `status` = 1 ) AND ( `id` = 393 ) LIMIT 1   [ RunTime:0.000000s ]
SQL: SELECT * FROM `wp_model` WHERE ( `id` = 71 ) LIMIT 1   [ RunTime:0.000000s ]
SQL: SHOW COLUMNS FROM `wp_forms_value` [ RunTime:0.000000s ]
SQL: SELECT * FROM `wp_forms_value` WHERE ( `uid` = -6268 ) AND ( `forms_id` = 15 ) LIMIT 1   [ RunTime:0.000000s ]
SQL: SHOW COLUMNS FROM `wp_forms_attribute` [ RunTime:0.015625s ]
SQL: SELECT * FROM `wp_forms_attribute` WHERE ( `forms_id` = 15 ) AND ( `token` = 'gh_1d3c54b1ff0c' ) ORDER BY sort asc, id asc  [ RunTime:0.000000s ]
INFO: [ view_begin ] --START--
INFO: [ view_begin ] --END-- [ RunTime:0.000000s ]
INFO: [ view_parse ] --START--
INFO: [ template_filter ] --START--
INFO: Run Behavior\ContentReplace [ RunTime:0.000000s ]
INFO: [ template_filter ] --END-- [ RunTime:0.000000s ]
NOTIC: [8] Undefined variable: data D:\wwwroot\zhangzizhongon\wwwroot\weiphp\Runtime\Cache\Home\8a711c5829a2c22d8eba4b89c2127d75.php 第 63 行.
NOTIC: [8] Undefined variable: data D:\wwwroot\zhangzizhongon\wwwroot\weiphp\Runtime\Cache\Home\8a711c5829a2c22d8eba4b89c2127d75.php 第 63 行.
NOTIC: [8] Undefined variable: data D:\wwwroot\zhangzizhongon\wwwroot\weiphp\Runtime\Cache\Home\8a711c5829a2c22d8eba4b89c2127d75.php 第 63 行.
NOTIC: [8] Undefined variable: data D:\wwwroot\zhangzizhongon\wwwroot\weiphp\Runtime\Cache\Home\8a711c5829a2c22d8eba4b89c2127d75.php 第 63 行.
NOTIC: [8] Undefined variable: data D:\wwwroot\zhangzizhongon\wwwroot\weiphp\Runtime\Cache\Home\8a711c5829a2c22d8eba4b89c2127d75.php 第 63 行.
NOTIC: [8] Undefined variable: data D:\wwwroot\zhangzizhongon\wwwroot\weiphp\Runtime\Cache\Home\8a711c5829a2c22d8eba4b89c2127d75.php 第 63 行.
NOTIC: [8] Use of undefined constant name - assumed 'name' D:\wwwroot\zhangzizhongon\wwwroot\weiphp\Runtime\Cache\Home\8a711c5829a2c22d8eba4b89c2127d75.php 第 56 行.
NOTIC: [8] Use of undefined constant value - assumed 'value' D:\wwwroot\zhangzizhongon\wwwroot\weiphp\Runtime\Cache\Home\8a711c5829a2c22d8eba4b89c2127d75.php 第 56 行.
NOTIC: [8] Undefined variable: data D:\wwwroot\zhangzizhongon\wwwroot\weiphp\Runtime\Cache\Home\8a711c5829a2c22d8eba4b89c2127d75.php 第 176 行.
NOTIC: [8] Use of undefined constant id - assumed 'id' D:\wwwroot\zhangzizhongon\wwwroot\weiphp\Runtime\Cache\Home\8a711c5829a2c22d8eba4b89c2127d75.php 第 177 行.
INFO: Run Behavior\ParseTemplate [ RunTime:0.062500s ]
INFO: [ view_parse ] --END-- [ RunTime:0.062500s ]
INFO: [ view_filter ] --START--
INFO: Run Behavior\WriteHtmlCache [ RunTime:0.000000s ]
INFO: [ view_filter ] --END-- [ RunTime:0.000000s ]
INFO: [ view_end ] --START--
INFO: [ view_end ] --END-- [ RunTime:0.000000s ]
INFO: [ app_end ] --START--
INFO: Run Behavior\ShowPageTrace [ RunTime:0.000000s ]
INFO: [ app_end ] --END-- [ RunTime:0.000000s ]

[ 2015-12-03T19:07:27+08:00 ] 183.61.236.115 /weiphp/index.php?s=/addon/Forms/FormsValue/add/forms_id/18/token/gh_1d3c54b1ff0c.html
SQL: SELECT * FROM `wp_addons` WHERE ( `name` = 'Forms' ) LIMIT 1   [ RunTime:0.000000s ]
NOTIC: [8] Undefined index: query D:\wwwroot\zhangzizhongon\wwwroot\weiphp\ThinkPHP\Common\functions.php 第 787 行.
SQL: SHOW COLUMNS FROM `wp_tongji` [ RunTime:0.000000s ]
SQL: SELECT * FROM `wp_tongji` WHERE ( `token` = 'gh_1d3c54b1ff0c' ) AND ( `day` = 20151203 ) LIMIT 1   [ RunTime:0.000000s ]
SQL: UPDATE `wp_tongji` SET `content`='a:1:{s:5:\"Forms\";i:6;}' WHERE ( `token` = 'gh_1d3c54b1ff0c' ) AND ( `day` = 20151203 ) [ RunTime:0.015625s ]
NOTIC: [2048] Declaration of Addons\Forms\Controller\FormsValueController::lists() should be compatible with Home\Controller\AddonsController::lists($model = NULL, $page = 0) D:\wwwroot\zhangzizhongon\wwwroot\weiphp\Addons\Forms\Controller\FormsValueController.class.php 第 7 行.
NOTIC: [2048] Declaration of Addons\Forms\Controller\FormsValueController::edit() should be compatible with Home\Controller\AddonsController::edit($model = NULL, $id = 0) D:\wwwroot\zhangzizhongon\wwwroot\weiphp\Addons\Forms\Controller\FormsValueController.class.php 第 7 行.
NOTIC: [2048] Declaration of Addons\Forms\Controller\FormsValueController::add() should be compatible with Home\Controller\AddonsController::add($model = NULL) D:\wwwroot\zhangzizhongon\wwwroot\weiphp\Addons\Forms\Controller\FormsValueController.class.php 第 7 行.
NOTIC: [2048] Declaration of Addons\Forms\Controller\FormsValueController::del() should be compatible with Home\Controller\AddonsController::del($model = NULL, $ids = NULL) D:\wwwroot\zhangzizhongon\wwwroot\weiphp\Addons\Forms\Controller\FormsValueController.class.php 第 7 行.
INFO: [ action_begin ] --START--
INFO: [ action_begin ] --END-- [ RunTime:-0.109375s ]
SQL: SELECT `public_name` FROM `wp_member_public` WHERE ( `token` = 'gh_1d3c54b1ff0c' ) LIMIT 1   [ RunTime:0.000000s ]
SQL: SELECT * FROM `wp_follow` WHERE ( `token` = 'gh_1d3c54b1ff0c' ) AND ( `openid` = '-1' ) LIMIT 1   [ RunTime:0.015625s ]
NOTIC: [8] Undefined index: need_bind D:\wwwroot\zhangzizhongon\wwwroot\weiphp\ThinkPHP\Library\Think\Controller.class.php 第 211 行.
NOTIC: [8] Undefined index: uid D:\wwwroot\zhangzizhongon\wwwroot\weiphp\ThinkPHP\Library\Think\Controller.class.php 第 243 行.
SQL: SHOW COLUMNS FROM `wp_model` [ RunTime:0.015625s ]
SQL: SELECT * FROM `wp_model` WHERE ( `name` = 'forms_value' ) LIMIT 1   [ RunTime:0.000000s ]
NOTIC: [8] Undefined variable: addons D:\wwwroot\zhangzizhongon\wwwroot\weiphp\Application\Common\Common\function.php 第 465 行.
NOTIC: [8] Undefined variable: addons D:\wwwroot\zhangzizhongon\wwwroot\weiphp\Application\Common\Common\function.php 第 465 行.
SQL: SHOW COLUMNS FROM `wp_forms` [ RunTime:0.015625s ]
SQL: SELECT * FROM `wp_forms` WHERE ( `id` = 18 ) LIMIT 1   [ RunTime:0.000000s ]
SQL: SHOW COLUMNS FROM `wp_picture` [ RunTime:0.000000s ]
SQL: SELECT * FROM `wp_picture` WHERE ( `status` = 1 ) AND ( `id` = 463 ) LIMIT 1   [ RunTime:0.000000s ]
SQL: SELECT * FROM `wp_model` WHERE ( `id` = 71 ) LIMIT 1   [ RunTime:0.000000s ]
SQL: SHOW COLUMNS FROM `wp_forms_value` [ RunTime:0.015625s ]
SQL: SELECT * FROM `wp_forms_value` WHERE ( `uid` = -6268 ) AND ( `forms_id` = 18 ) LIMIT 1   [ RunTime:0.000000s ]
SQL: SHOW COLUMNS FROM `wp_forms_attribute` [ RunTime:0.015625s ]
SQL: SELECT * FROM `wp_forms_attribute` WHERE ( `forms_id` = 18 ) AND ( `token` = 'gh_1d3c54b1ff0c' ) ORDER BY sort asc, id asc  [ RunTime:0.000000s ]
INFO: [ view_begin ] --START--
INFO: [ view_begin ] --END-- [ RunTime:0.000000s ]
INFO: [ view_parse ] --START--
INFO: [ template_filter ] --START--
INFO: Run Behavior\ContentReplace [ RunTime:0.000000s ]
INFO: [ template_filter ] --END-- [ RunTime:0.000000s ]
NOTIC: [8] Undefined index: query D:\wwwroot\zhangzizhongon\wwwroot\weiphp\ThinkPHP\Common\functions.php 第 787 行.
NOTIC: [8] Undefined variable: data D:\wwwroot\zhangzizhongon\wwwroot\weiphp\Runtime\Cache\Home\8a711c5829a2c22d8eba4b89c2127d75.php 第 63 行.
NOTIC: [8] Undefined variable: data D:\wwwroot\zhangzizhongon\wwwroot\weiphp\Runtime\Cache\Home\8a711c5829a2c22d8eba4b89c2127d75.php 第 63 行.
NOTIC: [8] Undefined variable: data D:\wwwroot\zhangzizhongon\wwwroot\weiphp\Runtime\Cache\Home\8a711c5829a2c22d8eba4b89c2127d75.php 第 63 行.
NOTIC: [8] Undefined variable: data D:\wwwroot\zhangzizhongon\wwwroot\weiphp\Runtime\Cache\Home\8a711c5829a2c22d8eba4b89c2127d75.php 第 65 行.
NOTIC: [8] Use of undefined constant name - assumed 'name' D:\wwwroot\zhangzizhongon\wwwroot\weiphp\Runtime\Cache\Home\8a711c5829a2c22d8eba4b89c2127d75.php 第 56 行.
NOTIC: [8] Use of undefined constant value - assumed 'value' D:\wwwroot\zhangzizhongon\wwwroot\weiphp\Runtime\Cache\Home\8a711c5829a2c22d8eba4b89c2127d75.php 第 56 行.
NOTIC: [8] Undefined variable: data D:\wwwroot\zhangzizhongon\wwwroot\weiphp\Runtime\Cache\Home\8a711c5829a2c22d8eba4b89c2127d75.php 第 176 行.
NOTIC: [8] Use of undefined constant id - assumed 'id' D:\wwwroot\zhangzizhongon\wwwroot\weiphp\Runtime\Cache\Home\8a711c5829a2c22d8eba4b89c2127d75.php 第 177 行.
INFO: Run Behavior\ParseTemplate [ RunTime:0.109375s ]
INFO: [ view_parse ] --END-- [ RunTime:0.109375s ]
INFO: [ view_filter ] --START--
INFO: Run Behavior\WriteHtmlCache [ RunTime:0.000000s ]
INFO: [ view_filter ] --END-- [ RunTime:0.000000s ]
INFO: [ view_end ] --START--
INFO: [ view_end ] --END-- [ RunTime:0.000000s ]
INFO: [ app_end ] --START--
INFO: Run Behavior\ShowPageTrace [ RunTime:0.000000s ]
INFO: [ app_end ] --END-- [ RunTime:0.000000s ]

[ 2015-12-03T19:17:44+08:00 ] 183.61.236.90 /weiphp/index.php?s=/addon/Forms/FormsValue/add/forms_id/15/token/gh_1d3c54b1ff0c.html&openid=-1
SQL: SELECT * FROM `wp_addons` WHERE ( `name` = 'Forms' ) LIMIT 1   [ RunTime:0.000000s ]
NOTIC: [8] Undefined index: query D:\wwwroot\zhangzizhongon\wwwroot\weiphp\ThinkPHP\Common\functions.php 第 787 行.
SQL: SHOW COLUMNS FROM `wp_tongji` [ RunTime:0.000000s ]
SQL: SELECT * FROM `wp_tongji` WHERE ( `token` = 'gh_1d3c54b1ff0c' ) AND ( `day` = 20151203 ) LIMIT 1   [ RunTime:0.000000s ]
SQL: UPDATE `wp_tongji` SET `content`='a:1:{s:5:\"Forms\";i:7;}' WHERE ( `token` = 'gh_1d3c54b1ff0c' ) AND ( `day` = 20151203 ) [ RunTime:0.015625s ]
NOTIC: [2048] Declaration of Addons\Forms\Controller\FormsValueController::lists() should be compatible with Home\Controller\AddonsController::lists($model = NULL, $page = 0) D:\wwwroot\zhangzizhongon\wwwroot\weiphp\Addons\Forms\Controller\FormsValueController.class.php 第 7 行.
NOTIC: [2048] Declaration of Addons\Forms\Controller\FormsValueController::edit() should be compatible with Home\Controller\AddonsController::edit($model = NULL, $id = 0) D:\wwwroot\zhangzizhongon\wwwroot\weiphp\Addons\Forms\Controller\FormsValueController.class.php 第 7 行.
NOTIC: [2048] Declaration of Addons\Forms\Controller\FormsValueController::add() should be compatible with Home\Controller\AddonsController::add($model = NULL) D:\wwwroot\zhangzizhongon\wwwroot\weiphp\Addons\Forms\Controller\FormsValueController.class.php 第 7 行.
NOTIC: [2048] Declaration of Addons\Forms\Controller\FormsValueController::del() should be compatible with Home\Controller\AddonsController::del($model = NULL, $ids = NULL) D:\wwwroot\zhangzizhongon\wwwroot\weiphp\Addons\Forms\Controller\FormsValueController.class.php 第 7 行.
INFO: [ action_begin ] --START--
INFO: [ action_begin ] --END-- [ RunTime:-0.093750s ]
SQL: SELECT `public_name` FROM `wp_member_public` WHERE ( `token` = 'gh_1d3c54b1ff0c' ) LIMIT 1   [ RunTime:0.000000s ]
SQL: SELECT * FROM `wp_follow` WHERE ( `token` = 'gh_1d3c54b1ff0c' ) AND ( `openid` = '-1' ) LIMIT 1   [ RunTime:0.000000s ]
NOTIC: [8] Undefined index: need_bind D:\wwwroot\zhangzizhongon\wwwroot\weiphp\ThinkPHP\Library\Think\Controller.class.php 第 211 行.
NOTIC: [8] Undefined index: uid D:\wwwroot\zhangzizhongon\wwwroot\weiphp\ThinkPHP\Library\Think\Controller.class.php 第 243 行.
SQL: SHOW COLUMNS FROM `wp_model` [ RunTime:0.015625s ]
SQL: SELECT * FROM `wp_model` WHERE ( `name` = 'forms_value' ) LIMIT 1   [ RunTime:0.000000s ]
NOTIC: [8] Undefined variable: addons D:\wwwroot\zhangzizhongon\wwwroot\weiphp\Application\Common\Common\function.php 第 465 行.
NOTIC: [8] Undefined variable: addons D:\wwwroot\zhangzizhongon\wwwroot\weiphp\Application\Common\Common\function.php 第 465 行.
SQL: SHOW COLUMNS FROM `wp_forms` [ RunTime:0.015625s ]
SQL: SELECT * FROM `wp_forms` WHERE ( `id` = 15 ) LIMIT 1   [ RunTime:0.000000s ]
SQL: SHOW COLUMNS FROM `wp_picture` [ RunTime:0.015625s ]
SQL: SELECT * FROM `wp_picture` WHERE ( `status` = 1 ) AND ( `id` = 393 ) LIMIT 1   [ RunTime:0.000000s ]
SQL: SELECT * FROM `wp_model` WHERE ( `id` = 71 ) LIMIT 1   [ RunTime:0.000000s ]
SQL: SHOW COLUMNS FROM `wp_forms_value` [ RunTime:0.015625s ]
SQL: SELECT * FROM `wp_forms_value` WHERE ( `uid` = -6269 ) AND ( `forms_id` = 15 ) LIMIT 1   [ RunTime:0.000000s ]
SQL: SHOW COLUMNS FROM `wp_forms_attribute` [ RunTime:0.015625s ]
SQL: SELECT * FROM `wp_forms_attribute` WHERE ( `forms_id` = 15 ) AND ( `token` = 'gh_1d3c54b1ff0c' ) ORDER BY sort asc, id asc  [ RunTime:0.000000s ]
INFO: [ view_begin ] --START--
INFO: [ view_begin ] --END-- [ RunTime:0.000000s ]
INFO: [ view_parse ] --START--
INFO: [ template_filter ] --START--
INFO: Run Behavior\ContentReplace [ RunTime:0.000000s ]
INFO: [ template_filter ] --END-- [ RunTime:0.015625s ]
NOTIC: [8] Undefined variable: data D:\wwwroot\zhangzizhongon\wwwroot\weiphp\Runtime\Cache\Home\8a711c5829a2c22d8eba4b89c2127d75.php 第 63 行.
NOTIC: [8] Undefined variable: data D:\wwwroot\zhangzizhongon\wwwroot\weiphp\Runtime\Cache\Home\8a711c5829a2c22d8eba4b89c2127d75.php 第 63 行.
NOTIC: [8] Undefined variable: data D:\wwwroot\zhangzizhongon\wwwroot\weiphp\Runtime\Cache\Home\8a711c5829a2c22d8eba4b89c2127d75.php 第 63 行.
NOTIC: [8] Undefined variable: data D:\wwwroot\zhangzizhongon\wwwroot\weiphp\Runtime\Cache\Home\8a711c5829a2c22d8eba4b89c2127d75.php 第 63 行.
NOTIC: [8] Undefined variable: data D:\wwwroot\zhangzizhongon\wwwroot\weiphp\Runtime\Cache\Home\8a711c5829a2c22d8eba4b89c2127d75.php 第 63 行.
NOTIC: [8] Undefined variable: data D:\wwwroot\zhangzizhongon\wwwroot\weiphp\Runtime\Cache\Home\8a711c5829a2c22d8eba4b89c2127d75.php 第 63 行.
NOTIC: [8] Use of undefined constant name - assumed 'name' D:\wwwroot\zhangzizhongon\wwwroot\weiphp\Runtime\Cache\Home\8a711c5829a2c22d8eba4b89c2127d75.php 第 56 行.
NOTIC: [8] Use of undefined constant value - assumed 'value' D:\wwwroot\zhangzizhongon\wwwroot\weiphp\Runtime\Cache\Home\8a711c5829a2c22d8eba4b89c2127d75.php 第 56 行.
NOTIC: [8] Undefined variable: data D:\wwwroot\zhangzizhongon\wwwroot\weiphp\Runtime\Cache\Home\8a711c5829a2c22d8eba4b89c2127d75.php 第 176 行.
NOTIC: [8] Use of undefined constant id - assumed 'id' D:\wwwroot\zhangzizhongon\wwwroot\weiphp\Runtime\Cache\Home\8a711c5829a2c22d8eba4b89c2127d75.php 第 177 行.
INFO: Run Behavior\ParseTemplate [ RunTime:0.062500s ]
INFO: [ view_parse ] --END-- [ RunTime:0.062500s ]
INFO: [ view_filter ] --START--
INFO: Run Behavior\WriteHtmlCache [ RunTime:0.000000s ]
INFO: [ view_filter ] --END-- [ RunTime:0.000000s ]
INFO: [ view_end ] --START--
INFO: [ view_end ] --END-- [ RunTime:0.000000s ]
INFO: [ app_end ] --START--
INFO: Run Behavior\ShowPageTrace [ RunTime:0.000000s ]
INFO: [ app_end ] --END-- [ RunTime:0.000000s ]

[ 2015-12-03T20:18:07+08:00 ] 183.61.236.92 /weiphp/index.php?s=/addon/Donate/Donate/show/token/gh_2838ce7f0ead.html&code=0313865278a5c6ef378e10b2c4788b39&state=STATE&getOpenId=1&code=04160cdf445608eafc8ee07b849a368y&state=123&openid=oqL-UuHeJwgXkjuY-hZ6VqqAnbe4
SQL: SELECT * FROM `wp_addons` WHERE ( `name` = 'Donate' ) LIMIT 1   [ RunTime:0.000000s ]
NOTIC: [8] Undefined index: query D:\wwwroot\zhangzizhongon\wwwroot\weiphp\ThinkPHP\Common\functions.php 第 787 行.
SQL: SHOW COLUMNS FROM `wp_tongji` [ RunTime:0.015625s ]
SQL: SELECT * FROM `wp_tongji` WHERE ( `token` = 'gh_2838ce7f0ead' ) AND ( `day` = 20151203 ) LIMIT 1   [ RunTime:0.015625s ]
SQL: INSERT INTO `wp_tongji` (`token`,`day`,`content`,`month`) VALUES ('gh_2838ce7f0ead',20151203,'a:1:{s:6:\"Donate\";i:1;}',201512) [ RunTime:0.000000s ]
NOTIC: [2048] Declaration of Addons\Donate\Controller\DonateController::add() should be compatible with Home\Controller\AddonsController::add($model = NULL) D:\wwwroot\zhangzizhongon\wwwroot\weiphp\Addons\Donate\Controller\DonateController.class.php 第 6 行.
NOTIC: [2048] Declaration of Addons\Donate\Controller\DonateController::show() should be compatible with Think\Controller::show($content, $charset = '', $contentType = '', $prefix = '') D:\wwwroot\zhangzizhongon\wwwroot\weiphp\Addons\Donate\Controller\DonateController.class.php 第 6 行.
INFO: [ action_begin ] --START--
INFO: [ action_begin ] --END-- [ RunTime:-0.640625s ]
SQL: SELECT `public_name` FROM `wp_member_public` WHERE ( `token` = 'gh_2838ce7f0ead' ) LIMIT 1   [ RunTime:0.000000s ]
SQL: SELECT * FROM `wp_follow` WHERE ( `token` = 'gh_2838ce7f0ead' ) AND ( `openid` = 'oqL-UuHeJwgXkjuY-hZ6VqqAnbe4' ) LIMIT 1   [ RunTime:0.000000s ]
NOTIC: [8] Undefined index: need_bind D:\wwwroot\zhangzizhongon\wwwroot\weiphp\ThinkPHP\Library\Think\Controller.class.php 第 211 行.
NOTIC: [8] Undefined index: uid D:\wwwroot\zhangzizhongon\wwwroot\weiphp\ThinkPHP\Library\Think\Controller.class.php 第 243 行.
NOTIC: [8] Undefined variable: addons D:\wwwroot\zhangzizhongon\wwwroot\weiphp\Application\Common\Common\function.php 第 465 行.
NOTIC: [8] Undefined variable: addons D:\wwwroot\zhangzizhongon\wwwroot\weiphp\Application\Common\Common\function.php 第 465 行.
NOTIC: [8] Undefined variable: addons D:\wwwroot\zhangzizhongon\wwwroot\weiphp\Application\Common\Common\function.php 第 465 行.
NOTIC: [8] Undefined variable: addons D:\wwwroot\zhangzizhongon\wwwroot\weiphp\Application\Common\Common\function.php 第 465 行.
SQL: SELECT `addon_config` FROM `wp_member_public` WHERE ( `token` = 'gh_2838ce7f0ead' ) LIMIT 1   [ RunTime:0.000000s ]
SQL: SHOW COLUMNS FROM `wp_picture` [ RunTime:0.015625s ]
SQL: SELECT * FROM `wp_picture` WHERE ( `status` = 1 ) AND ( `id` = 458 ) LIMIT 1   [ RunTime:0.000000s ]
NOTIC: [8] Undefined index: background D:\wwwroot\zhangzizhongon\wwwroot\weiphp\Addons\Donate\Controller\BaseController.class.php 第 39 行.
SQL: SHOW COLUMNS FROM `wp_addons` [ RunTime:0.000000s ]
SQL: SELECT `addon_config` FROM `wp_member_public` WHERE ( `token` = 'gh_2838ce7f0ead' ) LIMIT 1   [ RunTime:0.000000s ]
SQL: SELECT * FROM `wp_addons` WHERE ( `name` = 'DonatePay' ) LIMIT 1   [ RunTime:0.000000s ]
NOTIC: [8] Undefined index: openid D:\wwwroot\zhangzizhongon\wwwroot\weiphp\Addons\Donate\Controller\DonateController.class.php 第 32 行.
SQL: SELECT `addon_config` FROM `wp_member_public` WHERE ( `token` = 'gh_2838ce7f0ead' ) LIMIT 1   [ RunTime:0.000000s ]
SQL: SELECT * FROM `wp_addons` WHERE ( `name` = 'DonatePay' ) LIMIT 1   [ RunTime:0.015625s ]
SQL: SHOW COLUMNS FROM `wp_donate` [ RunTime:0.000000s ]
ERR: 0:Table 'zhangzizhongon.wp_donate' doesn't exist
 [ SQL语句 ] : SHOW COLUMNS FROM `wp_donate`
INFO: [ app_end ] --START--
INFO: Run Behavior\ShowPageTrace [ RunTime:0.000000s ]
INFO: [ app_end ] --END-- [ RunTime:0.000000s ]

[ 2015-12-03T20:18:13+08:00 ] 183.61.236.92 /weiphp/index.php?s=/addon/Donate/Donate/show/token/gh_2838ce7f0ead.html&code=041acf1f9ae4f0f7a1549eaa34d80d1f&state=STATE
SQL: SELECT * FROM `wp_addons` WHERE ( `name` = 'Donate' ) LIMIT 1   [ RunTime:0.000000s ]
NOTIC: [8] Undefined index: query D:\wwwroot\zhangzizhongon\wwwroot\weiphp\ThinkPHP\Common\functions.php 第 787 行.
SQL: SHOW COLUMNS FROM `wp_tongji` [ RunTime:0.000000s ]
SQL: SELECT * FROM `wp_tongji` WHERE ( `token` = 'gh_2838ce7f0ead' ) AND ( `day` = 20151203 ) LIMIT 1   [ RunTime:0.000000s ]
SQL: UPDATE `wp_tongji` SET `content`='a:1:{s:6:\"Donate\";i:2;}' WHERE ( `token` = 'gh_2838ce7f0ead' ) AND ( `day` = 20151203 ) [ RunTime:0.015625s ]
NOTIC: [2048] Declaration of Addons\Donate\Controller\DonateController::add() should be compatible with Home\Controller\AddonsController::add($model = NULL) D:\wwwroot\zhangzizhongon\wwwroot\weiphp\Addons\Donate\Controller\DonateController.class.php 第 6 行.
NOTIC: [2048] Declaration of Addons\Donate\Controller\DonateController::show() should be compatible with Think\Controller::show($content, $charset = '', $contentType = '', $prefix = '') D:\wwwroot\zhangzizhongon\wwwroot\weiphp\Addons\Donate\Controller\DonateController.class.php 第 6 行.
INFO: [ action_begin ] --START--
INFO: [ action_begin ] --END-- [ RunTime:-0.203125s ]
SQL: SELECT `public_name` FROM `wp_member_public` WHERE ( `token` = 'gh_2838ce7f0ead' ) LIMIT 1   [ RunTime:0.000000s ]
SQL: SELECT * FROM `wp_follow` WHERE ( `token` = 'gh_2838ce7f0ead' ) AND ( `openid` = 'oqL-UuHeJwgXkjuY-hZ6VqqAnbe4' ) LIMIT 1   [ RunTime:0.000000s ]
NOTIC: [8] Undefined index: need_bind D:\wwwroot\zhangzizhongon\wwwroot\weiphp\ThinkPHP\Library\Think\Controller.class.php 第 211 行.
NOTIC: [8] Undefined index: uid D:\wwwroot\zhangzizhongon\wwwroot\weiphp\ThinkPHP\Library\Think\Controller.class.php 第 243 行.
NOTIC: [8] Undefined variable: addons D:\wwwroot\zhangzizhongon\wwwroot\weiphp\Application\Common\Common\function.php 第 465 行.
NOTIC: [8] Undefined variable: addons D:\wwwroot\zhangzizhongon\wwwroot\weiphp\Application\Common\Common\function.php 第 465 行.
NOTIC: [8] Undefined variable: addons D:\wwwroot\zhangzizhongon\wwwroot\weiphp\Application\Common\Common\function.php 第 465 行.
NOTIC: [8] Undefined variable: addons D:\wwwroot\zhangzizhongon\wwwroot\weiphp\Application\Common\Common\function.php 第 465 行.
SQL: SELECT `addon_config` FROM `wp_member_public` WHERE ( `token` = 'gh_2838ce7f0ead' ) LIMIT 1   [ RunTime:0.000000s ]
SQL: SHOW COLUMNS FROM `wp_picture` [ RunTime:0.015625s ]
SQL: SELECT * FROM `wp_picture` WHERE ( `status` = 1 ) AND ( `id` = 458 ) LIMIT 1   [ RunTime:0.000000s ]
NOTIC: [8] Undefined index: background D:\wwwroot\zhangzizhongon\wwwroot\weiphp\Addons\Donate\Controller\BaseController.class.php 第 39 行.
SQL: SHOW COLUMNS FROM `wp_addons` [ RunTime:0.000000s ]
SQL: SELECT `addon_config` FROM `wp_member_public` WHERE ( `token` = 'gh_2838ce7f0ead' ) LIMIT 1   [ RunTime:0.015625s ]
SQL: SELECT * FROM `wp_addons` WHERE ( `name` = 'DonatePay' ) LIMIT 1   [ RunTime:0.000000s ]
NOTIC: [8] Undefined index: openid D:\wwwroot\zhangzizhongon\wwwroot\weiphp\Addons\Donate\Controller\DonateController.class.php 第 32 行.
SQL: SELECT `addon_config` FROM `wp_member_public` WHERE ( `token` = 'gh_2838ce7f0ead' ) LIMIT 1   [ RunTime:0.015625s ]
SQL: SELECT * FROM `wp_addons` WHERE ( `name` = 'DonatePay' ) LIMIT 1   [ RunTime:0.000000s ]
SQL: SHOW COLUMNS FROM `wp_donate` [ RunTime:0.000000s ]
ERR: 1146:Table 'zhangzizhongon.wp_donate' doesn't exist
 [ SQL语句 ] : SHOW COLUMNS FROM `wp_donate`
SQL: SHOW COLUMNS FROM `wp_donate_category` [ RunTime:0.062500s ]
SQL: SELECT * FROM `wp_donate_category` WHERE ( `token` = 'gh_2838ce7f0ead' ) AND ( `is_show` = 1 ) ORDER BY sort asc, id desc  [ RunTime:0.000000s ]
SQL: SHOW COLUMNS FROM `wp_model` [ RunTime:0.031250s ]
SQL: SELECT * FROM `wp_model` WHERE ( `name` = 'donate_list' ) LIMIT 1   [ RunTime:0.000000s ]
SQL: SELECT `extend` FROM `wp_model` WHERE ( `id` = 162 ) LIMIT 1   [ RunTime:0.000000s ]
SQL: SHOW COLUMNS FROM `wp_attribute` [ RunTime:0.015625s ]
SQL: SELECT * FROM `wp_attribute` WHERE ( `model_id` = 162 )  [ RunTime:0.000000s ]
SQL: SELECT `field_sort` FROM `wp_model` WHERE ( `id` = 162 ) LIMIT 1   [ RunTime:0.015625s ]
INFO: [ view_begin ] --START--
INFO: [ view_begin ] --END-- [ RunTime:0.000000s ]
INFO: [ view_parse ] --START--
INFO: [ template_filter ] --START--
INFO: Run Behavior\ContentReplace [ RunTime:0.000000s ]
INFO: [ template_filter ] --END-- [ RunTime:0.000000s ]
NOTIC: [8] Undefined variable: data D:\wwwroot\zhangzizhongon\wwwroot\weiphp\Runtime\Cache\Home\d14b046e1a1ff39a20a306b2c036a1b6.php 第 50 行.
NOTIC: [8] Undefined variable: data D:\wwwroot\zhangzizhongon\wwwroot\weiphp\Runtime\Cache\Home\d14b046e1a1ff39a20a306b2c036a1b6.php 第 57 行.
NOTIC: [8] Undefined variable: data D:\wwwroot\zhangzizhongon\wwwroot\weiphp\Runtime\Cache\Home\d14b046e1a1ff39a20a306b2c036a1b6.php 第 57 行.
NOTIC: [8] Undefined variable: data D:\wwwroot\zhangzizhongon\wwwroot\weiphp\Runtime\Cache\Home\d14b046e1a1ff39a20a306b2c036a1b6.php 第 50 行.
NOTIC: [8] Undefined variable: data D:\wwwroot\zhangzizhongon\wwwroot\weiphp\Runtime\Cache\Home\d14b046e1a1ff39a20a306b2c036a1b6.php 第 50 行.
NOTIC: [8] Undefined variable: data D:\wwwroot\zhangzizhongon\wwwroot\weiphp\Runtime\Cache\Home\d14b046e1a1ff39a20a306b2c036a1b6.php 第 57 行.
NOTIC: [8] Undefined variable: data D:\wwwroot\zhangzizhongon\wwwroot\weiphp\Runtime\Cache\Home\d14b046e1a1ff39a20a306b2c036a1b6.php 第 57 行.
NOTIC: [8] Undefined variable: data D:\wwwroot\zhangzizhongon\wwwroot\weiphp\Runtime\Cache\Home\d14b046e1a1ff39a20a306b2c036a1b6.php 第 50 行.
NOTIC: [8] Undefined variable: data D:\wwwroot\zhangzizhongon\wwwroot\weiphp\Runtime\Cache\Home\d14b046e1a1ff39a20a306b2c036a1b6.php 第 52 行.
NOTIC: [8] Undefined variable: data D:\wwwroot\zhangzizhongon\wwwroot\weiphp\Runtime\Cache\Home\d14b046e1a1ff39a20a306b2c036a1b6.php 第 49 行.
NOTIC: [8] Undefined variable: data D:\wwwroot\zhangzizhongon\wwwroot\weiphp\Runtime\Cache\Home\d14b046e1a1ff39a20a306b2c036a1b6.php 第 50 行.
NOTIC: [8] Undefined variable: data D:\wwwroot\zhangzizhongon\wwwroot\weiphp\Runtime\Cache\Home\d14b046e1a1ff39a20a306b2c036a1b6.php 第 50 行.
NOTIC: [8] Use of undefined constant name - assumed 'name' D:\wwwroot\zhangzizhongon\wwwroot\weiphp\Runtime\Cache\Home\d14b046e1a1ff39a20a306b2c036a1b6.php 第 43 行.
NOTIC: [8] Use of undefined constant value - assumed 'value' D:\wwwroot\zhangzizhongon\wwwroot\weiphp\Runtime\Cache\Home\d14b046e1a1ff39a20a306b2c036a1b6.php 第 43 行.
NOTIC: [8] Undefined variable: data D:\wwwroot\zhangzizhongon\wwwroot\weiphp\Runtime\Cache\Home\d14b046e1a1ff39a20a306b2c036a1b6.php 第 166 行.
NOTIC: [8] Use of undefined constant id - assumed 'id' D:\wwwroot\zhangzizhongon\wwwroot\weiphp\Runtime\Cache\Home\d14b046e1a1ff39a20a306b2c036a1b6.php 第 168 行.
INFO: Run Behavior\ParseTemplate [ RunTime:0.390625s ]
INFO: [ view_parse ] --END-- [ RunTime:0.390625s ]
INFO: [ view_filter ] --START--
INFO: Run Behavior\WriteHtmlCache [ RunTime:0.000000s ]
INFO: [ view_filter ] --END-- [ RunTime:0.000000s ]
INFO: [ view_end ] --START--
INFO: [ view_end ] --END-- [ RunTime:0.000000s ]
INFO: [ app_end ] --START--
INFO: Run Behavior\ShowPageTrace [ RunTime:0.000000s ]
INFO: [ app_end ] --END-- [ RunTime:0.000000s ]

[ 2015-12-03T20:28:35+08:00 ] 183.61.236.92 /weiphp/index.php?s=/addon/Donate/Donate/add/model/162.html
INFO: [ app_begin ] --START--
INFO: Run Behavior\ReadHtmlCache [ RunTime:0.000000s ]
INFO: [ app_begin ] --END-- [ RunTime:0.000000s ]
INFO: [ action_begin ] --START--
INFO: [ action_begin ] --END-- [ RunTime:0.000000s ]
SQL: SHOW COLUMNS FROM `wp_member_public` [ RunTime:0.000000s ]
SQL: SELECT `public_name` FROM `wp_member_public` WHERE ( `token` = 'gh_2838ce7f0ead' ) LIMIT 1   [ RunTime:0.000000s ]
SQL: SHOW COLUMNS FROM `wp_follow` [ RunTime:0.000000s ]
SQL: SELECT * FROM `wp_follow` WHERE ( `token` = 'gh_2838ce7f0ead' ) AND ( `openid` = 'oqL-UuHeJwgXkjuY-hZ6VqqAnbe4' ) LIMIT 1   [ RunTime:0.000000s ]
SQL: SELECT `addon_config` FROM `wp_member_public` WHERE ( `token` = 'gh_2838ce7f0ead' ) LIMIT 1   [ RunTime:0.000000s ]
SQL: SHOW COLUMNS FROM `wp_addons` [ RunTime:0.000000s ]
SQL: SELECT `config` FROM `wp_addons` WHERE ( `name` = 'UserCenter' ) AND ( `status` = 1 ) LIMIT 1   [ RunTime:0.000000s ]
NOTIC: [8] Undefined index: need_bind D:\wwwroot\zhangzizhongon\wwwroot\weiphp\ThinkPHP\Library\Think\Controller.class.php 第 211 行.
NOTIC: [8] Undefined index: uid D:\wwwroot\zhangzizhongon\wwwroot\weiphp\ThinkPHP\Library\Think\Controller.class.php 第 243 行.
SQL: SELECT * FROM `wp_addons` WHERE ( `name` = 'Donate' ) LIMIT 1   [ RunTime:0.015625s ]
NOTIC: [8] Undefined index: query D:\wwwroot\zhangzizhongon\wwwroot\weiphp\ThinkPHP\Common\functions.php 第 787 行.
SQL: SHOW COLUMNS FROM `wp_tongji` [ RunTime:0.000000s ]
SQL: SELECT * FROM `wp_tongji` WHERE ( `token` = 'gh_2838ce7f0ead' ) AND ( `day` = 20151203 ) LIMIT 1   [ RunTime:0.000000s ]
SQL: UPDATE `wp_tongji` SET `content`='a:1:{s:6:\"Donate\";i:3;}' WHERE ( `token` = 'gh_2838ce7f0ead' ) AND ( `day` = 20151203 ) [ RunTime:0.000000s ]
NOTIC: [2048] Declaration of Addons\Donate\Controller\DonateController::add() should be compatible with Home\Controller\AddonsController::add($model = NULL) D:\wwwroot\zhangzizhongon\wwwroot\weiphp\Addons\Donate\Controller\DonateController.class.php 第 6 行.
NOTIC: [2048] Declaration of Addons\Donate\Controller\DonateController::show() should be compatible with Think\Controller::show($content, $charset = '', $contentType = '', $prefix = '') D:\wwwroot\zhangzizhongon\wwwroot\weiphp\Addons\Donate\Controller\DonateController.class.php 第 6 行.
INFO: [ action_begin ] --START--
INFO: [ action_begin ] --END-- [ RunTime:-0.078125s ]
SQL: SELECT `public_name` FROM `wp_member_public` WHERE ( `token` = 'gh_2838ce7f0ead' ) LIMIT 1   [ RunTime:0.000000s ]
SQL: SELECT * FROM `wp_follow` WHERE ( `token` = 'gh_2838ce7f0ead' ) AND ( `openid` = 'oqL-UuHeJwgXkjuY-hZ6VqqAnbe4' ) LIMIT 1   [ RunTime:0.000000s ]
NOTIC: [8] Undefined index: need_bind D:\wwwroot\zhangzizhongon\wwwroot\weiphp\ThinkPHP\Library\Think\Controller.class.php 第 211 行.
NOTIC: [8] Undefined index: uid D:\wwwroot\zhangzizhongon\wwwroot\weiphp\ThinkPHP\Library\Think\Controller.class.php 第 243 行.
NOTIC: [8] Undefined variable: addons D:\wwwroot\zhangzizhongon\wwwroot\weiphp\Application\Common\Common\function.php 第 465 行.
NOTIC: [8] Undefined variable: addons D:\wwwroot\zhangzizhongon\wwwroot\weiphp\Application\Common\Common\function.php 第 465 行.
NOTIC: [8] Undefined variable: addons D:\wwwroot\zhangzizhongon\wwwroot\weiphp\Application\Common\Common\function.php 第 465 行.
NOTIC: [8] Undefined variable: addons D:\wwwroot\zhangzizhongon\wwwroot\weiphp\Application\Common\Common\function.php 第 465 行.
SQL: SELECT `addon_config` FROM `wp_member_public` WHERE ( `token` = 'gh_2838ce7f0ead' ) LIMIT 1   [ RunTime:0.000000s ]
SQL: SHOW COLUMNS FROM `wp_picture` [ RunTime:0.000000s ]
SQL: SELECT * FROM `wp_picture` WHERE ( `status` = 1 ) AND ( `id` = 458 ) LIMIT 1   [ RunTime:0.000000s ]
NOTIC: [8] Undefined index: background D:\wwwroot\zhangzizhongon\wwwroot\weiphp\Addons\Donate\Controller\BaseController.class.php 第 39 行.
SQL: SHOW COLUMNS FROM `wp_addons` [ RunTime:0.000000s ]
SQL: SELECT `addon_config` FROM `wp_member_public` WHERE ( `token` = 'gh_2838ce7f0ead' ) LIMIT 1   [ RunTime:0.000000s ]
SQL: SELECT * FROM `wp_addons` WHERE ( `name` = 'DonatePay' ) LIMIT 1   [ RunTime:0.000000s ]
SQL: SHOW COLUMNS FROM `wp_donate` [ RunTime:0.000000s ]
ERR: 1146:Table 'zhangzizhongon.wp_donate' doesn't exist
 [ SQL语句 ] : SHOW COLUMNS FROM `wp_donate`
SQL: SELECT `addon_config` FROM `wp_member_public` WHERE ( `token` = 'gh_2838ce7f0ead' ) LIMIT 1   [ RunTime:0.015625s ]
SQL: SELECT * FROM `wp_addons` WHERE ( `name` = 'DonatePay' ) LIMIT 1   [ RunTime:0.000000s ]
SQL: SHOW COLUMNS FROM `wp_donate_list` [ RunTime:0.000000s ]
SQL: INSERT INTO `wp_donate_list` (`name`,`sex`,`cid`,`money`,`unit`,`school`,`year`,`message`,`tel`,`address`,`post`,`token`,`id`,`openId`,`create_time`) VALUES ('刘守业',0,4,'500.00','86级德语',0,'1986','五秩芳华显风采，凤鸣岭南育英才！\r\n祝福广外！',0,'','','gh_2838ce7f0ead',0,'oqL-UuHeJwgXkjuY-hZ6VqqAnbe4',1449145715) [ RunTime:0.000000s ]

[ 2015-12-03T20:28:44+08:00 ] 116.31.126.30 /weiphp/index.php
NOTIC: [8] Undefined index: uid D:\wwwroot\zhangzizhongon\wwwroot\weiphp\ThinkPHP\Library\Think\Controller.class.php 第 135 行.
SQL: SHOW COLUMNS FROM `wp_member` [ RunTime:0.015625s ]
SQL: SELECT * FROM `wp_member` WHERE ( `uid` = 0 ) LIMIT 1   [ RunTime:0.000000s ]
NOTIC: [8] Undefined index: uid D:\wwwroot\zhangzizhongon\wwwroot\weiphp\ThinkPHP\Library\Think\Controller.class.php 第 140 行.

[ 2015-12-03T20:28:44+08:00 ] 116.31.126.30 /weiphp/index.php?s=/home/index/main.html
NOTIC: [8] Undefined index: uid D:\wwwroot\zhangzizhongon\wwwroot\weiphp\ThinkPHP\Library\Think\Controller.class.php 第 135 行.
SQL: SHOW COLUMNS FROM `wp_member` [ RunTime:0.000000s ]
SQL: SELECT * FROM `wp_member` WHERE ( `uid` = 0 ) LIMIT 1   [ RunTime:0.000000s ]
NOTIC: [8] Undefined index: uid D:\wwwroot\zhangzizhongon\wwwroot\weiphp\ThinkPHP\Library\Think\Controller.class.php 第 140 行.

[ 2015-12-03T20:28:45+08:00 ] 116.31.126.30 /weiphp/index.php?s=/home/user/login.html
NOTIC: [8] Undefined index: uid D:\wwwroot\zhangzizhongon\wwwroot\weiphp\ThinkPHP\Library\Think\Controller.class.php 第 135 行.
SQL: SHOW COLUMNS FROM `wp_member` [ RunTime:0.000000s ]
SQL: SELECT * FROM `wp_member` WHERE ( `uid` = 0 ) LIMIT 1   [ RunTime:0.000000s ]
NOTIC: [8] Undefined index: uid D:\wwwroot\zhangzizhongon\wwwroot\weiphp\ThinkPHP\Library\Think\Controller.class.php 第 140 行.
INFO: [ view_begin ] --START--
INFO: [ view_begin ] --END-- [ RunTime:0.000000s ]
INFO: [ view_parse ] --START--
INFO: [ template_filter ] --START--
INFO: Run Behavior\ContentReplace [ RunTime:0.000000s ]
INFO: [ template_filter ] --END-- [ RunTime:0.000000s ]
INFO: Run Behavior\ParseTemplate [ RunTime:0.015625s ]
INFO: [ view_parse ] --END-- [ RunTime:0.015625s ]
INFO: [ view_filter ] --START--
INFO: Run Behavior\WriteHtmlCache [ RunTime:0.000000s ]
INFO: [ view_filter ] --END-- [ RunTime:0.000000s ]
INFO: [ view_end ] --START--
INFO: [ view_end ] --END-- [ RunTime:0.000000s ]

[ 2015-12-03T20:28:57+08:00 ] 183.61.236.109 /weiphp/index.php
NOTIC: [8] Undefined index: uid D:\wwwroot\zhangzizhongon\wwwroot\weiphp\ThinkPHP\Library\Think\Controller.class.php 第 135 行.
SQL: SHOW COLUMNS FROM `wp_member` [ RunTime:0.000000s ]
SQL: SELECT * FROM `wp_member` WHERE ( `uid` = 0 ) LIMIT 1   [ RunTime:0.000000s ]
NOTIC: [8] Undefined index: uid D:\wwwroot\zhangzizhongon\wwwroot\weiphp\ThinkPHP\Library\Think\Controller.class.php 第 140 行.

[ 2015-12-03T20:28:57+08:00 ] 183.61.236.109 /weiphp/index.php?s=/home/index/main.html
NOTIC: [8] Undefined index: uid D:\wwwroot\zhangzizhongon\wwwroot\weiphp\ThinkPHP\Library\Think\Controller.class.php 第 135 行.
SQL: SHOW COLUMNS FROM `wp_member` [ RunTime:0.000000s ]
SQL: SELECT * FROM `wp_member` WHERE ( `uid` = 0 ) LIMIT 1   [ RunTime:0.000000s ]
NOTIC: [8] Undefined index: uid D:\wwwroot\zhangzizhongon\wwwroot\weiphp\ThinkPHP\Library\Think\Controller.class.php 第 140 行.

[ 2015-12-03T20:28:57+08:00 ] 183.61.236.109 /weiphp/index.php?s=/home/user/login.html
NOTIC: [8] Undefined index: uid D:\wwwroot\zhangzizhongon\wwwroot\weiphp\ThinkPHP\Library\Think\Controller.class.php 第 135 行.
SQL: SHOW COLUMNS FROM `wp_member` [ RunTime:0.000000s ]
SQL: SELECT * FROM `wp_member` WHERE ( `uid` = 0 ) LIMIT 1   [ RunTime:0.000000s ]
NOTIC: [8] Undefined index: uid D:\wwwroot\zhangzizhongon\wwwroot\weiphp\ThinkPHP\Library\Think\Controller.class.php 第 140 行.
INFO: [ view_begin ] --START--
INFO: [ view_begin ] --END-- [ RunTime:0.000000s ]
INFO: [ view_parse ] --START--
INFO: [ template_filter ] --START--
INFO: Run Behavior\ContentReplace [ RunTime:0.000000s ]
INFO: [ template_filter ] --END-- [ RunTime:0.000000s ]
INFO: Run Behavior\ParseTemplate [ RunTime:0.015625s ]
INFO: [ view_parse ] --END-- [ RunTime:0.015625s ]
INFO: [ view_filter ] --START--
INFO: Run Behavior\WriteHtmlCache [ RunTime:0.000000s ]
INFO: [ view_filter ] --END-- [ RunTime:0.000000s ]
INFO: [ view_end ] --START--
INFO: [ view_end ] --END-- [ RunTime:0.000000s ]

[ 2015-12-03T20:29:13+08:00 ] 183.61.236.109 /weiphp/index.php
NOTIC: [8] Undefined index: uid D:\wwwroot\zhangzizhongon\wwwroot\weiphp\ThinkPHP\Library\Think\Controller.class.php 第 135 行.
SQL: SHOW COLUMNS FROM `wp_member` [ RunTime:0.000000s ]
SQL: SELECT * FROM `wp_member` WHERE ( `uid` = 0 ) LIMIT 1   [ RunTime:0.000000s ]
NOTIC: [8] Undefined index: uid D:\wwwroot\zhangzizhongon\wwwroot\weiphp\ThinkPHP\Library\Think\Controller.class.php 第 140 行.

[ 2015-12-03T20:29:14+08:00 ] 183.61.236.109 /weiphp/index.php?s=/home/index/main.html
NOTIC: [8] Undefined index: uid D:\wwwroot\zhangzizhongon\wwwroot\weiphp\ThinkPHP\Library\Think\Controller.class.php 第 135 行.
SQL: SHOW COLUMNS FROM `wp_member` [ RunTime:0.000000s ]
SQL: SELECT * FROM `wp_member` WHERE ( `uid` = 0 ) LIMIT 1   [ RunTime:0.000000s ]
NOTIC: [8] Undefined index: uid D:\wwwroot\zhangzizhongon\wwwroot\weiphp\ThinkPHP\Library\Think\Controller.class.php 第 140 行.

[ 2015-12-03T20:29:14+08:00 ] 183.61.236.109 /weiphp/index.php?s=/home/user/login.html
NOTIC: [8] Undefined index: uid D:\wwwroot\zhangzizhongon\wwwroot\weiphp\ThinkPHP\Library\Think\Controller.class.php 第 135 行.
SQL: SHOW COLUMNS FROM `wp_member` [ RunTime:0.000000s ]
SQL: SELECT * FROM `wp_member` WHERE ( `uid` = 0 ) LIMIT 1   [ RunTime:0.000000s ]
NOTIC: [8] Undefined index: uid D:\wwwroot\zhangzizhongon\wwwroot\weiphp\ThinkPHP\Library\Think\Controller.class.php 第 140 行.
INFO: [ view_begin ] --START--
INFO: [ view_begin ] --END-- [ RunTime:0.000000s ]
INFO: [ view_parse ] --START--
INFO: [ template_filter ] --START--
INFO: Run Behavior\ContentReplace [ RunTime:0.000000s ]
INFO: [ template_filter ] --END-- [ RunTime:0.000000s ]
INFO: Run Behavior\ParseTemplate [ RunTime:0.171875s ]
INFO: [ view_parse ] --END-- [ RunTime:0.187500s ]
INFO: [ view_filter ] --START--
INFO: Run Behavior\WriteHtmlCache [ RunTime:0.000000s ]
INFO: [ view_filter ] --END-- [ RunTime:0.000000s ]
INFO: [ view_end ] --START--
INFO: [ view_end ] --END-- [ RunTime:0.000000s ]

[ 2015-12-03T20:29:49+08:00 ] 183.61.236.109 /weiphp/index.php
NOTIC: [8] Undefined index: uid D:\wwwroot\zhangzizhongon\wwwroot\weiphp\ThinkPHP\Library\Think\Controller.class.php 第 135 行.
SQL: SHOW COLUMNS FROM `wp_member` [ RunTime:0.000000s ]
SQL: SELECT * FROM `wp_member` WHERE ( `uid` = 0 ) LIMIT 1   [ RunTime:0.000000s ]
NOTIC: [8] Undefined index: uid D:\wwwroot\zhangzizhongon\wwwroot\weiphp\ThinkPHP\Library\Think\Controller.class.php 第 140 行.

[ 2015-12-03T20:29:51+08:00 ] 183.61.236.109 /weiphp/index.php?s=/home/index/main.html
NOTIC: [8] Undefined index: uid D:\wwwroot\zhangzizhongon\wwwroot\weiphp\ThinkPHP\Library\Think\Controller.class.php 第 135 行.
SQL: SHOW COLUMNS FROM `wp_member` [ RunTime:0.000000s ]
SQL: SELECT * FROM `wp_member` WHERE ( `uid` = 0 ) LIMIT 1   [ RunTime:0.000000s ]
NOTIC: [8] Undefined index: uid D:\wwwroot\zhangzizhongon\wwwroot\weiphp\ThinkPHP\Library\Think\Controller.class.php 第 140 行.

[ 2015-12-03T20:29:54+08:00 ] 183.61.236.109 /weiphp/index.php?s=/home/user/login.html
NOTIC: [8] Undefined index: uid D:\wwwroot\zhangzizhongon\wwwroot\weiphp\ThinkPHP\Library\Think\Controller.class.php 第 135 行.
SQL: SHOW COLUMNS FROM `wp_member` [ RunTime:0.000000s ]
SQL: SELECT * FROM `wp_member` WHERE ( `uid` = 0 ) LIMIT 1   [ RunTime:0.000000s ]
NOTIC: [8] Undefined index: uid D:\wwwroot\zhangzizhongon\wwwroot\weiphp\ThinkPHP\Library\Think\Controller.class.php 第 140 行.
INFO: [ view_begin ] --START--
INFO: [ view_begin ] --END-- [ RunTime:0.000000s ]
INFO: [ view_parse ] --START--
INFO: [ template_filter ] --START--
INFO: Run Behavior\ContentReplace [ RunTime:0.000000s ]
INFO: [ template_filter ] --END-- [ RunTime:0.000000s ]
INFO: Run Behavior\ParseTemplate [ RunTime:0.015625s ]
INFO: [ view_parse ] --END-- [ RunTime:0.015625s ]
INFO: [ view_filter ] --START--
INFO: Run Behavior\WriteHtmlCache [ RunTime:0.000000s ]
INFO: [ view_filter ] --END-- [ RunTime:0.000000s ]
INFO: [ view_end ] --START--
INFO: [ view_end ] --END-- [ RunTime:0.000000s ]

[ 2015-12-03T20:32:57+08:00 ] 183.61.236.90 /weiphp/index.php
NOTIC: [8] Undefined index: uid D:\wwwroot\zhangzizhongon\wwwroot\weiphp\ThinkPHP\Library\Think\Controller.class.php 第 135 行.
SQL: SHOW COLUMNS FROM `wp_member` [ RunTime:0.000000s ]
SQL: SELECT * FROM `wp_member` WHERE ( `uid` = 0 ) LIMIT 1   [ RunTime:0.000000s ]
NOTIC: [8] Undefined index: uid D:\wwwroot\zhangzizhongon\wwwroot\weiphp\ThinkPHP\Library\Think\Controller.class.php 第 140 行.

[ 2015-12-03T20:32:57+08:00 ] 183.61.236.90 /weiphp/index.php?s=/home/index/main.html
NOTIC: [8] Undefined index: uid D:\wwwroot\zhangzizhongon\wwwroot\weiphp\ThinkPHP\Library\Think\Controller.class.php 第 135 行.
SQL: SHOW COLUMNS FROM `wp_member` [ RunTime:0.000000s ]
SQL: SELECT * FROM `wp_member` WHERE ( `uid` = 0 ) LIMIT 1   [ RunTime:0.000000s ]
NOTIC: [8] Undefined index: uid D:\wwwroot\zhangzizhongon\wwwroot\weiphp\ThinkPHP\Library\Think\Controller.class.php 第 140 行.

[ 2015-12-03T20:33:00+08:00 ] 183.61.236.109 /weiphp/index.php?s=/home/user/login.html
NOTIC: [8] Undefined index: uid D:\wwwroot\zhangzizhongon\wwwroot\weiphp\ThinkPHP\Library\Think\Controller.class.php 第 135 行.
SQL: SHOW COLUMNS FROM `wp_member` [ RunTime:0.000000s ]
SQL: SELECT * FROM `wp_member` WHERE ( `uid` = 0 ) LIMIT 1   [ RunTime:0.000000s ]
NOTIC: [8] Undefined index: uid D:\wwwroot\zhangzizhongon\wwwroot\weiphp\ThinkPHP\Library\Think\Controller.class.php 第 140 行.
INFO: [ view_begin ] --START--
INFO: [ view_begin ] --END-- [ RunTime:0.000000s ]
INFO: [ view_parse ] --START--
INFO: [ template_filter ] --START--
INFO: Run Behavior\ContentReplace [ RunTime:0.000000s ]
INFO: [ template_filter ] --END-- [ RunTime:0.000000s ]
INFO: Run Behavior\ParseTemplate [ RunTime:0.015625s ]
INFO: [ view_parse ] --END-- [ RunTime:0.015625s ]
INFO: [ view_filter ] --START--
INFO: Run Behavior\WriteHtmlCache [ RunTime:0.000000s ]
INFO: [ view_filter ] --END-- [ RunTime:0.000000s ]
INFO: [ view_end ] --START--
INFO: [ view_end ] --END-- [ RunTime:0.000000s ]

[ 2015-12-03T20:55:05+08:00 ] 183.61.236.92 /weiphp/index.php?s=/addon/Forms/FormsValue/add/forms_id/18/token/gh_1d3c54b1ff0c.html&openid=-1
SQL: SELECT * FROM `wp_addons` WHERE ( `name` = 'Forms' ) LIMIT 1   [ RunTime:0.000000s ]
NOTIC: [8] Undefined index: query D:\wwwroot\zhangzizhongon\wwwroot\weiphp\ThinkPHP\Common\functions.php 第 787 行.
SQL: SHOW COLUMNS FROM `wp_tongji` [ RunTime:0.000000s ]
SQL: SELECT * FROM `wp_tongji` WHERE ( `token` = 'gh_1d3c54b1ff0c' ) AND ( `day` = 20151203 ) LIMIT 1   [ RunTime:0.000000s ]
SQL: UPDATE `wp_tongji` SET `content`='a:1:{s:5:\"Forms\";i:8;}' WHERE ( `token` = 'gh_1d3c54b1ff0c' ) AND ( `day` = 20151203 ) [ RunTime:0.015625s ]
NOTIC: [2048] Declaration of Addons\Forms\Controller\FormsValueController::lists() should be compatible with Home\Controller\AddonsController::lists($model = NULL, $page = 0) D:\wwwroot\zhangzizhongon\wwwroot\weiphp\Addons\Forms\Controller\FormsValueController.class.php 第 7 行.
NOTIC: [2048] Declaration of Addons\Forms\Controller\FormsValueController::edit() should be compatible with Home\Controller\AddonsController::edit($model = NULL, $id = 0) D:\wwwroot\zhangzizhongon\wwwroot\weiphp\Addons\Forms\Controller\FormsValueController.class.php 第 7 行.
NOTIC: [2048] Declaration of Addons\Forms\Controller\FormsValueController::add() should be compatible with Home\Controller\AddonsController::add($model = NULL) D:\wwwroot\zhangzizhongon\wwwroot\weiphp\Addons\Forms\Controller\FormsValueController.class.php 第 7 行.
NOTIC: [2048] Declaration of Addons\Forms\Controller\FormsValueController::del() should be compatible with Home\Controller\AddonsController::del($model = NULL, $ids = NULL) D:\wwwroot\zhangzizhongon\wwwroot\weiphp\Addons\Forms\Controller\FormsValueController.class.php 第 7 行.
INFO: [ action_begin ] --START--
INFO: [ action_begin ] --END-- [ RunTime:-0.078125s ]
SQL: SELECT `public_name` FROM `wp_member_public` WHERE ( `token` = 'gh_1d3c54b1ff0c' ) LIMIT 1   [ RunTime:0.000000s ]
SQL: SELECT * FROM `wp_follow` WHERE ( `token` = 'gh_1d3c54b1ff0c' ) AND ( `openid` = '-1' ) LIMIT 1   [ RunTime:0.000000s ]
NOTIC: [8] Undefined index: need_bind D:\wwwroot\zhangzizhongon\wwwroot\weiphp\ThinkPHP\Library\Think\Controller.class.php 第 211 行.
NOTIC: [8] Undefined index: uid D:\wwwroot\zhangzizhongon\wwwroot\weiphp\ThinkPHP\Library\Think\Controller.class.php 第 243 行.
SQL: SHOW COLUMNS FROM `wp_model` [ RunTime:0.000000s ]
SQL: SELECT * FROM `wp_model` WHERE ( `name` = 'forms_value' ) LIMIT 1   [ RunTime:0.000000s ]
NOTIC: [8] Undefined variable: addons D:\wwwroot\zhangzizhongon\wwwroot\weiphp\Application\Common\Common\function.php 第 465 行.
NOTIC: [8] Undefined variable: addons D:\wwwroot\zhangzizhongon\wwwroot\weiphp\Application\Common\Common\function.php 第 465 行.
SQL: SHOW COLUMNS FROM `wp_forms` [ RunTime:0.015625s ]
SQL: SELECT * FROM `wp_forms` WHERE ( `id` = 18 ) LIMIT 1   [ RunTime:0.000000s ]
SQL: SHOW COLUMNS FROM `wp_picture` [ RunTime:0.000000s ]
SQL: SELECT * FROM `wp_picture` WHERE ( `status` = 1 ) AND ( `id` = 463 ) LIMIT 1   [ RunTime:0.000000s ]
SQL: SELECT * FROM `wp_model` WHERE ( `id` = 71 ) LIMIT 1   [ RunTime:0.000000s ]
SQL: SHOW COLUMNS FROM `wp_forms_value` [ RunTime:0.000000s ]
SQL: SELECT * FROM `wp_forms_value` WHERE ( `uid` = -6270 ) AND ( `forms_id` = 18 ) LIMIT 1   [ RunTime:0.000000s ]
SQL: SHOW COLUMNS FROM `wp_forms_attribute` [ RunTime:0.015625s ]
SQL: SELECT * FROM `wp_forms_attribute` WHERE ( `forms_id` = 18 ) AND ( `token` = 'gh_1d3c54b1ff0c' ) ORDER BY sort asc, id asc  [ RunTime:0.000000s ]
INFO: [ view_begin ] --START--
INFO: [ view_begin ] --END-- [ RunTime:0.000000s ]
INFO: [ view_parse ] --START--
INFO: [ template_filter ] --START--
INFO: Run Behavior\ContentReplace [ RunTime:0.000000s ]
INFO: [ template_filter ] --END-- [ RunTime:0.000000s ]
NOTIC: [8] Undefined index: query D:\wwwroot\zhangzizhongon\wwwroot\weiphp\ThinkPHP\Common\functions.php 第 787 行.
NOTIC: [8] Undefined variable: data D:\wwwroot\zhangzizhongon\wwwroot\weiphp\Runtime\Cache\Home\8a711c5829a2c22d8eba4b89c2127d75.php 第 63 行.
NOTIC: [8] Undefined variable: data D:\wwwroot\zhangzizhongon\wwwroot\weiphp\Runtime\Cache\Home\8a711c5829a2c22d8eba4b89c2127d75.php 第 63 行.
NOTIC: [8] Undefined variable: data D:\wwwroot\zhangzizhongon\wwwroot\weiphp\Runtime\Cache\Home\8a711c5829a2c22d8eba4b89c2127d75.php 第 63 行.
NOTIC: [8] Undefined variable: data D:\wwwroot\zhangzizhongon\wwwroot\weiphp\Runtime\Cache\Home\8a711c5829a2c22d8eba4b89c2127d75.php 第 65 行.
NOTIC: [8] Use of undefined constant name - assumed 'name' D:\wwwroot\zhangzizhongon\wwwroot\weiphp\Runtime\Cache\Home\8a711c5829a2c22d8eba4b89c2127d75.php 第 56 行.
NOTIC: [8] Use of undefined constant value - assumed 'value' D:\wwwroot\zhangzizhongon\wwwroot\weiphp\Runtime\Cache\Home\8a711c5829a2c22d8eba4b89c2127d75.php 第 56 行.
NOTIC: [8] Undefined variable: data D:\wwwroot\zhangzizhongon\wwwroot\weiphp\Runtime\Cache\Home\8a711c5829a2c22d8eba4b89c2127d75.php 第 176 行.
NOTIC: [8] Use of undefined constant id - assumed 'id' D:\wwwroot\zhangzizhongon\wwwroot\weiphp\Runtime\Cache\Home\8a711c5829a2c22d8eba4b89c2127d75.php 第 177 行.
INFO: Run Behavior\ParseTemplate [ RunTime:0.093750s ]
INFO: [ view_parse ] --END-- [ RunTime:0.093750s ]
INFO: [ view_filter ] --START--
INFO: Run Behavior\WriteHtmlCache [ RunTime:0.000000s ]
INFO: [ view_filter ] --END-- [ RunTime:0.000000s ]
INFO: [ view_end ] --START--
INFO: [ view_end ] --END-- [ RunTime:0.000000s ]
INFO: [ app_end ] --START--
INFO: Run Behavior\ShowPageTrace [ RunTime:0.000000s ]
INFO: [ app_end ] --END-- [ RunTime:0.000000s ]

[ 2015-12-03T21:03:02+08:00 ] 183.61.236.109 /weiphp/index.php
NOTIC: [8] Undefined index: uid D:\wwwroot\zhangzizhongon\wwwroot\weiphp\ThinkPHP\Library\Think\Controller.class.php 第 135 行.
SQL: SHOW COLUMNS FROM `wp_member` [ RunTime:0.000000s ]
SQL: SELECT * FROM `wp_member` WHERE ( `uid` = 0 ) LIMIT 1   [ RunTime:0.000000s ]
NOTIC: [8] Undefined index: uid D:\wwwroot\zhangzizhongon\wwwroot\weiphp\ThinkPHP\Library\Think\Controller.class.php 第 140 行.

[ 2015-12-03T21:03:02+08:00 ] 183.61.236.109 /weiphp/index.php?s=/home/index/main.html
NOTIC: [8] Undefined index: uid D:\wwwroot\zhangzizhongon\wwwroot\weiphp\ThinkPHP\Library\Think\Controller.class.php 第 135 行.
SQL: SHOW COLUMNS FROM `wp_member` [ RunTime:0.000000s ]
SQL: SELECT * FROM `wp_member` WHERE ( `uid` = 0 ) LIMIT 1   [ RunTime:0.000000s ]
NOTIC: [8] Undefined index: uid D:\wwwroot\zhangzizhongon\wwwroot\weiphp\ThinkPHP\Library\Think\Controller.class.php 第 140 行.

[ 2015-12-03T21:03:02+08:00 ] 183.61.236.109 /weiphp/index.php?s=/home/user/login.html
NOTIC: [8] Undefined index: uid D:\wwwroot\zhangzizhongon\wwwroot\weiphp\ThinkPHP\Library\Think\Controller.class.php 第 135 行.
SQL: SHOW COLUMNS FROM `wp_member` [ RunTime:0.000000s ]
SQL: SELECT * FROM `wp_member` WHERE ( `uid` = 0 ) LIMIT 1   [ RunTime:0.015625s ]
NOTIC: [8] Undefined index: uid D:\wwwroot\zhangzizhongon\wwwroot\weiphp\ThinkPHP\Library\Think\Controller.class.php 第 140 行.
INFO: [ view_begin ] --START--
INFO: [ view_begin ] --END-- [ RunTime:0.000000s ]
INFO: [ view_parse ] --START--
INFO: [ template_filter ] --START--
INFO: Run Behavior\ContentReplace [ RunTime:0.000000s ]
INFO: [ template_filter ] --END-- [ RunTime:0.000000s ]
INFO: Run Behavior\ParseTemplate [ RunTime:0.015625s ]
INFO: [ view_parse ] --END-- [ RunTime:0.015625s ]
INFO: [ view_filter ] --START--
INFO: Run Behavior\WriteHtmlCache [ RunTime:0.000000s ]
INFO: [ view_filter ] --END-- [ RunTime:0.000000s ]
INFO: [ view_end ] --START--
INFO: [ view_end ] --END-- [ RunTime:0.000000s ]

[ 2015-12-03T21:33:04+08:00 ] 116.31.126.30 /weiphp/index.php
NOTIC: [8] Undefined index: uid D:\wwwroot\zhangzizhongon\wwwroot\weiphp\ThinkPHP\Library\Think\Controller.class.php 第 135 行.
SQL: SHOW COLUMNS FROM `wp_member` [ RunTime:0.015625s ]
SQL: SELECT * FROM `wp_member` WHERE ( `uid` = 0 ) LIMIT 1   [ RunTime:0.000000s ]
NOTIC: [8] Undefined index: uid D:\wwwroot\zhangzizhongon\wwwroot\weiphp\ThinkPHP\Library\Think\Controller.class.php 第 140 行.

[ 2015-12-03T21:33:05+08:00 ] 116.31.126.30 /weiphp/index.php?s=/home/index/main.html
NOTIC: [8] Undefined index: uid D:\wwwroot\zhangzizhongon\wwwroot\weiphp\ThinkPHP\Library\Think\Controller.class.php 第 135 行.
SQL: SHOW COLUMNS FROM `wp_member` [ RunTime:0.000000s ]
SQL: SELECT * FROM `wp_member` WHERE ( `uid` = 0 ) LIMIT 1   [ RunTime:0.000000s ]
NOTIC: [8] Undefined index: uid D:\wwwroot\zhangzizhongon\wwwroot\weiphp\ThinkPHP\Library\Think\Controller.class.php 第 140 行.

[ 2015-12-03T21:33:05+08:00 ] 116.31.126.30 /weiphp/index.php?s=/home/user/login.html
NOTIC: [8] Undefined index: uid D:\wwwroot\zhangzizhongon\wwwroot\weiphp\ThinkPHP\Library\Think\Controller.class.php 第 135 行.
SQL: SHOW COLUMNS FROM `wp_member` [ RunTime:0.000000s ]
SQL: SELECT * FROM `wp_member` WHERE ( `uid` = 0 ) LIMIT 1   [ RunTime:0.000000s ]
NOTIC: [8] Undefined index: uid D:\wwwroot\zhangzizhongon\wwwroot\weiphp\ThinkPHP\Library\Think\Controller.class.php 第 140 行.
INFO: [ view_begin ] --START--
INFO: [ view_begin ] --END-- [ RunTime:0.000000s ]
INFO: [ view_parse ] --START--
INFO: [ template_filter ] --START--
INFO: Run Behavior\ContentReplace [ RunTime:0.000000s ]
INFO: [ template_filter ] --END-- [ RunTime:0.000000s ]
INFO: Run Behavior\ParseTemplate [ RunTime:0.046875s ]
INFO: [ view_parse ] --END-- [ RunTime:0.046875s ]
INFO: [ view_filter ] --START--
INFO: Run Behavior\WriteHtmlCache [ RunTime:0.000000s ]
INFO: [ view_filter ] --END-- [ RunTime:0.000000s ]
INFO: [ view_end ] --START--
INFO: [ view_end ] --END-- [ RunTime:0.000000s ]

[ 2015-12-03T22:03:10+08:00 ] 116.31.126.30 /weiphp/index.php
NOTIC: [8] Undefined index: uid D:\wwwroot\zhangzizhongon\wwwroot\weiphp\ThinkPHP\Library\Think\Controller.class.php 第 135 行.
SQL: SHOW COLUMNS FROM `wp_member` [ RunTime:0.000000s ]
SQL: SELECT * FROM `wp_member` WHERE ( `uid` = 0 ) LIMIT 1   [ RunTime:0.000000s ]
NOTIC: [8] Undefined index: uid D:\wwwroot\zhangzizhongon\wwwroot\weiphp\ThinkPHP\Library\Think\Controller.class.php 第 140 行.

[ 2015-12-03T22:03:11+08:00 ] 116.31.126.30 /weiphp/index.php?s=/home/index/main.html
NOTIC: [8] Undefined index: uid D:\wwwroot\zhangzizhongon\wwwroot\weiphp\ThinkPHP\Library\Think\Controller.class.php 第 135 行.
SQL: SHOW COLUMNS FROM `wp_member` [ RunTime:0.000000s ]
SQL: SELECT * FROM `wp_member` WHERE ( `uid` = 0 ) LIMIT 1   [ RunTime:0.000000s ]
NOTIC: [8] Undefined index: uid D:\wwwroot\zhangzizhongon\wwwroot\weiphp\ThinkPHP\Library\Think\Controller.class.php 第 140 行.

[ 2015-12-03T22:03:11+08:00 ] 116.31.126.30 /weiphp/index.php?s=/home/user/login.html
NOTIC: [8] Undefined index: uid D:\wwwroot\zhangzizhongon\wwwroot\weiphp\ThinkPHP\Library\Think\Controller.class.php 第 135 行.
SQL: SHOW COLUMNS FROM `wp_member` [ RunTime:0.000000s ]
SQL: SELECT * FROM `wp_member` WHERE ( `uid` = 0 ) LIMIT 1   [ RunTime:0.000000s ]
NOTIC: [8] Undefined index: uid D:\wwwroot\zhangzizhongon\wwwroot\weiphp\ThinkPHP\Library\Think\Controller.class.php 第 140 行.
INFO: [ view_begin ] --START--
INFO: [ view_begin ] --END-- [ RunTime:0.000000s ]
INFO: [ view_parse ] --START--
INFO: [ template_filter ] --START--
INFO: Run Behavior\ContentReplace [ RunTime:0.000000s ]
INFO: [ template_filter ] --END-- [ RunTime:0.000000s ]
INFO: Run Behavior\ParseTemplate [ RunTime:0.015625s ]
INFO: [ view_parse ] --END-- [ RunTime:0.015625s ]
INFO: [ view_filter ] --START--
INFO: Run Behavior\WriteHtmlCache [ RunTime:0.000000s ]
INFO: [ view_filter ] --END-- [ RunTime:0.000000s ]
INFO: [ view_end ] --START--
INFO: [ view_end ] --END-- [ RunTime:0.000000s ]

[ 2015-12-03T22:33:14+08:00 ] 101.71.55.95 /weiphp/index.php
NOTIC: [8] Undefined index: uid D:\wwwroot\zhangzizhongon\wwwroot\weiphp\ThinkPHP\Library\Think\Controller.class.php 第 135 行.
SQL: SHOW COLUMNS FROM `wp_member` [ RunTime:0.015625s ]
SQL: SELECT * FROM `wp_member` WHERE ( `uid` = 0 ) LIMIT 1   [ RunTime:0.000000s ]
NOTIC: [8] Undefined index: uid D:\wwwroot\zhangzizhongon\wwwroot\weiphp\ThinkPHP\Library\Think\Controller.class.php 第 140 行.

[ 2015-12-03T22:33:14+08:00 ] 101.71.55.95 /weiphp/index.php?s=/home/index/main.html
NOTIC: [8] Undefined index: uid D:\wwwroot\zhangzizhongon\wwwroot\weiphp\ThinkPHP\Library\Think\Controller.class.php 第 135 行.
SQL: SHOW COLUMNS FROM `wp_member` [ RunTime:0.000000s ]
SQL: SELECT * FROM `wp_member` WHERE ( `uid` = 0 ) LIMIT 1   [ RunTime:0.000000s ]
NOTIC: [8] Undefined index: uid D:\wwwroot\zhangzizhongon\wwwroot\weiphp\ThinkPHP\Library\Think\Controller.class.php 第 140 行.

[ 2015-12-03T22:33:14+08:00 ] 101.71.55.95 /weiphp/index.php?s=/home/user/login.html
NOTIC: [8] Undefined index: uid D:\wwwroot\zhangzizhongon\wwwroot\weiphp\ThinkPHP\Library\Think\Controller.class.php 第 135 行.
SQL: SHOW COLUMNS FROM `wp_member` [ RunTime:0.000000s ]
SQL: SELECT * FROM `wp_member` WHERE ( `uid` = 0 ) LIMIT 1   [ RunTime:0.000000s ]
NOTIC: [8] Undefined index: uid D:\wwwroot\zhangzizhongon\wwwroot\weiphp\ThinkPHP\Library\Think\Controller.class.php 第 140 行.
INFO: [ view_begin ] --START--
INFO: [ view_begin ] --END-- [ RunTime:0.000000s ]
INFO: [ view_parse ] --START--
INFO: [ template_filter ] --START--
INFO: Run Behavior\ContentReplace [ RunTime:0.000000s ]
INFO: [ template_filter ] --END-- [ RunTime:0.000000s ]
INFO: Run Behavior\ParseTemplate [ RunTime:0.046875s ]
INFO: [ view_parse ] --END-- [ RunTime:0.046875s ]
INFO: [ view_filter ] --START--
INFO: Run Behavior\WriteHtmlCache [ RunTime:0.000000s ]
INFO: [ view_filter ] --END-- [ RunTime:0.000000s ]
INFO: [ view_end ] --START--
INFO: [ view_end ] --END-- [ RunTime:0.000000s ]

[ 2015-12-03T23:33:16+08:00 ] 116.31.126.30 /weiphp/index.php
NOTIC: [8] Undefined index: uid D:\wwwroot\zhangzizhongon\wwwroot\weiphp\ThinkPHP\Library\Think\Controller.class.php 第 135 行.
SQL: SHOW COLUMNS FROM `wp_member` [ RunTime:0.015625s ]
SQL: SELECT * FROM `wp_member` WHERE ( `uid` = 0 ) LIMIT 1   [ RunTime:0.000000s ]
NOTIC: [8] Undefined index: uid D:\wwwroot\zhangzizhongon\wwwroot\weiphp\ThinkPHP\Library\Think\Controller.class.php 第 140 行.

[ 2015-12-03T23:33:17+08:00 ] 116.31.126.30 /weiphp/index.php?s=/home/index/main.html
NOTIC: [8] Undefined index: uid D:\wwwroot\zhangzizhongon\wwwroot\weiphp\ThinkPHP\Library\Think\Controller.class.php 第 135 行.
SQL: SHOW COLUMNS FROM `wp_member` [ RunTime:0.000000s ]
SQL: SELECT * FROM `wp_member` WHERE ( `uid` = 0 ) LIMIT 1   [ RunTime:0.000000s ]
NOTIC: [8] Undefined index: uid D:\wwwroot\zhangzizhongon\wwwroot\weiphp\ThinkPHP\Library\Think\Controller.class.php 第 140 行.

[ 2015-12-03T23:33:17+08:00 ] 116.31.126.30 /weiphp/index.php?s=/home/user/login.html
NOTIC: [8] Undefined index: uid D:\wwwroot\zhangzizhongon\wwwroot\weiphp\ThinkPHP\Library\Think\Controller.class.php 第 135 行.
SQL: SHOW COLUMNS FROM `wp_member` [ RunTime:0.000000s ]
SQL: SELECT * FROM `wp_member` WHERE ( `uid` = 0 ) LIMIT 1   [ RunTime:0.000000s ]
NOTIC: [8] Undefined index: uid D:\wwwroot\zhangzizhongon\wwwroot\weiphp\ThinkPHP\Library\Think\Controller.class.php 第 140 行.
INFO: [ view_begin ] --START--
INFO: [ view_begin ] --END-- [ RunTime:0.000000s ]
INFO: [ view_parse ] --START--
INFO: [ template_filter ] --START--
INFO: Run Behavior\ContentReplace [ RunTime:0.000000s ]
INFO: [ template_filter ] --END-- [ RunTime:0.000000s ]
INFO: Run Behavior\ParseTemplate [ RunTime:0.078125s ]
INFO: [ view_parse ] --END-- [ RunTime:0.078125s ]
INFO: [ view_filter ] --START--
INFO: Run Behavior\WriteHtmlCache [ RunTime:0.000000s ]
INFO: [ view_filter ] --END-- [ RunTime:0.000000s ]
INFO: [ view_end ] --START--
INFO: [ view_end ] --END-- [ RunTime:0.000000s ]

