[ 2015-11-12T10:06:21+08:00 ] 163.177.68.30 /weiphp/index.php
NOTIC: [8] Undefined index: uid D:\wwwroot\zhangzizhongon\wwwroot\weiphp\ThinkPHP\Library\Think\Controller.class.php 第 135 行.
SQL: SHOW COLUMNS FROM `wp_member` [ RunTime:0.015625s ]
SQL: SELECT * FROM `wp_member` WHERE ( `uid` = 0 ) LIMIT 1   [ RunTime:0.000000s ]
NOTIC: [8] Undefined index: uid D:\wwwroot\zhangzizhongon\wwwroot\weiphp\ThinkPHP\Library\Think\Controller.class.php 第 140 行.

[ 2015-11-12T10:06:21+08:00 ] 163.177.68.30 /weiphp/index.php?s=/home/index/main.html
NOTIC: [8] Undefined index: uid D:\wwwroot\zhangzizhongon\wwwroot\weiphp\ThinkPHP\Library\Think\Controller.class.php 第 135 行.
SQL: SHOW COLUMNS FROM `wp_member` [ RunTime:0.000000s ]
SQL: SELECT * FROM `wp_member` WHERE ( `uid` = 0 ) LIMIT 1   [ RunTime:0.000000s ]
NOTIC: [8] Undefined index: uid D:\wwwroot\zhangzizhongon\wwwroot\weiphp\ThinkPHP\Library\Think\Controller.class.php 第 140 行.

[ 2015-11-12T10:06:21+08:00 ] 163.177.68.30 /weiphp/index.php?s=/home/user/login.html
NOTIC: [8] Undefined index: uid D:\wwwroot\zhangzizhongon\wwwroot\weiphp\ThinkPHP\Library\Think\Controller.class.php 第 135 行.
SQL: SHOW COLUMNS FROM `wp_member` [ RunTime:0.000000s ]
SQL: SELECT * FROM `wp_member` WHERE ( `uid` = 0 ) LIMIT 1   [ RunTime:0.000000s ]
NOTIC: [8] Undefined index: uid D:\wwwroot\zhangzizhongon\wwwroot\weiphp\ThinkPHP\Library\Think\Controller.class.php 第 140 行.
NOTIC: [8] Undefined index: from D:\wwwroot\zhangzizhongon\wwwroot\weiphp\Application\Home\Controller\UserController.class.php 第 107 行.
INFO: [ view_begin ] --START--
INFO: [ view_begin ] --END-- [ RunTime:0.000000s ]
INFO: [ view_parse ] --START--
INFO: [ template_filter ] --START--
INFO: Run Behavior\ContentReplace [ RunTime:0.000000s ]
INFO: [ template_filter ] --END-- [ RunTime:0.000000s ]
NOTIC: [8] Undefined index: _addons D:\wwwroot\zhangzizhongon\wwwroot\weiphp\Runtime\Cache\Home\b171d71961885d3bf0f7a9b2e0867b01.php 第 40 行.
SQL: SHOW COLUMNS FROM `wp_addons` [ RunTime:0.000000s ]
SQL: SELECT * FROM `wp_addons` WHERE ( `status` = 1 ) AND ( `type` = 1 )  [ RunTime:0.000000s ]
SQL: SHOW COLUMNS FROM `wp_addons` [ RunTime:0.000000s ]
SQL: SHOW COLUMNS FROM `wp_member_public` [ RunTime:0.000000s ]
SQL: SELECT * FROM `wp_member_public` WHERE ( `token` = -1 ) LIMIT 1   [ RunTime:0.000000s ]
SQL: SHOW COLUMNS FROM `wp_member_public_link` [ RunTime:0.015625s ]
SQL: SELECT `addon_status` FROM `wp_member_public_link` WHERE ( `uid` = null ) AND ( `mp_id` = null ) LIMIT 1   [ RunTime:0.000000s ]
NOTIC: [8] Undefined variable: addons D:\wwwroot\zhangzizhongon\wwwroot\weiphp\Application\Common\Common\function.php 第 465 行.
NOTIC: [8] Undefined variable: addons D:\wwwroot\zhangzizhongon\wwwroot\weiphp\Application\Common\Common\function.php 第 465 行.
NOTIC: [8] Undefined variable: addons D:\wwwroot\zhangzizhongon\wwwroot\weiphp\Application\Common\Common\function.php 第 465 行.
NOTIC: [8] Undefined variable: addons D:\wwwroot\zhangzizhongon\wwwroot\weiphp\Application\Common\Common\function.php 第 465 行.
NOTIC: [8] Undefined variable: addons D:\wwwroot\zhangzizhongon\wwwroot\weiphp\Application\Common\Common\function.php 第 465 行.
NOTIC: [8] Undefined variable: addons D:\wwwroot\zhangzizhongon\wwwroot\weiphp\Application\Common\Common\function.php 第 465 行.
NOTIC: [8] Undefined variable: addons D:\wwwroot\zhangzizhongon\wwwroot\weiphp\Application\Common\Common\function.php 第 465 行.
NOTIC: [8] Undefined variable: addons D:\wwwroot\zhangzizhongon\wwwroot\weiphp\Application\Common\Common\function.php 第 465 行.
NOTIC: [8] Undefined variable: addons D:\wwwroot\zhangzizhongon\wwwroot\weiphp\Application\Common\Common\function.php 第 465 行.
NOTIC: [8] Undefined variable: addons D:\wwwroot\zhangzizhongon\wwwroot\weiphp\Application\Common\Common\function.php 第 465 行.
NOTIC: [8] Undefined variable: addons D:\wwwroot\zhangzizhongon\wwwroot\weiphp\Application\Common\Common\function.php 第 465 行.
NOTIC: [8] Undefined variable: addons D:\wwwroot\zhangzizhongon\wwwroot\weiphp\Application\Common\Common\function.php 第 465 行.
NOTIC: [8] Undefined variable: addons D:\wwwroot\zhangzizhongon\wwwroot\weiphp\Application\Common\Common\function.php 第 465 行.
NOTIC: [8] Undefined variable: addons D:\wwwroot\zhangzizhongon\wwwroot\weiphp\Application\Common\Common\function.php 第 465 行.
NOTIC: [8] Undefined variable: addons D:\wwwroot\zhangzizhongon\wwwroot\weiphp\Application\Common\Common\function.php 第 465 行.
NOTIC: [8] Undefined variable: addons D:\wwwroot\zhangzizhongon\wwwroot\weiphp\Application\Common\Common\function.php 第 465 行.
NOTIC: [8] Undefined variable: addons D:\wwwroot\zhangzizhongon\wwwroot\weiphp\Application\Common\Common\function.php 第 465 行.
NOTIC: [8] Undefined variable: addons D:\wwwroot\zhangzizhongon\wwwroot\weiphp\Application\Common\Common\function.php 第 465 行.
NOTIC: [8] Undefined variable: addons D:\wwwroot\zhangzizhongon\wwwroot\weiphp\Application\Common\Common\function.php 第 465 行.
NOTIC: [8] Undefined variable: addons D:\wwwroot\zhangzizhongon\wwwroot\weiphp\Application\Common\Common\function.php 第 465 行.
NOTIC: [8] Undefined variable: addons D:\wwwroot\zhangzizhongon\wwwroot\weiphp\Application\Common\Common\function.php 第 465 行.
NOTIC: [8] Undefined variable: addons D:\wwwroot\zhangzizhongon\wwwroot\weiphp\Application\Common\Common\function.php 第 465 行.
NOTIC: [8] Undefined variable: addons D:\wwwroot\zhangzizhongon\wwwroot\weiphp\Application\Common\Common\function.php 第 465 行.
NOTIC: [8] Undefined variable: addons D:\wwwroot\zhangzizhongon\wwwroot\weiphp\Application\Common\Common\function.php 第 465 行.
NOTIC: [8] Undefined variable: addons D:\wwwroot\zhangzizhongon\wwwroot\weiphp\Application\Common\Common\function.php 第 465 行.
INFO: Run Behavior\ParseTemplate [ RunTime:0.265625s ]
INFO: [ view_parse ] --END-- [ RunTime:0.265625s ]
INFO: [ view_filter ] --START--
INFO: Run Behavior\WriteHtmlCache [ RunTime:0.000000s ]
INFO: [ view_filter ] --END-- [ RunTime:0.000000s ]
INFO: [ view_end ] --START--
INFO: [ view_end ] --END-- [ RunTime:0.000000s ]
INFO: [ app_end ] --START--
INFO: Run Behavior\ShowPageTrace [ RunTime:0.000000s ]
INFO: [ app_end ] --END-- [ RunTime:0.000000s ]

[ 2015-11-12T10:10:15+08:00 ] 163.177.68.30 /weiphp/index.php
NOTIC: [8] Undefined index: uid D:\wwwroot\zhangzizhongon\wwwroot\weiphp\ThinkPHP\Library\Think\Controller.class.php 第 135 行.
SQL: SHOW COLUMNS FROM `wp_member` [ RunTime:0.000000s ]
SQL: SELECT * FROM `wp_member` WHERE ( `uid` = 0 ) LIMIT 1   [ RunTime:0.000000s ]
NOTIC: [8] Undefined index: uid D:\wwwroot\zhangzizhongon\wwwroot\weiphp\ThinkPHP\Library\Think\Controller.class.php 第 140 行.

[ 2015-11-12T10:10:15+08:00 ] 163.177.68.30 /weiphp/index.php?s=/home/index/main.html
NOTIC: [8] Undefined index: uid D:\wwwroot\zhangzizhongon\wwwroot\weiphp\ThinkPHP\Library\Think\Controller.class.php 第 135 行.
SQL: SHOW COLUMNS FROM `wp_member` [ RunTime:0.000000s ]
SQL: SELECT * FROM `wp_member` WHERE ( `uid` = 0 ) LIMIT 1   [ RunTime:0.000000s ]
NOTIC: [8] Undefined index: uid D:\wwwroot\zhangzizhongon\wwwroot\weiphp\ThinkPHP\Library\Think\Controller.class.php 第 140 行.

[ 2015-11-12T10:10:16+08:00 ] 163.177.68.30 /weiphp/index.php?s=/home/user/login.html
NOTIC: [8] Undefined index: uid D:\wwwroot\zhangzizhongon\wwwroot\weiphp\ThinkPHP\Library\Think\Controller.class.php 第 135 行.
SQL: SHOW COLUMNS FROM `wp_member` [ RunTime:0.000000s ]
SQL: SELECT * FROM `wp_member` WHERE ( `uid` = 0 ) LIMIT 1   [ RunTime:0.000000s ]
NOTIC: [8] Undefined index: uid D:\wwwroot\zhangzizhongon\wwwroot\weiphp\ThinkPHP\Library\Think\Controller.class.php 第 140 行.
NOTIC: [8] Undefined index: from D:\wwwroot\zhangzizhongon\wwwroot\weiphp\Application\Home\Controller\UserController.class.php 第 107 行.
INFO: [ view_begin ] --START--
INFO: [ view_begin ] --END-- [ RunTime:0.000000s ]
INFO: [ view_parse ] --START--
INFO: [ template_filter ] --START--
INFO: Run Behavior\ContentReplace [ RunTime:0.000000s ]
INFO: [ template_filter ] --END-- [ RunTime:0.000000s ]
NOTIC: [8] Undefined index: _addons D:\wwwroot\zhangzizhongon\wwwroot\weiphp\Runtime\Cache\Home\b171d71961885d3bf0f7a9b2e0867b01.php 第 40 行.
SQL: SHOW COLUMNS FROM `wp_addons` [ RunTime:0.000000s ]
SQL: SELECT * FROM `wp_addons` WHERE ( `status` = 1 ) AND ( `type` = 1 )  [ RunTime:0.000000s ]
SQL: SHOW COLUMNS FROM `wp_addons` [ RunTime:0.000000s ]
SQL: SHOW COLUMNS FROM `wp_member_public` [ RunTime:0.015625s ]
SQL: SELECT * FROM `wp_member_public` WHERE ( `token` = -1 ) LIMIT 1   [ RunTime:0.000000s ]
SQL: SHOW COLUMNS FROM `wp_member_public_link` [ RunTime:0.000000s ]
SQL: SELECT `addon_status` FROM `wp_member_public_link` WHERE ( `uid` = null ) AND ( `mp_id` = null ) LIMIT 1   [ RunTime:0.000000s ]
NOTIC: [8] Undefined variable: addons D:\wwwroot\zhangzizhongon\wwwroot\weiphp\Application\Common\Common\function.php 第 465 行.
NOTIC: [8] Undefined variable: addons D:\wwwroot\zhangzizhongon\wwwroot\weiphp\Application\Common\Common\function.php 第 465 行.
NOTIC: [8] Undefined variable: addons D:\wwwroot\zhangzizhongon\wwwroot\weiphp\Application\Common\Common\function.php 第 465 行.
NOTIC: [8] Undefined variable: addons D:\wwwroot\zhangzizhongon\wwwroot\weiphp\Application\Common\Common\function.php 第 465 行.
NOTIC: [8] Undefined variable: addons D:\wwwroot\zhangzizhongon\wwwroot\weiphp\Application\Common\Common\function.php 第 465 行.
NOTIC: [8] Undefined variable: addons D:\wwwroot\zhangzizhongon\wwwroot\weiphp\Application\Common\Common\function.php 第 465 行.
NOTIC: [8] Undefined variable: addons D:\wwwroot\zhangzizhongon\wwwroot\weiphp\Application\Common\Common\function.php 第 465 行.
NOTIC: [8] Undefined variable: addons D:\wwwroot\zhangzizhongon\wwwroot\weiphp\Application\Common\Common\function.php 第 465 行.
NOTIC: [8] Undefined variable: addons D:\wwwroot\zhangzizhongon\wwwroot\weiphp\Application\Common\Common\function.php 第 465 行.
NOTIC: [8] Undefined variable: addons D:\wwwroot\zhangzizhongon\wwwroot\weiphp\Application\Common\Common\function.php 第 465 行.
NOTIC: [8] Undefined variable: addons D:\wwwroot\zhangzizhongon\wwwroot\weiphp\Application\Common\Common\function.php 第 465 行.
NOTIC: [8] Undefined variable: addons D:\wwwroot\zhangzizhongon\wwwroot\weiphp\Application\Common\Common\function.php 第 465 行.
NOTIC: [8] Undefined variable: addons D:\wwwroot\zhangzizhongon\wwwroot\weiphp\Application\Common\Common\function.php 第 465 行.
NOTIC: [8] Undefined variable: addons D:\wwwroot\zhangzizhongon\wwwroot\weiphp\Application\Common\Common\function.php 第 465 行.
NOTIC: [8] Undefined variable: addons D:\wwwroot\zhangzizhongon\wwwroot\weiphp\Application\Common\Common\function.php 第 465 行.
NOTIC: [8] Undefined variable: addons D:\wwwroot\zhangzizhongon\wwwroot\weiphp\Application\Common\Common\function.php 第 465 行.
NOTIC: [8] Undefined variable: addons D:\wwwroot\zhangzizhongon\wwwroot\weiphp\Application\Common\Common\function.php 第 465 行.
NOTIC: [8] Undefined variable: addons D:\wwwroot\zhangzizhongon\wwwroot\weiphp\Application\Common\Common\function.php 第 465 行.
NOTIC: [8] Undefined variable: addons D:\wwwroot\zhangzizhongon\wwwroot\weiphp\Application\Common\Common\function.php 第 465 行.
NOTIC: [8] Undefined variable: addons D:\wwwroot\zhangzizhongon\wwwroot\weiphp\Application\Common\Common\function.php 第 465 行.
NOTIC: [8] Undefined variable: addons D:\wwwroot\zhangzizhongon\wwwroot\weiphp\Application\Common\Common\function.php 第 465 行.
NOTIC: [8] Undefined variable: addons D:\wwwroot\zhangzizhongon\wwwroot\weiphp\Application\Common\Common\function.php 第 465 行.
NOTIC: [8] Undefined variable: addons D:\wwwroot\zhangzizhongon\wwwroot\weiphp\Application\Common\Common\function.php 第 465 行.
NOTIC: [8] Undefined variable: addons D:\wwwroot\zhangzizhongon\wwwroot\weiphp\Application\Common\Common\function.php 第 465 行.
NOTIC: [8] Undefined variable: addons D:\wwwroot\zhangzizhongon\wwwroot\weiphp\Application\Common\Common\function.php 第 465 行.
INFO: Run Behavior\ParseTemplate [ RunTime:0.078125s ]
INFO: [ view_parse ] --END-- [ RunTime:0.078125s ]
INFO: [ view_filter ] --START--
INFO: Run Behavior\WriteHtmlCache [ RunTime:0.000000s ]
INFO: [ view_filter ] --END-- [ RunTime:0.000000s ]
INFO: [ view_end ] --START--
INFO: [ view_end ] --END-- [ RunTime:0.000000s ]
INFO: [ app_end ] --START--
INFO: Run Behavior\ShowPageTrace [ RunTime:0.000000s ]
INFO: [ app_end ] --END-- [ RunTime:0.000000s ]

[ 2015-11-12T10:52:07+08:00 ] 116.24.92.213 /weiphp/index.php?s=/addon/Forms/FormsValue/add/forms_id/15/token/gh_1d3c54b1ff0c.html&openid=-1
SQL: SELECT * FROM `wp_addons` WHERE ( `name` = 'Forms' ) LIMIT 1   [ RunTime:0.000000s ]
NOTIC: [8] Undefined index: query D:\wwwroot\zhangzizhongon\wwwroot\weiphp\ThinkPHP\Common\functions.php 第 787 行.
SQL: SHOW COLUMNS FROM `wp_tongji` [ RunTime:0.046875s ]
SQL: SELECT * FROM `wp_tongji` WHERE ( `token` = 'gh_1d3c54b1ff0c' ) AND ( `day` = 20151112 ) LIMIT 1   [ RunTime:0.000000s ]
SQL: INSERT INTO `wp_tongji` (`token`,`day`,`content`,`month`) VALUES ('gh_1d3c54b1ff0c',20151112,'a:1:{s:5:\"Forms\";i:1;}',201511) [ RunTime:0.000000s ]
NOTIC: [2048] Declaration of Addons\Forms\Controller\FormsValueController::lists() should be compatible with Home\Controller\AddonsController::lists($model = NULL, $page = 0) D:\wwwroot\zhangzizhongon\wwwroot\weiphp\Addons\Forms\Controller\FormsValueController.class.php 第 7 行.
NOTIC: [2048] Declaration of Addons\Forms\Controller\FormsValueController::edit() should be compatible with Home\Controller\AddonsController::edit($model = NULL, $id = 0) D:\wwwroot\zhangzizhongon\wwwroot\weiphp\Addons\Forms\Controller\FormsValueController.class.php 第 7 行.
NOTIC: [2048] Declaration of Addons\Forms\Controller\FormsValueController::add() should be compatible with Home\Controller\AddonsController::add($model = NULL) D:\wwwroot\zhangzizhongon\wwwroot\weiphp\Addons\Forms\Controller\FormsValueController.class.php 第 7 行.
NOTIC: [2048] Declaration of Addons\Forms\Controller\FormsValueController::del() should be compatible with Home\Controller\AddonsController::del($model = NULL, $ids = NULL) D:\wwwroot\zhangzizhongon\wwwroot\weiphp\Addons\Forms\Controller\FormsValueController.class.php 第 7 行.
INFO: [ action_begin ] --START--
INFO: [ action_begin ] --END-- [ RunTime:-0.203125s ]
SQL: SELECT `public_name` FROM `wp_member_public` WHERE ( `token` = 'gh_1d3c54b1ff0c' ) LIMIT 1   [ RunTime:0.000000s ]
SQL: SELECT * FROM `wp_follow` WHERE ( `token` = 'gh_1d3c54b1ff0c' ) AND ( `openid` = '-1' ) LIMIT 1   [ RunTime:0.000000s ]
NOTIC: [8] Undefined index: need_bind D:\wwwroot\zhangzizhongon\wwwroot\weiphp\ThinkPHP\Library\Think\Controller.class.php 第 211 行.
NOTIC: [8] Undefined index: uid D:\wwwroot\zhangzizhongon\wwwroot\weiphp\ThinkPHP\Library\Think\Controller.class.php 第 243 行.
SQL: SHOW COLUMNS FROM `wp_model` [ RunTime:0.015625s ]
SQL: SELECT * FROM `wp_model` WHERE ( `name` = 'forms_value' ) LIMIT 1   [ RunTime:0.000000s ]
NOTIC: [8] Undefined variable: addons D:\wwwroot\zhangzizhongon\wwwroot\weiphp\Application\Common\Common\function.php 第 465 行.
NOTIC: [8] Undefined variable: addons D:\wwwroot\zhangzizhongon\wwwroot\weiphp\Application\Common\Common\function.php 第 465 行.
SQL: SHOW COLUMNS FROM `wp_forms` [ RunTime:0.015625s ]
SQL: SELECT * FROM `wp_forms` WHERE ( `id` = 15 ) LIMIT 1   [ RunTime:0.015625s ]
SQL: SHOW COLUMNS FROM `wp_picture` [ RunTime:0.000000s ]
SQL: SELECT * FROM `wp_picture` WHERE ( `status` = 1 ) AND ( `id` = 393 ) LIMIT 1   [ RunTime:0.015625s ]
SQL: SELECT * FROM `wp_model` WHERE ( `id` = 71 ) LIMIT 1   [ RunTime:0.000000s ]
SQL: SHOW COLUMNS FROM `wp_forms_value` [ RunTime:0.015625s ]
SQL: SELECT * FROM `wp_forms_value` WHERE ( `uid` = -6229 ) AND ( `forms_id` = 15 ) LIMIT 1   [ RunTime:0.015625s ]
SQL: SHOW COLUMNS FROM `wp_forms_attribute` [ RunTime:0.015625s ]
SQL: SELECT * FROM `wp_forms_attribute` WHERE ( `forms_id` = 15 ) AND ( `token` = 'gh_1d3c54b1ff0c' ) ORDER BY sort asc, id asc  [ RunTime:0.000000s ]
INFO: [ view_begin ] --START--
INFO: [ view_begin ] --END-- [ RunTime:0.000000s ]
INFO: [ view_parse ] --START--
INFO: [ template_filter ] --START--
INFO: Run Behavior\ContentReplace [ RunTime:0.000000s ]
INFO: [ template_filter ] --END-- [ RunTime:0.000000s ]
NOTIC: [8] Undefined variable: data D:\wwwroot\zhangzizhongon\wwwroot\weiphp\Runtime\Cache\Home\8a711c5829a2c22d8eba4b89c2127d75.php 第 63 行.
NOTIC: [8] Undefined variable: data D:\wwwroot\zhangzizhongon\wwwroot\weiphp\Runtime\Cache\Home\8a711c5829a2c22d8eba4b89c2127d75.php 第 63 行.
NOTIC: [8] Undefined variable: data D:\wwwroot\zhangzizhongon\wwwroot\weiphp\Runtime\Cache\Home\8a711c5829a2c22d8eba4b89c2127d75.php 第 63 行.
NOTIC: [8] Undefined variable: data D:\wwwroot\zhangzizhongon\wwwroot\weiphp\Runtime\Cache\Home\8a711c5829a2c22d8eba4b89c2127d75.php 第 63 行.
NOTIC: [8] Undefined variable: data D:\wwwroot\zhangzizhongon\wwwroot\weiphp\Runtime\Cache\Home\8a711c5829a2c22d8eba4b89c2127d75.php 第 63 行.
NOTIC: [8] Undefined variable: data D:\wwwroot\zhangzizhongon\wwwroot\weiphp\Runtime\Cache\Home\8a711c5829a2c22d8eba4b89c2127d75.php 第 63 行.
NOTIC: [8] Use of undefined constant name - assumed 'name' D:\wwwroot\zhangzizhongon\wwwroot\weiphp\Runtime\Cache\Home\8a711c5829a2c22d8eba4b89c2127d75.php 第 56 行.
NOTIC: [8] Use of undefined constant value - assumed 'value' D:\wwwroot\zhangzizhongon\wwwroot\weiphp\Runtime\Cache\Home\8a711c5829a2c22d8eba4b89c2127d75.php 第 56 行.
NOTIC: [8] Undefined variable: data D:\wwwroot\zhangzizhongon\wwwroot\weiphp\Runtime\Cache\Home\8a711c5829a2c22d8eba4b89c2127d75.php 第 176 行.
NOTIC: [8] Use of undefined constant id - assumed 'id' D:\wwwroot\zhangzizhongon\wwwroot\weiphp\Runtime\Cache\Home\8a711c5829a2c22d8eba4b89c2127d75.php 第 177 行.
INFO: Run Behavior\ParseTemplate [ RunTime:0.156250s ]
INFO: [ view_parse ] --END-- [ RunTime:0.156250s ]
INFO: [ view_filter ] --START--
INFO: Run Behavior\WriteHtmlCache [ RunTime:0.000000s ]
INFO: [ view_filter ] --END-- [ RunTime:0.000000s ]
INFO: [ view_end ] --START--
INFO: [ view_end ] --END-- [ RunTime:0.000000s ]
INFO: [ app_end ] --START--
INFO: Run Behavior\ShowPageTrace [ RunTime:0.000000s ]
INFO: [ app_end ] --END-- [ RunTime:0.000000s ]

[ 2015-11-12T10:53:50+08:00 ] 116.24.92.213 /weiphp/index.php?s=/addon/Forms/FormsValue/add/model/71.html
INFO: [ app_begin ] --START--
INFO: Run Behavior\ReadHtmlCache [ RunTime:0.000000s ]
INFO: [ app_begin ] --END-- [ RunTime:0.000000s ]
INFO: [ action_begin ] --START--
INFO: [ action_begin ] --END-- [ RunTime:0.000000s ]
SQL: SHOW COLUMNS FROM `wp_member_public` [ RunTime:0.000000s ]
SQL: SELECT `public_name` FROM `wp_member_public` WHERE ( `token` = 'gh_1d3c54b1ff0c' ) LIMIT 1   [ RunTime:0.000000s ]
SQL: SHOW COLUMNS FROM `wp_follow` [ RunTime:0.000000s ]
SQL: SELECT * FROM `wp_follow` WHERE ( `token` = 'gh_1d3c54b1ff0c' ) AND ( `openid` = '-1' ) LIMIT 1   [ RunTime:0.000000s ]
SQL: SELECT `addon_config` FROM `wp_member_public` WHERE ( `token` = 'gh_1d3c54b1ff0c' ) LIMIT 1   [ RunTime:0.015625s ]
SQL: SHOW COLUMNS FROM `wp_addons` [ RunTime:0.000000s ]
SQL: SELECT `config` FROM `wp_addons` WHERE ( `name` = 'UserCenter' ) AND ( `status` = 1 ) LIMIT 1   [ RunTime:0.000000s ]
NOTIC: [8] Undefined index: need_bind D:\wwwroot\zhangzizhongon\wwwroot\weiphp\ThinkPHP\Library\Think\Controller.class.php 第 211 行.
NOTIC: [8] Undefined index: uid D:\wwwroot\zhangzizhongon\wwwroot\weiphp\ThinkPHP\Library\Think\Controller.class.php 第 243 行.
SQL: SELECT * FROM `wp_addons` WHERE ( `name` = 'Forms' ) LIMIT 1   [ RunTime:0.000000s ]
NOTIC: [8] Undefined index: query D:\wwwroot\zhangzizhongon\wwwroot\weiphp\ThinkPHP\Common\functions.php 第 787 行.
SQL: SHOW COLUMNS FROM `wp_tongji` [ RunTime:0.000000s ]
SQL: SELECT * FROM `wp_tongji` WHERE ( `token` = 'gh_1d3c54b1ff0c' ) AND ( `day` = 20151112 ) LIMIT 1   [ RunTime:0.000000s ]
SQL: UPDATE `wp_tongji` SET `content`='a:1:{s:5:\"Forms\";i:2;}' WHERE ( `token` = 'gh_1d3c54b1ff0c' ) AND ( `day` = 20151112 ) [ RunTime:0.015625s ]
NOTIC: [2048] Declaration of Addons\Forms\Controller\FormsValueController::lists() should be compatible with Home\Controller\AddonsController::lists($model = NULL, $page = 0) D:\wwwroot\zhangzizhongon\wwwroot\weiphp\Addons\Forms\Controller\FormsValueController.class.php 第 7 行.
NOTIC: [2048] Declaration of Addons\Forms\Controller\FormsValueController::edit() should be compatible with Home\Controller\AddonsController::edit($model = NULL, $id = 0) D:\wwwroot\zhangzizhongon\wwwroot\weiphp\Addons\Forms\Controller\FormsValueController.class.php 第 7 行.
NOTIC: [2048] Declaration of Addons\Forms\Controller\FormsValueController::add() should be compatible with Home\Controller\AddonsController::add($model = NULL) D:\wwwroot\zhangzizhongon\wwwroot\weiphp\Addons\Forms\Controller\FormsValueController.class.php 第 7 行.
NOTIC: [2048] Declaration of Addons\Forms\Controller\FormsValueController::del() should be compatible with Home\Controller\AddonsController::del($model = NULL, $ids = NULL) D:\wwwroot\zhangzizhongon\wwwroot\weiphp\Addons\Forms\Controller\FormsValueController.class.php 第 7 行.
INFO: [ action_begin ] --START--
INFO: [ action_begin ] --END-- [ RunTime:-0.062500s ]
SQL: SELECT `public_name` FROM `wp_member_public` WHERE ( `token` = 'gh_1d3c54b1ff0c' ) LIMIT 1   [ RunTime:0.000000s ]
SQL: SELECT * FROM `wp_follow` WHERE ( `token` = 'gh_1d3c54b1ff0c' ) AND ( `openid` = '-1' ) LIMIT 1   [ RunTime:0.000000s ]
NOTIC: [8] Undefined index: need_bind D:\wwwroot\zhangzizhongon\wwwroot\weiphp\ThinkPHP\Library\Think\Controller.class.php 第 211 行.
NOTIC: [8] Undefined index: uid D:\wwwroot\zhangzizhongon\wwwroot\weiphp\ThinkPHP\Library\Think\Controller.class.php 第 243 行.
SQL: SHOW COLUMNS FROM `wp_model` [ RunTime:0.000000s ]
SQL: SELECT * FROM `wp_model` WHERE ( `name` = 'forms_value' ) LIMIT 1   [ RunTime:0.015625s ]
NOTIC: [8] Undefined variable: addons D:\wwwroot\zhangzizhongon\wwwroot\weiphp\Application\Common\Common\function.php 第 465 行.
NOTIC: [8] Undefined variable: addons D:\wwwroot\zhangzizhongon\wwwroot\weiphp\Application\Common\Common\function.php 第 465 行.
SQL: SHOW COLUMNS FROM `wp_forms` [ RunTime:0.000000s ]
SQL: SELECT * FROM `wp_forms` WHERE ( `id` = 15 ) LIMIT 1   [ RunTime:0.000000s ]
SQL: SHOW COLUMNS FROM `wp_picture` [ RunTime:0.000000s ]
SQL: SELECT * FROM `wp_picture` WHERE ( `status` = 1 ) AND ( `id` = 393 ) LIMIT 1   [ RunTime:0.000000s ]
SQL: SELECT * FROM `wp_model` WHERE ( `id` = 71 ) LIMIT 1   [ RunTime:0.000000s ]
SQL: SHOW COLUMNS FROM `wp_forms_value` [ RunTime:0.000000s ]
SQL: SELECT * FROM `wp_forms_value` WHERE ( `uid` = -6229 ) AND ( `forms_id` = 15 ) LIMIT 1   [ RunTime:0.000000s ]
SQL: SHOW COLUMNS FROM `wp_forms_attribute` [ RunTime:0.000000s ]
SQL: SELECT * FROM `wp_forms_attribute` WHERE ( `forms_id` = 15 ) AND ( `token` = 'gh_1d3c54b1ff0c' ) ORDER BY sort asc, id asc  [ RunTime:0.000000s ]
SQL: SELECT * FROM `wp_model` WHERE ( `id` = 71 ) LIMIT 1   [ RunTime:0.000000s ]
SQL: SHOW COLUMNS FROM `wp_forms_value` [ RunTime:0.000000s ]
SQL: SELECT `extend` FROM `wp_model` WHERE ( `id` = 71 ) LIMIT 1   [ RunTime:0.000000s ]
SQL: SHOW COLUMNS FROM `wp_attribute` [ RunTime:0.015625s ]
SQL: SELECT * FROM `wp_attribute` WHERE ( `model_id` = 71 )  [ RunTime:0.000000s ]
SQL: INSERT INTO `wp_forms_value` (`forms_id`,`id`,`value`,`uid`,`openid`,`cTime`,`token`) VALUES (15,0,'a:6:{s:4:\"name\";s:6:\"卢富\";s:4:\"year\";s:4:\"2002\";s:6:\"branch\";s:30:\"商英学院国际贸易023班\";s:6:\"mobile\";s:11:\"13760225727\";s:4:\"mail\";s:15:\"26779630@qq.com\";s:3:\"add\";s:27:\"深圳市宝安区石岩镇\";}',-6229,'-1',1447296830,'gh_1d3c54b1ff0c') [ RunTime:0.000000s ]
SQL: SHOW COLUMNS FROM `wp_credit_data` [ RunTime:0.015625s ]
SQL: SHOW COLUMNS FROM `wp_credit_config` [ RunTime:0.015625s ]
SQL: SELECT * FROM `wp_credit_config` WHERE ( token="0" or token="gh_1d3c54b1ff0c" )  [ RunTime:0.015625s ]
SQL: INSERT INTO `wp_credit_data` (`credit_name`,`admin_uid`,`uid`,`cTime`,`token`,`experience`,`score`) VALUES ('forms',0,-6229,1447296830,'gh_1d3c54b1ff0c',0,0) [ RunTime:0.000000s ]
SQL: SELECT sum(score) as score,sum(experience) as experience FROM `wp_credit_data` WHERE ( `uid` = -6229 ) AND ( `token` = 'gh_1d3c54b1ff0c' ) LIMIT 1   [ RunTime:0.015625s ]
SQL: UPDATE `wp_follow` SET `score`=0,`experience`=0 WHERE ( `id` = -6229 ) [ RunTime:0.000000s ]

[ 2015-11-12T10:54:37+08:00 ] 116.24.92.213 /weiphp/index.php?s=/addon/Forms/FormsValue/add/forms_id/15/token/gh_1d3c54b1ff0c.html
SQL: SELECT * FROM `wp_addons` WHERE ( `name` = 'Forms' ) LIMIT 1   [ RunTime:0.000000s ]
NOTIC: [8] Undefined index: query D:\wwwroot\zhangzizhongon\wwwroot\weiphp\ThinkPHP\Common\functions.php 第 787 行.
SQL: SHOW COLUMNS FROM `wp_tongji` [ RunTime:0.015625s ]
SQL: SELECT * FROM `wp_tongji` WHERE ( `token` = 'gh_1d3c54b1ff0c' ) AND ( `day` = 20151112 ) LIMIT 1   [ RunTime:0.000000s ]
SQL: UPDATE `wp_tongji` SET `content`='a:1:{s:5:\"Forms\";i:3;}' WHERE ( `token` = 'gh_1d3c54b1ff0c' ) AND ( `day` = 20151112 ) [ RunTime:0.000000s ]
NOTIC: [2048] Declaration of Addons\Forms\Controller\FormsValueController::lists() should be compatible with Home\Controller\AddonsController::lists($model = NULL, $page = 0) D:\wwwroot\zhangzizhongon\wwwroot\weiphp\Addons\Forms\Controller\FormsValueController.class.php 第 7 行.
NOTIC: [2048] Declaration of Addons\Forms\Controller\FormsValueController::edit() should be compatible with Home\Controller\AddonsController::edit($model = NULL, $id = 0) D:\wwwroot\zhangzizhongon\wwwroot\weiphp\Addons\Forms\Controller\FormsValueController.class.php 第 7 行.
NOTIC: [2048] Declaration of Addons\Forms\Controller\FormsValueController::add() should be compatible with Home\Controller\AddonsController::add($model = NULL) D:\wwwroot\zhangzizhongon\wwwroot\weiphp\Addons\Forms\Controller\FormsValueController.class.php 第 7 行.
NOTIC: [2048] Declaration of Addons\Forms\Controller\FormsValueController::del() should be compatible with Home\Controller\AddonsController::del($model = NULL, $ids = NULL) D:\wwwroot\zhangzizhongon\wwwroot\weiphp\Addons\Forms\Controller\FormsValueController.class.php 第 7 行.
INFO: [ action_begin ] --START--
INFO: [ action_begin ] --END-- [ RunTime:-0.078125s ]
SQL: SELECT `public_name` FROM `wp_member_public` WHERE ( `token` = 'gh_1d3c54b1ff0c' ) LIMIT 1   [ RunTime:0.000000s ]
SQL: SELECT * FROM `wp_follow` WHERE ( `token` = 'gh_1d3c54b1ff0c' ) AND ( `openid` = '-1' ) LIMIT 1   [ RunTime:0.000000s ]
NOTIC: [8] Undefined index: need_bind D:\wwwroot\zhangzizhongon\wwwroot\weiphp\ThinkPHP\Library\Think\Controller.class.php 第 211 行.
NOTIC: [8] Undefined index: uid D:\wwwroot\zhangzizhongon\wwwroot\weiphp\ThinkPHP\Library\Think\Controller.class.php 第 243 行.
SQL: SHOW COLUMNS FROM `wp_model` [ RunTime:0.015625s ]
SQL: SELECT * FROM `wp_model` WHERE ( `name` = 'forms_value' ) LIMIT 1   [ RunTime:0.000000s ]
NOTIC: [8] Undefined variable: addons D:\wwwroot\zhangzizhongon\wwwroot\weiphp\Application\Common\Common\function.php 第 465 行.
NOTIC: [8] Undefined variable: addons D:\wwwroot\zhangzizhongon\wwwroot\weiphp\Application\Common\Common\function.php 第 465 行.
SQL: SHOW COLUMNS FROM `wp_forms` [ RunTime:0.015625s ]
SQL: SELECT * FROM `wp_forms` WHERE ( `id` = 15 ) LIMIT 1   [ RunTime:0.000000s ]
SQL: SHOW COLUMNS FROM `wp_picture` [ RunTime:0.000000s ]
SQL: SELECT * FROM `wp_picture` WHERE ( `status` = 1 ) AND ( `id` = 393 ) LIMIT 1   [ RunTime:0.000000s ]
SQL: SELECT * FROM `wp_model` WHERE ( `id` = 71 ) LIMIT 1   [ RunTime:0.015625s ]
SQL: SHOW COLUMNS FROM `wp_forms_value` [ RunTime:0.000000s ]
SQL: SELECT * FROM `wp_forms_value` WHERE ( `uid` = -6229 ) AND ( `forms_id` = 15 ) LIMIT 1   [ RunTime:0.000000s ]

[ 2015-11-12T10:54:38+08:00 ] 101.226.51.229 /weiphp/index.php?s=/addon/Forms/FormsValue/add/forms_id/15/token/gh_1d3c54b1ff0c.html
SQL: SELECT * FROM `wp_addons` WHERE ( `name` = 'Forms' ) LIMIT 1   [ RunTime:0.000000s ]
NOTIC: [8] Undefined index: query D:\wwwroot\zhangzizhongon\wwwroot\weiphp\ThinkPHP\Common\functions.php 第 787 行.
SQL: SHOW COLUMNS FROM `wp_tongji` [ RunTime:0.000000s ]
SQL: SELECT * FROM `wp_tongji` WHERE ( `token` = 'gh_1d3c54b1ff0c' ) AND ( `day` = 20151112 ) LIMIT 1   [ RunTime:0.000000s ]
SQL: UPDATE `wp_tongji` SET `content`='a:1:{s:5:\"Forms\";i:4;}' WHERE ( `token` = 'gh_1d3c54b1ff0c' ) AND ( `day` = 20151112 ) [ RunTime:0.000000s ]
NOTIC: [2048] Declaration of Addons\Forms\Controller\FormsValueController::lists() should be compatible with Home\Controller\AddonsController::lists($model = NULL, $page = 0) D:\wwwroot\zhangzizhongon\wwwroot\weiphp\Addons\Forms\Controller\FormsValueController.class.php 第 7 行.
NOTIC: [2048] Declaration of Addons\Forms\Controller\FormsValueController::edit() should be compatible with Home\Controller\AddonsController::edit($model = NULL, $id = 0) D:\wwwroot\zhangzizhongon\wwwroot\weiphp\Addons\Forms\Controller\FormsValueController.class.php 第 7 行.
NOTIC: [2048] Declaration of Addons\Forms\Controller\FormsValueController::add() should be compatible with Home\Controller\AddonsController::add($model = NULL) D:\wwwroot\zhangzizhongon\wwwroot\weiphp\Addons\Forms\Controller\FormsValueController.class.php 第 7 行.
NOTIC: [2048] Declaration of Addons\Forms\Controller\FormsValueController::del() should be compatible with Home\Controller\AddonsController::del($model = NULL, $ids = NULL) D:\wwwroot\zhangzizhongon\wwwroot\weiphp\Addons\Forms\Controller\FormsValueController.class.php 第 7 行.
INFO: [ action_begin ] --START--
INFO: [ action_begin ] --END-- [ RunTime:-0.078125s ]
SQL: SELECT `public_name` FROM `wp_member_public` WHERE ( `token` = 'gh_1d3c54b1ff0c' ) LIMIT 1   [ RunTime:0.000000s ]
SQL: SELECT * FROM `wp_follow` WHERE ( `token` = 'gh_1d3c54b1ff0c' ) AND ( `openid` = -1 ) LIMIT 1   [ RunTime:0.000000s ]
NOTIC: [8] Undefined index: need_bind D:\wwwroot\zhangzizhongon\wwwroot\weiphp\ThinkPHP\Library\Think\Controller.class.php 第 211 行.
NOTIC: [8] Undefined index: uid D:\wwwroot\zhangzizhongon\wwwroot\weiphp\ThinkPHP\Library\Think\Controller.class.php 第 243 行.
SQL: SHOW COLUMNS FROM `wp_model` [ RunTime:0.000000s ]
SQL: SELECT * FROM `wp_model` WHERE ( `name` = 'forms_value' ) LIMIT 1   [ RunTime:0.015625s ]
NOTIC: [8] Undefined variable: addons D:\wwwroot\zhangzizhongon\wwwroot\weiphp\Application\Common\Common\function.php 第 465 行.
NOTIC: [8] Undefined variable: addons D:\wwwroot\zhangzizhongon\wwwroot\weiphp\Application\Common\Common\function.php 第 465 行.
SQL: SHOW COLUMNS FROM `wp_forms` [ RunTime:0.000000s ]
SQL: SELECT * FROM `wp_forms` WHERE ( `id` = 15 ) LIMIT 1   [ RunTime:0.000000s ]
SQL: SHOW COLUMNS FROM `wp_picture` [ RunTime:0.000000s ]
SQL: SELECT * FROM `wp_picture` WHERE ( `status` = 1 ) AND ( `id` = 393 ) LIMIT 1   [ RunTime:0.000000s ]
SQL: SELECT * FROM `wp_model` WHERE ( `id` = 71 ) LIMIT 1   [ RunTime:0.000000s ]
SQL: SHOW COLUMNS FROM `wp_forms_value` [ RunTime:0.000000s ]
SQL: SELECT * FROM `wp_forms_value` WHERE ( `uid` = -6230 ) AND ( `forms_id` = 15 ) LIMIT 1   [ RunTime:0.000000s ]
SQL: SHOW COLUMNS FROM `wp_forms_attribute` [ RunTime:0.000000s ]
SQL: SELECT * FROM `wp_forms_attribute` WHERE ( `forms_id` = 15 ) AND ( `token` = 'gh_1d3c54b1ff0c' ) ORDER BY sort asc, id asc  [ RunTime:0.015625s ]
INFO: [ view_begin ] --START--
INFO: [ view_begin ] --END-- [ RunTime:0.000000s ]
INFO: [ view_parse ] --START--
INFO: [ template_filter ] --START--
INFO: Run Behavior\ContentReplace [ RunTime:0.000000s ]
INFO: [ template_filter ] --END-- [ RunTime:0.000000s ]
NOTIC: [8] Undefined variable: data D:\wwwroot\zhangzizhongon\wwwroot\weiphp\Runtime\Cache\Home\8a711c5829a2c22d8eba4b89c2127d75.php 第 63 行.
NOTIC: [8] Undefined variable: data D:\wwwroot\zhangzizhongon\wwwroot\weiphp\Runtime\Cache\Home\8a711c5829a2c22d8eba4b89c2127d75.php 第 63 行.
NOTIC: [8] Undefined variable: data D:\wwwroot\zhangzizhongon\wwwroot\weiphp\Runtime\Cache\Home\8a711c5829a2c22d8eba4b89c2127d75.php 第 63 行.
NOTIC: [8] Undefined variable: data D:\wwwroot\zhangzizhongon\wwwroot\weiphp\Runtime\Cache\Home\8a711c5829a2c22d8eba4b89c2127d75.php 第 63 行.
NOTIC: [8] Undefined variable: data D:\wwwroot\zhangzizhongon\wwwroot\weiphp\Runtime\Cache\Home\8a711c5829a2c22d8eba4b89c2127d75.php 第 63 行.
NOTIC: [8] Undefined variable: data D:\wwwroot\zhangzizhongon\wwwroot\weiphp\Runtime\Cache\Home\8a711c5829a2c22d8eba4b89c2127d75.php 第 63 行.
NOTIC: [8] Use of undefined constant name - assumed 'name' D:\wwwroot\zhangzizhongon\wwwroot\weiphp\Runtime\Cache\Home\8a711c5829a2c22d8eba4b89c2127d75.php 第 56 行.
NOTIC: [8] Use of undefined constant value - assumed 'value' D:\wwwroot\zhangzizhongon\wwwroot\weiphp\Runtime\Cache\Home\8a711c5829a2c22d8eba4b89c2127d75.php 第 56 行.
NOTIC: [8] Undefined variable: data D:\wwwroot\zhangzizhongon\wwwroot\weiphp\Runtime\Cache\Home\8a711c5829a2c22d8eba4b89c2127d75.php 第 176 行.
NOTIC: [8] Use of undefined constant id - assumed 'id' D:\wwwroot\zhangzizhongon\wwwroot\weiphp\Runtime\Cache\Home\8a711c5829a2c22d8eba4b89c2127d75.php 第 177 行.
INFO: Run Behavior\ParseTemplate [ RunTime:0.046875s ]
INFO: [ view_parse ] --END-- [ RunTime:0.046875s ]
INFO: [ view_filter ] --START--
INFO: Run Behavior\WriteHtmlCache [ RunTime:0.000000s ]
INFO: [ view_filter ] --END-- [ RunTime:0.000000s ]
INFO: [ view_end ] --START--
INFO: [ view_end ] --END-- [ RunTime:0.000000s ]
INFO: [ app_end ] --START--
INFO: Run Behavior\ShowPageTrace [ RunTime:0.000000s ]
INFO: [ app_end ] --END-- [ RunTime:0.000000s ]

[ 2015-11-12T10:54:49+08:00 ] 116.24.92.213 /weiphp/index.php?s=/addon/Forms/FormsValue/add/forms_id/17/token/gh_1d3c54b1ff0c.html
SQL: SELECT * FROM `wp_addons` WHERE ( `name` = 'Forms' ) LIMIT 1   [ RunTime:0.000000s ]
NOTIC: [8] Undefined index: query D:\wwwroot\zhangzizhongon\wwwroot\weiphp\ThinkPHP\Common\functions.php 第 787 行.
SQL: SHOW COLUMNS FROM `wp_tongji` [ RunTime:0.000000s ]
SQL: SELECT * FROM `wp_tongji` WHERE ( `token` = 'gh_1d3c54b1ff0c' ) AND ( `day` = 20151112 ) LIMIT 1   [ RunTime:0.000000s ]
SQL: UPDATE `wp_tongji` SET `content`='a:1:{s:5:\"Forms\";i:5;}' WHERE ( `token` = 'gh_1d3c54b1ff0c' ) AND ( `day` = 20151112 ) [ RunTime:0.000000s ]
NOTIC: [2048] Declaration of Addons\Forms\Controller\FormsValueController::lists() should be compatible with Home\Controller\AddonsController::lists($model = NULL, $page = 0) D:\wwwroot\zhangzizhongon\wwwroot\weiphp\Addons\Forms\Controller\FormsValueController.class.php 第 7 行.
NOTIC: [2048] Declaration of Addons\Forms\Controller\FormsValueController::edit() should be compatible with Home\Controller\AddonsController::edit($model = NULL, $id = 0) D:\wwwroot\zhangzizhongon\wwwroot\weiphp\Addons\Forms\Controller\FormsValueController.class.php 第 7 行.
NOTIC: [2048] Declaration of Addons\Forms\Controller\FormsValueController::add() should be compatible with Home\Controller\AddonsController::add($model = NULL) D:\wwwroot\zhangzizhongon\wwwroot\weiphp\Addons\Forms\Controller\FormsValueController.class.php 第 7 行.
NOTIC: [2048] Declaration of Addons\Forms\Controller\FormsValueController::del() should be compatible with Home\Controller\AddonsController::del($model = NULL, $ids = NULL) D:\wwwroot\zhangzizhongon\wwwroot\weiphp\Addons\Forms\Controller\FormsValueController.class.php 第 7 行.
INFO: [ action_begin ] --START--
INFO: [ action_begin ] --END-- [ RunTime:-0.046875s ]
SQL: SELECT `public_name` FROM `wp_member_public` WHERE ( `token` = 'gh_1d3c54b1ff0c' ) LIMIT 1   [ RunTime:0.000000s ]
SQL: SELECT * FROM `wp_follow` WHERE ( `token` = 'gh_1d3c54b1ff0c' ) AND ( `openid` = '-1' ) LIMIT 1   [ RunTime:0.000000s ]
NOTIC: [8] Undefined index: need_bind D:\wwwroot\zhangzizhongon\wwwroot\weiphp\ThinkPHP\Library\Think\Controller.class.php 第 211 行.
NOTIC: [8] Undefined index: uid D:\wwwroot\zhangzizhongon\wwwroot\weiphp\ThinkPHP\Library\Think\Controller.class.php 第 243 行.
SQL: SHOW COLUMNS FROM `wp_model` [ RunTime:0.000000s ]
SQL: SELECT * FROM `wp_model` WHERE ( `name` = 'forms_value' ) LIMIT 1   [ RunTime:0.000000s ]
NOTIC: [8] Undefined variable: addons D:\wwwroot\zhangzizhongon\wwwroot\weiphp\Application\Common\Common\function.php 第 465 行.
NOTIC: [8] Undefined variable: addons D:\wwwroot\zhangzizhongon\wwwroot\weiphp\Application\Common\Common\function.php 第 465 行.
SQL: SHOW COLUMNS FROM `wp_forms` [ RunTime:0.015625s ]
SQL: SELECT * FROM `wp_forms` WHERE ( `id` = 17 ) LIMIT 1   [ RunTime:0.000000s ]
SQL: SELECT * FROM `wp_model` WHERE ( `id` = 71 ) LIMIT 1   [ RunTime:0.000000s ]
SQL: SHOW COLUMNS FROM `wp_forms_value` [ RunTime:0.000000s ]
SQL: SELECT * FROM `wp_forms_value` WHERE ( `uid` = -6229 ) AND ( `forms_id` = 17 ) LIMIT 1   [ RunTime:0.000000s ]
SQL: SHOW COLUMNS FROM `wp_forms_attribute` [ RunTime:0.000000s ]
SQL: SELECT * FROM `wp_forms_attribute` WHERE ( `forms_id` = 17 ) AND ( `token` = 'gh_1d3c54b1ff0c' ) ORDER BY sort asc, id asc  [ RunTime:0.000000s ]
INFO: [ view_begin ] --START--
INFO: [ view_begin ] --END-- [ RunTime:0.000000s ]
INFO: [ view_parse ] --START--
INFO: [ template_filter ] --START--
INFO: Run Behavior\ContentReplace [ RunTime:0.000000s ]
INFO: [ template_filter ] --END-- [ RunTime:0.000000s ]
NOTIC: [8] Undefined variable: data D:\wwwroot\zhangzizhongon\wwwroot\weiphp\Runtime\Cache\Home\8a711c5829a2c22d8eba4b89c2127d75.php 第 63 行.
NOTIC: [8] Undefined variable: data D:\wwwroot\zhangzizhongon\wwwroot\weiphp\Runtime\Cache\Home\8a711c5829a2c22d8eba4b89c2127d75.php 第 63 行.
NOTIC: [8] Undefined variable: data D:\wwwroot\zhangzizhongon\wwwroot\weiphp\Runtime\Cache\Home\8a711c5829a2c22d8eba4b89c2127d75.php 第 63 行.
NOTIC: [8] Undefined variable: data D:\wwwroot\zhangzizhongon\wwwroot\weiphp\Runtime\Cache\Home\8a711c5829a2c22d8eba4b89c2127d75.php 第 67 行.
NOTIC: [8] Undefined variable: data D:\wwwroot\zhangzizhongon\wwwroot\weiphp\Runtime\Cache\Home\8a711c5829a2c22d8eba4b89c2127d75.php 第 63 行.
NOTIC: [8] Undefined variable: data D:\wwwroot\zhangzizhongon\wwwroot\weiphp\Runtime\Cache\Home\8a711c5829a2c22d8eba4b89c2127d75.php 第 65 行.
NOTIC: [8] Use of undefined constant name - assumed 'name' D:\wwwroot\zhangzizhongon\wwwroot\weiphp\Runtime\Cache\Home\8a711c5829a2c22d8eba4b89c2127d75.php 第 56 行.
NOTIC: [8] Use of undefined constant value - assumed 'value' D:\wwwroot\zhangzizhongon\wwwroot\weiphp\Runtime\Cache\Home\8a711c5829a2c22d8eba4b89c2127d75.php 第 56 行.
NOTIC: [8] Undefined variable: data D:\wwwroot\zhangzizhongon\wwwroot\weiphp\Runtime\Cache\Home\8a711c5829a2c22d8eba4b89c2127d75.php 第 176 行.
NOTIC: [8] Use of undefined constant id - assumed 'id' D:\wwwroot\zhangzizhongon\wwwroot\weiphp\Runtime\Cache\Home\8a711c5829a2c22d8eba4b89c2127d75.php 第 177 行.
INFO: Run Behavior\ParseTemplate [ RunTime:0.031250s ]
INFO: [ view_parse ] --END-- [ RunTime:0.031250s ]
INFO: [ view_filter ] --START--
INFO: Run Behavior\WriteHtmlCache [ RunTime:0.000000s ]
INFO: [ view_filter ] --END-- [ RunTime:0.000000s ]
INFO: [ view_end ] --START--
INFO: [ view_end ] --END-- [ RunTime:0.000000s ]
INFO: [ app_end ] --START--
INFO: Run Behavior\ShowPageTrace [ RunTime:0.000000s ]
INFO: [ app_end ] --END-- [ RunTime:0.000000s ]

[ 2015-11-12T15:55:21+08:00 ] 183.60.52.5 /weiphp/index.php?s=/addon/Forms/FormsValue/add/forms_id/15/token/gh_1d3c54b1ff0c.html&openid=-1
SQL: SELECT * FROM `wp_addons` WHERE ( `name` = 'Forms' ) LIMIT 1   [ RunTime:0.000000s ]
NOTIC: [8] Undefined index: query D:\wwwroot\zhangzizhongon\wwwroot\weiphp\ThinkPHP\Common\functions.php 第 787 行.
SQL: SHOW COLUMNS FROM `wp_tongji` [ RunTime:0.000000s ]
SQL: SELECT * FROM `wp_tongji` WHERE ( `token` = 'gh_1d3c54b1ff0c' ) AND ( `day` = 20151112 ) LIMIT 1   [ RunTime:0.000000s ]
SQL: UPDATE `wp_tongji` SET `content`='a:1:{s:5:\"Forms\";i:6;}' WHERE ( `token` = 'gh_1d3c54b1ff0c' ) AND ( `day` = 20151112 ) [ RunTime:0.000000s ]
NOTIC: [2048] Declaration of Addons\Forms\Controller\FormsValueController::lists() should be compatible with Home\Controller\AddonsController::lists($model = NULL, $page = 0) D:\wwwroot\zhangzizhongon\wwwroot\weiphp\Addons\Forms\Controller\FormsValueController.class.php 第 7 行.
NOTIC: [2048] Declaration of Addons\Forms\Controller\FormsValueController::edit() should be compatible with Home\Controller\AddonsController::edit($model = NULL, $id = 0) D:\wwwroot\zhangzizhongon\wwwroot\weiphp\Addons\Forms\Controller\FormsValueController.class.php 第 7 行.
NOTIC: [2048] Declaration of Addons\Forms\Controller\FormsValueController::add() should be compatible with Home\Controller\AddonsController::add($model = NULL) D:\wwwroot\zhangzizhongon\wwwroot\weiphp\Addons\Forms\Controller\FormsValueController.class.php 第 7 行.
NOTIC: [2048] Declaration of Addons\Forms\Controller\FormsValueController::del() should be compatible with Home\Controller\AddonsController::del($model = NULL, $ids = NULL) D:\wwwroot\zhangzizhongon\wwwroot\weiphp\Addons\Forms\Controller\FormsValueController.class.php 第 7 行.
INFO: [ action_begin ] --START--
INFO: [ action_begin ] --END-- [ RunTime:-0.109375s ]
SQL: SELECT `public_name` FROM `wp_member_public` WHERE ( `token` = 'gh_1d3c54b1ff0c' ) LIMIT 1   [ RunTime:0.000000s ]
SQL: SELECT * FROM `wp_follow` WHERE ( `token` = 'gh_1d3c54b1ff0c' ) AND ( `openid` = '-1' ) LIMIT 1   [ RunTime:0.000000s ]
NOTIC: [8] Undefined index: need_bind D:\wwwroot\zhangzizhongon\wwwroot\weiphp\ThinkPHP\Library\Think\Controller.class.php 第 211 行.
NOTIC: [8] Undefined index: uid D:\wwwroot\zhangzizhongon\wwwroot\weiphp\ThinkPHP\Library\Think\Controller.class.php 第 243 行.
SQL: SHOW COLUMNS FROM `wp_model` [ RunTime:0.015625s ]
SQL: SELECT * FROM `wp_model` WHERE ( `name` = 'forms_value' ) LIMIT 1   [ RunTime:0.000000s ]
NOTIC: [8] Undefined variable: addons D:\wwwroot\zhangzizhongon\wwwroot\weiphp\Application\Common\Common\function.php 第 465 行.
NOTIC: [8] Undefined variable: addons D:\wwwroot\zhangzizhongon\wwwroot\weiphp\Application\Common\Common\function.php 第 465 行.
SQL: SHOW COLUMNS FROM `wp_forms` [ RunTime:0.015625s ]
SQL: SELECT * FROM `wp_forms` WHERE ( `id` = 15 ) LIMIT 1   [ RunTime:0.000000s ]
SQL: SHOW COLUMNS FROM `wp_picture` [ RunTime:0.000000s ]
SQL: SELECT * FROM `wp_picture` WHERE ( `status` = 1 ) AND ( `id` = 393 ) LIMIT 1   [ RunTime:0.000000s ]
SQL: SELECT * FROM `wp_model` WHERE ( `id` = 71 ) LIMIT 1   [ RunTime:0.015625s ]
SQL: SHOW COLUMNS FROM `wp_forms_value` [ RunTime:0.000000s ]
SQL: SELECT * FROM `wp_forms_value` WHERE ( `uid` = -6231 ) AND ( `forms_id` = 15 ) LIMIT 1   [ RunTime:0.000000s ]
SQL: SHOW COLUMNS FROM `wp_forms_attribute` [ RunTime:0.000000s ]
SQL: SELECT * FROM `wp_forms_attribute` WHERE ( `forms_id` = 15 ) AND ( `token` = 'gh_1d3c54b1ff0c' ) ORDER BY sort asc, id asc  [ RunTime:0.000000s ]
INFO: [ view_begin ] --START--
INFO: [ view_begin ] --END-- [ RunTime:0.000000s ]
INFO: [ view_parse ] --START--
INFO: [ template_filter ] --START--
INFO: Run Behavior\ContentReplace [ RunTime:0.000000s ]
INFO: [ template_filter ] --END-- [ RunTime:0.000000s ]
NOTIC: [8] Undefined variable: data D:\wwwroot\zhangzizhongon\wwwroot\weiphp\Runtime\Cache\Home\8a711c5829a2c22d8eba4b89c2127d75.php 第 63 行.
NOTIC: [8] Undefined variable: data D:\wwwroot\zhangzizhongon\wwwroot\weiphp\Runtime\Cache\Home\8a711c5829a2c22d8eba4b89c2127d75.php 第 63 行.
NOTIC: [8] Undefined variable: data D:\wwwroot\zhangzizhongon\wwwroot\weiphp\Runtime\Cache\Home\8a711c5829a2c22d8eba4b89c2127d75.php 第 63 行.
NOTIC: [8] Undefined variable: data D:\wwwroot\zhangzizhongon\wwwroot\weiphp\Runtime\Cache\Home\8a711c5829a2c22d8eba4b89c2127d75.php 第 63 行.
NOTIC: [8] Undefined variable: data D:\wwwroot\zhangzizhongon\wwwroot\weiphp\Runtime\Cache\Home\8a711c5829a2c22d8eba4b89c2127d75.php 第 63 行.
NOTIC: [8] Undefined variable: data D:\wwwroot\zhangzizhongon\wwwroot\weiphp\Runtime\Cache\Home\8a711c5829a2c22d8eba4b89c2127d75.php 第 63 行.
NOTIC: [8] Use of undefined constant name - assumed 'name' D:\wwwroot\zhangzizhongon\wwwroot\weiphp\Runtime\Cache\Home\8a711c5829a2c22d8eba4b89c2127d75.php 第 56 行.
NOTIC: [8] Use of undefined constant value - assumed 'value' D:\wwwroot\zhangzizhongon\wwwroot\weiphp\Runtime\Cache\Home\8a711c5829a2c22d8eba4b89c2127d75.php 第 56 行.
NOTIC: [8] Undefined variable: data D:\wwwroot\zhangzizhongon\wwwroot\weiphp\Runtime\Cache\Home\8a711c5829a2c22d8eba4b89c2127d75.php 第 176 行.
NOTIC: [8] Use of undefined constant id - assumed 'id' D:\wwwroot\zhangzizhongon\wwwroot\weiphp\Runtime\Cache\Home\8a711c5829a2c22d8eba4b89c2127d75.php 第 177 行.
INFO: Run Behavior\ParseTemplate [ RunTime:0.125000s ]
INFO: [ view_parse ] --END-- [ RunTime:0.125000s ]
INFO: [ view_filter ] --START--
INFO: Run Behavior\WriteHtmlCache [ RunTime:0.000000s ]
INFO: [ view_filter ] --END-- [ RunTime:0.000000s ]
INFO: [ view_end ] --START--
INFO: [ view_end ] --END-- [ RunTime:0.000000s ]
INFO: [ app_end ] --START--
INFO: Run Behavior\ShowPageTrace [ RunTime:0.000000s ]
INFO: [ app_end ] --END-- [ RunTime:0.000000s ]

[ 2015-11-12T15:56:48+08:00 ] 183.239.193.144 /weiphp/index.php?s=/addon/Forms/FormsValue/add/model/71.html
INFO: [ app_begin ] --START--
INFO: Run Behavior\ReadHtmlCache [ RunTime:0.000000s ]
INFO: [ app_begin ] --END-- [ RunTime:0.000000s ]
INFO: [ action_begin ] --START--
INFO: [ action_begin ] --END-- [ RunTime:0.000000s ]
SQL: SHOW COLUMNS FROM `wp_member_public` [ RunTime:0.000000s ]
SQL: SELECT `public_name` FROM `wp_member_public` WHERE ( `token` = 'gh_1d3c54b1ff0c' ) LIMIT 1   [ RunTime:0.000000s ]
SQL: SHOW COLUMNS FROM `wp_follow` [ RunTime:0.015625s ]
SQL: SELECT * FROM `wp_follow` WHERE ( `token` = 'gh_1d3c54b1ff0c' ) AND ( `openid` = '-1' ) LIMIT 1   [ RunTime:0.000000s ]
SQL: SELECT `addon_config` FROM `wp_member_public` WHERE ( `token` = 'gh_1d3c54b1ff0c' ) LIMIT 1   [ RunTime:0.000000s ]
SQL: SHOW COLUMNS FROM `wp_addons` [ RunTime:0.015625s ]
SQL: SELECT `config` FROM `wp_addons` WHERE ( `name` = 'UserCenter' ) AND ( `status` = 1 ) LIMIT 1   [ RunTime:0.000000s ]
NOTIC: [8] Undefined index: need_bind D:\wwwroot\zhangzizhongon\wwwroot\weiphp\ThinkPHP\Library\Think\Controller.class.php 第 211 行.
NOTIC: [8] Undefined index: uid D:\wwwroot\zhangzizhongon\wwwroot\weiphp\ThinkPHP\Library\Think\Controller.class.php 第 243 行.
SQL: SELECT * FROM `wp_addons` WHERE ( `name` = 'Forms' ) LIMIT 1   [ RunTime:0.000000s ]
NOTIC: [8] Undefined index: query D:\wwwroot\zhangzizhongon\wwwroot\weiphp\ThinkPHP\Common\functions.php 第 787 行.
SQL: SHOW COLUMNS FROM `wp_tongji` [ RunTime:0.000000s ]
SQL: SELECT * FROM `wp_tongji` WHERE ( `token` = 'gh_1d3c54b1ff0c' ) AND ( `day` = 20151112 ) LIMIT 1   [ RunTime:0.000000s ]
SQL: UPDATE `wp_tongji` SET `content`='a:1:{s:5:\"Forms\";i:7;}' WHERE ( `token` = 'gh_1d3c54b1ff0c' ) AND ( `day` = 20151112 ) [ RunTime:0.000000s ]
NOTIC: [2048] Declaration of Addons\Forms\Controller\FormsValueController::lists() should be compatible with Home\Controller\AddonsController::lists($model = NULL, $page = 0) D:\wwwroot\zhangzizhongon\wwwroot\weiphp\Addons\Forms\Controller\FormsValueController.class.php 第 7 行.
NOTIC: [2048] Declaration of Addons\Forms\Controller\FormsValueController::edit() should be compatible with Home\Controller\AddonsController::edit($model = NULL, $id = 0) D:\wwwroot\zhangzizhongon\wwwroot\weiphp\Addons\Forms\Controller\FormsValueController.class.php 第 7 行.
NOTIC: [2048] Declaration of Addons\Forms\Controller\FormsValueController::add() should be compatible with Home\Controller\AddonsController::add($model = NULL) D:\wwwroot\zhangzizhongon\wwwroot\weiphp\Addons\Forms\Controller\FormsValueController.class.php 第 7 行.
NOTIC: [2048] Declaration of Addons\Forms\Controller\FormsValueController::del() should be compatible with Home\Controller\AddonsController::del($model = NULL, $ids = NULL) D:\wwwroot\zhangzizhongon\wwwroot\weiphp\Addons\Forms\Controller\FormsValueController.class.php 第 7 行.
INFO: [ action_begin ] --START--
INFO: [ action_begin ] --END-- [ RunTime:-0.062500s ]
SQL: SELECT `public_name` FROM `wp_member_public` WHERE ( `token` = 'gh_1d3c54b1ff0c' ) LIMIT 1   [ RunTime:0.000000s ]
SQL: SELECT * FROM `wp_follow` WHERE ( `token` = 'gh_1d3c54b1ff0c' ) AND ( `openid` = '-1' ) LIMIT 1   [ RunTime:0.000000s ]
NOTIC: [8] Undefined index: need_bind D:\wwwroot\zhangzizhongon\wwwroot\weiphp\ThinkPHP\Library\Think\Controller.class.php 第 211 行.
NOTIC: [8] Undefined index: uid D:\wwwroot\zhangzizhongon\wwwroot\weiphp\ThinkPHP\Library\Think\Controller.class.php 第 243 行.
SQL: SHOW COLUMNS FROM `wp_model` [ RunTime:0.000000s ]
SQL: SELECT * FROM `wp_model` WHERE ( `name` = 'forms_value' ) LIMIT 1   [ RunTime:0.000000s ]
NOTIC: [8] Undefined variable: addons D:\wwwroot\zhangzizhongon\wwwroot\weiphp\Application\Common\Common\function.php 第 465 行.
NOTIC: [8] Undefined variable: addons D:\wwwroot\zhangzizhongon\wwwroot\weiphp\Application\Common\Common\function.php 第 465 行.
SQL: SHOW COLUMNS FROM `wp_forms` [ RunTime:0.015625s ]
SQL: SELECT * FROM `wp_forms` WHERE ( `id` = 15 ) LIMIT 1   [ RunTime:0.000000s ]
SQL: SHOW COLUMNS FROM `wp_picture` [ RunTime:0.000000s ]
SQL: SELECT * FROM `wp_picture` WHERE ( `status` = 1 ) AND ( `id` = 393 ) LIMIT 1   [ RunTime:0.000000s ]
SQL: SELECT * FROM `wp_model` WHERE ( `id` = 71 ) LIMIT 1   [ RunTime:0.015625s ]
SQL: SHOW COLUMNS FROM `wp_forms_value` [ RunTime:0.000000s ]
SQL: SELECT * FROM `wp_forms_value` WHERE ( `uid` = -6231 ) AND ( `forms_id` = 15 ) LIMIT 1   [ RunTime:0.000000s ]
SQL: SHOW COLUMNS FROM `wp_forms_attribute` [ RunTime:0.000000s ]
SQL: SELECT * FROM `wp_forms_attribute` WHERE ( `forms_id` = 15 ) AND ( `token` = 'gh_1d3c54b1ff0c' ) ORDER BY sort asc, id asc  [ RunTime:0.000000s ]
SQL: SELECT * FROM `wp_model` WHERE ( `id` = 71 ) LIMIT 1   [ RunTime:0.000000s ]
SQL: SHOW COLUMNS FROM `wp_forms_value` [ RunTime:0.000000s ]
SQL: SELECT `extend` FROM `wp_model` WHERE ( `id` = 71 ) LIMIT 1   [ RunTime:0.000000s ]
SQL: SHOW COLUMNS FROM `wp_attribute` [ RunTime:0.000000s ]
SQL: SELECT * FROM `wp_attribute` WHERE ( `model_id` = 71 )  [ RunTime:0.000000s ]
SQL: INSERT INTO `wp_forms_value` (`forms_id`,`id`,`value`,`uid`,`openid`,`cTime`,`token`) VALUES (15,0,'a:6:{s:4:\"name\";s:6:\"周冬\";s:4:\"year\";s:4:\"2008\";s:6:\"branch\";s:9:\"金融学\";s:6:\"mobile\";s:11:\"13342777682\";s:4:\"mail\";s:16:\"568627404@qq.com\";s:3:\"add\";s:18:\"汕头市潮阳区\";}',-6231,'-1',1447315008,'gh_1d3c54b1ff0c') [ RunTime:0.015625s ]
SQL: SHOW COLUMNS FROM `wp_credit_data` [ RunTime:0.046875s ]
SQL: SHOW COLUMNS FROM `wp_credit_config` [ RunTime:0.000000s ]
SQL: SELECT * FROM `wp_credit_config` WHERE ( token="0" or token="gh_1d3c54b1ff0c" )  [ RunTime:0.000000s ]
SQL: INSERT INTO `wp_credit_data` (`credit_name`,`admin_uid`,`uid`,`cTime`,`token`,`experience`,`score`) VALUES ('forms',0,-6231,1447315008,'gh_1d3c54b1ff0c',0,0) [ RunTime:0.000000s ]
SQL: SELECT sum(score) as score,sum(experience) as experience FROM `wp_credit_data` WHERE ( `uid` = -6231 ) AND ( `token` = 'gh_1d3c54b1ff0c' ) LIMIT 1   [ RunTime:0.000000s ]
SQL: UPDATE `wp_follow` SET `score`=0,`experience`=0 WHERE ( `id` = -6231 ) [ RunTime:0.000000s ]

[ 2015-11-12T15:57:14+08:00 ] 183.60.52.5 /weiphp/index.php?s=/addon/Forms/FormsValue/add/forms_id/15/token/gh_1d3c54b1ff0c.html
SQL: SELECT * FROM `wp_addons` WHERE ( `name` = 'Forms' ) LIMIT 1   [ RunTime:0.000000s ]
NOTIC: [8] Undefined index: query D:\wwwroot\zhangzizhongon\wwwroot\weiphp\ThinkPHP\Common\functions.php 第 787 行.
SQL: SHOW COLUMNS FROM `wp_tongji` [ RunTime:0.000000s ]
SQL: SELECT * FROM `wp_tongji` WHERE ( `token` = 'gh_1d3c54b1ff0c' ) AND ( `day` = 20151112 ) LIMIT 1   [ RunTime:0.000000s ]
SQL: UPDATE `wp_tongji` SET `content`='a:1:{s:5:\"Forms\";i:8;}' WHERE ( `token` = 'gh_1d3c54b1ff0c' ) AND ( `day` = 20151112 ) [ RunTime:0.000000s ]
NOTIC: [2048] Declaration of Addons\Forms\Controller\FormsValueController::lists() should be compatible with Home\Controller\AddonsController::lists($model = NULL, $page = 0) D:\wwwroot\zhangzizhongon\wwwroot\weiphp\Addons\Forms\Controller\FormsValueController.class.php 第 7 行.
NOTIC: [2048] Declaration of Addons\Forms\Controller\FormsValueController::edit() should be compatible with Home\Controller\AddonsController::edit($model = NULL, $id = 0) D:\wwwroot\zhangzizhongon\wwwroot\weiphp\Addons\Forms\Controller\FormsValueController.class.php 第 7 行.
NOTIC: [2048] Declaration of Addons\Forms\Controller\FormsValueController::add() should be compatible with Home\Controller\AddonsController::add($model = NULL) D:\wwwroot\zhangzizhongon\wwwroot\weiphp\Addons\Forms\Controller\FormsValueController.class.php 第 7 行.
NOTIC: [2048] Declaration of Addons\Forms\Controller\FormsValueController::del() should be compatible with Home\Controller\AddonsController::del($model = NULL, $ids = NULL) D:\wwwroot\zhangzizhongon\wwwroot\weiphp\Addons\Forms\Controller\FormsValueController.class.php 第 7 行.
INFO: [ action_begin ] --START--
INFO: [ action_begin ] --END-- [ RunTime:-0.046875s ]
SQL: SELECT `public_name` FROM `wp_member_public` WHERE ( `token` = 'gh_1d3c54b1ff0c' ) LIMIT 1   [ RunTime:0.000000s ]
SQL: SELECT * FROM `wp_follow` WHERE ( `token` = 'gh_1d3c54b1ff0c' ) AND ( `openid` = '-1' ) LIMIT 1   [ RunTime:0.000000s ]
NOTIC: [8] Undefined index: need_bind D:\wwwroot\zhangzizhongon\wwwroot\weiphp\ThinkPHP\Library\Think\Controller.class.php 第 211 行.
NOTIC: [8] Undefined index: uid D:\wwwroot\zhangzizhongon\wwwroot\weiphp\ThinkPHP\Library\Think\Controller.class.php 第 243 行.
SQL: SHOW COLUMNS FROM `wp_model` [ RunTime:0.015625s ]
SQL: SELECT * FROM `wp_model` WHERE ( `name` = 'forms_value' ) LIMIT 1   [ RunTime:0.000000s ]
NOTIC: [8] Undefined variable: addons D:\wwwroot\zhangzizhongon\wwwroot\weiphp\Application\Common\Common\function.php 第 465 行.
NOTIC: [8] Undefined variable: addons D:\wwwroot\zhangzizhongon\wwwroot\weiphp\Application\Common\Common\function.php 第 465 行.
SQL: SHOW COLUMNS FROM `wp_forms` [ RunTime:0.000000s ]
SQL: SELECT * FROM `wp_forms` WHERE ( `id` = 15 ) LIMIT 1   [ RunTime:0.000000s ]
SQL: SHOW COLUMNS FROM `wp_picture` [ RunTime:0.000000s ]
SQL: SELECT * FROM `wp_picture` WHERE ( `status` = 1 ) AND ( `id` = 393 ) LIMIT 1   [ RunTime:0.000000s ]
SQL: SELECT * FROM `wp_model` WHERE ( `id` = 71 ) LIMIT 1   [ RunTime:0.000000s ]
SQL: SHOW COLUMNS FROM `wp_forms_value` [ RunTime:0.000000s ]
SQL: SELECT * FROM `wp_forms_value` WHERE ( `uid` = -6231 ) AND ( `forms_id` = 15 ) LIMIT 1   [ RunTime:0.000000s ]

[ 2015-11-12T16:54:24+08:00 ] 183.238.76.10 /weiphp/index.php?s=/addon/Forms/Forms/lists.html
INFO: [ view_begin ] --START--
INFO: [ view_begin ] --END-- [ RunTime:0.000000s ]
INFO: [ view_parse ] --START--
INFO: [ template_filter ] --START--
INFO: Run Behavior\ContentReplace [ RunTime:0.000000s ]
INFO: [ template_filter ] --END-- [ RunTime:0.000000s ]
INFO: Run Behavior\ParseTemplate [ RunTime:0.031250s ]
INFO: [ view_parse ] --END-- [ RunTime:0.031250s ]
INFO: [ view_filter ] --START--
INFO: Run Behavior\WriteHtmlCache [ RunTime:0.000000s ]
INFO: [ view_filter ] --END-- [ RunTime:0.000000s ]
INFO: [ view_end ] --START--
INFO: [ view_end ] --END-- [ RunTime:0.000000s ]

[ 2015-11-12T16:54:25+08:00 ] 183.238.76.10 /weiphp/index.php?s=/addon/Forms/Forms/lists.html
INFO: [ view_begin ] --START--
INFO: [ view_begin ] --END-- [ RunTime:0.015625s ]
INFO: [ view_parse ] --START--
INFO: [ template_filter ] --START--
INFO: Run Behavior\ContentReplace [ RunTime:0.000000s ]
INFO: [ template_filter ] --END-- [ RunTime:0.000000s ]
INFO: Run Behavior\ParseTemplate [ RunTime:0.000000s ]
INFO: [ view_parse ] --END-- [ RunTime:0.000000s ]
INFO: [ view_filter ] --START--
INFO: Run Behavior\WriteHtmlCache [ RunTime:0.000000s ]
INFO: [ view_filter ] --END-- [ RunTime:0.000000s ]
INFO: [ view_end ] --START--
INFO: [ view_end ] --END-- [ RunTime:0.000000s ]

[ 2015-11-12T21:44:54+08:00 ] 183.56.109.10 /weiphp/index.php?s=/addon/Forms/FormsValue/add/forms_id/15/token/gh_1d3c54b1ff0c.html&openid=-1
SQL: SELECT * FROM `wp_addons` WHERE ( `name` = 'Forms' ) LIMIT 1   [ RunTime:0.000000s ]
NOTIC: [8] Undefined index: query D:\wwwroot\zhangzizhongon\wwwroot\weiphp\ThinkPHP\Common\functions.php 第 787 行.
SQL: SHOW COLUMNS FROM `wp_tongji` [ RunTime:0.015625s ]
SQL: SELECT * FROM `wp_tongji` WHERE ( `token` = 'gh_1d3c54b1ff0c' ) AND ( `day` = 20151112 ) LIMIT 1   [ RunTime:0.000000s ]
SQL: UPDATE `wp_tongji` SET `content`='a:1:{s:5:\"Forms\";i:9;}' WHERE ( `token` = 'gh_1d3c54b1ff0c' ) AND ( `day` = 20151112 ) [ RunTime:0.000000s ]
NOTIC: [2048] Declaration of Addons\Forms\Controller\FormsValueController::lists() should be compatible with Home\Controller\AddonsController::lists($model = NULL, $page = 0) D:\wwwroot\zhangzizhongon\wwwroot\weiphp\Addons\Forms\Controller\FormsValueController.class.php 第 7 行.
NOTIC: [2048] Declaration of Addons\Forms\Controller\FormsValueController::edit() should be compatible with Home\Controller\AddonsController::edit($model = NULL, $id = 0) D:\wwwroot\zhangzizhongon\wwwroot\weiphp\Addons\Forms\Controller\FormsValueController.class.php 第 7 行.
NOTIC: [2048] Declaration of Addons\Forms\Controller\FormsValueController::add() should be compatible with Home\Controller\AddonsController::add($model = NULL) D:\wwwroot\zhangzizhongon\wwwroot\weiphp\Addons\Forms\Controller\FormsValueController.class.php 第 7 行.
NOTIC: [2048] Declaration of Addons\Forms\Controller\FormsValueController::del() should be compatible with Home\Controller\AddonsController::del($model = NULL, $ids = NULL) D:\wwwroot\zhangzizhongon\wwwroot\weiphp\Addons\Forms\Controller\FormsValueController.class.php 第 7 行.
INFO: [ action_begin ] --START--
INFO: [ action_begin ] --END-- [ RunTime:-0.078125s ]
SQL: SELECT `public_name` FROM `wp_member_public` WHERE ( `token` = 'gh_1d3c54b1ff0c' ) LIMIT 1   [ RunTime:0.000000s ]
SQL: SELECT * FROM `wp_follow` WHERE ( `token` = 'gh_1d3c54b1ff0c' ) AND ( `openid` = '-1' ) LIMIT 1   [ RunTime:0.000000s ]
NOTIC: [8] Undefined index: need_bind D:\wwwroot\zhangzizhongon\wwwroot\weiphp\ThinkPHP\Library\Think\Controller.class.php 第 211 行.
NOTIC: [8] Undefined index: uid D:\wwwroot\zhangzizhongon\wwwroot\weiphp\ThinkPHP\Library\Think\Controller.class.php 第 243 行.
SQL: SHOW COLUMNS FROM `wp_model` [ RunTime:0.000000s ]
SQL: SELECT * FROM `wp_model` WHERE ( `name` = 'forms_value' ) LIMIT 1   [ RunTime:0.000000s ]
NOTIC: [8] Undefined variable: addons D:\wwwroot\zhangzizhongon\wwwroot\weiphp\Application\Common\Common\function.php 第 465 行.
NOTIC: [8] Undefined variable: addons D:\wwwroot\zhangzizhongon\wwwroot\weiphp\Application\Common\Common\function.php 第 465 行.
SQL: SHOW COLUMNS FROM `wp_forms` [ RunTime:0.015625s ]
SQL: SELECT * FROM `wp_forms` WHERE ( `id` = 15 ) LIMIT 1   [ RunTime:0.000000s ]
SQL: SHOW COLUMNS FROM `wp_picture` [ RunTime:0.000000s ]
SQL: SELECT * FROM `wp_picture` WHERE ( `status` = 1 ) AND ( `id` = 393 ) LIMIT 1   [ RunTime:0.000000s ]
SQL: SELECT * FROM `wp_model` WHERE ( `id` = 71 ) LIMIT 1   [ RunTime:0.000000s ]
SQL: SHOW COLUMNS FROM `wp_forms_value` [ RunTime:0.015625s ]
SQL: SELECT * FROM `wp_forms_value` WHERE ( `uid` = -6233 ) AND ( `forms_id` = 15 ) LIMIT 1   [ RunTime:0.000000s ]
SQL: SHOW COLUMNS FROM `wp_forms_attribute` [ RunTime:0.000000s ]
SQL: SELECT * FROM `wp_forms_attribute` WHERE ( `forms_id` = 15 ) AND ( `token` = 'gh_1d3c54b1ff0c' ) ORDER BY sort asc, id asc  [ RunTime:0.000000s ]
INFO: [ view_begin ] --START--
INFO: [ view_begin ] --END-- [ RunTime:0.000000s ]
INFO: [ view_parse ] --START--
INFO: [ template_filter ] --START--
INFO: Run Behavior\ContentReplace [ RunTime:0.000000s ]
INFO: [ template_filter ] --END-- [ RunTime:0.000000s ]
NOTIC: [8] Undefined variable: data D:\wwwroot\zhangzizhongon\wwwroot\weiphp\Runtime\Cache\Home\8a711c5829a2c22d8eba4b89c2127d75.php 第 63 行.
NOTIC: [8] Undefined variable: data D:\wwwroot\zhangzizhongon\wwwroot\weiphp\Runtime\Cache\Home\8a711c5829a2c22d8eba4b89c2127d75.php 第 63 行.
NOTIC: [8] Undefined variable: data D:\wwwroot\zhangzizhongon\wwwroot\weiphp\Runtime\Cache\Home\8a711c5829a2c22d8eba4b89c2127d75.php 第 63 行.
NOTIC: [8] Undefined variable: data D:\wwwroot\zhangzizhongon\wwwroot\weiphp\Runtime\Cache\Home\8a711c5829a2c22d8eba4b89c2127d75.php 第 63 行.
NOTIC: [8] Undefined variable: data D:\wwwroot\zhangzizhongon\wwwroot\weiphp\Runtime\Cache\Home\8a711c5829a2c22d8eba4b89c2127d75.php 第 63 行.
NOTIC: [8] Undefined variable: data D:\wwwroot\zhangzizhongon\wwwroot\weiphp\Runtime\Cache\Home\8a711c5829a2c22d8eba4b89c2127d75.php 第 63 行.
NOTIC: [8] Use of undefined constant name - assumed 'name' D:\wwwroot\zhangzizhongon\wwwroot\weiphp\Runtime\Cache\Home\8a711c5829a2c22d8eba4b89c2127d75.php 第 56 行.
NOTIC: [8] Use of undefined constant value - assumed 'value' D:\wwwroot\zhangzizhongon\wwwroot\weiphp\Runtime\Cache\Home\8a711c5829a2c22d8eba4b89c2127d75.php 第 56 行.
NOTIC: [8] Undefined variable: data D:\wwwroot\zhangzizhongon\wwwroot\weiphp\Runtime\Cache\Home\8a711c5829a2c22d8eba4b89c2127d75.php 第 176 行.
NOTIC: [8] Use of undefined constant id - assumed 'id' D:\wwwroot\zhangzizhongon\wwwroot\weiphp\Runtime\Cache\Home\8a711c5829a2c22d8eba4b89c2127d75.php 第 177 行.
INFO: Run Behavior\ParseTemplate [ RunTime:0.078125s ]
INFO: [ view_parse ] --END-- [ RunTime:0.078125s ]
INFO: [ view_filter ] --START--
INFO: Run Behavior\WriteHtmlCache [ RunTime:0.000000s ]
INFO: [ view_filter ] --END-- [ RunTime:0.000000s ]
INFO: [ view_end ] --START--
INFO: [ view_end ] --END-- [ RunTime:0.000000s ]
INFO: [ app_end ] --START--
INFO: Run Behavior\ShowPageTrace [ RunTime:0.000000s ]
INFO: [ app_end ] --END-- [ RunTime:0.000000s ]

[ 2015-11-12T21:47:45+08:00 ] 183.56.109.10 /weiphp/index.php?s=/addon/Forms/FormsValue/add/model/71.html
INFO: [ app_begin ] --START--
INFO: Run Behavior\ReadHtmlCache [ RunTime:0.000000s ]
INFO: [ app_begin ] --END-- [ RunTime:0.000000s ]
INFO: [ action_begin ] --START--
INFO: [ action_begin ] --END-- [ RunTime:0.000000s ]
SQL: SHOW COLUMNS FROM `wp_member_public` [ RunTime:0.000000s ]
SQL: SELECT `public_name` FROM `wp_member_public` WHERE ( `token` = 'gh_1d3c54b1ff0c' ) LIMIT 1   [ RunTime:0.000000s ]
SQL: SHOW COLUMNS FROM `wp_follow` [ RunTime:0.000000s ]
SQL: SELECT * FROM `wp_follow` WHERE ( `token` = 'gh_1d3c54b1ff0c' ) AND ( `openid` = '-1' ) LIMIT 1   [ RunTime:0.000000s ]
SQL: SELECT `addon_config` FROM `wp_member_public` WHERE ( `token` = 'gh_1d3c54b1ff0c' ) LIMIT 1   [ RunTime:0.000000s ]
SQL: SHOW COLUMNS FROM `wp_addons` [ RunTime:0.015625s ]
SQL: SELECT `config` FROM `wp_addons` WHERE ( `name` = 'UserCenter' ) AND ( `status` = 1 ) LIMIT 1   [ RunTime:0.000000s ]
NOTIC: [8] Undefined index: need_bind D:\wwwroot\zhangzizhongon\wwwroot\weiphp\ThinkPHP\Library\Think\Controller.class.php 第 211 行.
NOTIC: [8] Undefined index: uid D:\wwwroot\zhangzizhongon\wwwroot\weiphp\ThinkPHP\Library\Think\Controller.class.php 第 243 行.
SQL: SELECT * FROM `wp_addons` WHERE ( `name` = 'Forms' ) LIMIT 1   [ RunTime:0.000000s ]
NOTIC: [8] Undefined index: query D:\wwwroot\zhangzizhongon\wwwroot\weiphp\ThinkPHP\Common\functions.php 第 787 行.
SQL: SHOW COLUMNS FROM `wp_tongji` [ RunTime:0.000000s ]
SQL: SELECT * FROM `wp_tongji` WHERE ( `token` = 'gh_1d3c54b1ff0c' ) AND ( `day` = 20151112 ) LIMIT 1   [ RunTime:0.000000s ]
SQL: UPDATE `wp_tongji` SET `content`='a:1:{s:5:\"Forms\";i:10;}' WHERE ( `token` = 'gh_1d3c54b1ff0c' ) AND ( `day` = 20151112 ) [ RunTime:0.015625s ]
NOTIC: [2048] Declaration of Addons\Forms\Controller\FormsValueController::lists() should be compatible with Home\Controller\AddonsController::lists($model = NULL, $page = 0) D:\wwwroot\zhangzizhongon\wwwroot\weiphp\Addons\Forms\Controller\FormsValueController.class.php 第 7 行.
NOTIC: [2048] Declaration of Addons\Forms\Controller\FormsValueController::edit() should be compatible with Home\Controller\AddonsController::edit($model = NULL, $id = 0) D:\wwwroot\zhangzizhongon\wwwroot\weiphp\Addons\Forms\Controller\FormsValueController.class.php 第 7 行.
NOTIC: [2048] Declaration of Addons\Forms\Controller\FormsValueController::add() should be compatible with Home\Controller\AddonsController::add($model = NULL) D:\wwwroot\zhangzizhongon\wwwroot\weiphp\Addons\Forms\Controller\FormsValueController.class.php 第 7 行.
NOTIC: [2048] Declaration of Addons\Forms\Controller\FormsValueController::del() should be compatible with Home\Controller\AddonsController::del($model = NULL, $ids = NULL) D:\wwwroot\zhangzizhongon\wwwroot\weiphp\Addons\Forms\Controller\FormsValueController.class.php 第 7 行.
INFO: [ action_begin ] --START--
INFO: [ action_begin ] --END-- [ RunTime:-0.078125s ]
SQL: SELECT `public_name` FROM `wp_member_public` WHERE ( `token` = 'gh_1d3c54b1ff0c' ) LIMIT 1   [ RunTime:0.000000s ]
SQL: SELECT * FROM `wp_follow` WHERE ( `token` = 'gh_1d3c54b1ff0c' ) AND ( `openid` = '-1' ) LIMIT 1   [ RunTime:0.000000s ]
NOTIC: [8] Undefined index: need_bind D:\wwwroot\zhangzizhongon\wwwroot\weiphp\ThinkPHP\Library\Think\Controller.class.php 第 211 行.
NOTIC: [8] Undefined index: uid D:\wwwroot\zhangzizhongon\wwwroot\weiphp\ThinkPHP\Library\Think\Controller.class.php 第 243 行.
SQL: SHOW COLUMNS FROM `wp_model` [ RunTime:0.015625s ]
SQL: SELECT * FROM `wp_model` WHERE ( `name` = 'forms_value' ) LIMIT 1   [ RunTime:0.000000s ]
NOTIC: [8] Undefined variable: addons D:\wwwroot\zhangzizhongon\wwwroot\weiphp\Application\Common\Common\function.php 第 465 行.
NOTIC: [8] Undefined variable: addons D:\wwwroot\zhangzizhongon\wwwroot\weiphp\Application\Common\Common\function.php 第 465 行.
SQL: SHOW COLUMNS FROM `wp_forms` [ RunTime:0.015625s ]
SQL: SELECT * FROM `wp_forms` WHERE ( `id` = 15 ) LIMIT 1   [ RunTime:0.000000s ]
SQL: SHOW COLUMNS FROM `wp_picture` [ RunTime:0.000000s ]
SQL: SELECT * FROM `wp_picture` WHERE ( `status` = 1 ) AND ( `id` = 393 ) LIMIT 1   [ RunTime:0.000000s ]
SQL: SELECT * FROM `wp_model` WHERE ( `id` = 71 ) LIMIT 1   [ RunTime:0.000000s ]
SQL: SHOW COLUMNS FROM `wp_forms_value` [ RunTime:0.000000s ]
SQL: SELECT * FROM `wp_forms_value` WHERE ( `uid` = -6233 ) AND ( `forms_id` = 15 ) LIMIT 1   [ RunTime:0.015625s ]
SQL: SHOW COLUMNS FROM `wp_forms_attribute` [ RunTime:0.000000s ]
SQL: SELECT * FROM `wp_forms_attribute` WHERE ( `forms_id` = 15 ) AND ( `token` = 'gh_1d3c54b1ff0c' ) ORDER BY sort asc, id asc  [ RunTime:0.000000s ]
SQL: SELECT * FROM `wp_model` WHERE ( `id` = 71 ) LIMIT 1   [ RunTime:0.000000s ]
SQL: SHOW COLUMNS FROM `wp_forms_value` [ RunTime:0.015625s ]
SQL: SELECT `extend` FROM `wp_model` WHERE ( `id` = 71 ) LIMIT 1   [ RunTime:0.000000s ]
SQL: SHOW COLUMNS FROM `wp_attribute` [ RunTime:0.015625s ]
SQL: SELECT * FROM `wp_attribute` WHERE ( `model_id` = 71 )  [ RunTime:0.000000s ]
SQL: INSERT INTO `wp_forms_value` (`forms_id`,`id`,`value`,`uid`,`openid`,`cTime`,`token`) VALUES (15,0,'a:6:{s:4:\"name\";s:9:\"黄小宝\";s:4:\"year\";s:4:\"1997\";s:6:\"branch\";s:6:\"日语\";s:6:\"mobile\";s:11:\"13531983983\";s:4:\"mail\";s:16:\"382001600@qq.com\";s:3:\"add\";s:33:\"揭阳市东山区晓翠路中段\";}',-6233,'-1',1447336065,'gh_1d3c54b1ff0c') [ RunTime:0.000000s ]
SQL: SHOW COLUMNS FROM `wp_credit_data` [ RunTime:0.000000s ]
SQL: SHOW COLUMNS FROM `wp_credit_config` [ RunTime:0.015625s ]
SQL: SELECT * FROM `wp_credit_config` WHERE ( token="0" or token="gh_1d3c54b1ff0c" )  [ RunTime:0.000000s ]
SQL: INSERT INTO `wp_credit_data` (`credit_name`,`admin_uid`,`uid`,`cTime`,`token`,`experience`,`score`) VALUES ('forms',0,-6233,1447336065,'gh_1d3c54b1ff0c',0,0) [ RunTime:0.000000s ]
SQL: SELECT sum(score) as score,sum(experience) as experience FROM `wp_credit_data` WHERE ( `uid` = -6233 ) AND ( `token` = 'gh_1d3c54b1ff0c' ) LIMIT 1   [ RunTime:0.000000s ]
SQL: UPDATE `wp_follow` SET `score`=0,`experience`=0 WHERE ( `id` = -6233 ) [ RunTime:0.000000s ]

[ 2015-11-12T21:59:37+08:00 ] 117.136.40.241 /weiphp/index.php?s=/addon/Forms/FormsValue/add/forms_id/17/token/gh_1d3c54b1ff0c.html&openid=-1
SQL: SELECT * FROM `wp_addons` WHERE ( `name` = 'Forms' ) LIMIT 1   [ RunTime:0.000000s ]
NOTIC: [8] Undefined index: query D:\wwwroot\zhangzizhongon\wwwroot\weiphp\ThinkPHP\Common\functions.php 第 787 行.
SQL: SHOW COLUMNS FROM `wp_tongji` [ RunTime:0.015625s ]
SQL: SELECT * FROM `wp_tongji` WHERE ( `token` = 'gh_1d3c54b1ff0c' ) AND ( `day` = 20151112 ) LIMIT 1   [ RunTime:0.000000s ]
SQL: UPDATE `wp_tongji` SET `content`='a:1:{s:5:\"Forms\";i:11;}' WHERE ( `token` = 'gh_1d3c54b1ff0c' ) AND ( `day` = 20151112 ) [ RunTime:0.000000s ]
NOTIC: [2048] Declaration of Addons\Forms\Controller\FormsValueController::lists() should be compatible with Home\Controller\AddonsController::lists($model = NULL, $page = 0) D:\wwwroot\zhangzizhongon\wwwroot\weiphp\Addons\Forms\Controller\FormsValueController.class.php 第 7 行.
NOTIC: [2048] Declaration of Addons\Forms\Controller\FormsValueController::edit() should be compatible with Home\Controller\AddonsController::edit($model = NULL, $id = 0) D:\wwwroot\zhangzizhongon\wwwroot\weiphp\Addons\Forms\Controller\FormsValueController.class.php 第 7 行.
NOTIC: [2048] Declaration of Addons\Forms\Controller\FormsValueController::add() should be compatible with Home\Controller\AddonsController::add($model = NULL) D:\wwwroot\zhangzizhongon\wwwroot\weiphp\Addons\Forms\Controller\FormsValueController.class.php 第 7 行.
NOTIC: [2048] Declaration of Addons\Forms\Controller\FormsValueController::del() should be compatible with Home\Controller\AddonsController::del($model = NULL, $ids = NULL) D:\wwwroot\zhangzizhongon\wwwroot\weiphp\Addons\Forms\Controller\FormsValueController.class.php 第 7 行.
INFO: [ action_begin ] --START--
INFO: [ action_begin ] --END-- [ RunTime:-0.078125s ]
SQL: SELECT `public_name` FROM `wp_member_public` WHERE ( `token` = 'gh_1d3c54b1ff0c' ) LIMIT 1   [ RunTime:0.000000s ]
SQL: SELECT * FROM `wp_follow` WHERE ( `token` = 'gh_1d3c54b1ff0c' ) AND ( `openid` = '-1' ) LIMIT 1   [ RunTime:0.000000s ]
NOTIC: [8] Undefined index: need_bind D:\wwwroot\zhangzizhongon\wwwroot\weiphp\ThinkPHP\Library\Think\Controller.class.php 第 211 行.
NOTIC: [8] Undefined index: uid D:\wwwroot\zhangzizhongon\wwwroot\weiphp\ThinkPHP\Library\Think\Controller.class.php 第 243 行.
SQL: SHOW COLUMNS FROM `wp_model` [ RunTime:0.015625s ]
SQL: SELECT * FROM `wp_model` WHERE ( `name` = 'forms_value' ) LIMIT 1   [ RunTime:0.000000s ]
NOTIC: [8] Undefined variable: addons D:\wwwroot\zhangzizhongon\wwwroot\weiphp\Application\Common\Common\function.php 第 465 行.
NOTIC: [8] Undefined variable: addons D:\wwwroot\zhangzizhongon\wwwroot\weiphp\Application\Common\Common\function.php 第 465 行.
SQL: SHOW COLUMNS FROM `wp_forms` [ RunTime:0.000000s ]
SQL: SELECT * FROM `wp_forms` WHERE ( `id` = 17 ) LIMIT 1   [ RunTime:0.000000s ]
SQL: SELECT * FROM `wp_model` WHERE ( `id` = 71 ) LIMIT 1   [ RunTime:0.000000s ]
SQL: SHOW COLUMNS FROM `wp_forms_value` [ RunTime:0.015625s ]
SQL: SELECT * FROM `wp_forms_value` WHERE ( `uid` = -6234 ) AND ( `forms_id` = 17 ) LIMIT 1   [ RunTime:0.000000s ]
SQL: SHOW COLUMNS FROM `wp_forms_attribute` [ RunTime:0.015625s ]
SQL: SELECT * FROM `wp_forms_attribute` WHERE ( `forms_id` = 17 ) AND ( `token` = 'gh_1d3c54b1ff0c' ) ORDER BY sort asc, id asc  [ RunTime:0.000000s ]
INFO: [ view_begin ] --START--
INFO: [ view_begin ] --END-- [ RunTime:0.000000s ]
INFO: [ view_parse ] --START--
INFO: [ template_filter ] --START--
INFO: Run Behavior\ContentReplace [ RunTime:0.000000s ]
INFO: [ template_filter ] --END-- [ RunTime:0.000000s ]
NOTIC: [8] Undefined variable: data D:\wwwroot\zhangzizhongon\wwwroot\weiphp\Runtime\Cache\Home\8a711c5829a2c22d8eba4b89c2127d75.php 第 63 行.
NOTIC: [8] Undefined variable: data D:\wwwroot\zhangzizhongon\wwwroot\weiphp\Runtime\Cache\Home\8a711c5829a2c22d8eba4b89c2127d75.php 第 63 行.
NOTIC: [8] Undefined variable: data D:\wwwroot\zhangzizhongon\wwwroot\weiphp\Runtime\Cache\Home\8a711c5829a2c22d8eba4b89c2127d75.php 第 63 行.
NOTIC: [8] Undefined variable: data D:\wwwroot\zhangzizhongon\wwwroot\weiphp\Runtime\Cache\Home\8a711c5829a2c22d8eba4b89c2127d75.php 第 67 行.
NOTIC: [8] Undefined variable: data D:\wwwroot\zhangzizhongon\wwwroot\weiphp\Runtime\Cache\Home\8a711c5829a2c22d8eba4b89c2127d75.php 第 63 行.
NOTIC: [8] Undefined variable: data D:\wwwroot\zhangzizhongon\wwwroot\weiphp\Runtime\Cache\Home\8a711c5829a2c22d8eba4b89c2127d75.php 第 65 行.
NOTIC: [8] Use of undefined constant name - assumed 'name' D:\wwwroot\zhangzizhongon\wwwroot\weiphp\Runtime\Cache\Home\8a711c5829a2c22d8eba4b89c2127d75.php 第 56 行.
NOTIC: [8] Use of undefined constant value - assumed 'value' D:\wwwroot\zhangzizhongon\wwwroot\weiphp\Runtime\Cache\Home\8a711c5829a2c22d8eba4b89c2127d75.php 第 56 行.
NOTIC: [8] Undefined variable: data D:\wwwroot\zhangzizhongon\wwwroot\weiphp\Runtime\Cache\Home\8a711c5829a2c22d8eba4b89c2127d75.php 第 176 行.
NOTIC: [8] Use of undefined constant id - assumed 'id' D:\wwwroot\zhangzizhongon\wwwroot\weiphp\Runtime\Cache\Home\8a711c5829a2c22d8eba4b89c2127d75.php 第 177 行.
INFO: Run Behavior\ParseTemplate [ RunTime:0.093750s ]
INFO: [ view_parse ] --END-- [ RunTime:0.093750s ]
INFO: [ view_filter ] --START--
INFO: Run Behavior\WriteHtmlCache [ RunTime:0.000000s ]
INFO: [ view_filter ] --END-- [ RunTime:0.000000s ]
INFO: [ view_end ] --START--
INFO: [ view_end ] --END-- [ RunTime:0.000000s ]
INFO: [ app_end ] --START--
INFO: Run Behavior\ShowPageTrace [ RunTime:0.000000s ]
INFO: [ app_end ] --END-- [ RunTime:0.000000s ]

[ 2015-11-12T23:14:28+08:00 ] 61.242.118.196 /weiphp/index.php?s=/addon/Forms/FormsValue/add/forms_id/17/token/gh_1d3c54b1ff0c.html&openid=-1
SQL: SELECT * FROM `wp_addons` WHERE ( `name` = 'Forms' ) LIMIT 1   [ RunTime:0.000000s ]
NOTIC: [8] Undefined index: query D:\wwwroot\zhangzizhongon\wwwroot\weiphp\ThinkPHP\Common\functions.php 第 787 行.
SQL: SHOW COLUMNS FROM `wp_tongji` [ RunTime:0.000000s ]
SQL: SELECT * FROM `wp_tongji` WHERE ( `token` = 'gh_1d3c54b1ff0c' ) AND ( `day` = 20151112 ) LIMIT 1   [ RunTime:0.000000s ]
SQL: UPDATE `wp_tongji` SET `content`='a:1:{s:5:\"Forms\";i:12;}' WHERE ( `token` = 'gh_1d3c54b1ff0c' ) AND ( `day` = 20151112 ) [ RunTime:0.015625s ]
NOTIC: [2048] Declaration of Addons\Forms\Controller\FormsValueController::lists() should be compatible with Home\Controller\AddonsController::lists($model = NULL, $page = 0) D:\wwwroot\zhangzizhongon\wwwroot\weiphp\Addons\Forms\Controller\FormsValueController.class.php 第 7 行.
NOTIC: [2048] Declaration of Addons\Forms\Controller\FormsValueController::edit() should be compatible with Home\Controller\AddonsController::edit($model = NULL, $id = 0) D:\wwwroot\zhangzizhongon\wwwroot\weiphp\Addons\Forms\Controller\FormsValueController.class.php 第 7 行.
NOTIC: [2048] Declaration of Addons\Forms\Controller\FormsValueController::add() should be compatible with Home\Controller\AddonsController::add($model = NULL) D:\wwwroot\zhangzizhongon\wwwroot\weiphp\Addons\Forms\Controller\FormsValueController.class.php 第 7 行.
NOTIC: [2048] Declaration of Addons\Forms\Controller\FormsValueController::del() should be compatible with Home\Controller\AddonsController::del($model = NULL, $ids = NULL) D:\wwwroot\zhangzizhongon\wwwroot\weiphp\Addons\Forms\Controller\FormsValueController.class.php 第 7 行.
INFO: [ action_begin ] --START--
INFO: [ action_begin ] --END-- [ RunTime:-0.078125s ]
SQL: SELECT `public_name` FROM `wp_member_public` WHERE ( `token` = 'gh_1d3c54b1ff0c' ) LIMIT 1   [ RunTime:0.000000s ]
SQL: SELECT * FROM `wp_follow` WHERE ( `token` = 'gh_1d3c54b1ff0c' ) AND ( `openid` = '-1' ) LIMIT 1   [ RunTime:0.000000s ]
NOTIC: [8] Undefined index: need_bind D:\wwwroot\zhangzizhongon\wwwroot\weiphp\ThinkPHP\Library\Think\Controller.class.php 第 211 行.
NOTIC: [8] Undefined index: uid D:\wwwroot\zhangzizhongon\wwwroot\weiphp\ThinkPHP\Library\Think\Controller.class.php 第 243 行.
SQL: SHOW COLUMNS FROM `wp_model` [ RunTime:0.000000s ]
SQL: SELECT * FROM `wp_model` WHERE ( `name` = 'forms_value' ) LIMIT 1   [ RunTime:0.015625s ]
NOTIC: [8] Undefined variable: addons D:\wwwroot\zhangzizhongon\wwwroot\weiphp\Application\Common\Common\function.php 第 465 行.
NOTIC: [8] Undefined variable: addons D:\wwwroot\zhangzizhongon\wwwroot\weiphp\Application\Common\Common\function.php 第 465 行.
SQL: SHOW COLUMNS FROM `wp_forms` [ RunTime:0.000000s ]
SQL: SELECT * FROM `wp_forms` WHERE ( `id` = 17 ) LIMIT 1   [ RunTime:0.000000s ]
SQL: SELECT * FROM `wp_model` WHERE ( `id` = 71 ) LIMIT 1   [ RunTime:0.000000s ]
SQL: SHOW COLUMNS FROM `wp_forms_value` [ RunTime:0.000000s ]
SQL: SELECT * FROM `wp_forms_value` WHERE ( `uid` = -6235 ) AND ( `forms_id` = 17 ) LIMIT 1   [ RunTime:0.000000s ]
SQL: SHOW COLUMNS FROM `wp_forms_attribute` [ RunTime:0.015625s ]
SQL: SELECT * FROM `wp_forms_attribute` WHERE ( `forms_id` = 17 ) AND ( `token` = 'gh_1d3c54b1ff0c' ) ORDER BY sort asc, id asc  [ RunTime:0.000000s ]
INFO: [ view_begin ] --START--
INFO: [ view_begin ] --END-- [ RunTime:0.000000s ]
INFO: [ view_parse ] --START--
INFO: [ template_filter ] --START--
INFO: Run Behavior\ContentReplace [ RunTime:0.000000s ]
INFO: [ template_filter ] --END-- [ RunTime:0.000000s ]
NOTIC: [8] Undefined variable: data D:\wwwroot\zhangzizhongon\wwwroot\weiphp\Runtime\Cache\Home\8a711c5829a2c22d8eba4b89c2127d75.php 第 63 行.
NOTIC: [8] Undefined variable: data D:\wwwroot\zhangzizhongon\wwwroot\weiphp\Runtime\Cache\Home\8a711c5829a2c22d8eba4b89c2127d75.php 第 63 行.
NOTIC: [8] Undefined variable: data D:\wwwroot\zhangzizhongon\wwwroot\weiphp\Runtime\Cache\Home\8a711c5829a2c22d8eba4b89c2127d75.php 第 63 行.
NOTIC: [8] Undefined variable: data D:\wwwroot\zhangzizhongon\wwwroot\weiphp\Runtime\Cache\Home\8a711c5829a2c22d8eba4b89c2127d75.php 第 67 行.
NOTIC: [8] Undefined variable: data D:\wwwroot\zhangzizhongon\wwwroot\weiphp\Runtime\Cache\Home\8a711c5829a2c22d8eba4b89c2127d75.php 第 63 行.
NOTIC: [8] Undefined variable: data D:\wwwroot\zhangzizhongon\wwwroot\weiphp\Runtime\Cache\Home\8a711c5829a2c22d8eba4b89c2127d75.php 第 65 行.
NOTIC: [8] Use of undefined constant name - assumed 'name' D:\wwwroot\zhangzizhongon\wwwroot\weiphp\Runtime\Cache\Home\8a711c5829a2c22d8eba4b89c2127d75.php 第 56 行.
NOTIC: [8] Use of undefined constant value - assumed 'value' D:\wwwroot\zhangzizhongon\wwwroot\weiphp\Runtime\Cache\Home\8a711c5829a2c22d8eba4b89c2127d75.php 第 56 行.
NOTIC: [8] Undefined variable: data D:\wwwroot\zhangzizhongon\wwwroot\weiphp\Runtime\Cache\Home\8a711c5829a2c22d8eba4b89c2127d75.php 第 176 行.
NOTIC: [8] Use of undefined constant id - assumed 'id' D:\wwwroot\zhangzizhongon\wwwroot\weiphp\Runtime\Cache\Home\8a711c5829a2c22d8eba4b89c2127d75.php 第 177 行.
INFO: Run Behavior\ParseTemplate [ RunTime:0.093750s ]
INFO: [ view_parse ] --END-- [ RunTime:0.093750s ]
INFO: [ view_filter ] --START--
INFO: Run Behavior\WriteHtmlCache [ RunTime:0.000000s ]
INFO: [ view_filter ] --END-- [ RunTime:0.000000s ]
INFO: [ view_end ] --START--
INFO: [ view_end ] --END-- [ RunTime:0.000000s ]
INFO: [ app_end ] --START--
INFO: Run Behavior\ShowPageTrace [ RunTime:0.000000s ]
INFO: [ app_end ] --END-- [ RunTime:0.000000s ]

[ 2015-11-12T23:30:42+08:00 ] 14.16.236.125 /weiphp/index.php?s=/addon/Forms/FormsValue/add/forms_id/15/token/gh_1d3c54b1ff0c.html&openid=-1
SQL: SELECT * FROM `wp_addons` WHERE ( `name` = 'Forms' ) LIMIT 1   [ RunTime:0.015625s ]
NOTIC: [8] Undefined index: query D:\wwwroot\zhangzizhongon\wwwroot\weiphp\ThinkPHP\Common\functions.php 第 787 行.
SQL: SHOW COLUMNS FROM `wp_tongji` [ RunTime:0.000000s ]
SQL: SELECT * FROM `wp_tongji` WHERE ( `token` = 'gh_1d3c54b1ff0c' ) AND ( `day` = 20151112 ) LIMIT 1   [ RunTime:0.000000s ]
SQL: UPDATE `wp_tongji` SET `content`='a:1:{s:5:\"Forms\";i:13;}' WHERE ( `token` = 'gh_1d3c54b1ff0c' ) AND ( `day` = 20151112 ) [ RunTime:0.000000s ]
NOTIC: [2048] Declaration of Addons\Forms\Controller\FormsValueController::lists() should be compatible with Home\Controller\AddonsController::lists($model = NULL, $page = 0) D:\wwwroot\zhangzizhongon\wwwroot\weiphp\Addons\Forms\Controller\FormsValueController.class.php 第 7 行.
NOTIC: [2048] Declaration of Addons\Forms\Controller\FormsValueController::edit() should be compatible with Home\Controller\AddonsController::edit($model = NULL, $id = 0) D:\wwwroot\zhangzizhongon\wwwroot\weiphp\Addons\Forms\Controller\FormsValueController.class.php 第 7 行.
NOTIC: [2048] Declaration of Addons\Forms\Controller\FormsValueController::add() should be compatible with Home\Controller\AddonsController::add($model = NULL) D:\wwwroot\zhangzizhongon\wwwroot\weiphp\Addons\Forms\Controller\FormsValueController.class.php 第 7 行.
NOTIC: [2048] Declaration of Addons\Forms\Controller\FormsValueController::del() should be compatible with Home\Controller\AddonsController::del($model = NULL, $ids = NULL) D:\wwwroot\zhangzizhongon\wwwroot\weiphp\Addons\Forms\Controller\FormsValueController.class.php 第 7 行.
INFO: [ action_begin ] --START--
INFO: [ action_begin ] --END-- [ RunTime:-0.062500s ]
SQL: SELECT `public_name` FROM `wp_member_public` WHERE ( `token` = 'gh_1d3c54b1ff0c' ) LIMIT 1   [ RunTime:0.000000s ]
SQL: SELECT * FROM `wp_follow` WHERE ( `token` = 'gh_1d3c54b1ff0c' ) AND ( `openid` = '-1' ) LIMIT 1   [ RunTime:0.000000s ]
NOTIC: [8] Undefined index: need_bind D:\wwwroot\zhangzizhongon\wwwroot\weiphp\ThinkPHP\Library\Think\Controller.class.php 第 211 行.
NOTIC: [8] Undefined index: uid D:\wwwroot\zhangzizhongon\wwwroot\weiphp\ThinkPHP\Library\Think\Controller.class.php 第 243 行.
SQL: SHOW COLUMNS FROM `wp_model` [ RunTime:0.015625s ]
SQL: SELECT * FROM `wp_model` WHERE ( `name` = 'forms_value' ) LIMIT 1   [ RunTime:0.000000s ]
NOTIC: [8] Undefined variable: addons D:\wwwroot\zhangzizhongon\wwwroot\weiphp\Application\Common\Common\function.php 第 465 行.
NOTIC: [8] Undefined variable: addons D:\wwwroot\zhangzizhongon\wwwroot\weiphp\Application\Common\Common\function.php 第 465 行.
SQL: SHOW COLUMNS FROM `wp_forms` [ RunTime:0.000000s ]
SQL: SELECT * FROM `wp_forms` WHERE ( `id` = 15 ) LIMIT 1   [ RunTime:0.000000s ]
SQL: SHOW COLUMNS FROM `wp_picture` [ RunTime:0.000000s ]
SQL: SELECT * FROM `wp_picture` WHERE ( `status` = 1 ) AND ( `id` = 393 ) LIMIT 1   [ RunTime:0.000000s ]
SQL: SELECT * FROM `wp_model` WHERE ( `id` = 71 ) LIMIT 1   [ RunTime:0.000000s ]
SQL: SHOW COLUMNS FROM `wp_forms_value` [ RunTime:0.015625s ]
SQL: SELECT * FROM `wp_forms_value` WHERE ( `uid` = -6236 ) AND ( `forms_id` = 15 ) LIMIT 1   [ RunTime:0.000000s ]
SQL: SHOW COLUMNS FROM `wp_forms_attribute` [ RunTime:0.000000s ]
SQL: SELECT * FROM `wp_forms_attribute` WHERE ( `forms_id` = 15 ) AND ( `token` = 'gh_1d3c54b1ff0c' ) ORDER BY sort asc, id asc  [ RunTime:0.000000s ]
INFO: [ view_begin ] --START--
INFO: [ view_begin ] --END-- [ RunTime:0.000000s ]
INFO: [ view_parse ] --START--
INFO: [ template_filter ] --START--
INFO: Run Behavior\ContentReplace [ RunTime:0.000000s ]
INFO: [ template_filter ] --END-- [ RunTime:0.000000s ]
NOTIC: [8] Undefined variable: data D:\wwwroot\zhangzizhongon\wwwroot\weiphp\Runtime\Cache\Home\8a711c5829a2c22d8eba4b89c2127d75.php 第 63 行.
NOTIC: [8] Undefined variable: data D:\wwwroot\zhangzizhongon\wwwroot\weiphp\Runtime\Cache\Home\8a711c5829a2c22d8eba4b89c2127d75.php 第 63 行.
NOTIC: [8] Undefined variable: data D:\wwwroot\zhangzizhongon\wwwroot\weiphp\Runtime\Cache\Home\8a711c5829a2c22d8eba4b89c2127d75.php 第 63 行.
NOTIC: [8] Undefined variable: data D:\wwwroot\zhangzizhongon\wwwroot\weiphp\Runtime\Cache\Home\8a711c5829a2c22d8eba4b89c2127d75.php 第 63 行.
NOTIC: [8] Undefined variable: data D:\wwwroot\zhangzizhongon\wwwroot\weiphp\Runtime\Cache\Home\8a711c5829a2c22d8eba4b89c2127d75.php 第 63 行.
NOTIC: [8] Undefined variable: data D:\wwwroot\zhangzizhongon\wwwroot\weiphp\Runtime\Cache\Home\8a711c5829a2c22d8eba4b89c2127d75.php 第 63 行.
NOTIC: [8] Use of undefined constant name - assumed 'name' D:\wwwroot\zhangzizhongon\wwwroot\weiphp\Runtime\Cache\Home\8a711c5829a2c22d8eba4b89c2127d75.php 第 56 行.
NOTIC: [8] Use of undefined constant value - assumed 'value' D:\wwwroot\zhangzizhongon\wwwroot\weiphp\Runtime\Cache\Home\8a711c5829a2c22d8eba4b89c2127d75.php 第 56 行.
NOTIC: [8] Undefined variable: data D:\wwwroot\zhangzizhongon\wwwroot\weiphp\Runtime\Cache\Home\8a711c5829a2c22d8eba4b89c2127d75.php 第 176 行.
NOTIC: [8] Use of undefined constant id - assumed 'id' D:\wwwroot\zhangzizhongon\wwwroot\weiphp\Runtime\Cache\Home\8a711c5829a2c22d8eba4b89c2127d75.php 第 177 行.
INFO: Run Behavior\ParseTemplate [ RunTime:0.078125s ]
INFO: [ view_parse ] --END-- [ RunTime:0.078125s ]
INFO: [ view_filter ] --START--
INFO: Run Behavior\WriteHtmlCache [ RunTime:0.000000s ]
INFO: [ view_filter ] --END-- [ RunTime:0.000000s ]
INFO: [ view_end ] --START--
INFO: [ view_end ] --END-- [ RunTime:0.000000s ]
INFO: [ app_end ] --START--
INFO: Run Behavior\ShowPageTrace [ RunTime:0.000000s ]
INFO: [ app_end ] --END-- [ RunTime:0.000000s ]

[ 2015-11-12T23:32:17+08:00 ] 14.16.236.125 /weiphp/index.php?s=/addon/Forms/FormsValue/add/model/71.html
INFO: [ app_begin ] --START--
INFO: Run Behavior\ReadHtmlCache [ RunTime:0.000000s ]
INFO: [ app_begin ] --END-- [ RunTime:0.000000s ]
INFO: [ action_begin ] --START--
INFO: [ action_begin ] --END-- [ RunTime:0.000000s ]
SQL: SHOW COLUMNS FROM `wp_member_public` [ RunTime:0.000000s ]
SQL: SELECT `public_name` FROM `wp_member_public` WHERE ( `token` = 'gh_1d3c54b1ff0c' ) LIMIT 1   [ RunTime:0.015625s ]
SQL: SHOW COLUMNS FROM `wp_follow` [ RunTime:0.000000s ]
SQL: SELECT * FROM `wp_follow` WHERE ( `token` = 'gh_1d3c54b1ff0c' ) AND ( `openid` = '-1' ) LIMIT 1   [ RunTime:0.000000s ]
SQL: SELECT `addon_config` FROM `wp_member_public` WHERE ( `token` = 'gh_1d3c54b1ff0c' ) LIMIT 1   [ RunTime:0.000000s ]
SQL: SHOW COLUMNS FROM `wp_addons` [ RunTime:0.015625s ]
SQL: SELECT `config` FROM `wp_addons` WHERE ( `name` = 'UserCenter' ) AND ( `status` = 1 ) LIMIT 1   [ RunTime:0.000000s ]
NOTIC: [8] Undefined index: need_bind D:\wwwroot\zhangzizhongon\wwwroot\weiphp\ThinkPHP\Library\Think\Controller.class.php 第 211 行.
NOTIC: [8] Undefined index: uid D:\wwwroot\zhangzizhongon\wwwroot\weiphp\ThinkPHP\Library\Think\Controller.class.php 第 243 行.
SQL: SELECT * FROM `wp_addons` WHERE ( `name` = 'Forms' ) LIMIT 1   [ RunTime:0.000000s ]
NOTIC: [8] Undefined index: query D:\wwwroot\zhangzizhongon\wwwroot\weiphp\ThinkPHP\Common\functions.php 第 787 行.
SQL: SHOW COLUMNS FROM `wp_tongji` [ RunTime:0.015625s ]
SQL: SELECT * FROM `wp_tongji` WHERE ( `token` = 'gh_1d3c54b1ff0c' ) AND ( `day` = 20151112 ) LIMIT 1   [ RunTime:0.000000s ]
SQL: UPDATE `wp_tongji` SET `content`='a:1:{s:5:\"Forms\";i:14;}' WHERE ( `token` = 'gh_1d3c54b1ff0c' ) AND ( `day` = 20151112 ) [ RunTime:0.000000s ]
NOTIC: [2048] Declaration of Addons\Forms\Controller\FormsValueController::lists() should be compatible with Home\Controller\AddonsController::lists($model = NULL, $page = 0) D:\wwwroot\zhangzizhongon\wwwroot\weiphp\Addons\Forms\Controller\FormsValueController.class.php 第 7 行.
NOTIC: [2048] Declaration of Addons\Forms\Controller\FormsValueController::edit() should be compatible with Home\Controller\AddonsController::edit($model = NULL, $id = 0) D:\wwwroot\zhangzizhongon\wwwroot\weiphp\Addons\Forms\Controller\FormsValueController.class.php 第 7 行.
NOTIC: [2048] Declaration of Addons\Forms\Controller\FormsValueController::add() should be compatible with Home\Controller\AddonsController::add($model = NULL) D:\wwwroot\zhangzizhongon\wwwroot\weiphp\Addons\Forms\Controller\FormsValueController.class.php 第 7 行.
NOTIC: [2048] Declaration of Addons\Forms\Controller\FormsValueController::del() should be compatible with Home\Controller\AddonsController::del($model = NULL, $ids = NULL) D:\wwwroot\zhangzizhongon\wwwroot\weiphp\Addons\Forms\Controller\FormsValueController.class.php 第 7 行.
INFO: [ action_begin ] --START--
INFO: [ action_begin ] --END-- [ RunTime:-0.093750s ]
SQL: SELECT `public_name` FROM `wp_member_public` WHERE ( `token` = 'gh_1d3c54b1ff0c' ) LIMIT 1   [ RunTime:0.015625s ]
SQL: SELECT * FROM `wp_follow` WHERE ( `token` = 'gh_1d3c54b1ff0c' ) AND ( `openid` = '-1' ) LIMIT 1   [ RunTime:0.000000s ]
NOTIC: [8] Undefined index: need_bind D:\wwwroot\zhangzizhongon\wwwroot\weiphp\ThinkPHP\Library\Think\Controller.class.php 第 211 行.
NOTIC: [8] Undefined index: uid D:\wwwroot\zhangzizhongon\wwwroot\weiphp\ThinkPHP\Library\Think\Controller.class.php 第 243 行.
SQL: SHOW COLUMNS FROM `wp_model` [ RunTime:0.000000s ]
SQL: SELECT * FROM `wp_model` WHERE ( `name` = 'forms_value' ) LIMIT 1   [ RunTime:0.000000s ]
NOTIC: [8] Undefined variable: addons D:\wwwroot\zhangzizhongon\wwwroot\weiphp\Application\Common\Common\function.php 第 465 行.
NOTIC: [8] Undefined variable: addons D:\wwwroot\zhangzizhongon\wwwroot\weiphp\Application\Common\Common\function.php 第 465 行.
SQL: SHOW COLUMNS FROM `wp_forms` [ RunTime:0.015625s ]
SQL: SELECT * FROM `wp_forms` WHERE ( `id` = 15 ) LIMIT 1   [ RunTime:0.000000s ]
SQL: SHOW COLUMNS FROM `wp_picture` [ RunTime:0.000000s ]
SQL: SELECT * FROM `wp_picture` WHERE ( `status` = 1 ) AND ( `id` = 393 ) LIMIT 1   [ RunTime:0.000000s ]
SQL: SELECT * FROM `wp_model` WHERE ( `id` = 71 ) LIMIT 1   [ RunTime:0.000000s ]
SQL: SHOW COLUMNS FROM `wp_forms_value` [ RunTime:0.000000s ]
SQL: SELECT * FROM `wp_forms_value` WHERE ( `uid` = -6236 ) AND ( `forms_id` = 15 ) LIMIT 1   [ RunTime:0.000000s ]
SQL: SHOW COLUMNS FROM `wp_forms_attribute` [ RunTime:0.015625s ]
SQL: SELECT * FROM `wp_forms_attribute` WHERE ( `forms_id` = 15 ) AND ( `token` = 'gh_1d3c54b1ff0c' ) ORDER BY sort asc, id asc  [ RunTime:0.000000s ]
SQL: SELECT * FROM `wp_model` WHERE ( `id` = 71 ) LIMIT 1   [ RunTime:0.000000s ]
SQL: SHOW COLUMNS FROM `wp_forms_value` [ RunTime:0.000000s ]
SQL: SELECT `extend` FROM `wp_model` WHERE ( `id` = 71 ) LIMIT 1   [ RunTime:0.000000s ]
SQL: SHOW COLUMNS FROM `wp_attribute` [ RunTime:0.015625s ]
SQL: SELECT * FROM `wp_attribute` WHERE ( `model_id` = 71 )  [ RunTime:0.000000s ]
SQL: INSERT INTO `wp_forms_value` (`forms_id`,`id`,`value`,`uid`,`openid`,`cTime`,`token`) VALUES (15,0,'a:6:{s:4:\"name\";s:9:\"陈静苑\";s:4:\"year\";s:4:\"2009\";s:6:\"branch\";s:27:\"法学（国际经济法）\";s:6:\"mobile\";s:11:\"13642508465\";s:4:\"mail\";s:17:\"kelin9108@163.com\";s:3:\"add\";s:18:\"梅州市梅江区\";}',-6236,'-1',1447342337,'gh_1d3c54b1ff0c') [ RunTime:0.000000s ]
SQL: SHOW COLUMNS FROM `wp_credit_data` [ RunTime:0.015625s ]
SQL: SHOW COLUMNS FROM `wp_credit_config` [ RunTime:0.000000s ]
SQL: SELECT * FROM `wp_credit_config` WHERE ( token="0" or token="gh_1d3c54b1ff0c" )  [ RunTime:0.015625s ]
SQL: INSERT INTO `wp_credit_data` (`credit_name`,`admin_uid`,`uid`,`cTime`,`token`,`experience`,`score`) VALUES ('forms',0,-6236,1447342337,'gh_1d3c54b1ff0c',0,0) [ RunTime:0.000000s ]
SQL: SELECT sum(score) as score,sum(experience) as experience FROM `wp_credit_data` WHERE ( `uid` = -6236 ) AND ( `token` = 'gh_1d3c54b1ff0c' ) LIMIT 1   [ RunTime:0.000000s ]
SQL: UPDATE `wp_follow` SET `score`=0,`experience`=0 WHERE ( `id` = -6236 ) [ RunTime:0.000000s ]

[ 2015-11-12T23:58:44+08:00 ] 14.17.37.161 /weiphp/index.php?s=/addon/Forms/FormsValue/add/forms_id/15/token/gh_1d3c54b1ff0c.html&openid=-1
SQL: SELECT * FROM `wp_addons` WHERE ( `name` = 'Forms' ) LIMIT 1   [ RunTime:0.000000s ]
NOTIC: [8] Undefined index: query D:\wwwroot\zhangzizhongon\wwwroot\weiphp\ThinkPHP\Common\functions.php 第 787 行.
SQL: SHOW COLUMNS FROM `wp_tongji` [ RunTime:0.000000s ]
SQL: SELECT * FROM `wp_tongji` WHERE ( `token` = 'gh_1d3c54b1ff0c' ) AND ( `day` = 20151112 ) LIMIT 1   [ RunTime:0.000000s ]
SQL: UPDATE `wp_tongji` SET `content`='a:1:{s:5:\"Forms\";i:15;}' WHERE ( `token` = 'gh_1d3c54b1ff0c' ) AND ( `day` = 20151112 ) [ RunTime:0.000000s ]
NOTIC: [2048] Declaration of Addons\Forms\Controller\FormsValueController::lists() should be compatible with Home\Controller\AddonsController::lists($model = NULL, $page = 0) D:\wwwroot\zhangzizhongon\wwwroot\weiphp\Addons\Forms\Controller\FormsValueController.class.php 第 7 行.
NOTIC: [2048] Declaration of Addons\Forms\Controller\FormsValueController::edit() should be compatible with Home\Controller\AddonsController::edit($model = NULL, $id = 0) D:\wwwroot\zhangzizhongon\wwwroot\weiphp\Addons\Forms\Controller\FormsValueController.class.php 第 7 行.
NOTIC: [2048] Declaration of Addons\Forms\Controller\FormsValueController::add() should be compatible with Home\Controller\AddonsController::add($model = NULL) D:\wwwroot\zhangzizhongon\wwwroot\weiphp\Addons\Forms\Controller\FormsValueController.class.php 第 7 行.
NOTIC: [2048] Declaration of Addons\Forms\Controller\FormsValueController::del() should be compatible with Home\Controller\AddonsController::del($model = NULL, $ids = NULL) D:\wwwroot\zhangzizhongon\wwwroot\weiphp\Addons\Forms\Controller\FormsValueController.class.php 第 7 行.
INFO: [ action_begin ] --START--
INFO: [ action_begin ] --END-- [ RunTime:-0.046875s ]
SQL: SELECT `public_name` FROM `wp_member_public` WHERE ( `token` = 'gh_1d3c54b1ff0c' ) LIMIT 1   [ RunTime:0.015625s ]
SQL: SELECT * FROM `wp_follow` WHERE ( `token` = 'gh_1d3c54b1ff0c' ) AND ( `openid` = '-1' ) LIMIT 1   [ RunTime:0.000000s ]
NOTIC: [8] Undefined index: need_bind D:\wwwroot\zhangzizhongon\wwwroot\weiphp\ThinkPHP\Library\Think\Controller.class.php 第 211 行.
NOTIC: [8] Undefined index: uid D:\wwwroot\zhangzizhongon\wwwroot\weiphp\ThinkPHP\Library\Think\Controller.class.php 第 243 行.
SQL: SHOW COLUMNS FROM `wp_model` [ RunTime:0.000000s ]
SQL: SELECT * FROM `wp_model` WHERE ( `name` = 'forms_value' ) LIMIT 1   [ RunTime:0.000000s ]
NOTIC: [8] Undefined variable: addons D:\wwwroot\zhangzizhongon\wwwroot\weiphp\Application\Common\Common\function.php 第 465 行.
NOTIC: [8] Undefined variable: addons D:\wwwroot\zhangzizhongon\wwwroot\weiphp\Application\Common\Common\function.php 第 465 行.
SQL: SHOW COLUMNS FROM `wp_forms` [ RunTime:0.000000s ]
SQL: SELECT * FROM `wp_forms` WHERE ( `id` = 15 ) LIMIT 1   [ RunTime:0.000000s ]
SQL: SHOW COLUMNS FROM `wp_picture` [ RunTime:0.015625s ]
SQL: SELECT * FROM `wp_picture` WHERE ( `status` = 1 ) AND ( `id` = 393 ) LIMIT 1   [ RunTime:0.000000s ]
SQL: SELECT * FROM `wp_model` WHERE ( `id` = 71 ) LIMIT 1   [ RunTime:0.000000s ]
SQL: SHOW COLUMNS FROM `wp_forms_value` [ RunTime:0.000000s ]
SQL: SELECT * FROM `wp_forms_value` WHERE ( `uid` = -6237 ) AND ( `forms_id` = 15 ) LIMIT 1   [ RunTime:0.000000s ]
SQL: SHOW COLUMNS FROM `wp_forms_attribute` [ RunTime:0.000000s ]
SQL: SELECT * FROM `wp_forms_attribute` WHERE ( `forms_id` = 15 ) AND ( `token` = 'gh_1d3c54b1ff0c' ) ORDER BY sort asc, id asc  [ RunTime:0.015625s ]
INFO: [ view_begin ] --START--
INFO: [ view_begin ] --END-- [ RunTime:0.000000s ]
INFO: [ view_parse ] --START--
INFO: [ template_filter ] --START--
INFO: Run Behavior\ContentReplace [ RunTime:0.000000s ]
INFO: [ template_filter ] --END-- [ RunTime:0.000000s ]
NOTIC: [8] Undefined variable: data D:\wwwroot\zhangzizhongon\wwwroot\weiphp\Runtime\Cache\Home\8a711c5829a2c22d8eba4b89c2127d75.php 第 63 行.
NOTIC: [8] Undefined variable: data D:\wwwroot\zhangzizhongon\wwwroot\weiphp\Runtime\Cache\Home\8a711c5829a2c22d8eba4b89c2127d75.php 第 63 行.
NOTIC: [8] Undefined variable: data D:\wwwroot\zhangzizhongon\wwwroot\weiphp\Runtime\Cache\Home\8a711c5829a2c22d8eba4b89c2127d75.php 第 63 行.
NOTIC: [8] Undefined variable: data D:\wwwroot\zhangzizhongon\wwwroot\weiphp\Runtime\Cache\Home\8a711c5829a2c22d8eba4b89c2127d75.php 第 63 行.
NOTIC: [8] Undefined variable: data D:\wwwroot\zhangzizhongon\wwwroot\weiphp\Runtime\Cache\Home\8a711c5829a2c22d8eba4b89c2127d75.php 第 63 行.
NOTIC: [8] Undefined variable: data D:\wwwroot\zhangzizhongon\wwwroot\weiphp\Runtime\Cache\Home\8a711c5829a2c22d8eba4b89c2127d75.php 第 63 行.
NOTIC: [8] Use of undefined constant name - assumed 'name' D:\wwwroot\zhangzizhongon\wwwroot\weiphp\Runtime\Cache\Home\8a711c5829a2c22d8eba4b89c2127d75.php 第 56 行.
NOTIC: [8] Use of undefined constant value - assumed 'value' D:\wwwroot\zhangzizhongon\wwwroot\weiphp\Runtime\Cache\Home\8a711c5829a2c22d8eba4b89c2127d75.php 第 56 行.
NOTIC: [8] Undefined variable: data D:\wwwroot\zhangzizhongon\wwwroot\weiphp\Runtime\Cache\Home\8a711c5829a2c22d8eba4b89c2127d75.php 第 176 行.
NOTIC: [8] Use of undefined constant id - assumed 'id' D:\wwwroot\zhangzizhongon\wwwroot\weiphp\Runtime\Cache\Home\8a711c5829a2c22d8eba4b89c2127d75.php 第 177 行.
INFO: Run Behavior\ParseTemplate [ RunTime:0.093750s ]
INFO: [ view_parse ] --END-- [ RunTime:0.093750s ]
INFO: [ view_filter ] --START--
INFO: Run Behavior\WriteHtmlCache [ RunTime:0.000000s ]
INFO: [ view_filter ] --END-- [ RunTime:0.000000s ]
INFO: [ view_end ] --START--
INFO: [ view_end ] --END-- [ RunTime:0.000000s ]
INFO: [ app_end ] --START--
INFO: Run Behavior\ShowPageTrace [ RunTime:0.000000s ]
INFO: [ app_end ] --END-- [ RunTime:0.000000s ]

